nohup: ignoring input
2022-07-17 12:05:08 running /home/e0240162/opt/anaconda3/envs/R-4.2-hdp-NR/lib/R/bin/exec/R --no-echo --no-restore --file=SBS/code/4f_SBS_NR_hdp_gamma_beta_1.R --args SBS/raw_results/NR_hdp_gb_1.results 145879
2022-07-17 12:05:08 running on seed 145879
hdpx version 0.1.5.99
mSigHdp version 0.0.0.9019
Loading required package: ICAMS
Loading required package: hdpx
This is /home/e0240162/opt/anaconda3/envs/R-4.2-hdp-NR/lib/R/library and hdpx v0.1.5.0099
Loading required package: mSigHdp
2022-07-17 12:05:16 starting analyses; output in subdir of SBS/raw_results/NR_hdp_gb_1.results
2022-07-17 12:05:16SBS/raw_results/NR_hdp_gb_1.results already exists
2022-07-17 12:05:16 putting results in SBS/raw_results/NR_hdp_gb_1.results/Realistic/seed.145879
2022-07-17 12:05:16 seed_in_use=145879


===========================================


Begin running mSigHdp on data set Realistic using seed 145879...



===========================================


Runing run.setup.and.posterior on 1145879
Reading input catalog file ./SBS/input/Realistic/ground.truth.syn.catalog.csv
Runing run.setup.and.posterior on 2145879
Reading input catalog file ./SBS/input/Realistic/ground.truth.syn.catalog.csv
Runing run.setup.and.posterior on 3145879
Reading input catalog file ./SBS/input/Realistic/ground.truth.syn.catalog.csv
Runing run.setup.and.posterior on 4145879
Reading input catalog file ./SBS/input/Realistic/ground.truth.syn.catalog.csv
Runing run.setup.and.posterior on 5145879
Reading input catalog file ./SBS/input/Realistic/ground.truth.syn.catalog.csv
Runing run.setup.and.posterior on 6145879
Reading input catalog file ./SBS/input/Realistic/ground.truth.syn.catalog.csv
Runing run.setup.and.posterior on 7145879
Reading input catalog file ./SBS/input/Realistic/ground.truth.syn.catalog.csv
Guessed number of signatures (= Dirichlet process data clusters) = 46
Guessed number of signatures (= Dirichlet process data clusters) = 46
0 1 1 1 1 1 1 1 1 1 2 2 2 2 2 2 2 2 2 2 2 2 2 2 2 2 2 2 2 2 2 2 2 2 2 2 2 2 2 2 2 2 2 2 2 2 2 2 2 2 2 2 2 2 2 2 2 2 2 2 2 2 2 2 2 2 2 2 2 2 3 3 3 3 3 3 3 3 3 3 3 3 3 3 3 3 3 3 3 3 3 3 3 3 3 3 3 3 3 3 3 3 3 3 3 3 3 3 3 3 3 3 3 3 3 3 3 3 3 3 3 3 3 3 3 3 3 3 3 3 4 4 4 4 4 4 4 4 4 4 4 4 4 4 4 4 4 4 4 4 4 4 4 4 4 4 4 4 4 4 4 4 4 4 4 4 4 4 4 4 4 4 4 4 4 4 4 4 4 4 4 4 4 4 4 4 4 4 4 4 5 5 5 5 5 5 5 5 5 5 5 5 5 5 5 5 5 5 5 5 5 5 5 5 5 5 5 5 5 5 5 5 5 5 5 5 5 5 5 5 5 5 5 5 5 5 5 5 5 5 5 5 5 5 5 5 5 5 5 5 6 6 6 6 6 6 6 6 6 6 6 6 6 6 6 6 6 6 6 6 6 6 6 6 6 6 6 6 6 6 6 6 6 6 6 6 6 6 6 6 6 6 6 6 6 6 6 6 6 6 6 6 6 6 6 6 6 6 6 6 7 7 7 7 7 7 7 7 7 7 7 7 7 7 7 7 7 7 7 7 7 7 7 7 7 7 7 7 7 7 7 7 7 7 7 7 7 7 7 7 7 7 7 7 7 7 7 7 7 7 7 7 7 7 7 7 7 7 7 7 8 8 8 8 8 8 8 8 8 8 8 8 8 8 8 8 8 8 8 8 8 8 8 8 8 8 8 8 8 8 8 8 8 8 8 8 8 8 8 8 8 8 8 8 8 8 8 8 8 8 8 8 8 8 8 8 8 8 8 8 9 9 9 9 9 9 9 9 9 9 9 9 9 9 9 9 9 9 9 9 9 9 9 9 9 9 9 9 9 9 9 9 9 9 9 9 9 9 9 9 9 90  9 1 91  91  91  91  91  91  91  91  92  92  92  92  92  9 2 92  92  92  102  102  102  102  102  102  102  102  102  102  102  102  102  102  102  102  102  102  102  102  102  102  102  102  102  102  102  102  102  102  102  102  102  102  102  102  102  102  102  102  102  102  102  102  102  102  102  102  102  102  102  103  103  103  103  103  103  103  103  103  
3 3 3 3 3 3 3 3 3 3 3 3 3 3 3 3 3 3 3 3 3 3 3 3 3 3 3 3 3 3 3 3 3 3 3 3 Runing run.setup.and.posterior on 8145879
3 3 3 3 3 3 3 3 3 3 3 3 3 3 3 4 4 4 4 4 4 4 4 4 4 4 4 4 4 4 4 4 4 4 4 4 4 4 4 4 4 4 4 4 4 4 4 4 4 4 4 4 4 4 4 4 4 4 4 4 4 4 4 4 4 4 4 4 4 4 4 4 4 4 4 5 5 5 5 5 5 5 5 5 5 5 5 5 5 5 5 5 5 5 5 5 5 5 5 5 5 5 5 5 5 5 5 5 5 5 5 5 5 5 5 5 5 5 5 5 calling hdp_init 2022-07-17 12:05:17
5 5 5 5 5 5 5 5 5 5 5 5 5 5 5 6 6 6 6 6 6 6 6 6 6 6 6 6 6 6 6 6 6 6 6 6 6 6 6 6 6 6 6 6 6 6 6 6 6 6 6 6 6 6 6 6 6 6 6 6 6 6 6 6 6 6 6 6 6 6 6 6 6 6 6 7 7 7 7 7 7 7 7 7 7 7 7 7 7 7 7 7 7 7 7 7 7 7 7 7 7 7 7 7 7 7 7 7 7 7 7 7 7 7 7 7 7 7 7 7 7 7 7 7 7 7 7 7 7 7 7 7 7 7 7 8 8 8 8 8 8 8 8 8 8 8 8 8 8 8 8 8 8 8 8 8 8 8 8 8 8 8 8 8 8 8 8 8 8 8 8 8 8 8 8 8 8 8 8 8 8 8 8 8 8 8 8 8 8 8 8 8 8 8 8 9 9 9 9 9 9 9 9 9 9 9 9 9 9 9 9 9 9 9 9 9 9 9 9 9 9 9 9 9 9 9 9 9 9 9 9 9 9 9 9 9 9 9 9 9 9 9 9 9 9 9 9 9 9 9 9 9 9 9 9 10 10 10 10 10 10 10 10 10 10 10 10 10 10 10 10 10 10 10 10 10 10 10 10 10 10 10 10 10 10 10 10 10 10 10 10 10 10 10 10 10 10 10 10 10 10 10 10 10 10 10 10 10 10 10 10 10 10 10 10 
Reading input catalog file ./SBS/input/Realistic/ground.truth.syn.catalog.csv
calling hdp_init 2022-07-17 12:05:17
Guessed number of signatures (= Dirichlet process data clusters) = 46
0 1 1 1 1 1 1 1 1 1 2 2 2 2 2 2 2 2 2 2 2 2 2 2 2 2 2 2 2 2 2 2 2 2 2 2 2 2 2 2 2 2 2 2 2 2 2 2 2 2 2 2 2 2 2 2 2 2 2 2 2 2 2 2 2 2 2 2 2 2 3 3 3 3 3 3 3 3 3 3 3 3 3 3 3 3 3 3 3 3 3 3 3 3 3 3 3 3 3 3 3 3 3 3 3 3 3 3 3 3 3 3 3 3 3 3 3 3 3 3 3 3 3 3 3 3 Runing run.setup.and.posterior on 9145879
3 3 3 3 4 4 4 4 4 4 4 4 4 4 4 4 4 4 4 4 4 4 4 4 4 4 4 4 4 4 4 4 4 4 4 4 4 4 4 4 4 4 4 4 4 4 4 4 4 4 4 4 4 4 4 4 4 4 4 4 4 4 4 4 5 5 5 5 5 5 5 5 5 5 5 5 5 5 5 5 5 5 5 5 5 5 5 5 5 5 5 5 5 5 5 5 5 5 5 5 5 5 5 5 5 5 5 5 5 5 5 5 5 5 5 5 5 5 5 5 5 5 5 5 6 6 6 6 6 6 6 6 6 6 6 6 6 6 6 6 6 6 6 6 6 6 6 6 6 6 6 6 6 6 6 6 6 6 6 6 6 6 6 6 6 6 6 6 6 6 6 6 6 6 6 6 6 6 6 6 6 6 6 6 7 7 7 7 7 7 7 7 7 7 7 7 7 7 7 7 7 7 7 7 7 7 7 7 7 7 7 7 7 7 7 7 7 7 7 7 7 7 7 7 7 7 7 7 7 7 7 7 7 7 7 7 7 7 7 7 7 7 7 7 8 8 8 8 8 8 8 8 8 8 8 8 8 8 8 8 8 8 8 8 8 8 8 8 8 8 8 8 8 8 8 8 8 8 8 8 8 8 8 8 8 8 8 8 8 8 8 8 8 8 8 8 8 8 8 8 8 8 8 8 9 9 9 9 9 9 9 9 9 9 9 9 9 9 9 9 9 9 9 9 9 9 9 9 9 9 9 9 9 9 9 9 9Reading input catalog file ./SBS/input/Realistic/ground.truth.syn.catalog.csv
 9 9 9 9 9 9 9 9 9 9 9 9 9 9 9 9 9 9 9 9 9 9 9 9 9 9 9 10 10 10 10 10 10 10 10 10 10 10 10 10 10 10 10 10 10 10 10 10 10 10 10 10 10 10 10 10 10 10 10 10 10 10 10 10 10 10 10 10 10 10 10 10 10 10 10 10 10 10 10 10 10 10 10 10 10 10 10 
calling hdp_init 2022-07-17 12:05:17
Runing run.setup.and.posterior on 10145879
Reading input catalog file ./SBS/input/Realistic/ground.truth.syn.catalog.csv
Guessed number of signatures (= Dirichlet process data clusters) = 46
Guessed number of signatures (= Dirichlet process data clusters) = 46
0 1 1 1 1 1 1 1 1 1 2 2 2 2 2 2 2 2 2 2 2 2 2 2 2 2 2 2 2 2 2 2 2 2 2 2 2 2 2 2 2 2 2 2 2 2 2 2 2 2 2 2 2 2 2 2 2 2 2 2 2 2 2 2 2 2 2 2 2 2 3 3 3 3 3 3 3 3 3 3 3 3 3 3 3 3 3 3 3 3 3 3 3 3 3 3 3 3 3 3 3 3 3 3 3 3 3 3 3 3 3 3 3 3 3 3 3 3 3 3 3 3 3 3 3 3 3 3 3 3 4 4 4 4 4 4 4 4 4 4 4 4 4 4 4 4 4 4 4 4 4 4 4 4 4 4 4 4 4 4 4 4 4 4 4 4 4 4 4 4 4 4 4 4 4 4 4 4 4 4 4 4 4 4 4 4 4 4 4 4 5 5 5 5 5 5 5 5 5 50  5 15  1 51  51  51  51  51  51  51  52  52  52  52  52  52  52  52  52  52  52  52  52  52  52  52  52  52  52  52  52  52  52  52  52  52  52  52  52  52  52  52  52  52  52  52  52  52  52  52  52  62  62  62  62  62  62  62  62  62  62  62  62  62  62  62  62  62  62  62  63  63  63  63  63  63  63  63  63  63  63  63  63  63  63  63  63  63  63  63  63  63  63  63  63  63  63  63  63  63  63  63  63  63  63  63  63  63  63  63  63  73  73  73  73  73  73  73  73  73  73  73  73  73  73  73  73  73  73  73  74  74  74  74  74  74  74  74  74  74  74  74  74  74  74  74  74  74  74  74  74  74  74  74  74  74  74  74  74  74  74  74  74  74  74  74  74  74  74  4 74  74  84  48  4 84  84  84  84  84  84  84  84  84  84  84  84  84  84  84  85  85  85  85  85  85  85  85  85  85  85  85  85  85  85  85  85  85  85  85  85  85  85  85  85  85  85  85  85  85  85  85  85  85  85  85  85  85  85  85  85  85  85  95  95  95  95  95  95  95  95  95  95Runing run.setup.and.posterior on 11145879
  95  95  95  95  95  95  95  96  96  96  96  96  96  96  96  96  96  96  96  96  96  96  96  96  96  96  96  96  96  96  96  96  96  96  96  96  9 6 96  69  6 96  96  96  96  96  96  96  96  96  96  96  106  106  106  106  106  106  106  106  106  106  106  106  106  106  106  106  107  107  107  107  107  107  107  107  107  107  107  107  107  107  107  107  107  107  107  107  107  107  107  107  107  107  107  107  107  107  107  107  107  107  107  107  107  107  107  107  107  107  107  107  
7 7 7 7 7 7 7 7 7 7 7 7 7 7 7 7 8 8 8 8 8 8 8 8 8 8 8 8 8 8 8 8 8 8 8 8 8 8 8 8 8 8 8 8 8 8 8 8 8 8 8 8 8 8 8 8 8 8 8 8 8 8 8 8 8 8 8 8 8 8 8 8 8 8 8 8 9 9 9 9 9 9 9 9 9 9 9 9 9 9 9 9 9 9 9 9 9 9 9 9 9 9 9 9 9 9 9 9 9 9 9 9 9 9 9 9 9 9 9 9 9 9 9 9 9 9 9 9 9 9 9 9 9 9 9 9 10 10 10 10 10 10 10 10 10 10 10 10 10 10 10 10 10 10 10 10 10 10 calling hdp_init 2022-07-17 12:05:17
10 10 10 10 10 10 Reading input catalog file ./SBS/input/Realistic/ground.truth.syn.catalog.csv
10 10 10 10 10 10 10 10 10 10 10 10 10 10 10 10 10 10 10 10 10 10 10 10 10 10 10 10 10 10 10 10 
calling hdp_init 2022-07-17 12:05:17
Runing run.setup.and.posterior on 12145879
Guessed number of signatures (= Dirichlet process data clusters) = 46
Reading input catalog file ./SBS/input/Realistic/ground.truth.syn.catalog.csv
0 1 1 1 1 1 1 1 1 1 2 2 2 2 2 2 2 2 2 2 2 2 2 2 2 2 2 2 2 2 2 2 2 2 2 2 2 2 2 2 2 2 2 2 2 2 2 2 2 2 2 2 2 2 2 2 2 2 2 2 2 2 2 2 2 2 2 2 2 2 3 3 3 3 3 3 3 3 3 3 3 3 3 3 3 3 3 3 3 3 3 3 3 3 3 3 3 3 3 3 3 3 3 3 3 3 3 3 3 3 3 3 3 3 3 3 3 3 3 3 3 3 3 3 3 3 3 3 3 3 4 4 4 4 4 4 4 4 4 4 4 4 4 4 4 4 4 4 4 4 4 4 4 4 4 4 4 4 4 4 4 4 4 4 4 4 4 4 4 4 4 4 4 4 4 4 4 4 4 4 4 4 4 4 4 4 4 4 4 4 5 5 5 5 5 5 5 5 5 5 5 5 5 5 5 5 5 5 5 5 5 5 5 5 5 5 5 5 5 5 5 5 5 5 5 5 5 5 5 5 5 5 5 5 5 5 5 5 5 5 5 5 5 5 5 5 5 5 5 5 6 6 6 6 6 6 6 6 6 6 6 6 6 6 6 6 6 6 6 6 6 6 6 6 6 6 6 6 6 6 6 6 6 6 6 6 6 6 6 6 6 6 6 6 6 6 6 6 6 6 6 6 6 6 6 6 6 6 6 6 7 7 7 7 7 7 7 7 7 7 7 7 7 7 7 7 7 7 7 7 7 7 7 7 7 7 7 7 7 7 7 7 7 7 7 7 7 7 7 7 7 7 7 7 7 7 7 7 7 7 7 7 7 7 7 7 7 7 7 7 8 8 8 8 8 8 8 8 8 8 8 8 8 8 8 8 8 8 8 8 8 8 8 8 8 8 8 8 8 8 8 8 8 8 8 8 8 8 8 8 8 8 8 8 8 8 8 8 8 8 8 8 8 8 8 8 8 8 8 8 9 9 9 9 9 9 9 9 9 9 9 9 9 9 9 9 9 9 9 9 9 9 9 9 9 9 9 9 9 9 9 9 9 9 9 9 9 9 9 9 9 9 9 9 9 9 9 9 9 9 9 9 9 9 9 9 9 9 9 9 10 10 10 10 10 10 10 10 10 10 10 10 10 10 10 10 10 10 10 10 10 10 10 10 10 10 10 10 10 10 10 10 10 10 10 10 10 10 10 10 10 10 10 10 10 10 10 10 10 10 10 10 10 10 10 10 10 10 10 10 
calling hdp_init 2022-07-17 12:05:17
Runing run.setup.and.posterior on 13145879
Reading input catalog file ./SBS/input/Realistic/ground.truth.syn.catalog.csv
Guessed number of signatures (= Dirichlet process data clusters) = 46
0 1 1 1 1 1 1 1 1 1 2 2 2 2 2 2 2 2 2 2 2 2 2 2 2 2 2 2 2 2 2 2 2 2 2 2 2 2 2 2 2 2 2 2 2 2 2 2 2 2 2 2 2 2 2 2 2 2 2 2 2 2 2 2 2 2 2 2 2 2 3 3 3 3 3 3 3 3 3 3 3 3 3 3 3 3 3 3 3 3 3 3 3 3 3 3 3 3 3 3 3 3 3 3 3 3 3 3 3 3 3 3 3 3 3 3 3 3 3 3 3 3 3 3 3 3 3 3 3 3 4 4 4 4 4 4 4 4 4 4 4 4 4 4 4 4 4 4 4 4 4 4 4 4 4 4 4 4 4 4 4 4 4 4 4 4 4 4 4 4 4 4 4 4 4 4 4 4 4 4 4 4 4 4 4 4 4 4 4 4 5 5 5 5 5 5 5 5 5 5 5 5 5 5 5 5 5 5 5 5 5 5 5 5 5 5 5 5 5 5 5 5 5 5 5 5 5 5 5 5 5 5 5 5 5 5 5 5 5 5 5 5 5 5 5 5 5 5 5 5 6 6 6 6 6 6 6 6 6 6 6 6 6 6 6 6 6 6 6 6 6 6 6 6 6 6 6 6 6 6 6 6 6 6 6 6 6 6 6 6 6 6 6 6 6 6 6 6 6 6 6 6 6 6 6 6 6 6 6 6 7 7 7 7 7 7 7 7 7 7 7 7 7 7 7 7 7 7 7 7 7 7 7 7 7 7 7 7 7 7 7 7 7 7 7 7 7 7 7 7 7 7 7 7 7 7 7 7 7 7 7 7 7 7 7 7 7 7 7 7 8 8 8 8 8 8 8 8 8 8 8 8 8 8 8 8 8 8 8 8 8 8 8 8 8 8 8 8 8 8 8 8 8 8 8 8 8 8 8 8 8 8 8 8 8 8 8 8 8 8 8 8 8 8 8 8 8 8 8 8 9 9 9 9 9 9 9 9 9 9 9 9 9 9 9 9 9 9 9 9 9 9 9 9 9 9 9 9 9 9 9 9 9 9 9 9 9 9 9 9 9 9 9 9 9 9 9 9 9 9 9 9 9 9 9 9 9 9 9 9 10 10 10 10 10 10 10 10 10 10 10 10 10 10 10 10 10 10 10 10 10 10 10 10 10 10 10 10 10 10 10 10 10 10 10 10 10 10 10 10 10 10 10 10 10 10 10 10 10 10 10 10 10 10 10 10 10 10 10 10 
Runing run.setup.and.posterior on 14145879
calling hdp_init 2022-07-17 12:05:17
Guessed number of signatures (= Dirichlet process data clusters) = 46
Reading input catalog file ./SBS/input/Realistic/ground.truth.syn.catalog.csv
0 1 1 1 1 1 1 1 1 1 2 2 2 2 2 2 2 2 2 2 2 2 2 2 2 2 2 2 2 2 2 2 2 2 2 2 2 2 2 2 2 2 2 2 2 2 2 2 2 2 2 2 2 2 2 2 2 2 2 2 2 2 2 2 2 2 2 2 2 2 3 3 3 3 3 3 3 3 3 3 3 3 3 3 3 3 3 3 3 3 3 3 3 3 3 3 3 3 3 3 3 3 3 3 3 3 3 3 3 3 3 3 3 3 3 3 3 3 3 3 3 3 3 3 3 3 3 3 3 3 4 4 4 4 4 4 4 4 4 4 4 4 4 4 4 4 4 4 4 4 4 4 4 4 4 4 4 4 4 4 4 4 4 4 4 4 4 4 4 4 4 4 4 4 4 4 4 4 4 4 4 4 4 4 4 4 4 4 4 4 5 5 5 5 5 5 5 5 5 5 5 5 5 5 5 5 5 5 5 5 5 5 5 5 5 5 5 5 5 5 5 5 5 5 5 5 5 5 5 5 5 5 5 5 5 5 5 5 5 5 5 5 5 5 5 5 5 5 5 5 6 6 6 6 6 6 6 6 6 6 6 6 6 6 6 6 6 6 6 6 6 6 6 6 6 6 6 6 6 6 6 6 6 6 6 6 6 6 6 6 6 6 6 6 6 6 6 6 6 6 6 6 6 6 6 6 6 6 6 6 7 7 7 7 7 7 7 7 7 7 7 7 7 7 7 7 7 7 7 7 7 7 7 7 7 7 7 7 7 7 7 7 7 7 7 7 7 7 7 7 7 7 7 7 7 7 7 7 7 7 7 7 7 7 7 7 7 7 7 7 8 8 8 8 8 8 8 8 8 8 8 8 8 8 8 8 8 8 8 8 8 8 8 8 8 8 8 8 8 8 8 8 8 8 8 8 8 8 8 8 8 8 8 8 8 8 8 8 8 8 8 8 8 8 8 8 8 8 8 8 9 9 9 9 9 9 9 9 9 9 9 9 9 9 9 9 9 9 9 9 9 9 9 9 9 9 9 9 9 9 9 9 9 9 9 9 9 9 9 9 9 9 9 9 9 9 9 9 9 9 9 9 9 9 9 9 9 9 9 9 10 10 10 10 10 10 10 10 10 10 10 10 10 10 10 10 10 10 10 10 10 10 10 10 10 10 10 10 10 10 10 10 10 10 10 10 10 10 10 10 10 10 10 10 10 10 10 10 10 10 10 10 10 10 10 10 10 10 10 10 
calling hdp_init 2022-07-17 12:05:17
Guessed number of signatures (= Dirichlet process data clusters) = 46
Runing run.setup.and.posterior on 15145879
Reading input catalog file ./SBS/input/Realistic/ground.truth.syn.catalog.csv
0 1 1 1 1 1 1 1 1 1 2 2 2 2 2 2 2 2 2 2 2 2 2 2 2 2 2 2 2 2 2 2 2 2 2 2 2 2 2 2 2 2 2 2 2 2 2 2 2 2 2 2 2 2 2 2 2 2 2 2 2 2 2 2 2 2 2 2 2 2 3 3 3 3 3 3 3 3 3 3 3 3 3 3 3 3 3 3 3 3 3 3 3 3 3 3 3 3 3 3 3 3 3 3 3 3 3 3 3 3 3 3 3 3 3 3 3 3 3 3 3 3 3 3 3 3 3 3 3 3 4 4 4 4 4 4 4 4 4 4 4 4 4 4 4 4 4 4 4 4 4 4 4 4 4 4 4 4 4 4 4 4 4 4 4 4 4 4 4 4 4 4 4 4 4 4 4 4 4 4 4 4 4 4 4 4 4 4 4 4 5 5 5 5 5 5 5 5 5 5 5 5 5 5 5 5 5 5 5 5 5 5 5 5 5 5 5 5 5 5 5 5 5 5 5 5 5 5 5 5 5 5 5 5 5 5 5 5 5 5 5 5 5 5 5 5 5 5 5 5 6 6 6 6 6 6 6 6 6 6 6 6 6 6 6 6 6 6 6 6 6 6 6 6 6 6 6 6 6 6 6 6 6 6 6 6 6 6 6 6 6 6 6 6 6 6 6 6 6 6 6 6 6 6 6 6 6 6 6 6 7 7 7 7 7 7 7 7 7 7 7 7 7 7 7 7 7 7 7 7 7 7 7 7 7 7 7 7 7 7 7 7 7 7 7 7 7 7 7 7 7 7 7 7 7 7 7 7 7 7 7 7 7 7 7 7 7 7 7 7 8 8 8 8 8 8 8 8 8 8 8 8 8 8 8 8 8 8 8 8 8 8 8 8 8 8 8 8 8 8 8 8 8 8 8 8 8 8 8 8 8 8 8 8 8 8 8 8 8 8 8 8 8 8 8 8 8 8 8 8 9 9 9 9 9 9 9 9 9 9 9 9 9 9 9 9 9 9 9 9 9 9 9 9 9 9 9 9 9 9 9 9 9 9 9 9 9 9 9 9 9 9 9 9 9 9 9 9 9 9 9 9 9 9 9 9 9 9 9 9 10 10 10 10 10 10 10 10 10 10 10 10 10 10 10 10 10 10 10 10 10 10 10 10 10 10 10 10 10 10 10 10 10 10 10 10 10 10 10 10 10 10 10 10 10 10 10 10 10 10 10 10 10 10 10 10 10 10 10 10 
calling hdp_init 2022-07-17 12:05:17
Runing run.setup.and.posterior on 16145879
Reading input catalog file ./SBS/input/Realistic/ground.truth.syn.catalog.csv
Guessed number of signatures (= Dirichlet process data clusters) = 46
0 1 1 1 1 1 1 1 1 1 2 2 2 2 2 2 2 2 2 2 2 2 2 2 2 2 2 2 2 2 2 2 2 2 2 2 2 2 2 2 2 2 2 2 2 2 2 2 2 2 2 2 2 2 2 2 2 2 2 2 2 2 2 2 2 2 2 2 2 2 3 3 3 3 3 3 3 3 3 3 3 3 3 3 3 3 3 3 3 3 3 3 3 3 3 3 3 3 3 3 3 3 3 3 3 3 3 3 3 3 3 3 3Guessed number of signatures (= Dirichlet process data clusters) = 46
 3 3 3 3 3 3 3 3 3 3 3 3 3 3 3 3 3 4 4 4 4 4 4 4 4 4 4 4 4 4 4 4 4 4 4 4 4 4 4 4 4 4 4 4 4 4 4 4 4 4 4 4 4 4 4 4 4 4 4 4 4 4 4 4 4 4 4 4 4 4 4 4 4 4 4 4 4 5 5 5 5 5 5 5 5 5 5 5 5 5 5 5 5 5 5 5 5 5 5 5 5 5 5 5 5 5 5 5 5 5 5 5 5 5 5 5 5 5 5 5 5 5 5 5 5 5 5 5 5 5 5 5 5 5 5 5 5 6 6 6 6 6 6 6 6 6 6 6 6 6 6 6 6 6 6 6 6 6 6 6 6 6 6 6 6 6 6 6 6 6 6 6 6 6 6 6 6 6 6 6 6 6 6 6 6 6 6 6 6 6 6 6 6 6 6 6 6 7 7 7 7 7 7 7 7 7 7 7 7 7 7 7 7 7 7 7 7 7 7 7 7 7 7 7 7 7 7 7 7 7 7 7 7 7 7 7 7 7 7 7 7 7 7 7 7 7 7 7 7 7 7 7 7 7 7 7 7 8 8 8 8 8 8 8 8 8 8 8 8 8 8 8 8 8 8 8 8 8 8 8 8 8 8 8 8 8 8 8 8 8 8 8 8 8 8 8 8 8 8 8 8 8 8 8 8 8 8 8 8 8 8 8 8 8 8 8 8 9 9 9 9 9 9 9 9 9 9 9 9 9 9 9 9 9 9 9 9 9 9 9 9 9 9 9 9 9 9 9 9 9 9 9 9 9 9 9 9 9 9 9 9 9 9 9 9 9 9 9 9 9 9 9 9 9 9 9 9 10 10 10 10 10 10 10 10 10 10 10 10 10 10 10 10 10 10 10 10 10 10 10 10 10 10 10 10 10 10 10 10 10 10 10 10 10 10 10 10 10 10 10 10 10 10 10 10 10 10 10 10 10 10 10 10 10 10 10 10 
calling hdp_init 2022-07-17 12:05:17
Runing run.setup.and.posterior on 17145879
0 1 1 1 1 1 1 1 1 1 2 2 2 2 2 2 2 2 2 2 2 2 2 2 2 2 2 2 2 2 2 2 2 2 2 2 2 2 2 2 2 2 2 2 2 2 2 2 2 2 2 2 2 2 2 2 2 2 2 2 2 2 2 2 2 2 2 2 2 2 3 3 3 3 3 3 3 3 3 3 3 3 3 3 3 3 3 3 3 3 3 3 3 3 3 Reading input catalog file ./SBS/input/Realistic/ground.truth.syn.catalog.csv
3 3 3 3 3 3 3 3 3 3 3 3 3 3 3 3 3 3 3 3 3 3 3 3 3 3 3 3 3 3 3 3 3 3 3 4 4 4 4 4 4 4 4 4 4 4 4 4 4 4 4 4 4 4 4 4 4 4 4 4 4 4 4 4 4 4 4 4 4 4 4 4 4 4 4 4 4 4 4 4 4 4 4 4 4 4 4 4 4 4 4 4 4 4 4 5 5 5 5 5 5 5 5 5 5 5 5 5 5 5 5 5 5 5 5 5 5 5 5 5 5 5 5 5 5 5 5 5 5 5 5 5 5 5 5 5 5 5 5 5 5 5 5 5 5 5 5 5 5 5 5 5 5 5 5 6 6 6 6 6 6 6 6 6 6 6 6 6 6 6 6 6 6 6 6 6 6 6 6 6 6 6 6 6 6 6 6 6 6 6 6 6 6 6 6 6 6 6 6 6 6 6 6 6 6 6 6 6 6 6 6 6 6 6 6 7 7 7 7 7 7 7 7 7 7 7 7 7 7 7 7 7 7 7 7 7 7 7 7 7 7 7 7 7 7 7 7 7 7 7 7 7 7 7 7 7 7 7 7 7 7 7 7 7 7 7 7 7 7 7 7 7 7 7 7 8 8 8 8 8 8 8 8 8 8 8 8 8 8 8 8 8 8 8 8 8 8 8 8 8 8 8 8 8 8 8 8 8 8 8 8 8 8 8 8 8 8 8 8 8 8 8 8 8 8 8 8 8 8 8 8 8 8 8 8 9 9 9 9 9 9 9 9 9 9 9 9 9 9 9 9 9 9 9 9 9 9 9 9 9 9 9 9 9 9 9 9 9 9 9 9 9 9 9 9 9 9 9 9 9 9 9 9 9 9 9 9 9 9 9 9 9 9 9 9 10 10 10 10 10 10 10 10 10 10 10 10 10 10 10 10 10 10 10 10 10 10 10 10 10 10 10 10 10 10 10 10 10 10 10 10 10 10 10 10 10 10 10 10 10 10 10 10 10 10 10 10 10 10 10 10 10 10 10 10 
calling hdp_init 2022-07-17 12:05:17
Guessed number of signatures (= Dirichlet process data clusters) = 46
Runing run.setup.and.posterior on 18145879
Reading input catalog file ./SBS/input/Realistic/ground.truth.syn.catalog.csv
0 1 1 1 1 1 1 1 1 1 2 2 2 2 2 2 2 2 2 2 2 2 2 2 2 2 2 2 2 2 2 2 2 2 2 2 2 2 2 2 2 2 2 2 2 2 2 2 2 2 2 2 2 2 2 2 2 2 2 2 2 2 2 2 2 2 2 2 2 2 3 3 3 3 3 3 3 3 3 3 3 3 3 3 3 3 3 3 3 3 3 3 3 3 3 3 3 3 3 3 3 3 3 3 3 3 3 3 3 3 3 3 3 3 3 3 3 3 3 3 3 3 3 3 3 3 3 3 3 3 4 4 4 4 4 4 4 4 4 4 4 4 4 4 4 4 4 4 4 4 4 4 4 4 4 4 4 4 4 4 4 4 4 4 4 4 4 4 4 4 4 4 4 4 4 4 4 4 4 4 4 4 4 4 4 4 4 4 4 4 5 5 5 5 5 5 5 5 5 5 5 5 5 5 5 5 5 5 5 5 5 5 5 5 5 5 5 5 5 5 5 5 5 5 5 5 5 5 5 5 5 5 5 5 5 5 5 5 5 5 5 5 5 5 5 5 5 5 5 5 6 6 6 6 6 6 6 6 6 6 6 6 6 6 6 6 6 6 6 6 6 6 6 6 6 6 6 6 6 6 6 6 6 6 6 6 6 6 6 6 6 6 6 6 6 6 6 6 6 6 6 6 6 6 6 6 6 6 6 6 7 7 7 7 7 7 7 7 7 7 7 7 7 7 7 7 7 7 7 7 7 7 7 7 7 7 7 7 7 7 7 7 7 7 7 7 7 7 7 7 7 7 7 7 7 7 7 7 7 7 7 7 7 7 7 7 7 7 7 7 8 8 8 8 8 8 8 8 8 8 8 8 8 8 8 8 8 8 8 8 8 8 8 8 8 8 8 8 8 8 8 8 8 8 8 8 8 8 8 8 8 8 8 8 8 8 8 8 8 8 8 8 8 8 8 8 8 8 8 8 9 9 9 9 9 9 9 9 9 9 9 9 9 9 9 9 9 9 9 9 9 9 9 9 9 9 9 9 9 9 9 9 9 9 9 9 9 9 9 9 9 9 9 9 9 9 9 9 9 9 9 9 9 9 9 9 9 9 9 9 10 10 10 10 10 10 10 10 10 10 10 10 10 10 10 10 10 10 10 10 10 10 10 10 10 10 10 10 10 10 10 10 10 10 10 10 10 10 10 10 10 10 10 10 10 10 10 10 10 10 10 10 10 10 10 10 10 10 10 10 
calling hdp_init 2022-07-17 12:05:17
Guessed number of signatures (= Dirichlet process data clusters) = 46
Runing run.setup.and.posterior on 19145879
Reading input catalog file ./SBS/input/Realistic/ground.truth.syn.catalog.csv
0 1 1 1 1 1 1 1 1 1 2 2 2 2 2 2 2 2 2 2 2 2 2 2 2 2 2 2 2 2 2 2 2 2 2 2 2 2 2 2 2 2 2 2 2 2 2 2 2 2 2 2 2 2 2 2 2 2 2 2 2 2 2 2 2 2 2 2 2 2 3 3 3 3 3 3 3 3 3 3 3 3 3 3 3 3 3 3 3 3 3 3 3 3 3 3 3 3 3 3 3 3 3 3 3 3 3 3 3 3 3 3 3 3 3 3 3 3 3 3 3 3 3 3 3 3 3 3 3 3 4 4 4 4 4 4 4 4 4 4 4 4 4 4 4 4 4 4 4 4 4 4 4 4 4 4 4 4 4 4 4 4 4 4 4 4 4 4 4 4 4 4 4 4 4 4 4 4 4 4 4 4 4 4 4 4 4 4 4 4 5 5 5 5 5 5 5 5 5 5 5 5 5 5 5 5 5 5 5 5 5 5 5 5 5 5 5 5 5 5 5 5 5 5 5 5 5 5 5 5 5 5 5 5 5 5 5 5 5 5 5 5 5 5 5 5 5 5 5 5 6 6 6 6 6 6 6 6 6 6 6 6 6 6 6 6 6 6 6 6 6 6 6 6 6 6 6 6 6 6 6 6 6 6 6 6 6 6 6 6 6 6 6 6 6 6 6 6 6 6 6 6 6 6 6 6 6 6 6 6 7 7 7 7 7 7 7 7 7 7 7 7 7 7 7 7 7 7 7 7 7 7 7 7 7 7 7 7 7 7 7 7 7 7 7 7 7 7 7 7 7 7 7 7 7 7 7 7 7 7 7 7 7 7 7 7 7 7 7 7 8 8 8 8 8 8 8 8 8 8 8 8 8 8 8 8 8 8 8 8 8 8 8 8 8 8 8 8 8 8 8 8 8 8 8 8 8 8 8 8 8 8 8 8 8 8 8 8 8 8 8 8 8 8 8 8 8 8 8 8 9 9 9 9 9 9 9 9 9 9 9 9 9 9 9 9 9 9 9 9 9 9 9 9 9 9 9 9 9 9 9 9 9 9 9 9 9 9 9 9 9 9 9 9 9 9 9 9 9 9 9 9 9 9 9 9 9 9 9 9 10 10 10 10 10 10 10 10 10 10 10 10 10 10 10 10 10 10 10 10 10 10 10 10 10 10 10 10 10 10 10 10 10 10 10 10 10 10 10 10 10 10 10 10 10 10 10 10 10 10 10 10 10 10 10 10 10 10 10 10 
calling hdp_init 2022-07-17 12:05:17
Guessed number of signatures (= Dirichlet process data clusters) = 46
Runing run.setup.and.posterior on 20145879
Reading input catalog file ./SBS/input/Realistic/ground.truth.syn.catalog.csv
0 1 1 1 1 1 1 1 1 1 2 2 2 2 2 2 2 2 2 2 2 2 2 2 2 2 2 2 2 2 2 2 2 2 2 2 2 2 2 2 2 2 2 2 2 2 2 2 2 2 2 2 2 2 2 2 2 2 2 2 2 2 2 2 2 2 2 2 2 2 3 3 3 3 3 3 3 3 3 3 3 3 3 3 3 3 3 3 3 3 3 3 3 3 3 3 3 3 3 3 3 3 3 3 3 3 3 3 3 3 3 3 3 3 3 3 3 3 3 3 3 3 3 3 3 3 3 3 3 3 4 4 4 4 4 4 4 4 4 4 4 4 4 4 4 4 4 4 4 4 4 4 4 4 4 4 4 4 4 4 4 4 4 4 4 4 4 4 4 4 4 4 4 4 4 4 4 4 4 4 4 4 4 4 4 4 4 4 4 4 5 5 5 5 5 5 5 5 5 5 5 5 5 5 5 5 5 5 5 5 5 5 5 5 5 5 5 5 5 5 5 5 5 5 5 5 5 5 5 5 5 5 5 5 5 5 5 5 5 5 5 5 5 5 5 5 5 5 5 5 6 6 6 6 6 6 6 6 6 6 6 6 6 6 6 6 6 6 6 6 6 6 6 6 6 6 6 6 6 6 6 6 6 6 6 6 6 6 6 6 6 6 6 6 6 6 6 6 6 6 6 6 6 6 6 6 6 6 6 6 7 7 7 7 7 7 7 7 7 7 7 7 7 7 7 7 7 7 7 7 7 7 7 7 7 7 7 7 7 7 7 7 7 7 7 7 7 7 7 7 7 7 7 7 7 7 7 7 7 7 7 7 7 7 7 7 7 7 7 7 8 8 8 8 8 8 8 8 8 8 8 8 8 8 8 8 8 8 8 8 8 8 8 8 8 8 8 8 8 8 8 8 8 8 8 8 8 8 8 8 8 8 8 8 8 8 8 8 8 8 8 8 8 8 8 8 8 8 8 8 9 9 9 9 9 9 9 9 9 9 9 9 9 9 9 9 9 9 9 9 9 9 9 9 9 9 9 9 9 9 9 9 9 9 9 9 9 9 9 9 9 9 9 9 9 9 9 9 9 9 9 9 9 9 9 9 9 9 9 9 10 10 10 10 10 10 10 10 10 10 10 10 10 10 10 10 10 10 10 10 10 10 10 10 10 10 10 10 10 10 10 10 10 10 10 10 10 10 10 10 10 10 10 10 10 10 10 10 10 10 10 10 10 10 10 10 10 10 10 10 
Guessed number of signatures (= Dirichlet process data clusters) = 46
calling hdp_init 2022-07-17 12:05:17
0 1 1 1 1 1 1 1 1 1 2 2 2 2 2 2 2 2 2 2 2 2 2 2 2 2 2 2 2 2 2 2 2 2 2 2 2 2 2 2 2 2 2 2 2 2 2 2 2 2 2 2 2 2 2 2 2 2 2 2 2 2 2 2 2 2 2 2 2 2 3 3 3 3 3 3 3 3 3 3 3 3 3 3 3 3 3 3 3 3 3 3 3 3 3 3 3 3 3 3 3 3 3 3 3 3 3 3 3 3 3 3 3 3 3 3 3 3 3 3 3 3 3 3 3 3 3 3 3 3 4 4 4 4 4 4 4 4 4 4 4 4 4 4 4 4 4 4 4 4 4 4 4 4 4 4 4 4 4 4 4 4 4 4 4 4 4 4 4 4 4 4 4 4 4 4 4 4 4 4 4 4 4 4 4 4 4 4 4 4 5 5 5 5 5 5 5 5 5 5 5 5 5 5 5 5 5 5 5 5 5 5 5 5 5 5 5 5 5 5 5 5 5 5 5 5 5 5 5 5 5 5 5 5 5 5 5 5 5 5 5 5 5 5 5 5 5 5 5 5 6 6 6 6 6 6 6 6 6 6 6 6 6 6 6 6 6 6 6 6 6 6 6 6 6 6 6 6 6 6 6 6 6 6 6 6 6 6 6 6 6 6 6 6 6 6 6 6 6 6 6 6 6 6 6 6 6 6 6 6 7 7 7 7 7 7 7 7 7 7 7 7 7 7 7 7 7 7 7 7 7 7 7 7 7 7 7 7 7 7 7 7 7 7 7 7 7 7 7 7 7 7 7 7 7 7 7 7 7 7 7 7 7 7 7 7 7 7 7 7 8 8 8 8 8 8 8 8 8 8 8 8 8 8 8 8 8 8 8 8 8 8 8 8 8 8 8 8 8 8 8 8 8 8 8 8 8 8 8 8 8 8 8 8 8 8 8 8 8 8 8 8 8 8 8 8 8 8 8 8 9 9 9 9 9 9 9 9 9 9 9 9 9 9 9 9 9 9 9 9 9 9 9 9 9 9 9 9 9 9 9 9 9 9 9 9 9 9 9 9 9 9 9 9 9 9 9 9 9 9 9 9 9 9 9 9 9 9 9 9 10 10 10 10 10 10 10 10 10 10 10 10 10 10 10 10 10 10 10 10 10 10 10 10 10 10 10 10 10 10 10 10 10 10 10 10 10 10 10 10 10 10 10 10 10 10 10 10 10 10 10 10 10 10 10 10 10 10 10 10 
calling hdp_init 2022-07-17 12:05:17
Guessed number of signatures (= Dirichlet process data clusters) = 46
0 1 1 1 1 1 1 1 1 1 2 2 2 2 2 2 2 2 2 2 2 2 2 2 2 2 2 2 2 2 2 2 2 2 2 2 2 2 2 2 2 2 2 2 2 2 2 2 2 2 2 2 2 2 2 2 2 2 2 2 2 2 2 2 2 2 2 2 2 2 3 3 3 3 3 3 3 3 3 3 3 3 3 3 3 3 3 3 3 3 3 3 3 3 3 3 3 3 3 3 3 3 3 3 3 3 3 3 3 3 3 3 3 3 3 3 3 3 3 3 3 3 3 3 3 3 3 3 3 3 4 4 4 4 4 4 4 4 4 4 4 4 4 4 4 4 4 4 4 4 4 4 4 4 4 4 4 4 4 4 4 4 4 4 4 4 4 4 4 4 4 4 4 4 4 4 4 4 4 4 4 4 4 4 4 4 4 4 4 4 5 5 5 5 5 5 5 5 5 5 5 5 5 5 5 5 5 5 5 5 5 5 5 5 5 5 5 5 5 5 5 5 5 5 5 5 5 5 5 5 5 5 5 5 5 5 5 5 5 5 5 5 5 5 5 5 5 5 5 5 6 6 6 6 6 6 6 6 6 6 6 6 6 6 6 6 6 6 6 6 6 6 6 6 6 6 6 6 6 6 6 6 6 6 6 6 6 6 6 6 6 6 6 6 6 6 6 6 6 6 6 6 6 6 6 6 6 6 6 6 7 7 7 7 7 7 7 7 7 7 7 7 7 7 7 7 7 7 7 7 7 7 7 7 7 7 7 7 7 7 7 7 7 7 7 7 7 7 7 7 7 7 7 7 7 7 7 7 7 7 7 7 7 7 7 7 7 7 7 7 8 8 8 8 8 8 8 8 8 8 8 8 8 8 8 8 8 8 8 8 8 8 8 8 8 8 8 8 8 8 8 8 8 8 8 8 8 8 8 8 8 8 8 8 8 8 8 8 8 8 8 8 8 8 8 8 8 8 8 8 9 9 9 9 9 9 9 9 9 9 9 9 9 9 9 9 9 9 9 9 9 9 9 9 9 9 9 9 9 9 9 9 9 9 9 9 9 9 9 9 9 9 9 9 9 9 9 9 9 9 9 9 9 9 9 9 9 9 9 9 10 10 10 10 10 10 10 10 10 10 10 10 10 10 10 10 10 10 10 10 10 10 10 10 10 10 10 10 10 10 10 10 10 10 10 10 10 10 10 10 10 10 10 10 10 10 10 10 10 10 10 10 10 10 10 10 10 10 10 10 
calling hdp_init 2022-07-17 12:05:17
Guessed number of signatures (= Dirichlet process data clusters) = 46
0 1 1 1 1 1 1 1 1 1 2 2 2 2 2 2 2 2 2 2 2 2 2 2 2 2 2 2 2 2 2 2 2 2 2 2 2 2 2 2 2 2 2 2 2 2 2 2 2 2 2 2 2 2 2 2 2 2 2 2 2 2 2 2 2 2 2 2 2 2 3 3 3 3 3 3 3 3 3 3 3 3 3 3 3 3 3 3 3 3 3 3 3 3 3 3 3 3 3 3 3 3 3 3 3 3 3 3 3 3 3 3 3 3 3 3 3 3 3 3 3 3 3 3 3 3 3 3 3 3 4 4 4 4 4 4 4 4 4 4 4 4 4 4 4 4 4 4 4 4 4 4 4 4 4 4 4 4 4 4 4 4 4 4 4 4 4 4 4 4 4 4 4 4 4 4 4 4 4 4 4 4 4 4 4 4 4 4 4 4 5 5 5 5 5 5 5 5 5 5 5 5 5 5 5 5 5 5 5 5 5 5 5 5 5 5 5 5 5 5 5 5 5 5 5 5 5 5 5 5 5 5 5 5 5 5 5 5 5 5 5 5 5 5 5 5 5 5 5 5 6 6 6 6 6 6 6 6 6 6 6 6 6 6 6 6 6 6 6 6 6 6 6 6 6 6 6 6 6 6 6 6 6 6 6 6 6 6 6 6 6 6 6 6 6 6 6 6 6 6 6 6 6 6 6 6 6 6 6 6 7 7 7 7 7 7 7 7 7 7 7 7 7 7 7 7 7 7 7 7 7 7 7 7 7 7 7 7 7 7 7 7 7 7 7 7 7 7 7 7 7 7 7 7 7 7 7 7 7 7 7 7 7 7 7 7 7 7 7 7 8 8 8 8 8 8 8 8 8 8 8 8 8 8 8 8 8 8 8 8 8 8 8 8 8 8 8 8 8 8 8 8 8 8 8 8 8 8 8 8 8 8 8 8 8 8 8 8 8 8 8 8 8 8 8 8 8 8 8 8 9 9 9 9 9 9 9 9 9 9 9 9 9 9 9 9 9 9 9 9 9 9 9 9 9 9 9 9 9 9 9 9 9 9 9 9 9 9 9 9 9 9 9 9 9 9 9 9 9 9 9 9 9 9 9 9 9 9 9 9 10 10 10 10 10 10 10 10 10 10 10 10 10 10 10 10 10 10 10 10 10 10 10 10 10 10 10 10 10 10 10 10 10 10 10 10 10 10 10 10 10 10 10 10 10 10 10 10 10 10 10 10 10 10 10 10 10 10 10 10 
calling hdp_init 2022-07-17 12:05:17
Guessed number of signatures (= Dirichlet process data clusters) = 46
0 1 1 1 1 1 1 1 1 1 2 2 2 2 2 2 2 2 2 2 2 2 2 2 2 2 2 2 2 2 2 2 2 2 2 2 2 2 2 2 2 2 2 2 2 2 2 2 2 2 2 2 2 2 2 2 2 2 2 2 2 2 2 2 2 2 2 2 2 2 3 3 3 3 3 3 3 3 3 3 3 3 3 3 3 3 3 3 3 3 3 3 3 3 3 3 3 3 3 3 3 3 3 3 3 3 3 3 3 3 3 3 3 3 3 3 3 3 3 3 3 3 3 3 3 3 3 3 3 3 4 4 4 4 4 4 4 4 4 4 4 4 4 4 4 4 4 4 4 4 4 4 4 4 4 4 4 4 4 4 4 4 4 4 4 4 4 4 4 4 4 4 4 4 4 4 4 4 4 4 4 4 4 4 4 4 4 4 4 4 5 5 5 5 5 5 5 5 5 5 5 5 5 5 5 5 5 5 5 5 5 5 5 5 5 5 5 5 5 5 5 5 5 5 5 5 5 5 5 5 5 5 5 5 5 5 5 5 5 5 5 5 5 5 5 5 5 5 5 5 6 6 6 6 6 6 6 6 6 6 6 6 6 6 6 6 6 6 6 6 6 6 6 6 6 6 6 6 6 6 6 6 6 6 6 6 6 6 6 6 6 6 6 6 6 6 6 6 6 6 6 6 6 6 6 6 6 6 6 6 7 7 7 7 7 7 7 7 7 7 7 7 7 7 7 7 7 7 7 7 7 7 7 7 7 7 7 7 7 7 7 7 7 7 7 7 7 7 7 7 7 7 7 7 7 7 7 7 7 7 7 7 7 7 7 7 7 7 7 7 8 8 8 8 8 8 8 8 8 8 8 8 8 8 8 8 8 8 8 8 8 8 8 8 8 8 8 8 8 8 8 8 8 8 8 8 8 8 8 8 8 8 8 8 8 8 8 8 8 8 8 8 8 8 8 8 8 8 8 8 9 9 9 9 9 9 9 9 9 9 9 9 9 9 9 9 9 9 9 9 9 9 9 9 9 9 9 9 9 9 9 9 9 9 9 9 9 9 9 9 9 9 9 9 9 9 9 9 9 9 9 9 9 9 9 9 9 9 9 9 10 10 10 10 10 10 10 10 10 10 10 10 10 10 10 10 10 10 10 10 10 10 10 10 10 10 10 10 10 10 10 10 10 10 10 10 10 10 10 10 10 10 10 10 10 10 10 10 10 10 10 10 10 10 10 10 10 10 10 10 
calling hdp_init 2022-07-17 12:05:17
Guessed number of signatures (= Dirichlet process data clusters) = 46
0 1 1 1 1 1 1 1 1 1 2 2 2 2 2 2 2 2 2 2 2 2 2 2 2 2 2 2 2 2 2 2 2 2 2 2 2 2 2 2 2 2 2 2 2 2 2 2 2 2 2 2 2 2 2 2 2 2 2 2 2 2 2 2 2 2 2 2 2 2 3 3 3 3 3 3 3 3 3 3 3 3 3 3 3 3 3 3 3 3 3 3 3 3 3 3 3 3 3 3 3 3 3 3 3 3 3 3 3 3 3 3 3 3 3 3 3 3 3 3 3 3 3 3 3 3 3 3 3 3 4 4 4 4 4 4 4 4 4 4 4 4 4 4 4 4 4 4 4 4 4 4 4 4 4 4 4 4 4 4 4 4 4 4 4 4 4 4 4 4 4 4 4 4 4 4 4 4 4 4 4 4 4 4 4 4 4 4 4 4 5 5 5 5 5 5 5 5 5 5 5 5 5 5 5 5 5 5 5 5 5 5 5 5 5 5 5 5 5 5 5 5 5 5 5 5 5 5 5 5 5 5 5 5 5 5 5 5 5 5 5 5 5 5 5 5 5 5 5 5 6 6 6 6 6 6 6 6 6 6 6 6 6 6 6 6 6 6 6 6 6 6 6 6 6 6 6 6 6 6 6 6 6 6 6 6 6 6 6 6 6 6 6 6 6 6 6 6 6 6 6 6 6 6 6 6 6 6 6 6 7 7 7 7 7 7 7 7 7 7 7 7 7 7 7 7 7 7 7 7 7 7 7 7 7 7 7 7 7 7 7 7 7 7 7 7 7 7 7 7 7 7 7 7 7 7 7 7 7 7 7 7 7 7 7 7 7 7 7 7 8 8 8 8 8 8 8 8 8 8 8 8 8 8 8 8 8 8 8 8 8 8 8 8 8 8 8 8 8 8 8 8 8 8 8 8 8 8 8 8 8 8 8 8 8 8 8 8 8 8 8 8 8 8 8 8 8 8 8 8 9 9 9 9 9 9 9 9 9 9 9 9 9 9 9 9 9 9 9 9 9 9 9 9 9 9 9 9 9 9 9 9 9 9 9 9 9 9 9 9 9 9 9 9 9 9 9 9 9 9 9 9 9 9 9 9 9 9 9 9 10 10 10 10 10 10 10 10 10 10 10 10 10 10 10 10 10 10 10 10 10 10 10 10 10 10 10 10 10 10 10 10 10 10 10 10 10 10 10 10 10 10 10 10 10 10 10 10 10 10 10 10 10 10 10 10 10 10 10 10 
calling hdp_init 2022-07-17 12:05:17
Guessed number of signatures (= Dirichlet process data clusters) = 46
0 1 1 1 1 1 1 1 1 1 2 2 2 2 2 2 2 2 2 2 2 2 2 2 2 2 2 2 2 2 2 2 2 2 2 2 2 2 2 2 2 2 2 2 2 2 2 2 2 2 2 2 2 2 2 2 2 2 2 2 2 2 2 2 2 2 2 2 2 2 3 3 3 3 3 3 3 3 3 3 3 3 3 3 3 3 3 3 3 3 3 3 3 3 3 3 3 3 3 3 3 3 3 3 3 3 3 3 3 3 3 3 3 3 3 3 3 3 3 3 3 3 3 3 3 3 3 3 3 3 4 4 4 4 4 4 4 4 4 4 4 4 4 4 4 4 4 4 4 4 4 4 4 4 4 4 4 4 4 4 4 4 4 4 4 4 4 4 4 4 4 4 4 4 4 4 4 4 4 4 4 4 4 4 4 4 4 4 4 4 5 5 5 5 5 5 5 5 5 5 5 5 5 5 5 5 5 5 5 5 5 5 5 5 5 5 5 5 5 5 5 5 5 5 5 5 5 5 5 5 5 5 5 5 5 5 5 5 5 5 5 5 5 5 5 5 5 5 5 5 6 6 6 6 6 6 6 6 6 6 6 6 6 6 6 6 6 6 6 6 6 6 6 6 6 6 6 6 6 6 6 6 6 6 6 6 6 6 6 6 6 6 6 6 6 6 6 6 6 6 6 6 6 6 6 6 6 6 6 6 7 7 7 7 7 7 7 7 7 7 7 7 7 7 7 7 7 7 7 7 7 7 7 7 7 7 7 7 7 7 7 7 7 7 7 7 7 7 7 7 7 7 7 7 7 7 7 7 7 7 7 7 7 7 7 7 7 7 7 7 8 8 8 8 8 8 8 8 8 8 8 8 8 8 8 8 8 8 8 8 8 8 8 8 8 8 8 8 8 8 8 8 8 8 8 8 8 8 8 8 8 8 8 8 8 8 8 8 8 8 8 8 8 8 8 8 8 8 8 8 9 9 9 9 9 9 9 9 9 9 9 9 9 9 9 9 9 9 9 9 9 9 9 9 9 9 9 9 9 9 9 9 9 9 9 9 9 9 9 9 9 9 9 9 9 9 9 9 9 9 9 9 9 9 9 9 9 9 9 9 10 10 10 10 10 10 10 10 10 10 10 10 10 10 10 10 10 10 10 10 10 10 10 10 10 10 10 10 10 10 10 10 10 10 10 10 10 10 10 10 10 10 10 10 10 10 10 10 10 10 10 10 10 10 10 10 10 10 10 10 
calling hdp_init 2022-07-17 12:05:17
calling hdp_setdata 2022-07-17 12:05:17
calling hdp_setdata 2022-07-17 12:05:18
calling hdp_setdata 2022-07-17 12:05:18
calling hdp_setdata 2022-07-17 12:05:18
calling hdp_setdata 2022-07-17 12:05:18
calling hdp_setdata 2022-07-17 12:05:18
calling hdp_setdata 2022-07-17 12:05:18
calling hdp_setdata 2022-07-17 12:05:18
calling hdp_setdata 2022-07-17 12:05:18
calling hdp_setdata 2022-07-17 12:05:18
calling hdp_setdata 2022-07-17 12:05:18
calling hdp_setdata 2022-07-17 12:05:18
calling hdp_setdata 2022-07-17 12:05:18
calling hdp_setdata 2022-07-17 12:05:18
calling hdp_setdata 2022-07-17 12:05:18
calling hdp_setdata 2022-07-17 12:05:18
calling hdp_setdata 2022-07-17 12:05:18
calling hdp_setdata 2022-07-17 12:05:18
calling hdp_setdata 2022-07-17 12:05:18
calling hdp_setdata 2022-07-17 12:05:18
calling dp_activate 2022-07-17 12:05:19
calling dp_activate 2022-07-17 12:05:19
calling dp_activate 2022-07-17 12:05:19
calling dp_activate 2022-07-17 12:05:19
calling dp_activate 2022-07-17 12:05:19
calling dp_activate 2022-07-17 12:05:20
calling dp_activate 2022-07-17 12:05:20
calling dp_activate 2022-07-17 12:05:20
calling dp_activate 2022-07-17 12:05:20
calling dp_activate 2022-07-17 12:05:20
calling dp_activate 2022-07-17 12:05:20
calling dp_activate 2022-07-17 12:05:20
calling dp_activate 2022-07-17 12:05:20
calling dp_activate 2022-07-17 12:05:20
calling dp_activate 2022-07-17 12:05:20
calling dp_activate 2022-07-17 12:05:20
calling dp_activate 2022-07-17 12:05:20
calling dp_activate 2022-07-17 12:05:20
calling dp_activate 2022-07-17 12:05:20
calling dp_activate 2022-07-17 12:05:20
calling hdp_posterior, seed = 15145879 2022-07-17 12:05:26
calling hdp_posterior, seed = 6145879 2022-07-17 12:05:26
calling hdp_posterior, seed = 12145879 2022-07-17 12:05:26
calling hdp_posterior, seed = 7145879 2022-07-17 12:05:26
calling hdp_posterior, seed = 18145879 2022-07-17 12:05:27
calling hdp_posterior, seed = 1145879 2022-07-17 12:05:27
calling hdp_posterior, seed = 11145879 2022-07-17 12:05:28
calling hdp_posterior, seed = 8145879 2022-07-17 12:05:28
calling hdp_posterior, seed = 4145879 2022-07-17 12:05:28
calling hdp_posterior, seed = 5145879 2022-07-17 12:05:28
calling hdp_posterior, seed = 9145879 2022-07-17 12:05:28
calling hdp_posterior, seed = 20145879 2022-07-17 12:05:28
calling hdp_posterior, seed = 14145879 2022-07-17 12:05:28
calling hdp_posterior, seed = 16145879 2022-07-17 12:05:28
calling hdp_posterior, seed = 17145879 2022-07-17 12:05:28
calling hdp_posterior, seed = 13145879 2022-07-17 12:05:28
calling hdp_posterior, seed = 19145879 2022-07-17 12:05:28
calling hdp_posterior, seed = 10145879 2022-07-17 12:05:28
calling hdp_posterior, seed = 3145879 2022-07-17 12:05:28
calling hdp_posterior, seed = 2145879 2022-07-17 12:05:28
[1] "100000 burn-in iterations in 28396.0 mins"
[1] "100000 burn-in iterations in 28401.7 mins"
[1] "100000 burn-in iterations in 28666.0 mins"
[1] "time 28677.6 ETC 34072.3 mins"
[1] "time 28680.9 ETC 34076.4 mins"
[1] "100000 burn-in iterations in 28772.8 mins"
[1] "time 28944.3 ETC 34389.3 mins"
[1] "time 28955.5 ETC 34065.3 mins"
[1] "time 28962.2 ETC 34073.1 mins"
[1] "time 29058.6 ETC 34525.1 mins"
[1] "time 29233.5 ETC 34392.3 mins"
[1] "time 29238.3 ETC 34064.0 mins"
[1] "time 29242.3 ETC 34068.7 mins"
[1] "time 29340.7 ETC 34518.5 mins"
[1] "100000 burn-in iterations in 29437.2 mins"
[1] "time 29515.3 ETC 34386.7 mins"
[1] "time 29516.0 ETC 34056.9 mins"
[1] "time 29522.0 ETC 34063.8 mins"
[1] "time 29625.0 ETC 34514.6 mins"
[1] "time 29712.8 ETC 35302.3 mins"
[1] "time 29796.1 ETC 34380.1 mins"
[1] "time 29800.2 ETC 34057.4 mins"
[1] "time 29804.0 ETC 34061.7 mins"
[1] "time 29909.4 ETC 34510.8 mins"
[1] "100000 burn-in iterations in 29986.0 mins"
[1] "time 29991.8 ETC 35284.4 mins"
[1] "time 30069.4 ETC 34365.0 mins"
[1] "time 30085.7 ETC 34059.3 mins"
[1] "time 30087.0 ETC 34060.8 mins"
[1] "time 30190.6 ETC 34503.5 mins"
[1] "100000 burn-in iterations in 30240.6 mins"
[1] "time 30264.4 ETC 35957.7 mins"
[1] "time 30270.4 ETC 35266.5 mins"
[1] "time 30340.2 ETC 34347.4 mins"
[1] "time 30362.8 ETC 34051.7 mins"
[1] "time 30371.0 ETC 34061.0 mins"
[1] "100000 burn-in iterations in 30398.0 mins"
[1] "time 30470.6 ETC 34495.0 mins"
[1] "100000 burn-in iterations in 30515.1 mins"
[1] "time 30532.7 ETC 36276.4 mins"
[1] "time 30551.4 ETC 35942.8 mins"
[1] "time 30552.3 ETC 35252.7 mins"
[1] "time 30606.4 ETC 34324.9 mins"
[1] "time 30630.1 ETC 34033.5 mins"
[1] "time 30661.3 ETC 34068.1 mins"
[1] "time 30680.8 ETC 36452.5 mins"
[1] "time 30748.3 ETC 34484.0 mins"
[1] "time 30791.2 ETC 36583.7 mins"
[1] "time 30817.7 ETC 36256.1 mins"
[1] "time 30837.2 ETC 35926.8 mins"
[1] "time 30838.1 ETC 35243.6 mins"
[1] "time 30880.1 ETC 34311.2 mins"
[1] "time 30900.7 ETC 34019.1 mins"
[1] "100000 burn-in iterations in 30907.0 mins"
[1] "time 30948.4 ETC 34071.6 mins"
[1] "time 30962.7 ETC 36426.7 mins"
[1] "time 31028.0 ETC 34475.5 mins"
[1] "100000 burn-in iterations in 31064.7 mins"
[1] "time 31071.3 ETC 36554.5 mins"
[1] "time 31098.5 ETC 36231.3 mins"
[1] "100000 burn-in iterations in 31104.0 mins"
[1] "time 31123.8 ETC 35234.5 mins"
[1] "time 31123.9 ETC 35912.1 mins"
[1] "time 31152.7 ETC 34296.6 mins"
[1] "100000 burn-in iterations in 31172.5 mins"
[1] "time 31173.8 ETC 34007.8 mins"
[1] "time 31180.9 ETC 37046.6 mins"
[1] "100000 burn-in iterations in 31190.2 mins"
[1] "time 31237.7 ETC 34077.5 mins"
[1] "time 31244.7 ETC 36401.6 mins"
[1] "time 31304.7 ETC 34463.9 mins"
[1] "time 31353.2 ETC 36528.0 mins"
[1] "time 31375.4 ETC 37277.7 mins"
[1] "time 31385.2 ETC 36213.7 mins"
[1] "time 31408.8 ETC 35224.8 mins"
[1] "time 31410.0 ETC 35897.1 mins"
[1] "time 31425.4 ETC 34282.3 mins"
[1] "time 31451.1 ETC 34001.2 mins"
[1] "time 31456.1 ETC 37007.1 mins"
[1] "time 31458.3 ETC 37376.2 mins"
[1] "time 31482.4 ETC 37404.9 mins"
[1] "time 31508.6 ETC 37436.0 mins"
[1] "time 31522.9 ETC 36372.6 mins"
[1] "time 31529.2 ETC 34085.6 mins"
[1] "time 31582.7 ETC 34453.8 mins"
[1] "time 31632.3 ETC 36498.8 mins"
[1] "time 31640.8 ETC 37224.5 mins"
[1] "time 31670.2 ETC 36194.6 mins"
[1] "time 31692.5 ETC 35213.9 mins"
[1] "time 31699.3 ETC 34269.5 mins"
[1] "time 31699.9 ETC 35886.6 mins"
[1] "time 31725.8 ETC 33992.0 mins"
[1] "time 31732.5 ETC 36969.9 mins"
[1] "time 31746.4 ETC 37348.7 mins"
[1] "time 31770.9 ETC 37377.6 mins"
[1] "time 31804.1 ETC 36347.5 mins"
[1] "time 31823.5 ETC 34096.6 mins"
[1] "time 31864.5 ETC 34448.1 mins"
[1] "time 31910.3 ETC 37177.1 mins"
[1] "time 31916.6 ETC 36476.1 mins"
[1] "time 31956.7 ETC 36177.4 mins"
[1] "time 31959.0 ETC 37598.8 mins"
[1] "time 31969.8 ETC 34253.3 mins"
[1] "time 31973.4 ETC 35200.1 mins"
[1] "time 31986.3 ETC 35872.5 mins"
[1] "time 32005.8 ETC 33988.5 mins"
[1] "time 32013.3 ETC 36938.5 mins"
[1] "time 32034.3 ETC 37321.5 mins"
[1] "time 32060.6 ETC 37352.2 mins"
[1] "time 32089.2 ETC 36327.3 mins"
[1] "time 32113.1 ETC 34102.4 mins"
[1] "time 32145.4 ETC 34441.5 mins"
[1] "time 32185.1 ETC 37136.6 mins"
[1] "time 32202.7 ETC 36455.9 mins"
[1] "time 32244.5 ETC 34241.9 mins"
[1] "time 32246.1 ETC 36163.8 mins"
[1] "time 32253.5 ETC 35185.6 mins"
[1] "time 32269.7 ETC 35855.2 mins"
[1] "time 32283.5 ETC 33982.6 mins"
[1] "time 32293.2 ETC 36906.6 mins"
[1] "time 32324.9 ETC 37297.9 mins"
[1] "time 32352.6 ETC 37330.0 mins"
[1] "time 32372.1 ETC 36305.2 mins"
[1] "time 32375.5 ETC 37719.0 mins"
[1] "time 32397.3 ETC 34102.4 mins"
[1] "time 32422.7 ETC 34431.2 mins"
[1] "time 32461.2 ETC 37098.5 mins"
[1] "time 32480.4 ETC 36426.6 mins"
[1] "time 32526.9 ETC 34238.8 mins"
[1] "time 32529.9 ETC 36144.3 mins"
[1] "time 32536.7 ETC 35174.8 mins"
[1] "time 32560.6 ETC 33976.3 mins"
[1] "time 32562.4 ETC 35848.5 mins"
[1] "time 32575.8 ETC 36878.2 mins"
[1] "time 32621.1 ETC 37281.2 mins"
[1] "time 32637.8 ETC 37300.4 mins"
[1] "time 32656.0 ETC 36284.5 mins"
[1] "time 32663.3 ETC 37688.4 mins"
[1] "time 32680.7 ETC 34101.6 mins"
[1] "100000 burn-in iterations in 32701.9 mins"
[1] "time 32704.9 ETC 34426.2 mins"
[1] "time 32732.8 ETC 37056.0 mins"
[1] "time 32809.9 ETC 34236.4 mins"
[1] "time 32813.2 ETC 36124.7 mins"
[1] "time 32819.0 ETC 35163.2 mins"
[1] "time 32824.7 ETC 36471.9 mins"
[1] "time 32839.1 ETC 33971.5 mins"
[1] "time 32850.8 ETC 35837.2 mins"
[1] "time 32857.8 ETC 36849.9 mins"
[1] "time 32913.4 ETC 37260.5 mins"
[1] "time 32930.9 ETC 37280.3 mins"
[1] "time 32940.8 ETC 36265.1 mins"
[1] "time 32944.7 ETC 37651.0 mins"
[1] "time 32967.4 ETC 34104.2 mins"
[1] "time 32983.8 ETC 34417.9 mins"
[1] "time 33003.8 ETC 37013.6 mins"
[1] "time 33056.7 ETC 39275.3 mins"
[1] "time 33092.6 ETC 34233.7 mins"
[1] "time 33095.2 ETC 36103.8 mins"
[1] "time 33108.2 ETC 35159.1 mins"
[1] "time 33113.7 ETC 33962.8 mins"
[1] "time 33134.6 ETC 36816.2 mins"
[1] "time 33159.2 ETC 35847.8 mins"
[1] "time 33221.6 ETC 37257.9 mins"
[1] "time 33228.2 ETC 36248.9 mins"
[1] "time 33244.9 ETC 37284.0 mins"
[1] "time 33248.9 ETC 37640.3 mins"
[1] "time 33254.9 ETC 34107.6 mins"
[1] "time 33261.6 ETC 34408.5 mins"
[1] "time 33266.4 ETC 36623.6 mins"
[1] "time 33273.3 ETC 36970.3 mins"
[1] "time 33339.8 ETC 39223.3 mins"
[1] "time 33374.7 ETC 34230.4 mins"
[1] "time 33375.1 ETC 36081.2 mins"
[1] "time 33386.9 ETC 33952.8 mins"
[1] "time 33393.9 ETC 35151.4 mins"
[1] "time 33408.2 ETC 36779.7 mins"
[1] "time 33512.7 ETC 37236.4 mins"
[1] "time 33515.1 ETC 36232.5 mins"
[1] "time 33534.6 ETC 37608.9 mins"
[1] "time 33544.0 ETC 34112.5 mins"
[1] "time 33546.2 ETC 36931.6 mins"
[1] "time 33547.1 ETC 34407.3 mins"
[1] "time 33607.8 ETC 36008.3 mins"
[1] "time 33622.1 ETC 39171.3 mins"
[1] "time 33631.2 ETC 37368.1 mins"
[1] "time 33653.3 ETC 34223.7 mins"
[1] "time 33655.8 ETC 36059.8 mins"
[1] "time 33660.7 ETC 33943.5 mins"
[1] "time 33678.3 ETC 35142.6 mins"
[1] "time 33685.9 ETC 36748.2 mins"
[1] "time 33702.9 ETC 36766.8 mins"
[1] "100000 burn-in iterations in 33735.0 mins"
[1] "time 33802.0 ETC 37213.2 mins"
[1] "time 33804.0 ETC 36218.5 mins"
[1] "time 33817.9 ETC 37575.5 mins"
[1] "time 33824.1 ETC 36899.0 mins"
[1] "time 33834.5 ETC 34408.0 mins"
[1] "time 33840.6 ETC 34125.0 mins"
[1] "time 33905.4 ETC 39121.7 mins"
[1] "time 33928.2 ETC 33928.2 mins"
compute sample.chain time: 
 user.self 2024655.002
 sys.self 449.905
 elapsed 2035693.284
 user.child 0
 sys.child 0
[1] "time 33934.2 ETC 34219.3 mins"
[1] "time 33935.2 ETC 36037.4 mins"
[1] "time 33964.0 ETC 36717.8 mins"
[1] "time 33966.7 ETC 35138.0 mins"
[1] "time 34022.8 ETC 40423.1 mins"
[1] "time 34054.9 ETC 36164.5 mins"
[1] "time 34089.9 ETC 37530.2 mins"
[1] "time 34090.8 ETC 37190.0 mins"
[1] "time 34093.0 ETC 36204.9 mins"
[1] "time 34102.9 ETC 37544.5 mins"
[1] "time 34104.0 ETC 36869.2 mins"
[1] "time 34113.8 ETC 34400.5 mins"
[1] "time 34145.9 ETC 36914.5 mins"
[1] "time 34185.7 ETC 39069.4 mins"
[1] "time 34215.2 ETC 36016.0 mins"
[1] "time 34218.6 ETC 34218.6 mins"
compute sample.chain time: 
 user.self 2040523.334
 sys.self 420.626
 elapsed 2053115.307
 user.child 0
 sys.child 0
[1] "time 34236.2 ETC 36681.7 mins"
[1] "time 34251.9 ETC 35130.1 mins"
[1] "time 34281.2 ETC 34281.2 mins"
compute sample.chain time: 
 user.self 2045107.096
 sys.self 333.946
 elapsed 2056875.51
 user.child 0
 sys.child 0
[1] "time 34305.5 ETC 40359.4 mins"
[1] "100000 burn-in iterations in 34315.6 mins"
[1] "time 34377.6 ETC 36186.9 mins"
[1] "time 34381.2 ETC 36837.0 mins"
[1] "time 34385.4 ETC 37173.4 mins"
[1] "time 34387.1 ETC 34387.1 mins"
compute sample.chain time: 
 user.self 2052236.538
 sys.self 416.035
 elapsed 2063226.911
 user.child 0
 sys.child 0
[1] "time 34392.3 ETC 37518.9 mins"
[1] "time 34448.3 ETC 37579.9 mins"
[1] "time 34461.2 ETC 39012.7 mins"
[1] "time 34494.8 ETC 35994.6 mins"
[1] "time 34503.3 ETC 36319.2 mins"
[1] "time 34509.0 ETC 36646.7 mins"
[1] "time 34533.7 ETC 35119.0 mins"
[1] "time 34578.3 ETC 37048.1 mins"
[1] "time 34581.2 ETC 40288.8 mins"
[1] "time 34618.5 ETC 41130.9 mins"
[1] "time 34656.3 ETC 36163.1 mins"
[1] "time 34657.1 ETC 36804.0 mins"
[1] "time 34671.8 ETC 37148.4 mins"
[1] "time 34678.9 ETC 37490.7 mins"
[1] "time 34734.8 ETC 38954.9 mins"
[1] "time 34734.9 ETC 37551.2 mins"
[1] "time 34772.1 ETC 35971.1 mins"
[1] "time 34779.0 ETC 36609.5 mins"
[1] "time 34815.1 ETC 35107.6 mins"
[1] "time 34860.0 ETC 40223.1 mins"
[1] "time 34926.8 ETC 36765.1 mins"
[1] "time 34927.4 ETC 41091.1 mins"
[1] "time 34936.5 ETC 36141.2 mins"
[1] "time 34948.5 ETC 36468.0 mins"
[1] "time 34958.9 ETC 37124.4 mins"
[1] "time 34968.7 ETC 37466.5 mins"
[1] "time 35012.2 ETC 38902.4 mins"
[1] "time 35013.4 ETC 37182.4 mins"
[1] "time 35015.6 ETC 37516.7 mins"
[1] "time 35047.0 ETC 35945.7 mins"
[1] "time 35055.8 ETC 36579.9 mins"
[1] "time 35088.6 ETC 35088.6 mins"
compute sample.chain time: 
 user.self 2092570.686
 sys.self 359.712
 elapsed 2105319.451
 user.child 0
 sys.child 0
[1] "time 35140.0 ETC 40160.0 mins"
[1] "time 35200.6 ETC 36731.0 mins"
[1] "time 35218.2 ETC 36121.3 mins"
[1] "time 35234.7 ETC 41050.2 mins"
[1] "time 35241.9 ETC 37096.7 mins"
[1] "time 35253.6 ETC 37437.4 mins"
[1] "time 35291.7 ETC 37477.9 mins"
[1] "time 35291.9 ETC 38853.5 mins"
[1] "time 35322.3 ETC 35921.0 mins"
[1] "time 35331.7 ETC 36550.0 mins"
[1] "time 35395.1 ETC 36615.6 mins"
[1] "time 35412.1 ETC 40089.2 mins"
[1] "time 35418.3 ETC 37282.4 mins"
[1] "time 35478.2 ETC 36701.6 mins"
[1] "time 35500.4 ETC 36102.1 mins"
[1] "100000 burn-in iterations in 35515.4 mins"
[1] "time 35524.0 ETC 37068.5 mins"
[1] "time 35535.6 ETC 41002.6 mins"
[1] "time 35542.1 ETC 37412.8 mins"
[1] "time 35567.3 ETC 37439.3 mins"
[1] "time 35569.1 ETC 38802.6 mins"
[1] "time 35596.1 ETC 35895.2 mins"
[1] "time 35610.1 ETC 36523.2 mins"
[1] "time 35680.6 ETC 36595.5 mins"
[1] "time 35690.9 ETC 40027.2 mins"
[1] "time 35696.1 ETC 37248.1 mins"
[1] "100000 burn-in iterations in 35752.8 mins"
[1] "time 35757.0 ETC 36673.8 mins"
[1] "time 35778.9 ETC 36079.6 mins"
[1] "time 35791.4 ETC 42524.5 mins"
[1] "time 35810.9 ETC 37045.8 mins"
[1] "time 35832.5 ETC 37390.4 mins"
[1] "time 35835.2 ETC 40954.5 mins"
[1] "time 35841.3 ETC 38747.4 mins"
[1] "time 35841.3 ETC 37399.6 mins"
[1] "time 35869.5 ETC 35869.5 mins"
compute sample.chain time: 
 user.self 2139829.523
 sys.self 410.484
 elapsed 2152172.378
 user.child 0
 sys.child 0
[1] "time 35881.9 ETC 36490.0 mins"
[1] "time 35958.1 ETC 36567.6 mins"
[1] "time 35966.9 ETC 39963.2 mins"
[1] "time 35969.4 ETC 37209.8 mins"
[1] "time 36034.3 ETC 42813.0 mins"
[1] "time 36037.8 ETC 36648.6 mins"
[1] "time 36049.8 ETC 36049.8 mins"
compute sample.chain time: 
 user.self 2148990.884
 sys.self 348.889
 elapsed 2162990.354
 user.child 0
 sys.child 0
[1] "time 36062.1 ETC 42426.1 mins"
[1] "time 36099.6 ETC 37025.3 mins"
[1] "time 36110.7 ETC 38690.1 mins"
[1] "time 36113.8 ETC 37359.1 mins"
[1] "time 36114.1 ETC 37359.5 mins"
[1] "time 36132.3 ETC 40904.4 mins"
[1] "time 36146.8 ETC 36450.5 mins"
[1] "time 36235.7 ETC 36540.2 mins"
[1] "time 36240.5 ETC 37169.7 mins"
[1] "time 36243.5 ETC 39901.1 mins"
[1] "time 36309.8 ETC 42717.5 mins"
[1] "time 36310.6 ETC 36615.8 mins"
[1] "time 36329.4 ETC 42325.5 mins"
[1] "time 36381.5 ETC 36998.1 mins"
[1] "time 36383.1 ETC 38636.9 mins"
[1] "time 36391.0 ETC 37324.1 mins"
[1] "time 36393.1 ETC 37326.2 mins"
[1] "time 36414.2 ETC 36414.2 mins"
compute sample.chain time: 
 user.self 2171618.794
 sys.self 345.553
 elapsed 2184854.426
 user.child 0
 sys.child 0
[1] "time 36423.6 ETC 40848.9 mins"
[1] "100000 burn-in iterations in 36438.5 mins"
[1] "time 36507.0 ETC 36507.0 mins"
compute sample.chain time: 
 user.self 2176985.165
 sys.self 460.235
 elapsed 2190423.374
 user.child 0
 sys.child 0
[1] "time 36511.9 ETC 39831.2 mins"
[1] "time 36512.0 ETC 37130.8 mins"
[1] "time 36577.6 ETC 36577.6 mins"
compute sample.chain time: 
 user.self 2181399.777
 sys.self 513.471
 elapsed 2194659.122
 user.child 0
 sys.child 0
[1] "time 36584.9 ETC 42623.2 mins"
[1] "time 36597.5 ETC 42227.9 mins"
[1] "time 36654.0 ETC 38583.2 mins"
[1] "time 36662.9 ETC 37284.3 mins"
[1] "time 36663.4 ETC 36971.5 mins"
[1] "time 36664.5 ETC 37285.9 mins"
[1] "time 36714.8 ETC 40794.2 mins"
[1] "time 36715.1 ETC 43621.9 mins"
[1] "time 36773.2 ETC 39754.8 mins"
[1] "time 36777.7 ETC 37086.7 mins"
[1] "time 36858.9 ETC 42529.5 mins"
[1] "time 36867.1 ETC 42133.8 mins"
[1] "time 36923.9 ETC 38529.3 mins"
[1] "time 36932.0 ETC 37242.4 mins"
[1] "time 36935.8 ETC 37246.2 mins"
[1] "time 36936.1 ETC 36936.1 mins"
compute sample.chain time: 
 user.self 2202073.047
 sys.self 378.923
 elapsed 2216168.192
 user.child 0
 sys.child 0
[1] "time 36983.2 ETC 43509.7 mins"
[1] "time 37001.4 ETC 40735.5 mins"
[1] "time 37033.5 ETC 39678.7 mins"
[1] "time 37038.1 ETC 37038.1 mins"
compute sample.chain time: 
 user.self 2209666.689
 sys.self 430.755
 elapsed 2222288.187
 user.child 0
 sys.child 0
[1] "time 37123.4 ETC 42426.8 mins"
[1] "time 37128.5 ETC 42032.2 mins"
[1] "time 37183.7 ETC 38465.9 mins"
[1] "time 37198.5 ETC 37198.5 mins"
compute sample.chain time: 
 user.self 2218711.714
 sys.self 357.653
 elapsed 2231912.905
 user.child 0
 sys.child 0
[1] "time 37201.6 ETC 37201.6 mins"
compute sample.chain time: 
 user.self 2216557.721
 sys.self 340.877
 elapsed 2232099.97
 user.child 0
 sys.child 0
[1] "time 37250.2 ETC 43398.3 mins"
[1] "time 37279.0 ETC 40668.0 mins"
[1] "time 37292.3 ETC 39602.5 mins"
[1] "time 37380.2 ETC 42317.2 mins"
[1] "time 37387.0 ETC 41929.3 mins"
[1] "time 37438.5 ETC 38398.5 mins"
[1] "time 37515.8 ETC 43287.5 mins"
[1] "time 37548.4 ETC 39524.7 mins"
[1] "time 37553.4 ETC 40598.3 mins"
[1] "time 37634.9 ETC 42207.4 mins"
[1] "time 37643.1 ETC 41825.6 mins"
[1] "time 37690.4 ETC 38329.2 mins"
[1] "time 37774.3 ETC 43170.6 mins"
[1] "time 37801.8 ETC 39445.3 mins"
[1] "time 37820.7 ETC 40522.2 mins"
[1] "time 37892.1 ETC 42102.3 mins"
[1] "time 37895.6 ETC 41719.9 mins"
[1] "time 37934.5 ETC 38253.3 mins"
[1] "time 38028.4 ETC 43051.0 mins"
[1] "time 38056.2 ETC 39368.5 mins"
[1] "time 38086.9 ETC 40446.3 mins"
[1] "time 38142.3 ETC 41609.8 mins"
[1] "time 38146.1 ETC 41995.8 mins"
[1] "time 38172.5 ETC 38172.5 mins"
compute sample.chain time: 
 user.self 2276599.858
 sys.self 391.84
 elapsed 2290351.239
 user.child 0
 sys.child 0
[1] "time 38282.8 ETC 42934.0 mins"
[1] "time 38306.4 ETC 39288.6 mins"
[1] "time 38347.9 ETC 40366.2 mins"
[1] "time 38386.5 ETC 41498.9 mins"
[1] "time 38394.4 ETC 41884.8 mins"
[1] "time 38533.0 ETC 42814.5 mins"
[1] "time 38550.9 ETC 39204.3 mins"
[1] "time 38609.4 ETC 40288.1 mins"
[1] "time 38630.7 ETC 41390.1 mins"
[1] "time 38634.5 ETC 41767.0 mins"
[1] "time 38784.1 ETC 42698.1 mins"
[1] "time 38794.0 ETC 39120.0 mins"
[1] "time 38865.7 ETC 40205.9 mins"
[1] "time 38871.7 ETC 41279.7 mins"
[1] "time 38874.5 ETC 41651.3 mins"
[1] "time 39030.4 ETC 42578.6 mins"
[1] "time 39032.1 ETC 39032.1 mins"
compute sample.chain time: 
 user.self 2328184.317
 sys.self 388.368
 elapsed 2341925.67
 user.child 0
 sys.child 0
[1] "time 39110.9 ETC 41533.7 mins"
[1] "time 39115.0 ETC 41173.7 mins"
[1] "time 39117.8 ETC 40120.8 mins"
[1] "time 39272.2 ETC 42456.4 mins"
[1] "time 39346.5 ETC 41417.3 mins"
[1] "time 39352.0 ETC 41063.0 mins"
[1] "time 39367.3 ETC 40034.5 mins"
[1] "time 39510.9 ETC 42333.1 mins"
[1] "time 39580.1 ETC 41301.0 mins"
[1] "time 39595.4 ETC 40960.7 mins"
[1] "time 39618.1 ETC 39951.0 mins"
[1] "time 39749.9 ETC 42212.3 mins"
[1] "time 39812.0 ETC 41184.8 mins"
[1] "time 39842.6 ETC 40864.2 mins"
[1] "time 39870.2 ETC 39870.2 mins"
compute sample.chain time: 
 user.self 2378047.72
 sys.self 385.176
 elapsed 2392214.221
 user.child 0
 sys.child 0
[1] "time 39990.3 ETC 42095.1 mins"
[1] "time 40048.3 ETC 41075.1 mins"
[1] "time 40083.1 ETC 40762.5 mins"
[1] "time 40230.9 ETC 41980.1 mins"
[1] "time 40288.1 ETC 40971.0 mins"
[1] "time 40328.3 ETC 40667.2 mins"
[1] "time 40469.4 ETC 41864.9 mins"
[1] "time 40526.9 ETC 40867.5 mins"
[1] "time 40572.8 ETC 40572.8 mins"
compute sample.chain time: 
 user.self 2420142.892
 sys.self 338.697
 elapsed 2434372.71
 user.child 0
 sys.child 0
[1] "time 40712.4 ETC 41756.3 mins"
[1] "time 40776.4 ETC 40776.4 mins"
compute sample.chain time: 
 user.self 2432602.8
 sys.self 347.65
 elapsed 2446586.887
 user.child 0
 sys.child 0
[1] "time 40952.4 ETC 41646.6 mins"
[1] "time 41184.1 ETC 41530.1 mins"
[1] "time 41412.7 ETC 41412.7 mins"
compute sample.chain time: 
 user.self 2471420.52
 sys.self 323.26
 elapsed 2484764.082
 user.child 0
 sys.child 0
Reading input catalog file ./SBS/input/Realistic/ground.truth.syn.catalog.csv
calling hdp_extract_components 2022-08-15 06:18:23
hdp_extract_components time: 
 user.self 212753.62
 sys.self 6301.76
 elapsed 219899.416
 user.child 0
 sys.child 0
calling hdpx::comp_categ_distn 2022-08-17 19:23:23
Calling hdpx::comp_dp_distn 2022-08-17 19:23:23
Using existing out.dir SBS/raw_results/NR_hdp_gb_1.results/Realistic/seed.145879
Writing HDP diagnostics
Writing signatures
Writing exposures
Warning messages:
1: In plot.new() :
  Cannot open temporary file '/tmp/RtmpfhPDQz/pdf6c9bf14a1fe06' for compression (reason: No such file or directory); compression has been turned off for this device
2: In plot.new() :
  Cannot open temporary file '/tmp/RtmpfhPDQz/pdf6c9bf4afb0959' for compression (reason: No such file or directory); compression has been turned off for this device
3: In plot.new() :
  Cannot open temporary file '/tmp/RtmpfhPDQz/pdf6c9bf1ee6a419' for compression (reason: No such file or directory); compression has been turned off for this device
4: In plot.new() :
  Cannot open temporary file '/tmp/RtmpfhPDQz/pdf6c9bf7367bf46' for compression (reason: No such file or directory); compression has been turned off for this device
5: In plot.new() :
  Cannot open temporary file '/tmp/RtmpfhPDQz/pdf6c9bf68f2b10d' for compression (reason: No such file or directory); compression has been turned off for this device
6: In plot.new() :
  Cannot open temporary file '/tmp/RtmpfhPDQz/pdf6c9bf76886593' for compression (reason: No such file or directory); compression has been turned off for this device
7: In plot.new() :
  Cannot open temporary file '/tmp/RtmpfhPDQz/pdf6c9bf5c5f8668' for compression (reason: No such file or directory); compression has been turned off for this device
8: In plot.new() :
  Cannot open temporary file '/tmp/RtmpfhPDQz/pdf6c9bf2f7146e7' for compression (reason: No such file or directory); compression has been turned off for this device
