nohup: ignoring input
2022-07-20 07:10:07 running /home/e0240162/opt/anaconda3/envs/R-4.2-hdp-NR/lib/R/bin/exec/R --no-echo --no-restore --file=SBS/code/4f_SBS_NR_hdp_gamma_beta_1.R --args SBS/raw_results/NR_hdp_gb_1.results 1076753
2022-07-20 07:10:07 running on seed 1076753
hdpx version 0.1.5.99
mSigHdp version 0.0.0.9019
Loading required package: ICAMS
Loading required package: hdpx
This is /home/e0240162/opt/anaconda3/envs/R-4.2-hdp-NR/lib/R/library and hdpx v0.1.5.0099
Loading required package: mSigHdp
2022-07-20 07:10:15 starting analyses; output in subdir of SBS/raw_results/NR_hdp_gb_1.results
2022-07-20 07:10:15SBS/raw_results/NR_hdp_gb_1.results already exists
2022-07-20 07:10:15 putting results in SBS/raw_results/NR_hdp_gb_1.results/Realistic/seed.1076753
2022-07-20 07:10:15 seed_in_use=1076753


===========================================


Begin running mSigHdp on data set Realistic using seed 1076753...



===========================================


Runing run.setup.and.posterior on 2076753
Reading input catalog file ./SBS/input/Realistic/ground.truth.syn.catalog.csv
Runing run.setup.and.posterior on 3076753
Reading input catalog file ./SBS/input/Realistic/ground.truth.syn.catalog.csv
Runing run.setup.and.posterior on 4076753
Reading input catalog file ./SBS/input/Realistic/ground.truth.syn.catalog.csv
Runing run.setup.and.posterior on 5076753
Reading input catalog file ./SBS/input/Realistic/ground.truth.syn.catalog.csv
Guessed number of signatures (= Dirichlet process data clusters) = 46
Runing run.setup.and.posterior on 6076753
0 1 1 1 1 1 1 1 1 1 2 2 2 2 2 2 2 2 2 2 2 2 2 2 2 2 2 2 2 2 2 2 2 2 2 2 2 2 2 2 2 2 2 2 2 2 2 2 2 2 2 2 2 2 2 2 2 2 2 2 2 2 2 2 2 2 2 2 2 2 3 3 3 3 3 3 3 3 3 3 3 3 3 3 3 3 3 3 3 3 3 3 3 3 3 3 3 3 3 3 3 3 3 3 3 3 3 3 3 3 3 3 3 3 3 3 3 3 3 3 3 3 3 3 3 3 3 3 3 3 4 4 4 4 4 4 4 4 4 4 4 4 4 4 4 4 4 4 4 4 4 4 4 4 4 4 4 4 4 4 4 4 4 4 4 4 4 4 4 4 4 4 4 4 4 4 4 4 4 4 4 4 4 4 4 4 4 4 4 4 5 5 5 5 5 5 5 5 5 5 5 5 5 5 5 5 5 5 5 5 5 5 5 5 5 5 5 5 5 5 5 5 5 5 5 5 5 5 5 5 5 5 5 5 5 5 5 5 5 5 5 5 5 5 5 5 5 5 5 5 6 6 6 6 6 6 6 6 6 6 6 6 6 6 6 6 6 6 6 6 6 6 6 6 6 6 6 6 6 6 6 6 6 6 6 6 6 6 6 6 6 6 6 6 6 6 6 6 6 6 6 6 6 6 6 6 6 6 6 6 7 7 7 7 7 7 7 7 7 7 7 7 7 7 7 7 7 7 7 7 7 7 7 7 7 7 7 7 7 7 7 Reading input catalog file ./SBS/input/Realistic/ground.truth.syn.catalog.csv
7 7 7 7 7 7 7 7 7 7 7 7 7 7 7 7 7 7 7 7 7 7 7 7 7 7 7 7 7 8 8 8 8 8 8 8 8 8 8 8 8 8 8 8 8 8 8 8 8 8 8 8 8 8 8 8 8 8 8 8 8 8 8 8 8 8 8 8 8 8 8 8 8 8 8 8 8 8 8 8 8 8 8 8 8 8 8 8 8 9 9 9 9 9 9 9 9 9 9 9 9 9 9 9 9 9 9 9 9 9 9 9 9 9 9 9 9 9 9 9 9 9 9 9 9 9 9 9 9 9 9 9 9 9 9 9 9 9 9 9 9 9 9 9 9 9 9 9 9 10 10 10 10 10 10 10 10 10 10 10 10 10 10 10 10 10 10 10 10 10 10 10 10 10 10 10 10 10 10 10 10 10 10 10 10 10 10 10 10 10 10 10 10 10 10 10 10 10 10 10 10 10 10 10 10 10 10 10 10 
calling hdp_init 2022-07-20 07:10:15
Guessed number of signatures (= Dirichlet process data clusters) = 46
0 1 1 1 1 1 1 1 1 1 2 2 2 2 2 2 2 2 2 2 2 2 2 2 2 2 2 2 2 2 2 2 2 2 2 2 2 2 2 2 2 2 2 2 2 2 2 2 2 2 2 2 2 2 2 2 2 2 2 2 2 2 2 2 2 2 2 2 2 2 3 3 3 3 3 3 3 3 3 3 3 3 3 3 3 3 3 3 3 3 3 3 3 3 3 3 3 3 3 3 3 3 3 3 3 3 3 3 3 3 3 3 3 3 3 3 3 3 3 3 3 3 3 3 3 3 3 3 3 3 4 4 4 4 4 4 4 4 4 4 4 4 4 4 4 4 4 4 4 4 4 4 4 4 4 4 4 4 4 4 4 4 4 4 4 4 4 4 4 4 4 4 4 4 4 4 4 4 4 4 4 4 4 4 4 4 4 4 4 4 5 5 5 5 5 5 5 5 5 5 5 5 5 5 5 5 5 5 5 5 5 5 5 5 5 5 5 5 5 5 5 5 5 5 5 5 5 5 5 5 5 5 5 5 5 5 5 5 5 5 5 5 5 5 5 5 5 5 5 5 6 6 6 6 6 6 6 6 6 6 6 6 6 6 6 6 6 6 6 6 6 6 6 6 6 6 6 6 6 6 6 6 6 6 6 6 6 6 6 6 6 6 6 6 6 6 6 6 6 6 6 6 6 6 6 6 6 6 6 6 7 7 7 7 7 7 7 7 7 7 7 7 7 7 7 7 7 7 7 7 7 7 7 7 7 7 7 7 7 7 7 7 7 7 7 7 7 7 7 7 7 7 7 7 7 7 7 7 7 7 7 7 7 7 7 7 7 7 7 7 8 8 8 8 8 8 8 8 8 8 8 8 8 8 8 8 8 8 8 8 Runing run.setup.and.posterior on 7076753
8 8 8 8 8 8 8 8 8 8 8 8 8 8 8 8 8 8 8 8 8 8 8 8 8 8 8 8 8 8 8 8 8 8 8 8 8 8 8 8 9 9 9 9 9 9 9 9 9 9 9 9 9 9 9 9 9 9 9 9 9 9 9 9 9 9 9 9 9 9 9 9 9 9 9 9 9 9 9 9 9 9 9 9 9 9 9 9 9 9 9 9 9 9 9 9 9 9 9 9 10 10 10 10 10 10 10 10 10 10 10 10 10 10 10 10 10 10 10 10 10 10 10 10 10 10 10 10 10 10 10 10 10 10 10 10 10 10 10 10 10 10 10 10 10 10 10 10 10 10 10 10 10 10 10 10 10 10 10 10 
calling hdp_init 2022-07-20 07:10:15
Reading input catalog file ./SBS/input/Realistic/ground.truth.syn.catalog.csv
Guessed number of signatures (= Dirichlet process data clusters) = 46
0 1 1 1 1 1 1 1 1 1 2 2 2 2 2 2 2 2 2 2 2 2 2 2 2 2 2 2 2 2 2 2 2 2 2 2 2 2 2 2 2 2 2 2 2 2 2 2 2 2 2 2 2 2 2 2 2 2 2 2 2 2 2 2 2 2 2 2 2 2 3 3 3 3 3 3 3 3 3 3 3 3 3 3 3 3 3 3 3 3 3 3 3 3 3 3 3 3 3 3 3 3 3 3 3 3 3 3 3 3 3 3 3 3 3 3 3 3 3 3 3 3 3 3 3 3 3 3 3 3 4 4 4 4 4 4 4 4 4 4 4 4 4 4 4 4 4 4 4 4 4 4 4 4 4 4 4 4 4 4 4 4 4 4 4 4 4 4 4 4 4 4 4 4 4 4 4 4 4 4 4 4 4 4 4 4 4 4 4 4 5 5 5 5 5 5 5 5 5 5 5 5 5 5 5 5 5 5 5 5 5 5 5 5 5 5 5 5 5 5 5 5 5 5 5 5 5 5 5 5 5 5 5 5 5 5 5 5 5 5 5 5 5 5 5 5 5 5 5 5 6 6 6 6 6 6 6 6 6 6 6 6 6 6 6 6 6 6 6 6 6 6 6 6 6 6 6 6 6 6 6 6 6 6 6 6 6 6 6 6 6 6 6 6 6 6 6 6 6 6 6 6 6 6 6 6 6 6 6 6 7 7 7 7 7 7 7 7 7 7 7 7 7 7 7 7 7 7 7 7 7 7 7 7 7 7 7 7 7 7 7 7 7 7 7 7 7 7 7 7 7 7 7 7 7 Runing run.setup.and.posterior on 8076753
7 7 7 7 7 7 7 7 7 7 7 7 7 7 7 8 8 8 8 8 8 8 8 8 8 8 8 8 8 8 8 8 8 8 8 8 8 8 8 8 8 8 8 8 8 8 8 8 8 8 8 8 8 8 8 8 8 8 8 8 8 8 8 8 8 8 8 8 8 8 8 8 8 8 8 9 9 9 9 9 9 9 9 9 9 9 9 9 9 9 9 9 9 9 9 9 9 9 9 9 9 9 9 9 9 9 9 9 9 9 9 9 9 9 9 9 9 9 9 9 9 9 9 9 9 9 9 9 9 9 9 9 9 9 9 10 10 10 10 10 10 10 10 10 10 10 10 10 10 10 10 10 10 10 10 10 10 10 10 10 10 10 10 10 10 10 10 10 10 10 10 10 10 10 10 10 10 10 10 10 10 10 10 10 10 10 10 10 10 10 10 10 10 10 10 
calling hdp_init 2022-07-20 07:10:15
Reading input catalog file ./SBS/input/Realistic/ground.truth.syn.catalog.csv
Guessed number of signatures (= Dirichlet process data clusters) = 46
0 1 1 1 1 1 1 1 1 1 2 2 2 2 2 2 2 2 2 2 2 2 2 2 2 2 2 2 2 2 2 2 2 2 2 2 2 2 2 2 2 2 2 2 2 2 2 2 2 2 2 2 2 2 2 2 2 2 2 2 2 2 2 2 2 2 2 2 2 2 3 3 3 3 3 3 3 3 3 3 3 3 3 3 3 3 3 3 3 3 3 3 3 3 3 3 3 3 3 3 3 3 3 3 3 3 3 3 3 3 3 3 3 3 3 3 3 3 3 3 3 3 3 3 3 3 3 3 3 3 4 4 4 4 4 4 4 4 4 4 4 4 4 4 4 4 4 4 4 4 4 4 4 4 4 4 4 4 4 4 4 4 4 4 4 4 4 4 4 4 4 4 4 4 4 4 4 4 4 4 4 4 4 4 4 4 4 4 4 4 5 5 5 5 5 5 5 5 5 5 5 5 5 5 5 5 5 5 5 5 5 5 5 5 5 5 5 5 5 5 5 5 5 5 5 5 5 5 5 5 5 5 5 5 5 5 5 5 5 5 5 5 5 5 5 5 5 5 5 5 6 6 6 6 6 6 6 6 6 6 6 6 6 6 6 6 6 6 6 6 6 6 6 6 6 6 6 6 6 6 6 6 6 6 6 6 6 6 6 6 6 6 6 6 6 6 6 6 6 6 6 6 6 6 6 6 6 6 6 6 7 7 7 7 7 7 7 7 7 7 7 7 7 7 7 7 7 7 7 7 7 7 7 7 7 7 7 7 7 7 7 7 7 7 7 7 7 7 7 7 7 7 7 7 7 7 7 7 7 7 7 7 7 7 7 7 7 7 7 7 8 8 8 8 8 8 8 8 8 8 8 8 8 8 8 8 8 8 8 8 8 8 8 8 8 8 8 8 8 8 8 8 8 8 8 8 8 8 8 8 8 8 8 8 8 8 8 8 8 8 8 8 8 8 8 8 8 8 8 8 9 9 9 9 9 9 9 9 9 9 9 9 9 9 9 9 9 9 9 9 9 9 9 9 9 9 9 9 9 9 9 9 9 9 9 9 9 9 9 9 9 9 9 9 9 9 9 9 9 9 9 9 9 9 9 9 9 9 9 9 10 10 10 10 10 10 10 10 10 10 10 10 10 10 10 10 10 10 10 10 10 10 10 10 10 10 10 10 10 10 10 10 10 10 10 10 10 10 10 10 10 10 10 10 10 10 10 10 10 10 10 10 10 10 10 10 10 10 10 10 
Runing run.setup.and.posterior on 9076753
calling hdp_init 2022-07-20 07:10:15
Reading input catalog file ./SBS/input/Realistic/ground.truth.syn.catalog.csv
Guessed number of signatures (= Dirichlet process data clusters) = 46
0 1 1 1 1 1 1 1 1 1 2 2 2 2 2 2 2 2 2 2 2 2 2 2 2 2 2 2 2 2 2 2 2 2 2 2 2 2 2 2 2 2 2 2 2 2 2 2 2 2 2 2 2 2 2 2 2 2 2 2 2 2 2 2 2 2 2 2 2 2 3 3 3 3 3 3 3 3 3 3 3 3 3 3 3 3 3 3 3 3 3 3 3 3 3 3 3 3 3 3 3 3 3 3 3 3 3 3 3 3 3 3 3 3 3 3 3 3 3 3 3 3 3 3 3 3 3 3 3 3 4 4 4 4 4 4 4 4 4 4 4 4 4 4 4 4 4 4 4 4 4 4 4 4 4 4 4 4 4 4 4 4 4 4 4 4 4 4 4 4 4 4 4 4 4 4 4 4 4 4 4 4 4 4 4 4 4 4 4 4 5 5 5 5 5 5 5 5 5 5 5 5 5 5 5 5 5 5 5 5 5 5 5 5 5 5 5 5 5 5 5 5 5 5 5 5 5 5 5 5 5 5 5 5 5 5 5 5 5 5 5 5 5 5 5 5 5 5 5 5 6 6 6 6 6 6 6 6 6 6 6 6 6 6 6 6 6 6 6 6 6 6 6 6 6 6 6 6 6 6 6 6 6 6 6 6 6 6 6 6 6 6 6 6 6 6 6 6 6 6 6 6 6 6 6 6 6 6 6 6 7 7 7 7 7 7 7 7 7 7 7 7 7 7 7 7 7 7 7 7 7 7 7 7 7 7 7 7 7 7 7 7 7 7 7 7 7 7 7 7 7 7 7 7 7 7 7 7 7 7 7 7 7 7 7 7 7 7 7 7 8 8 8 8 8 8 8 8 8 8 8 8 8 8 8 8 8 8 8 8 8 8 8 8 8 8 8 8 8 8 8 8 8 8 8 8 8 8 8 8 8 8 8 8 8 8 8 8 8 8 8 8 8 8 8 8 8 8 8 8 9 9 9 9 9 9 9 9 9 9 9 9 9 9 9 9 9 9 9 9 9 9 9 9 9 9 9 9 9 9 9 9 9 9 9 9 9 9 9 9 9 9 9 9 9 9 9 9 9 9 9 9 9 9 9 9 9 9 9 9 10 10 10 10 10 10 10 10 10 10 10 10 10 10 10 10 10 10 10 10 10 10 10 10 10 10 10 10 10 10 10 10 10 10 10 10 10 10 10 10 10 10 10 10 10 10 10 10 10 10 10 10 10 10 10 10 10 10 10 10 
calling hdp_init 2022-07-20 07:10:15
Runing run.setup.and.posterior on 10076753
Reading input catalog file ./SBS/input/Realistic/ground.truth.syn.catalog.csv
Guessed number of signatures (= Dirichlet process data clusters) = 46
0 1 1 1 1 1 1 1 1 1 2 2 2 2 2 2 2 2 2 2 2 2 2 2 2 2 2 2 2 2 2 2 2 2 2 2 2 2 2 2 2 2 2 2 2 2 2 2 2 2 2 2 2 2 2 2 2 2 2 2 2 2 2 2 2 2 2 2 2 2 3 3 3 3 3 3 3 3 3 3 3 3 3 3 3 3 3 3 3 3 3 3 3 3 3 3 3 3 3 3 3 3 3 3 3 3 3 3 3 3 3 3 3 3 3 3 3 3 3 3 3 3 3 3 3 3 3 3 3 3 4 4 4 4 4 4 4 4 4 4 4 4 4 4 4 4 4 4 4 4 4 4 4 4 4 4 4 4 4 4 4 4 4 4 4 4 4 4 4 4 4 4 4 4 4 4 4 4 4 4 4 4 4 4 4 4 4 4 4 4 5 5 5 5 5 5 5 5 5 5 5 5 5 5 5 5 5 5 5 5 5 5 5 5 5 5 5 5 5 5 5 5 5 5 5 5 5 5 5 5 5 5 5 5 5 5 5 5 5 5 5 5 5 5 5 5 5 5 5 5 6 6 6 6 6 6 6 6 6 6 6 6 6 6 6 6 6 6 6 6 6 6 6 6 6 6 6 6 6 6 6 6 6 6 6 6 6 6 6 6 6 6 6 6 6 6 6 6 6 6 6 6 6 6 6 6 6 6 6 6 7 7 7 7 7 7 7 7 7 7 7 7 7 7 7 7 7 7 7 7 7 7 7 7 7 7 7 7 7 7 7 7 7 7 7 7 7 7 7 7 7 7 7 7 7 7 7 7 7 7 7 7 7 7 7 7 7 7 7 7 8 8 8 8 8 8 8 8 8 8 8 8 8 8 8 8 8 8 8 8 8 8 8 8 8 8 8 8 8 8 8 8 8 8 8 8 8 8 8 8 8 8 8 8 8 8 8 8 8 8 8 8 8 8 8 8 8 8 8 8 9 9 9 9 9 9 9 9 9 9 9 9 9 9 9 9 9 9 9 9 9 9 9 9 9 9 9 9 9 9 9 9 9 9 9 9 9 9 9 9 9 9 9 9 9 9 9 9 9 9 9 9 9 9 9 9 9 9 9 9 10 10 10 10 10 10 10 10 10 10 10 10 10 10 10 10 10 10 10 10 10 10 10 10 10 10 10 10 10 10 10 10 10 10 10 10 10 10 10 10 10 10 10 10 10 10 10 10 10 10 10 10 10 10 10 10 10 10 10 10 
calling hdp_init 2022-07-20 07:10:15
Runing run.setup.and.posterior on 11076753
Reading input catalog file ./SBS/input/Realistic/ground.truth.syn.catalog.csv
Guessed number of signatures (= Dirichlet process data clusters) = 46
0 1 1 1 1 1 1 1 1 1 2 2 2 2 2 2 2 2 2 2 2 2 2 2 2 2 2 2 2 2 2 2 2 2 2 2 2 2 2 2 2 2 2 2 2 2 2 2 2 2 2 2 2 2 2 2 2 2 2 2 2 2 2 2 2 2 2 2 2 2 3 3 3 3 3 3 3 3 3 3 3 3 3 3 3 3 3 3 3 3 3 3 3 3 3 3 3 3 3 3 3 3 3 3 3 3 3 3 3 3 3 3 3 3 3 3 3 3 3 3 3 3 3 3 3 3 3 3 3 3 4 4 4 4 4 4 4 4 4 4 4 4 4 4 4 4 4 4 4 4 4 4 4 4 4 4 4 4 4 4 4 4 4 4 4 4 4 4 4 4 4 4 4 4 4 4 4 4 4 4 4 4 4 4 4 4 4 4 4 4 5 5 5 5 5 5 5 5 5 5 5 5 5 5 5 5 5 5 5 5 5 5 5 5 5 5 5 5 5 5 5 5 5 5 5 5 5 5 5 5 5 5 5 5 5 5 5 5 5 5 5 5 5 5 5 5 5 5 5 5 6 6 6 6 6 6 6 6 6 6 6 6 6 6 6 6 6 6 6 6 6 6 6 6 6 6 6 6 6 6 6 6 6 6 6 6 6 6 6 6 6 6 6 6 6 6 6 6 6 6 6 6 6 6 6 6 6 6 6 6 7 7 7 7 7 7 7 7 7 7 7 7 7 7 7 7 7 7 7 7 7 7 7 7 7 7 7 7 7 7 7 7 7 7 7 7 7 7 7 7 7 7 7 7 7 7 7 7 7 7 7 7 7 7 7 7 7 7 7 7 8 8 8 8 8 8 8 8 8 8 8 8 8 8 8 8 8 8 8 8 8 8 8 8 8 8 8 8 8 8 8 8 8 8 8 8 8 8 8 8 8 8 8 8 8 8 8 8 8 8 8 8 8 8 8 8 8 8 8 8 9 9 9 9 9 9 9 9 9 9 9 9 9 9 9 9 9 9 9 9 9 9 9 9 9 9 9 9 9 9 9 9 9 9 9 9 9 9 9 9 9 9 9 9 9 9 9 9 9 9 9 9 9 9 9 9 9 9 9 9 10 10 10 10 10 10 10 10 10 10 10 10 10 10 10 10 10 10 10 10 10 10 10 10 10 10 10 10 10 10 10 10 10 10 10 10 10 10 10 10 10 10 10 10 10 10 10 10 10 10 10 10 10 10 10 10 10 10 10 10 
calling hdp_init 2022-07-20 07:10:15
Runing run.setup.and.posterior on 12076753
Reading input catalog file ./SBS/input/Realistic/ground.truth.syn.catalog.csv
Guessed number of signatures (= Dirichlet process data clusters) = 46
0 1 1 1 1 1 1 1 1 1 2 2 2 2 2 2 2 2 2 2 2 2 2 2 2 2 2 2 2 2 2 2 2 2 2 2 2 2 2 2 2 2 2 2 2 2 2 2 2 2 2 2 2 2 2 2 2 2 2 2 2 2 2 2 2 2 2 2 2 2 3 3 3 3 3 3 3 3 3 3 3 3 3 3 3 3 3 3 3 3 3 3 3 3 3 3 3 3 3 3 3 3 3 3 3 3 3 3 3 3 3 3 3 3 3 3 3 3 3 3 3 3 3 3 3 3 3 3 3 3 4 4 4 4 4 4 4 4 4 4 4 4 4 4 4 4 4 4 4 4 4 4 4 4 4 4 4 4 4 4 4 4 4 4 4 4 4 4 4 4 4 4 4 4 4 4 4 4 4 4 4 4 4 4 4 4 4 4 4 4 5 5 5 5 5 5 5 5 5 5 5 5 5 5 5 5 5 5 5 5 5 5 5 5 5 5 5 5 5 5 5 5 5 5 5 5 5 5 5 5 5 5 5 5 5 5 5 5 5 5 5 5 5 5 5 5 5 5 5 5 6 6 6 6 6 6 6 6 6 6 6 6 6 6 6 6 6 6 6 6 6 6 6 6 6 6 6 6 6 6 6 6 6 6 6 6 6 6 6 6 6 6 6 6 6 6 6 6 6 6 6 6 6 6 6 6 6 6 6 6 7 7 7 7 7 7 7 7 7 7 7 7 7 7 7 7 7 7 7 7 7 7 7 7 7 7 7 7 7 7 7 7 7 7 7 7 7 7 7 7 7 7 7 7 7 7 7 7 7 7 7 7 7 7 7 7 7 7 7 7 8 8 8 8 8 8 8 8 8 8 8 8 8 8 8 8 8 8 8 8 8 8 8 8 8 8 8 8 8 8 8 8 8 8 8 8 8 8 8 8 8 8 8 8 8 8 8 8 8 8 8 8 8 8 8 8 8 8 8 8 9 9 9 9 9 9 9 9 9 9 9 9 9 9 9 9 9 9 9 9 9 9 9 9 9 9 9 9 9 9 9 9 9 9 9 9 9 9 9 9 9 9 9 9 9 9 9 9 9 9 9 9 9 9 9 9 9 9 9 9 10 10 10 10 10 10 10 10 10 10 10 10 10 10 10 10 10 10 10 10 10 10 10 10 10 10 10 10 10 10 10 10 10 10 10 10 10 10 10 10 10 10 10 10 10 10 10 10 10 10 10 10 10 10 10 10 10 10 10 10 
calling hdp_init 2022-07-20 07:10:15
Runing run.setup.and.posterior on 13076753
Reading input catalog file ./SBS/input/Realistic/ground.truth.syn.catalog.csv
Guessed number of signatures (= Dirichlet process data clusters) = 46
0 1 1 1 1 1 1 1 1 1 2 2 2 2 2 2 2 2 2 2 2 2 2 2 2 2 2 2 2 2 2 2 2 2 2 2 2 2 2 2 2 2 2 2 2 2 2 2 2 2 2 2 2 2 2 2 2 2 2 2 2 2 2 2 2 2 2 2 2 2 3 3 3 3 3 3 3 3 3 3 3 3 3 3 3 3 3 3 3 3 3 3 3 3 3 3 3 3 3 3 3 3 3 3 3 3 3 3 3 3 3 3 3 3 3 3 3 3 3 3 3 3 3 3 3 3 3 3 3 3 4 4 4 4 4 4 4 4 4 4 4 4 4 4 4 4 4 4 4 4 4 4 4 4 4 4 4 4 4 4 4 4 4 4 4 4 4 4 4 4 4 4 4 4 4 4 4 4 4 4 4 4 4 4 4 4 4 4 4 4 5 5 5 5 5 5 5 5 5 5 5 5 5 5 5 5 5 5 5 5 5 5 5 5 5 5 5 5 5 5 5 5 5 5 5 5 5 5 5 5 5 5 5 5 5 5 5 5 5 5 5 5 5 5 5 5 5 5 5 5 6 6 6 6 6 6 6 6 6 6 6 6 6 6 6 6 6 6 6 6 6 6 6 6 6 6 6 6 6 6 6 6 6 6 6 6 6 6 6 6 6 6 6 6 6 6 6 6 6 6 6 6 6 6 6 6 6 6 6 6 7 7 7 7 7 7 7 7 7 7 7 7 7 7 7 7 7 7 7 7 7 7 7 7 7 7 7 7 7 7 7 7 7 7 7 7 7 7 7 7 7 7 7 7 7 7 7 7 7 7 7 7 7 7 7 7 7 7 7 7 8 8 8 8 8 8 8 8 8 8 8 8 8 8 8 8 8 8 8 8 8 8 8 8 8 8 8 8 8 8 8 8 8 8 8 8 8 8 8 8 8 8 8 8 8 8 8 8 8 8 8 8 8 8 8 8 8 8 8 8 9 9 9 9 9 9 9 9 9 9 9 9 9 9 9 9 9 9 9 9 9 9 9 9 9 9 9 9 9 9 9 9 9 9 9 9 9 9 9 9 9 9 9 9 9 9 9 9 9 9 9 9 9 9 9 9 9 9 9 9 10 10 10 10 10 10 10 10 10 10 10 10 10 10 10 10 10 10 10 10 10 10 10 10 10 10 10 10 10 10 10 10 10 10 10 10 10 10 10 10 10 10 10 10 10 10 10 10 10 10 10 10 10 10 10 10 10 10 10 10 
calling hdp_init 2022-07-20 07:10:15
Runing run.setup.and.posterior on 14076753
Reading input catalog file ./SBS/input/Realistic/ground.truth.syn.catalog.csv
Guessed number of signatures (= Dirichlet process data clusters) = 46
0 1 1 1 1 1 1 1 1 1 2 2 2 2 2 2 2 2 2 2 2 2 2 2 2 2 2 2 2 2 2 2 2 2 2 2 2 2 2 2 2 2 2 2 2 2 2 2 2 2 2 2 2 2 2 2 2 2 2 2 2 2 2 2 2 2 2 2 2 2 3 3 3 3 3 3 3 3 3 3 3 3 3 3 3 3 3 3 3 3 3 3 3 3 3 3 3 3 3 3 3 3 3 3 3 3 3 3 3 3 3 3 3 3 3 3 3 3 3 3 3 3 3 3 3 3 3 3 3 3 4 4 4 4 4 4 4 4 4 4 4 4 4 4 4 4 4 4 4 4 4 4 4 4 4 4 4 4 4 4 4 4 4 4 4 4 4 4 4 4 4 4 4 4 4 4 4 4 4 4 4 4 4 4 4 4 4 4 4 4 5 5 5 5 5 5 5 5 5 5 5 5 5 5 5 5 5 5 5 5 5 5 5 5 5 5 5 5 5 5 5 5 5 5 5 5 5 5 5 5 5 5 5 5 5 5 5 5 5 5 5 5 5 5 5 5 5 5 5 5 6 6 6 6 6 6 6 6 6 6 6 6 6 6 6 6 6 6 6 6 6 6 6 6 6 6 6 6 6 6 6 6 6 6 6 6 6 6 6 6 6 6 6 6 6 6 6 6 6 6 6 6 6 6 6 6 6 6 6 6 7 7 7 7 7 7 7 7 7 7 7 7 7 7 7 7 7 7 7 7 7 7 7 7 7 7 7 7 7 7 7 7 7 7 7 7 7 7 7 7 7 7 7 7 7 7 7 7 7 7 7 7 7 7 7 7 7 7 7 7 8 8 8 8 8 8 8 8 8 8 8 8 8 8 8 8 8 8 8 8 8 8 8 8 8 8 8 8 8 8 8 8 8 8 8 8 8 8 8 8 8 8 8 8 8 8 8 8 8 8 8 8 8 8 8 8 8 8 8 8 9 9 9 9 9 9 9 9 9 9 9 9 9 9 9 9 9 9 9 9 9 9 9 9 9 9 9 9 9 9 9 9 9 9 9 9 9 9 9 9 9 9 9 9 9 9 9 9 9 9 9 9 9 9 9 9 9 9 9 9 10 10 10 10 10 10 10 10 10 10 10 10 10 10 10 10 10 10 10 10 10 10 10 10 10 10 10 10 10 10 10 10 10 10 10 10 10 10 10 10 10 10 10 10 10 10 10 10 10 10 10 10 10 10 10 10 10 10 10 10 
calling hdp_init 2022-07-20 07:10:15
Runing run.setup.and.posterior on 15076753
Reading input catalog file ./SBS/input/Realistic/ground.truth.syn.catalog.csv
Guessed number of signatures (= Dirichlet process data clusters) = 46
0 1 1 1 1 1 1 1 1 1 2 2 2 2 2 2 2 2 2 2 2 2 2 2 2 2 2 2 2 2 2 2 2 2 2 2 2 2 2 2 2 2 2 2 2 2 2 2 2 2 2 2 2 2 2 2 2 2 2 2 2 2 2 2 2 2 2 2 2 2 3 3 3 3 3 3 3 3 3 3 3 3 3 3 3 3 3 3 3 3 3 3 3 3 3 3 3 3 3 3 3 3 3 3 3 3 3 3 3 3 3 3 3 3 3 3 3 3 3 3 3 3 3 3 3 3 3 3 3 3 4 4 4 4 4 4 4 4 4 4 4 4 4 4 4 4 4 4 4 4 4 4 4 4 4 4 4 4 4 4 4 4 4 4 4 4 4 4 4 4 4 4 4 4 4 4 4 4 4 4 4 4 4 4 4 4 4 4 4 4 5 5 5 5 5 5 5 5 5 5 5 5 5 5 5 5 5 5 5 5 5 5 5 5 5 5 5 5 5 5 5 5 5 5 5 5 5 5 5 5 5 5 5 5 5 5 5 5 5 5 5 5 5 5 5 5 5 5 5 5 6 6 6 6 6 6 6 6 6 6 6 6 6 6 6 6 6 6 6 6 6 6 6 6 6 6 6 6 6 6 6 6 6 6 6 6 6 6 6 6 6 6 6 6 6 6 6 6 6 6 6 6 6 6 6 6 6 6 6 6 7 7 7 7 7 7 7 7 7 7 7 7 7 7 7 7 7 7 7 7 7 7 7 7 7 7 7 7 7 7 7 7 7 7 7 7 7 7 7 7 7 7 7 7 7 7 7 7 7 7 7 7 7 7 7 7 7 7 7 7 8 8 8 8 8 8 8 8 8 8 8 8 8 8 8 8 8 8 8 8 8 8 8 8 8 8 8 8 8 8 8 8 8 8 8 8 8 8 8 8 8 8 8 8 8 8 8 8 8 8 8 8 8 8 8 8 8 8 8 8 9 9 9 9 9 9 9 9 9 9 9 9 9 9 9 9 9 9 9 9 9 9 9 9 9 9 9 9 9 9 9 9 9 9 9 9 9 9 9 9 9 9 9 9 9 9 9 9 9 9 9 9 9 9 9 9 9 9 9 9 10 10 10 10 10 10 10 10 10 10 10 10 10 10 10 10 10 10 10 10 10 10 10 10 10 10 10 10 10 10 10 10 10 10 10 10 10 10 10 10 10 10 10 10 10 10 10 10 10 10 10 10 10 10 10 10 10 10 10 10 
calling hdp_init 2022-07-20 07:10:15
Runing run.setup.and.posterior on 16076753
Guessed number of signatures (= Dirichlet process data clusters) = 46
Reading input catalog file ./SBS/input/Realistic/ground.truth.syn.catalog.csv
0 1 1 1 1 1 1 1 1 1 2 2 2 2 2 2 2 2 2 2 2 2 2 2 2 2 2 2 2 2 2 2 2 2 2 2 2 2 2 2 2 2 2 2 2 2 2 2 2 2 2 2 2 2 2 2 2 2 2 2 2 2 2 2 2 2 2 2 2 2 3 3 3 3 3 3 3 3 3 3 3 3 3 3 3 3 3 3 3 3 3 3 3 3 3 3 3 3 3 3 3 3 3 3 3 3 3 3 3 3 3 3 3 3 3 3 3 3 3 3 3 3 3 3 3 3 3 3 3 3 4 4 4 4 4 4 4 4 4 4 4 4 4 4 4 4 4 4 4 4 4 4 4 4 4 4 4 4 4 4 4 4 4 4 4 4 4 4 4 4 4 4 4 4 4 4 4 4 4 4 4 4 4 4 4 4 4 4 4 4 5 5 5 5 5 5 5 5 5 5 5 5 5 5 5 5 5 5 5 5 5 5 5 5 5 5 5 5 5 5 5 5 5 5 5 5 5 5 5 5 5 5 5 5 5 5 5 5 5 5 5 5 5 5 5 5 5 5 5 5 6 6 6 6 6 6 6 6 6 6 6 6 6 6 6 6 6 6 6 6 6 6 6 6 6 6 6 6 6 6 6 6 6 6 6 6 6 6 6 6 6 6 6 6 6 6 6 6 6 6 6 6 6 6 6 6 6 6 6 6 7 7 7 7 7 7 7 7 7 7 7 7 7 7 7 7 7 7 7 7 7 7 7 7 7 7 7 7 7 7 7 7 7 7 7 7 7 7 7 7 7 7 7 7 7 7 7 7 7 7 7 7 7 7 7 7 7 7 7 7 8 8 8 8 8 8 8 8 8 8 8 8 8 8 8 8 8 8 8 8 8 8 8 8 8 8 8 8 8 8 8 8 8 8 8 8 8 8 8 8 8 8 8 8 8 8 8 8 8 8 8 8 8 8 8 8 8 8 8 8 9 9 9 9 9 9 9 9 9 9 9 9 9 9 9 9 9 9 9 9 9 9 9 9 9 9 9 9 9 9 9 9 9 9 9 9 9 9 9 9 9 9 9 9 9 9 9 9 9 9 9 9 9 9 9 9 9 9 9 9 10 10 10 10 10 10 10 10 10 10 10 10 10 10 10 10 10 10 10 10 10 10 10 10 10 10 10 10 10 10 10 10 10 10 10 10 10 10 10 10 10 10 10 10 10 10 10 10 10 10 10 10 10 10 10 10 10 10 10 10 
calling hdp_init 2022-07-20 07:10:15
Runing run.setup.and.posterior on 17076753
Reading input catalog file ./SBS/input/Realistic/ground.truth.syn.catalog.csv
Guessed number of signatures (= Dirichlet process data clusters) = 46
0 1 1 1 1 1 1 1 1 1 2 2 2 2 2 2 2 2 2 2 2 2 2 2 2 2 2 2 2 2 2 2 2 2 2 2 2 2 2 2 2 2 2 2 2 2 2 2 2 2 2 2 2 2 2 2 2 2 2 2 2 2 2 2 2 2 2 2 2 2 3 3 3 3 3 3 3 3 3 3 3 3 3 3 3 3 3 3 3 3 3 3 3 3 3 3 3 3 3 3 3 3 3 3 3 3 3 3 3 3 3 3 3 3 3 3 3 3 3 3 3 3 3 3 3 3 3 3 3 3 4 4 4 4 4 4 4 4 4 4 4 4 4 4 4 4 4 4 4 4 4 4 4 4 4 4 4 4 4 4 4 4 4 4 4 4 4 4 4 4 4 4 4 4 4 4 4 4 4 4 4 4 4 4 4 4 4 4 4 4 5 5 5 5 5 5 5 5 5 5 5 5 5 5 5 5 5 5 5 5 5 5 5 5 5 5 5 5 5 5 5 5 5 5 5 5 5 5 5 5 5 5 5 5 5 5 5 5 5 5 5 5 5 5 5 5 5 5 5 5 6 6 6 6 6 6 6 6 6 6 6 6 6 6 6 6 6 6 6 6 6 6 6 6 6 6 6 6 6 6 6 6 6 6 6 6 6 6 6 6 6 6 6 6 6 6 6 6 6 6 6 6 6 6 6 6 6 6 6 6 7 7 7 7 7 7 7 7 7 7 7 7 7 7 7 7 7 7 7 7 7 7 7 7 7 7 7 7 7 7 7 7 7 7 7 7 7 7 7 7 7 7 7 7 7 7 7 7 7 7 7 7 7 7 7 7 7 7 7 7 8 8 8 8 8 8 8 8 8 8 8 8 8 8 8 8 8 8 8 8 8 8 8 8 8 8 8 8 8 8 8 8 8 8 8 8 8 8 8 8 8 8 8 8 8 8 8 8 8 8 8 8 8 8 8 8 8 8 8 8 9 9 9 9 9 9 9 9 9 9 9 9 9 9 9 9 9 9 9 9 9 9 9 9 9 9 9 9 9 9 9 9 9 9 9 9 9 9 9 9 9 9 9 9 9 9 9 9 9 9 9 9 9 9 9 9 9 9 9 9 10 10 10 10 10 10 10 10 10 10 10 10 10 10 10 10 10 10 10 10 10 10 10 10 10 10 10 10 10 10 10 10 10 10 10 10 10 10 10 10 10 10 10 10 10 10 10 10 10 10 10 10 10 10 10 10 10 10 10 10 
calling hdp_init 2022-07-20 07:10:15
Runing run.setup.and.posterior on 18076753
Reading input catalog file ./SBS/input/Realistic/ground.truth.syn.catalog.csv
Guessed number of signatures (= Dirichlet process data clusters) = 46
0 1 1 1 1 1 1 1 1 1 2 2 2 2 2 2 2 2 2 2 2 2 2 2 2 2 2 2 2 2 2 2 2 2 2 2 2 2 2 2 2 2 2 2 2 2 2 2 2 2 2 2 2 2 2 2 2 2 2 2 2 2 2 2 2 2 2 2 2 2 3 3 3 3 3 3 3 3 3 3 3 3 3 3 3 3 3 3 3 3 3 3 3 3 3 3 3 3 3 3 3 3 3 3 3 3 3 3 3 3 3 3 3 3 3 3 3 3 3 3 3 3 3 3 3 3 3 3 3 3 4 4 4 4 4 4 4 4 4 4 4 4 4 4 4 4 4 4 4 4 4 4 4 4 4 4 4 4 4 4 4 4 4 4 4 4 4 4 4 4 4 4 4 4 4 4 4 4 4 4 4 4 4 4 4 4 4 4 4 4 5 5 5 5 5 5 5 5 5 5 5 5 5 5 5 5 5 5 5 5 5 5 5 5 5 5 5 5 5 5 5 5 5 5 5 5 5 5 5 5 5 5 5 5 5 5 5 5 5 5 5 5 5 5 5 5 5 5 5 5 6 6 6 6 6 6 6 6 6 6 6 6 6 6 6 6 6 6 6 6 6 6 6 6 6 6 6 6 6 6 6 6 6 6 6 6 6 6 6 6 6 6 6 6 6 6 6 6 6 6 6 6 6 6 6 6 6 6 6 6 7 7 7 7 7 7 7 7 7 7 7 7 7 7 7 7 7 7 7 7 7 7 7 7 7 7 7 7 7 7 7 7 7 7 7 7 7 7 7 7 7 7 7 7 7 7 7 7 7 7 7 7 7 7 7 7 7 7 7 7 8 8 8 8 8 8 8 8 8 8 8 8 8 8 8 8 8 8 8 8 8 8 8 8 8 8 8 8 8 8 8 8 8 8 8 8 8 8 8 8 8 8 8 8 8 8 8 8 8 8 8 8 8 8 8 8 8 8 8 8 9 9 9 9 9 9 9 9 9 9 9 9 9 9 9 9 9 9 9 9 9 9 9 9 9 9 9 9 9 9 9 9 9 9 9 9 9 9 9 9 9 9 9 9 9 9 9 9 9 9 9 9 9 9 9 9 9 9 9 9 10 10 10 10 10 10 10 10 10 10 10 10 10 10 10 10 10 10 10 10 10 10 10 10 10 10 10 10 10 10 10 10 10 10 10 10 10 10 10 10 10 10 10 10 10 10 10 10 10 10 10 10 10 10 10 10 10 10 10 10 
calling hdp_init 2022-07-20 07:10:15
Runing run.setup.and.posterior on 19076753
Reading input catalog file ./SBS/input/Realistic/ground.truth.syn.catalog.csv
Guessed number of signatures (= Dirichlet process data clusters) = 46
0 1 1 1 1 1 1 1 1 1 2 2 2 2 2 2 2 2 2 2 2 2 2 2 2 2 2 2 2 2 2 2 2 2 2 2 2 2 2 2 2 2 2 2 2 2 2 2 2 2 2 2 2 2 2 2 2 2 2 2 2 2 2 2 2 2 2 2 2 2 3 3 3 3 3 3 3 3 3 3 3 3 3 3 3 3 3 3 3 3 3 3 3 3 3 3 3 3 3 3 3 3 3 3 3 3 3 3 3 3 3 3 3 3 3 3 3 3 3 3 3 3 3 3 3 3 3 3 3 3 4 4 4 4 4 4 4 4 4 4 4 4 4 4 4 4 4 4 4 4 4 4 4 4 4 4 4 4 4 4 4 4 4 4 4 4 4 4 4 4 4 4 4 4 4 4 4 4 4 4 4 4 4 4 4 4 4 4 4 4 5 5 5 5 5 5 5 5 5 5 5 5 5 5 5 5 5 5 5 5 5 5 5 5 5 5 5 5 5 5 5 5 5 5 5 5 5 5 5 5 5 5 5 5 5 5 5 5 5 5 5 5 5 5 5 5 5 5 5 5 6 6 6 6 6 6 6 6 6 6 6 6 6 6 6 6 6 6 6 6 6 6 6 6 6 6 6 6 6 6 6 6 6 6 6 6 6 6 6 6 6 6 6 6 6 6 6 6 6 6 6 6 6 6 6 6 6 6 6 6 7 7 7 7 7 7 7 7 7 7 7 7 7 7 7 7 7 7 7 7 7 7 7 7 7 7 7 7 7 7 7 7 7 7 7 7 7 7 7 7 7 7 7 7 7 7 7 7 7 7 7 7 7 7 7 7 7 7 7 7 8 8 8 8 8 8 8 8 8 8 8 8 8 8 8 8 8 8 8 8 8 8 8 8 8 8 8 8 8 8 8 8 8 8 8 8 8 8 8 8 8 8 8 8 8 8 8 8 8 8 8 8 8 8 8 8 8 8 8 8 9 9 9 9 9 9 9 9 9 9 9 9 9 9 9 9 9 9 9 9 9 9 9 9 9 9 9 9 9 9 9 9 9 9 9 9 9 9 9 9 9 9 9 9 9 9 9 9 9 9 9 9 9 9 9 9 9 9 9 9 10 10 10 10 10 10 10 10 10 10 10 10 10 10 10 10 10 10 10 10 10 10 10 10 10 10 10 10 10 10 10 10 10 10 10 10 10 10 10 10 10 10 10 10 10 10 10 10 10 10 10 10 10 10 10 10 10 10 10 10 
calling hdp_init 2022-07-20 07:10:15
Guessed number of signatures (= Dirichlet process data clusters) = 46
Runing run.setup.and.posterior on 20076753
Reading input catalog file ./SBS/input/Realistic/ground.truth.syn.catalog.csv
0 1 1 1 1 1 1 1 1 1 2 2 2 2 2 2 2 2 2 2 2 2 2 2 2 2 2 2 2 2 2 2 2 2 2 2 2 2 2 2 2 2 2 2 2 2 2 2 2 2 2 2 2 2 2 2 2 2 2 2 2 2 2 2 2 2 2 2 2 2 3 3 3 3 3 3 3 3 3 3 3 3 3 3 3 3 3 3 3 3 3 3 3 3 3 3 3 3 3 3 3 3 3 3 3 3 3 3 3 3 3 3 3 3 3 3 3 3 3 3 3 3 3 3 3 3 3 3 3 3 4 4 4 4 4 4 4 4 4 4 4 4 4 4 4 4 4 4 4 4 4 4 4 4 4 4 4 4 4 4 4 4 4 4 4 4 4 4 4 4 4 4 4 4 4 4 4 4 4 4 4 4 4 4 4 4 4 4 4 4 5 5 5 5 5 5 5 5 5 5 5 5 5 5 5 5 5 5 5 5 5 5 5 5 5 5 5 5 5 5 5 5 5 5 5 5 5 5 5 5 5 5 5 5 5 5 5 5 5 5 5 5 5 5 5 5 5 5 5 5 6 6 6 6 6 6 6 6 6 6 6 6 6 6 6 6 6 6 6 6 6 6 6 6 6 6 6 6 6 6 6 6 6 6 6 6 6 6 6 6 6 6 6 6 6 6 6 6 6 6 6 6 6 6 6 6 6 6 6 6 7 7 7 7 7 7 7 7 7 7 7 7 7 7 7 7 7 7 7 7 7 7 7 7 7 7 7 7 7 7 7 7 7 7 7 7 7 7 7 7 7 7 7 7 7 7 7 7 7 7 7 7 7 7 7 7 7 7 7 7 8 8 8 8 8 8 8 8 8 8 8 8 8 8 8 8 8 8 8 8 8 8 8 8 8 8 8 8 8 8 8 8 8 8 8 8 8 8 8 8 8 8 8 8 8 8 8 8 8 8 8 8 8 8 8 8 8 8 8 8 9 9 9 9 9 9 9 9 9 9 9 9 9 9 9 9 9 9 9 9 9 9 9 9 9 9 9 9 9 9 9 9 9 9 9 9 9 9 9 9 9 9 9 9 9 9 9 9 9 9 9 9 9 9 9 9 9 9 9 9 10 10 10 10 10 10 10 10 10 10 10 10 10 10 10 10 10 10 10 10 10 10 10 10 10 10 10 10 10 10 10 10 10 10 10 10 10 10 10 10 10 10 10 10 10 10 10 10 10 10 10 10 10 10 10 10 10 10 10 10 
calling hdp_init 2022-07-20 07:10:16
Runing run.setup.and.posterior on 21076753
Reading input catalog file ./SBS/input/Realistic/ground.truth.syn.catalog.csv
Guessed number of signatures (= Dirichlet process data clusters) = 46
0 1 1 1 1 1 1 1 1 1 2 2 2 2 2 2 2 2 2 2 2 2 2 2 2 2 2 2 2 2 2 2 2 2 2 2 2 2 2 2 2 2 2 2 2 2 2 2 2 2 2 2 2 2 2 2 2 2 2 2 2 2 2 2 2 2 2 2 2 2 3 3 3 3 3 3 3 3 3 3 3 3 3 3 3 3 3 3 3 3 3 3 3 3 3 3 3 3 3 3 3 3 3 3 3 3 3 3 3 3 3 3 3 3 3 3 3 3 3 3 3 3 3 3 3 3 3 3 3 3 4 4 4 4 4 4 4 4 4 4 4 4 4 4 4 4 4 4 4 4 4 4 4 4 4 4 4 4 4 4 4 4 4 4 4 4 4 4 4 4 4 4 4 4 4 4 4 4 4 4 4 4 4 4 4 4 4 4 4 4 5 5 5 5 5 5 5 5 5 5 5 5 5 5 5 5 5 5 5 5 5 5 5 5 5 5 5 5 5 5 5 5 5 5 5 5 5 5 5 5 5 5 5 5 5 5 5 5 5 5 5 5 5 5 5 5 5 5 5 5 6 6 6 6 6 6 6 6 6 6 6 6 6 6 6 6 6 6 6 6 6 6 6 6 6 6 6 6 6 6 6 6 6 6 6 6 6 6 6 6 6 6 6 6 6 6 6 6 6 6 6 6 6 6 6 6 6 6 6 6 7 7 7 7 7 7 7 7 7 7 7 7 7 7 7 7 7 7 7 7 7 7 7 7 7 7 7 7 7 7 7 7 7 7 7 7 7 7 7 7 7 7 7 7 7 7 7 7 7 7 7 7 7 7 7 7 7 7 7 7 8 8 8 8 8 8 8 8 8 8 8 8 8 8 8 8 8 8 8 8 8 8 8 8 8 8 8 8 8 8 8 8 8 8 8 8 8 8 8 8 8 8 8 8 8 8 8 8 8 8 8 8 8 8 8 8 8 8 8 8 9 9 9 9 9 9 9 9 9 9 9 9 9 9 9 9 9 9 9 9 9 9 9 9 9 9 9 9 9 9 9 9 9 9 9 9 9 9 9 9 9 9 9 9 9 9 9 9 9 9 9 9 9 9 9 9 9 9 9 9 10 10 10 10 10 10 10 10 10 10 10 10 10 10 10 10 10 10 10 10 10 10 10 10 10 10 10 10 10 10 10 10 10 10 10 10 10 10 10 10 10 10 10 10 10 10 10 10 10 10 10 10 10 10 10 10 10 10 10 10 
calling hdp_init 2022-07-20 07:10:16
Guessed number of signatures (= Dirichlet process data clusters) = 46
0 1 1 1 1 1 1 1 1 1 2 2 2 2 2 2 2 2 2 2 2 2 2 2 2 2 2 2 2 2 2 2 2 2 2 2 2 2 2 2 2 2 2 2 2 2 2 2 2 2 2 2 2 2 2 2 2 2 2 2 2 2 2 2 2 2 2 2 2 2 3 3 3 3 3 3 3 3 3 3 3 3 3 3 3 3 3 3 3 3 3 3 3 3 3 3 3 3 3 3 3 3 3 3 3 3 3 3 3 3 3 3 3 3 3 3 3 3 3 3 3 3 3 3 3 3 3 3 3 3 4 4 4 4 4 4 4 4 4 4 4 4 4 4 4 4 4 4 4 4 4 4 4 4 4 4 4 4 4 4 4 4 4 4 4 4 4 4 4 4 4 4 4 4 4 4 4 4 4 4 4 4 4 4 4 4 4 4 4 4 5 5 5 5 5 5 5 5 5 5 5 5 5 5 5 5 5 5 5 5 5 5 5 5 5 5 5 5 5 5 5 5 5 5 5 5 5 5 5 5 5 5 5 5 5 5 5 5 5 5 5 5 5 5 5 5 5 5 5 5 6 6 6 6 6 6 6 6 6 6 6 6 6 6 6 6 6 6 6 6 6 6 6 6 6 6 6 6 6 6 6 6 6 6 6 6 6 6 6 6 6 6 6 6 6 6 6 6 6 6 6 6 6 6 6 6 6 6 6 6 7 7 7 7 7 7 7 7 7 7 7 7 7 7 7 7 7 7 7 7 7 7 7 7 7 7 7 7 7 7 7 7 7 7 7 7 7 7 7 7 7 7 7 7 7 7 7 7 7 7 7 7 7 7 7 7 7 7 7 7 8 8 8 8 8 8 8 8 8 8 8 8 8 8 8 8 8 8 8 8 8 8 8 8 8 8 8 8 8 8 8 8 8 8 8 8 8 8 8 8 8 8 8 8 8 8 8 8 8 8 8 8 8 8 8 8 8 8 8 8 9 9 9 9 9 9 9 9 9 9 9 9 9 9 9 9 9 9 9 9 9 9 9 9 9 9 9 9 9 9 9 9 9 9 9 9 9 9 9 9 9 9 9 9 9 9 9 9 9 9 9 9 9 9 9 9 9 9 9 9 10 10 10 10 10 10 10 10 10 10 10 10 10 10 10 10 10 10 10 10 10 10 10 10 10 10 10 10 10 10 10 10 10 10 10 10 10 10 10 10 10 10 10 10 10 10 10 10 10 10 10 10 10 10 10 10 10 10 10 10 
calling hdp_init 2022-07-20 07:10:16
Guessed number of signatures (= Dirichlet process data clusters) = 46
0 1 1 1 1 1 1 1 1 1 2 2 2 2 2 2 2 2 2 2 2 2 2 2 2 2 2 2 2 2 2 2 2 2 2 2 2 2 2 2 2 2 2 2 2 2 2 2 2 2 2 2 2 2 2 2 2 2 2 2 2 2 2 2 2 2 2 2 2 2 3 3 3 3 3 3 3 3 3 3 3 3 3 3 3 3 3 3 3 3 3 3 3 3 3 3 3 3 3 3 3 3 3 3 3 3 3 3 3 3 3 3 3 3 3 3 3 3 3 3 3 3 3 3 3 3 3 3 3 3 4 4 4 4 4 4 4 4 4 4 4 4 4 4 4 4 4 4 4 4 4 4 4 4 4 4 4 4 4 4 4 4 4 4 4 4 4 4 4 4 4 4 4 4 4 4 4 4 4 4 4 4 4 4 4 4 4 4 4 4 5 5 5 5 5 5 5 5 5 5 5 5 5 5 5 5 5 5 5 5 5 5 5 5 5 5 5 5 5 5 5 5 5 5 5 5 5 5 5 5 5 5 5 5 5 5 5 5 5 5 5 5 5 5 5 5 5 5 5 5 6 6 6 6 6 6 6 6 6 6 6 6 6 6 6 6 6 6 6 6 6 6 6 6 6 6 6 6 6 6 6 6 6 6 6 6 6 6 6 6 6 6 6 6 6 6 6 6 6 6 6 6 6 6 6 6 6 6 6 6 7 7 7 7 7 7 7 7 7 7 7 7 7 7 7 7 7 7 7 7 7 7 7 7 7 7 7 7 7 7 7 7 7 7 7 7 7 7 7 7 7 7 7 7 7 7 7 7 7 7 7 7 7 7 7 7 7 7 7 7 8 8 8 8 8 8 8 8 8 8 8 8 8 8 8 8 8 8 8 8 8 8 8 8 8 8 8 8 8 8 8 8 8 8 8 8 8 8 8 8 8 8 8 8 8 8 8 8 8 8 8 8 8 8 8 8 8 8 8 8 9 9 9 9 9 9 9 9 9 9 9 9 9 9 9 9 9 9 9 9 9 9 9 9 9 9 9 9 9 9 9 9 9 9 9 9 9 9 9 9 9 9 9 9 9 9 9 9 9 9 9 9 9 9 9 9 9 9 9 9 10 10 10 10 10 10 10 10 10 10 10 10 10 10 10 10 10 10 10 10 10 10 10 10 10 10 10 10 10 10 10 10 10 10 10 10 10 10 10 10 10 10 10 10 10 10 10 10 10 10 10 10 10 10 10 10 10 10 10 10 
calling hdp_init 2022-07-20 07:10:16
Guessed number of signatures (= Dirichlet process data clusters) = 46
0 1 1 1 1 1 1 1 1 1 2 2 2 2 2 2 2 2 2 2 2 2 2 2 2 2 2 2 2 2 2 2 2 2 2 2 2 2 2 2 2 2 2 2 2 2 2 2 2 2 2 2 2 2 2 2 2 2 2 2 2 2 2 2 2 2 2 2 2 2 3 3 3 3 3 3 3 3 3 3 3 3 3 3 3 3 3 3 3 3 3 3 3 3 3 3 3 3 3 3 3 3 3 3 3 3 3 3 3 3 3 3 3 3 3 3 3 3 3 3 3 3 3 3 3 3 3 3 3 3 4 4 4 4 4 4 4 4 4 4 4 4 4 4 4 4 4 4 4 4 4 4 4 4 4 4 4 4 4 4 4 4 4 4 4 4 4 4 4 4 4 4 4 4 4 4 4 4 4 4 4 4 4 4 4 4 4 4 4 4 5 5 5 5 5 5 5 5 5 5 5 5 5 5 5 5 5 5 5 5 5 5 5 5 5 5 5 5 5 5 5 5 5 5 5 5 5 5 5 5 5 5 5 5 5 5 5 5 5 5 5 5 5 5 5 5 5 5 5 5 6 6 6 6 6 6 6 6 6 6 6 6 6 6 6 6 6 6 6 6 6 6 6 6 6 6 6 6 6 6 6 6 6 6 6 6 6 6 6 6 6 6 6 6 6 6 6 6 6 6 6 6 6 6 6 6 6 6 6 6 7 7 7 7 7 7 7 7 7 7 7 7 7 7 7 7 7 7 7 7 7 7 7 7 7 7 7 7 7 7 7 7 7 7 7 7 7 7 7 7 7 7 7 7 7 7 7 7 7 7 7 7 7 7 7 7 7 7 7 7 8 8 8 8 8 8 8 8 8 8 8 8 8 8 8 8 8 8 8 8 8 8 8 8 8 8 8 8 8 8 8 8 8 8 8 8 8 8 8 8 8 8 8 8 8 8 8 8 8 8 8 8 8 8 8 8 8 8 8 8 9 9 9 9 9 9 9 9 9 9 9 9 9 9 9 9 9 9 9 9 9 9 9 9 9 9 9 9 9 9 9 9 9 9 9 9 9 9 9 9 9 9 9 9 9 9 9 9 9 9 9 9 9 9 9 9 9 9 9 9 10 10 10 10 10 10 10 10 10 10 10 10 10 10 10 10 10 10 10 10 10 10 10 10 10 10 10 10 10 10 10 10 10 10 10 10 10 10 10 10 10 10 10 10 10 10 10 10 10 10 10 10 10 10 10 10 10 10 10 10 
calling hdp_init 2022-07-20 07:10:16
calling hdp_setdata 2022-07-20 07:10:16
calling hdp_setdata 2022-07-20 07:10:16
calling hdp_setdata 2022-07-20 07:10:16
calling hdp_setdata 2022-07-20 07:10:16
calling hdp_setdata 2022-07-20 07:10:16
calling hdp_setdata 2022-07-20 07:10:16
calling hdp_setdata 2022-07-20 07:10:16
calling hdp_setdata 2022-07-20 07:10:16
calling hdp_setdata 2022-07-20 07:10:16
calling hdp_setdata 2022-07-20 07:10:16
calling hdp_setdata 2022-07-20 07:10:16
calling hdp_setdata 2022-07-20 07:10:16
calling hdp_setdata 2022-07-20 07:10:16
calling hdp_setdata 2022-07-20 07:10:16
calling hdp_setdata 2022-07-20 07:10:16
calling hdp_setdata 2022-07-20 07:10:16
calling hdp_setdata 2022-07-20 07:10:16
calling hdp_setdata 2022-07-20 07:10:16
calling hdp_setdata 2022-07-20 07:10:16
calling hdp_setdata 2022-07-20 07:10:16
calling dp_activate 2022-07-20 07:10:17
calling dp_activate 2022-07-20 07:10:17
calling dp_activate 2022-07-20 07:10:17
calling dp_activate 2022-07-20 07:10:18
calling dp_activate 2022-07-20 07:10:18
calling dp_activate 2022-07-20 07:10:18
calling dp_activate 2022-07-20 07:10:18
calling dp_activate 2022-07-20 07:10:18
calling dp_activate 2022-07-20 07:10:18
calling dp_activate 2022-07-20 07:10:18
calling dp_activate 2022-07-20 07:10:18
calling dp_activate 2022-07-20 07:10:18
calling dp_activate 2022-07-20 07:10:18
calling dp_activate 2022-07-20 07:10:18
calling dp_activate 2022-07-20 07:10:18
calling dp_activate 2022-07-20 07:10:18
calling dp_activate 2022-07-20 07:10:18
calling dp_activate 2022-07-20 07:10:18
calling dp_activate 2022-07-20 07:10:18
calling dp_activate 2022-07-20 07:10:18
calling hdp_posterior, seed = 2076753 2022-07-20 07:10:23
calling hdp_posterior, seed = 11076753 2022-07-20 07:10:23
calling hdp_posterior, seed = 19076753 2022-07-20 07:10:24
calling hdp_posterior, seed = 15076753 2022-07-20 07:10:24
calling hdp_posterior, seed = 7076753 2022-07-20 07:10:24
calling hdp_posterior, seed = 3076753 2022-07-20 07:10:25
calling hdp_posterior, seed = 5076753 2022-07-20 07:10:25
calling hdp_posterior, seed = 18076753 2022-07-20 07:10:25
calling hdp_posterior, seed = 13076753 2022-07-20 07:10:26
calling hdp_posterior, seed = 17076753 2022-07-20 07:10:26
calling hdp_posterior, seed = 9076753 2022-07-20 07:10:26
calling hdp_posterior, seed = 21076753 2022-07-20 07:10:26
calling hdp_posterior, seed = 16076753 2022-07-20 07:10:26
calling hdp_posterior, seed = 4076753 2022-07-20 07:10:26
calling hdp_posterior, seed = 12076753 2022-07-20 07:10:26
calling hdp_posterior, seed = 6076753 2022-07-20 07:10:27
calling hdp_posterior, seed = 8076753 2022-07-20 07:10:27
calling hdp_posterior, seed = 14076753 2022-07-20 07:10:27
calling hdp_posterior, seed = 20076753 2022-07-20 07:10:27
calling hdp_posterior, seed = 10076753 2022-07-20 07:10:27
[1] "100000 burn-in iterations in 29098.8 mins"
[1] "time 29378.7 ETC 34905.4 mins"
[1] "100000 burn-in iterations in 29382.0 mins"
[1] "100000 burn-in iterations in 29660.3 mins"
[1] "time 29662.8 ETC 34897.4 mins"
[1] "time 29667.7 ETC 35248.8 mins"
[1] "100000 burn-in iterations in 29922.2 mins"
[1] "time 29941.3 ETC 35573.8 mins"
[1] "time 29943.1 ETC 34885.2 mins"
[1] "time 29956.5 ETC 35242.9 mins"
[1] "time 30219.0 ETC 35903.7 mins"
[1] "time 30225.4 ETC 34875.5 mins"
[1] "time 30226.9 ETC 35561.1 mins"
[1] "time 30242.3 ETC 35233.7 mins"
[1] "100000 burn-in iterations in 30269.5 mins"
[1] "100000 burn-in iterations in 30475.3 mins"
[1] "time 30505.5 ETC 34863.4 mins"
[1] "time 30509.6 ETC 35893.7 mins"
[1] "time 30513.4 ETC 35549.6 mins"
[1] "time 30526.2 ETC 35222.5 mins"
[1] "time 30547.8 ETC 36294.4 mins"
[1] "time 30756.4 ETC 36542.2 mins"
[1] "time 30782.1 ETC 34847.6 mins"
[1] "time 30796.9 ETC 35534.9 mins"
[1] "time 30798.7 ETC 35882.0 mins"
[1] "time 30799.8 ETC 35199.8 mins"
[1] "time 30819.8 ETC 36258.6 mins"
[1] "time 31043.6 ETC 36521.8 mins"
[1] "time 31060.9 ETC 34834.6 mins"
[1] "time 31074.3 ETC 35178.5 mins"
[1] "time 31078.8 ETC 35518.6 mins"
[1] "time 31090.2 ETC 35873.3 mins"
[1] "time 31092.6 ETC 36224.4 mins"
[1] "100000 burn-in iterations in 31162.9 mins"
[1] "100000 burn-in iterations in 31224.5 mins"
[1] "time 31322.1 ETC 36491.8 mins"
[1] "time 31340.1 ETC 34822.3 mins"
[1] "time 31348.3 ETC 35157.0 mins"
[1] "time 31358.3 ETC 35500.0 mins"
[1] "time 31369.7 ETC 36195.8 mins"
[1] "time 31379.6 ETC 35862.4 mins"
[1] "time 31451.3 ETC 37367.8 mins"
[1] "time 31510.4 ETC 37438.1 mins"
[1] "time 31604.5 ETC 36466.8 mins"
[1] "time 31615.8 ETC 34806.4 mins"
[1] "time 31619.4 ETC 35132.7 mins"
[1] "time 31636.3 ETC 35480.0 mins"
[1] "time 31648.8 ETC 36170.0 mins"
[1] "time 31662.5 ETC 35844.3 mins"
[1] "time 31735.0 ETC 37335.3 mins"
[1] "time 31789.2 ETC 37399.0 mins"
[1] "time 31886.4 ETC 34785.2 mins"
[1] "time 31895.4 ETC 35114.2 mins"
[1] "time 31912.3 ETC 35458.1 mins"
[1] "time 31932.6 ETC 36150.1 mins"
[1] "time 31948.1 ETC 35829.6 mins"
[1] "time 31971.7 ETC 36539.1 mins"
[1] "time 32013.4 ETC 37297.2 mins"
[1] "time 32067.9 ETC 37360.6 mins"
[1] "100000 burn-in iterations in 32122.7 mins"
[1] "time 32155.8 ETC 34763.1 mins"
[1] "time 32164.8 ETC 35088.8 mins"
[1] "time 32182.6 ETC 35430.4 mins"
[1] "time 32208.2 ETC 36121.3 mins"
[1] "time 32228.7 ETC 35809.7 mins"
[1] "time 32251.3 ETC 36510.9 mins"
[1] "time 32284.6 ETC 37251.4 mins"
[1] "time 32349.7 ETC 37326.6 mins"
[1] "time 32384.0 ETC 38476.0 mins"
[1] "time 32428.7 ETC 34745.1 mins"
[1] "time 32437.0 ETC 35067.0 mins"
[1] "time 32451.8 ETC 35402.0 mins"
[1] "time 32483.4 ETC 36092.7 mins"
[1] "time 32508.5 ETC 35789.1 mins"
[1] "time 32534.6 ETC 36487.4 mins"
[1] "time 32553.1 ETC 37203.5 mins"
[1] "time 32632.8 ETC 37294.7 mins"
[1] "100000 burn-in iterations in 32651.9 mins"
[1] "time 32652.7 ETC 38414.9 mins"
[1] "time 32700.3 ETC 34726.0 mins"
[1] "time 32708.0 ETC 35044.2 mins"
[1] "time 32719.1 ETC 35372.0 mins"
[1] "100000 burn-in iterations in 32729.0 mins"
[1] "time 32757.4 ETC 36063.2 mins"
[1] "time 32781.4 ETC 35761.5 mins"
[1] "time 32808.5 ETC 36453.9 mins"
[1] "time 32814.9 ETC 37149.0 mins"
[1] "100000 burn-in iterations in 32815.3 mins"
[1] "100000 burn-in iterations in 32879.7 mins"
[1] "time 32899.8 ETC 37245.1 mins"
[1] "time 32913.2 ETC 38345.5 mins"
[1] "time 32927.8 ETC 39122.1 mins"
[1] "time 32960.7 ETC 34695.5 mins"
[1] "time 32973.2 ETC 35015.8 mins"
[1] "time 32980.2 ETC 35335.9 mins"
[1] "time 32995.2 ETC 39202.2 mins"
[1] "time 33020.9 ETC 36022.8 mins"
[1] "time 33050.4 ETC 35730.2 mins"
[1] "time 33077.3 ETC 36415.3 mins"
[1] "time 33081.1 ETC 37100.3 mins"
[1] "time 33092.5 ETC 39317.8 mins"
[1] "time 33143.9 ETC 39378.8 mins"
[1] "time 33161.1 ETC 37190.0 mins"
[1] "time 33170.0 ETC 38273.1 mins"
[1] "time 33198.9 ETC 39057.6 mins"
[1] "time 33221.4 ETC 34665.8 mins"
[1] "time 33227.9 ETC 34976.7 mins"
[1] "time 33237.1 ETC 35296.1 mins"
[1] "time 33251.4 ETC 39119.3 mins"
[1] "100000 burn-in iterations in 33259.2 mins"
[1] "time 33277.7 ETC 35975.9 mins"
[1] "time 33321.9 ETC 35702.0 mins"
[1] "time 33343.7 ETC 37048.5 mins"
[1] "time 33344.9 ETC 36376.3 mins"
[1] "time 33364.6 ETC 39252.4 mins"
[1] "time 33402.2 ETC 39296.7 mins"
[1] "time 33417.0 ETC 37130.0 mins"
[1] "time 33427.2 ETC 38202.5 mins"
[1] "time 33464.9 ETC 38988.2 mins"
[1] "time 33475.4 ETC 34629.7 mins"
[1] "time 33477.0 ETC 34932.5 mins"
[1] "time 33490.6 ETC 35253.2 mins"
[1] "time 33508.5 ETC 39039.0 mins"
[1] "time 33518.7 ETC 39824.2 mins"
[1] "time 33529.9 ETC 35924.9 mins"
[1] "time 33589.3 ETC 35670.1 mins"
[1] "time 33599.2 ETC 36990.0 mins"
[1] "time 33608.8 ETC 36333.8 mins"
[1] "time 33629.5 ETC 39180.0 mins"
[1] "time 33661.1 ETC 39216.8 mins"
[1] "time 33670.9 ETC 37068.9 mins"
[1] "time 33682.8 ETC 38131.4 mins"
[1] "time 33721.7 ETC 34884.5 mins"
[1] "time 33728.3 ETC 34593.2 mins"
[1] "time 33729.6 ETC 38918.7 mins"
[1] "time 33739.5 ETC 35206.5 mins"
[1] "time 33757.8 ETC 38951.3 mins"
[1] "time 33780.7 ETC 35873.3 mins"
[1] "time 33782.3 ETC 39743.9 mins"
[1] "100000 burn-in iterations in 33803.7 mins"
[1] "time 33845.1 ETC 35626.4 mins"
[1] "time 33847.4 ETC 36924.5 mins"
[1] "time 33869.4 ETC 36288.7 mins"
[1] "time 33892.8 ETC 39107.0 mins"
[1] "time 33915.3 ETC 39133.0 mins"
[1] "time 33926.6 ETC 37010.9 mins"
[1] "time 33927.7 ETC 38049.8 mins"
[1] "100000 burn-in iterations in 33958.4 mins"
[1] "time 33967.1 ETC 34838.0 mins"
[1] "time 33977.8 ETC 34553.7 mins"
[1] "time 33986.3 ETC 35158.3 mins"
[1] "time 33986.8 ETC 38842.1 mins"
[1] "time 34006.2 ETC 38864.2 mins"
[1] "100000 burn-in iterations in 34014.7 mins"
[1] "time 34032.5 ETC 35823.7 mins"
[1] "time 34038.0 ETC 39655.9 mins"
[1] "time 34049.4 ETC 40454.7 mins"
[1] "time 34095.0 ETC 36859.4 mins"
[1] "time 34099.8 ETC 35582.4 mins"
[1] "time 34121.1 ETC 36234.8 mins"
[1] "time 34149.4 ETC 39027.9 mins"
[1] "time 34163.2 ETC 39043.6 mins"
[1] "time 34165.5 ETC 37961.7 mins"
[1] "time 34176.9 ETC 36948.0 mins"
[1] "time 34199.2 ETC 40632.7 mins"
[1] "time 34211.2 ETC 34791.0 mins"
[1] "time 34225.8 ETC 34513.4 mins"
[1] "time 34231.2 ETC 35108.9 mins"
[1] "time 34242.1 ETC 38764.6 mins"
[1] "time 34252.0 ETC 38775.8 mins"
[1] "time 34255.8 ETC 40699.9 mins"
[1] "time 34276.9 ETC 35767.2 mins"
[1] "time 34287.9 ETC 40338.7 mins"
[1] "time 34291.7 ETC 39567.3 mins"
[1] "time 34340.7 ETC 36793.6 mins"
[1] "time 34344.7 ETC 35529.0 mins"
[1] "time 34374.6 ETC 36183.8 mins"
[1] "time 34396.0 ETC 37867.2 mins"
[1] "time 34404.0 ETC 38948.0 mins"
[1] "time 34407.8 ETC 38952.2 mins"
[1] "time 34423.1 ETC 36881.9 mins"
[1] "time 34439.0 ETC 40516.4 mins"
[1] "time 34451.2 ETC 34740.7 mins"
[1] "time 34465.1 ETC 34465.1 mins"
compute sample.chain time: 
 user.self 2058769.727
 sys.self 332.963
 elapsed 2067909.235
 user.child 0
 sys.child 0
[1] "time 34469.9 ETC 35054.2 mins"
[1] "time 34490.7 ETC 40577.2 mins"
[1] "time 34493.3 ETC 38684.1 mins"
[1] "time 34494.4 ETC 38685.3 mins"
[1] "time 34513.8 ETC 35703.9 mins"
[1] "time 34523.5 ETC 40221.6 mins"
[1] "time 34538.2 ETC 39472.2 mins"
[1] "time 34580.5 ETC 36722.7 mins"
[1] "time 34584.4 ETC 35471.2 mins"
[1] "time 34622.9 ETC 37770.4 mins"
[1] "time 34628.6 ETC 36134.2 mins"
[1] "time 34642.4 ETC 38851.3 mins"
[1] "time 34661.8 ETC 38873.1 mins"
[1] "time 34666.2 ETC 36813.6 mins"
[1] "time 34677.8 ETC 40401.3 mins"
[1] "time 34689.1 ETC 34689.1 mins"
compute sample.chain time: 
 user.self 2073343.339
 sys.self 455.391
 elapsed 2081350.26
 user.child 0
 sys.child 0
[1] "time 34705.4 ETC 34997.1 mins"
[1] "time 34721.7 ETC 40452.4 mins"
[1] "time 34737.0 ETC 38596.6 mins"
[1] "time 34743.5 ETC 35634.4 mins"
[1] "100000 burn-in iterations in 34744.2 mins"
[1] "time 34745.4 ETC 38606.0 mins"
[1] "time 34758.8 ETC 40106.3 mins"
[1] "time 34781.3 ETC 39375.1 mins"
[1] "time 34823.9 ETC 36656.8 mins"
[1] "time 34824.0 ETC 35414.3 mins"
[1] "time 34855.2 ETC 37681.3 mins"
[1] "time 34876.5 ETC 36079.2 mins"
[1] "time 34879.2 ETC 38754.7 mins"
[1] "time 34903.6 ETC 36740.7 mins"
[1] "time 34913.5 ETC 40284.8 mins"
[1] "time 34915.3 ETC 38794.8 mins"
[1] "time 34943.4 ETC 34943.4 mins"
compute sample.chain time: 
 user.self 2088310.277
 sys.self 287.44
 elapsed 2096606.265
 user.child 0
 sys.child 0
[1] "time 34957.5 ETC 40335.5 mins"
[1] "time 34977.0 ETC 38506.8 mins"
[1] "time 34977.4 ETC 41557.3 mins"
[1] "time 34978.6 ETC 35571.5 mins"
[1] "time 34989.4 ETC 38520.5 mins"
[1] "time 34998.1 ETC 39997.8 mins"
[1] "time 35023.9 ETC 39279.2 mins"
[1] "time 35063.1 ETC 35357.7 mins"
[1] "time 35066.9 ETC 36591.6 mins"
[1] "time 35090.8 ETC 37597.3 mins"
[1] "time 35114.2 ETC 38657.9 mins"
[1] "time 35126.2 ETC 36026.9 mins"
[1] "time 35142.3 ETC 36670.2 mins"
[1] "time 35149.1 ETC 40170.4 mins"
[1] "time 35167.1 ETC 38716.1 mins"
[1] "time 35191.1 ETC 40218.5 mins"
[1] "time 35212.3 ETC 41426.2 mins"
[1] "time 35213.6 ETC 35509.6 mins"
[1] "time 35219.9 ETC 38421.7 mins"
[1] "time 35231.5 ETC 38434.4 mins"
[1] "time 35234.9 ETC 39888.6 mins"
[1] "100000 burn-in iterations in 35253.8 mins"
[1] "time 35271.8 ETC 39190.9 mins"
[1] "time 35304.7 ETC 36522.1 mins"
[1] "time 35304.9 ETC 35304.9 mins"
compute sample.chain time: 
 user.self 2109939.728
 sys.self 437.085
 elapsed 2118293.023
 user.child 0
 sys.child 0
[1] "time 35321.6 ETC 37509.6 mins"
[1] "time 35346.3 ETC 38559.6 mins"
[1] "time 35375.7 ETC 35975.3 mins"
[1] "time 35380.3 ETC 36600.3 mins"
[1] "time 35383.9 ETC 40057.2 mins"
[1] "time 35418.0 ETC 38637.8 mins"
[1] "time 35423.6 ETC 40102.2 mins"
[1] "time 35441.4 ETC 41290.9 mins"
[1] "time 35447.7 ETC 35447.7 mins"
compute sample.chain time: 
 user.self 2117578.611
 sys.self 424.164
 elapsed 2126866.435
 user.child 0
 sys.child 0
[1] "time 35461.5 ETC 38336.7 mins"
[1] "time 35472.3 ETC 38348.4 mins"
[1] "time 35473.7 ETC 39783.6 mins"
[1] "time 35503.1 ETC 42182.0 mins"
[1] "time 35517.5 ETC 39101.9 mins"
[1] "time 35541.7 ETC 36453.1 mins"
[1] "time 35546.6 ETC 37417.5 mins"
[1] "time 35578.3 ETC 38463.0 mins"
[1] "time 35612.8 ETC 36526.0 mins"
[1] "time 35615.8 ETC 35915.1 mins"
[1] "time 35622.8 ETC 39950.8 mins"
[1] "time 35661.6 ETC 39994.3 mins"
[1] "time 35668.1 ETC 38560.1 mins"
[1] "time 35670.6 ETC 41158.4 mins"
[1] "time 35701.0 ETC 38251.1 mins"
[1] "time 35704.3 ETC 39671.4 mins"
[1] "time 35716.1 ETC 38267.3 mins"
[1] "time 35744.9 ETC 42052.9 mins"
[1] "time 35761.2 ETC 39012.2 mins"
[1] "time 35773.9 ETC 37329.3 mins"
[1] "time 35784.0 ETC 36390.5 mins"
[1] "time 35816.7 ETC 38375.0 mins"
[1] "time 35845.6 ETC 36453.2 mins"
[1] "time 35856.7 ETC 35856.7 mins"
compute sample.chain time: 
 user.self 2142664.154
 sys.self 878.604
 elapsed 2151402.484
 user.child 0
 sys.child 0
[1] "time 35862.2 ETC 39846.9 mins"
[1] "time 35895.4 ETC 39883.8 mins"
[1] "time 35903.9 ETC 41033.1 mins"
[1] "time 35917.6 ETC 38483.2 mins"
[1] "time 35935.6 ETC 39562.1 mins"
[1] "time 35937.3 ETC 38163.5 mins"
[1] "time 35956.3 ETC 38183.6 mins"
[1] "time 35982.2 ETC 41921.0 mins"
[1] "time 36001.4 ETC 37242.8 mins"
[1] "time 36006.8 ETC 38926.3 mins"
[1] "time 36033.1 ETC 36335.9 mins"
[1] "time 36055.6 ETC 38289.1 mins"
[1] "time 36078.9 ETC 36382.1 mins"
[1] "time 36097.2 ETC 39740.1 mins"
[1] "time 36128.2 ETC 39774.1 mins"
[1] "time 36134.9 ETC 40907.5 mins"
[1] "time 36166.4 ETC 39454.2 mins"
[1] "time 36169.3 ETC 38072.9 mins"
[1] "time 36172.6 ETC 38413.4 mins"
[1] "time 36193.5 ETC 38098.5 mins"
[1] "time 36216.4 ETC 41788.2 mins"
[1] "time 36238.3 ETC 37167.5 mins"
[1] "time 36254.1 ETC 38843.7 mins"
[1] "time 36277.8 ETC 36277.8 mins"
compute sample.chain time: 
 user.self 2167987.764
 sys.self 502.009
 elapsed 2176672.479
 user.child 0
 sys.child 0
[1] "time 36293.0 ETC 38203.1 mins"
[1] "time 36310.2 ETC 36310.2 mins"
compute sample.chain time: 
 user.self 2169166.527
 sys.self 250.46
 elapsed 2178613.082
 user.child 0
 sys.child 0
[1] "time 36334.2 ETC 39637.3 mins"
[1] "100000 burn-in iterations in 36342.9 mins"
[1] "time 36363.2 ETC 39668.9 mins"
[1] "time 36364.3 ETC 40782.4 mins"
[1] "time 36398.0 ETC 37980.5 mins"
[1] "time 36398.4 ETC 39349.6 mins"
[1] "time 36420.0 ETC 38336.8 mins"
[1] "time 36430.9 ETC 38014.9 mins"
[1] "time 36452.4 ETC 41659.9 mins"
[1] "time 36473.2 ETC 37091.4 mins"
[1] "time 36496.2 ETC 38757.1 mins"
[1] "time 36524.8 ETC 38112.9 mins"
[1] "time 36574.9 ETC 39540.5 mins"
[1] "time 36592.8 ETC 43476.6 mins"
[1] "time 36599.9 ETC 40666.5 mins"
[1] "time 36602.6 ETC 39570.4 mins"
[1] "time 36626.7 ETC 37889.7 mins"
[1] "time 36628.8 ETC 39245.2 mins"
[1] "time 36663.2 ETC 38257.3 mins"
[1] "time 36668.4 ETC 37932.8 mins"
[1] "time 36689.0 ETC 41534.7 mins"
[1] "time 36706.2 ETC 37014.7 mins"
[1] "time 36746.7 ETC 38680.7 mins"
[1] "time 36751.2 ETC 38018.5 mins"
[1] "time 36819.6 ETC 39449.5 mins"
[1] "time 36834.4 ETC 40551.6 mins"
[1] "time 36838.4 ETC 43339.3 mins"
[1] "time 36842.1 ETC 39473.7 mins"
[1] "time 36856.6 ETC 37801.6 mins"
[1] "time 36861.6 ETC 39145.0 mins"
[1] "time 36907.7 ETC 37854.1 mins"
[1] "time 36908.4 ETC 38181.1 mins"
[1] "time 36923.4 ETC 41409.4 mins"
[1] "time 36939.1 ETC 36939.1 mins"
compute sample.chain time: 
 user.self 2207319.983
 sys.self 432.499
 elapsed 2216348.926
 user.child 0
 sys.child 0
[1] "time 36979.2 ETC 37927.3 mins"
[1] "time 36993.7 ETC 38602.1 mins"
[1] "time 37059.1 ETC 39354.8 mins"
[1] "time 37072.5 ETC 39369.0 mins"
[1] "time 37073.5 ETC 40443.9 mins"
[1] "time 37084.0 ETC 43204.7 mins"
[1] "time 37086.0 ETC 37714.6 mins"
[1] "time 37096.8 ETC 39049.3 mins"
[1] "time 37137.7 ETC 37767.2 mins"
[1] "time 37154.6 ETC 41282.9 mins"
[1] "time 37155.8 ETC 38108.5 mins"
[1] "time 37206.5 ETC 37837.1 mins"
[1] "time 37237.6 ETC 38521.7 mins"
[1] "time 37294.9 ETC 39257.8 mins"
[1] "time 37303.1 ETC 39266.5 mins"
[1] "time 37308.8 ETC 40333.9 mins"
[1] "time 37312.2 ETC 37625.8 mins"
[1] "time 37327.2 ETC 43069.9 mins"
[1] "time 37329.3 ETC 38952.3 mins"
[1] "time 37366.6 ETC 37680.6 mins"
[1] "time 37387.0 ETC 41159.9 mins"
[1] "time 37399.3 ETC 38033.2 mins"
[1] "time 37434.9 ETC 37749.4 mins"
[1] "time 37479.0 ETC 38440.0 mins"
[1] "time 37527.1 ETC 39158.7 mins"
[1] "time 37534.9 ETC 39166.8 mins"
[1] "time 37540.0 ETC 37540.0 mins"
compute sample.chain time: 
 user.self 2243577.457
 sys.self 386.902
 elapsed 2252399.353
 user.child 0
 sys.child 0
[1] "time 37542.9 ETC 40224.5 mins"
[1] "time 37568.1 ETC 38863.6 mins"
[1] "time 37569.0 ETC 42935.9 mins"
[1] "time 37599.5 ETC 37599.5 mins"
compute sample.chain time: 
 user.self 2247102.929
 sys.self 546.267
 elapsed 2255972.193
 user.child 0
 sys.child 0
[1] "time 37622.1 ETC 41042.3 mins"
[1] "time 37645.8 ETC 37962.1 mins"
[1] "time 37660.3 ETC 37660.3 mins"
compute sample.chain time: 
 user.self 2250062.664
 sys.self 477.29
 elapsed 2259618.842
 user.child 0
 sys.child 0
[1] "time 37718.6 ETC 38357.9 mins"
[1] "time 37760.4 ETC 39062.4 mins"
[1] "time 37766.8 ETC 39069.1 mins"
[1] "time 37774.8 ETC 40114.8 mins"
[1] "time 37803.2 ETC 38772.5 mins"
[1] "time 37814.3 ETC 42808.7 mins"
[1] "time 37862.2 ETC 40932.1 mins"
[1] "time 37931.3 ETC 37931.3 mins"
compute sample.chain time: 
 user.self 2265706.027
 sys.self 437.053
 elapsed 2275881.911
 user.child 0
 sys.child 0
[1] "time 37980.1 ETC 38299.2 mins"
[1] "time 38022.1 ETC 38997.0 mins"
[1] "time 38023.0 ETC 38998.0 mins"
[1] "time 38091.4 ETC 38737.0 mins"
[1] "time 38115.5 ETC 42746.4 mins"
[1] "time 38131.5 ETC 40855.2 mins"
[1] "time 38132.8 ETC 40139.8 mins"
[1] "time 38260.5 ETC 38260.5 mins"
compute sample.chain time: 
 user.self 2285509.188
 sys.self 281.555
 elapsed 2295633.553
 user.child 0
 sys.child 0
[1] "time 38287.4 ETC 38936.3 mins"
[1] "time 38300.4 ETC 38949.6 mins"
[1] "time 38357.5 ETC 38679.8 mins"
[1] "time 38399.2 ETC 40778.0 mins"
[1] "time 38400.9 ETC 42667.7 mins"
[1] "time 38536.9 ETC 40212.4 mins"
[1] "time 38552.6 ETC 38876.6 mins"
[1] "time 38579.9 ETC 38904.1 mins"
[1] "time 38627.9 ETC 38627.9 mins"
compute sample.chain time: 
 user.self 2307738.914
 sys.self 330.336
 elapsed 2317673.89
 user.child 0
 sys.child 0
[1] "time 38666.3 ETC 40701.4 mins"
[1] "time 38683.9 ETC 42587.8 mins"
[1] "time 38820.9 ETC 38820.9 mins"
compute sample.chain time: 
 user.self 2320082.025
 sys.self 428.733
 elapsed 2329258.651
 user.child 0
 sys.child 0
[1] "time 38853.0 ETC 38853.0 mins"
compute sample.chain time: 
 user.self 2320778.115
 sys.self 434.971
 elapsed 2331183.871
 user.child 0
 sys.child 0
[1] "time 38937.0 ETC 40629.9 mins"
[1] "time 38944.0 ETC 40286.9 mins"
[1] "time 38963.3 ETC 42505.4 mins"
[1] "time 39213.6 ETC 40565.8 mins"
[1] "time 39235.9 ETC 42417.2 mins"
[1] "time 39349.5 ETC 40358.5 mins"
[1] "time 39489.4 ETC 40501.9 mins"
[1] "time 39512.5 ETC 42334.9 mins"
[1] "time 39633.0 ETC 40304.7 mins"
[1] "time 39756.3 ETC 40430.2 mins"
[1] "time 39793.2 ETC 42258.3 mins"
[1] "time 39913.7 ETC 40249.1 mins"
[1] "time 40024.3 ETC 40360.7 mins"
[1] "time 40071.8 ETC 42180.9 mins"
[1] "time 40192.1 ETC 40192.1 mins"
compute sample.chain time: 
 user.self 2400578.713
 sys.self 473.37
 elapsed 2411525.208
 user.child 0
 sys.child 0
[1] "time 40296.1 ETC 40296.1 mins"
compute sample.chain time: 
 user.self 2408136.407
 sys.self 482.039
 elapsed 2417765.322
 user.child 0
 sys.child 0
[1] "time 40353.8 ETC 42108.3 mins"
[1] "time 40638.5 ETC 42039.8 mins"
[1] "time 40928.2 ETC 41977.6 mins"
[1] "time 41288.7 ETC 41988.5 mins"
[1] "time 41700.8 ETC 42051.2 mins"
[1] "time 42055.6 ETC 42055.6 mins"
compute sample.chain time: 
 user.self 2512120.517
 sys.self 348.153
 elapsed 2523339.403
 user.child 0
 sys.child 0
Reading input catalog file ./SBS/input/Realistic/ground.truth.syn.catalog.csv
calling hdp_extract_components 2022-08-18 12:06:24
hdp_extract_components time: 
 user.self 191566
 sys.self 5898.581
 elapsed 198337.481
 user.child 0
 sys.child 0
calling hdpx::comp_categ_distn 2022-08-20 19:12:02
Calling hdpx::comp_dp_distn 2022-08-20 19:12:02
Using existing out.dir SBS/raw_results/NR_hdp_gb_1.results/Realistic/seed.1076753
Writing HDP diagnostics
Writing signatures
Writing exposures
Warning messages:
1: In plot.new() :
  Cannot open temporary file '/tmp/RtmpskeHC3/pdf81aa17ddfa836' for compression (reason: No such file or directory); compression has been turned off for this device
2: In plot.new() :
  Cannot open temporary file '/tmp/RtmpskeHC3/pdf81aa15066b302' for compression (reason: No such file or directory); compression has been turned off for this device
3: In plot.new() :
  Cannot open temporary file '/tmp/RtmpskeHC3/pdf81aa11fe55a3a' for compression (reason: No such file or directory); compression has been turned off for this device
4: In plot.new() :
  Cannot open temporary file '/tmp/RtmpskeHC3/pdf81aa16d9d0588' for compression (reason: No such file or directory); compression has been turned off for this device
5: In plot.new() :
  Cannot open temporary file '/tmp/RtmpskeHC3/pdf81aa148962043' for compression (reason: No such file or directory); compression has been turned off for this device
6: In plot.new() :
  Cannot open temporary file '/tmp/RtmpskeHC3/pdf81aa156567bb7' for compression (reason: No such file or directory); compression has been turned off for this device
7: In plot.new() :
  Cannot open temporary file '/tmp/RtmpskeHC3/pdf81aa1a6b110d' for compression (reason: No such file or directory); compression has been turned off for this device
8: In plot.new() :
  Cannot open temporary file '/tmp/RtmpskeHC3/pdf81aa130fcbf8a' for compression (reason: No such file or directory); compression has been turned off for this device
