nohup: ignoring input
2022-07-17 12:05:21 running /home/e0240162/opt/anaconda3/envs/R-4.2-hdp-NR/lib/R/bin/exec/R --no-echo --no-restore --file=SBS/code/4f_SBS_NR_hdp_gamma_beta_1.R --args SBS/raw_results/NR_hdp_gb_1.results 200437
2022-07-17 12:05:21 running on seed 200437
hdpx version 0.1.5.99
mSigHdp version 0.0.0.9019
Loading required package: ICAMS
Loading required package: hdpx
This is /home/e0240162/opt/anaconda3/envs/R-4.2-hdp-NR/lib/R/library and hdpx v0.1.5.0099
Loading required package: mSigHdp
2022-07-17 12:05:32 starting analyses; output in subdir of SBS/raw_results/NR_hdp_gb_1.results
2022-07-17 12:05:32SBS/raw_results/NR_hdp_gb_1.results already exists
2022-07-17 12:05:32 putting results in SBS/raw_results/NR_hdp_gb_1.results/Realistic/seed.200437
2022-07-17 12:05:32 seed_in_use=200437


===========================================


Begin running mSigHdp on data set Realistic using seed 200437...



===========================================


Runing run.setup.and.posterior on 1200437
Reading input catalog file ./SBS/input/Realistic/ground.truth.syn.catalog.csv
Runing run.setup.and.posterior on 2200437
Reading input catalog file ./SBS/input/Realistic/ground.truth.syn.catalog.csv
Runing run.setup.and.posterior on 3200437
Reading input catalog file ./SBS/input/Realistic/ground.truth.syn.catalog.csv
Runing run.setup.and.posterior on 4200437
Reading input catalog file ./SBS/input/Realistic/ground.truth.syn.catalog.csv
Runing run.setup.and.posterior on 5200437
Reading input catalog file ./SBS/input/Realistic/ground.truth.syn.catalog.csv
Runing run.setup.and.posterior on 6200437
Reading input catalog file ./SBS/input/Realistic/ground.truth.syn.catalog.csv
Guessed number of signatures (= Dirichlet process data clusters) = 46
Guessed number of signatures (= Dirichlet process data clusters) = 46
0 1 1 1 1 1 1 1 1 1 2 2 2 2 2 2 2 2 2 2 2 2 2 2 2 2 2 2 2 2 2 2 2 2 2 2 2 2 2 2 2 2 2 2 2 2 2 2 2 2 2 2 2 2 2 2 2 2 2 2 2 2 2 2 2 2 2 2 2 2 3 3 3 3 3 3 3 3 3 3 3 3 3 3 3 3 3 3 3 3 3 3 3 3 3 3 3 3 3 3 3 3 3 3 3 3 3 3 3 3 3 3 3 3 3 3 3 3 3 3 3 3 3 3 3 3 3 3 3 3 4 4 4 4 4 4 4 4 4 4 4 4 4 4 4 4 4 4 4 4 4 4 4 4 4 4 4 4 4 4 4 4 4 4 4 4 4 4 4 4 4 4 4 4 4 4 4 4 4 4 4 4 4 4 4 4 4 4 4 4 5 5 5 5 5 5 5 5 5 5 5 5 5 5 5 5 5 5 5 5 5 5 5 5 5 5 5 5 5 5 5 5 5 5 5 5 5 5 5 5 5 5 5 5 5 5 5 5 5 5 5 5 5 5 5 5 5 5 5 5 6 6 6 6 6 6 6 6 6 6 6 6 6 6 6 6 6 6 6 6 6 6 6 6 6 6 6 6 6 6 6 6 6 6 6 6 6 6 6 6 6 6 6 6 6 6 6 6 6 6 6 6 6 6 6 6 6 6 6 6 7 7 7 7 7 7 7 7 7 7 7 7 7 7 7 7 7 7 7 7 7 7 7 7 7 7 7 7 7 7 7 7 7 7 7 7 7 7 7 7 7 7 7 7 7 7 7 7 7 7 7 7 7 7 7 7 7 7 7 7 8 8 8 8 8 8 8 8 8 8 8 8 8 8 8 8 8 8 8 8 8 8 8 8 8 8 8 8 8 8 8 8 8 8 8 8 8 8 8 8 8 8 8 8 8 8 8 8 8 8 8 8 8 8 8 8 8 8 8 8 9 9 9 9 9 9 9 9 9 9 9 9 9 9 9 9 9 9 9 9 9 9 9 9 9 9 9 9 9 9 9 9 9 9 9 9 9 9 9 9 9 9 9 9 9 9 9 9 9 9 9 9 9 9 9 9 9 9 9 9 10 10 10 10 10 10 10 10 10 10 10 10 10 10 10 10 10 10 10 10 10 10 10 10 10 10 10 10 10 10 10 10 10 10 10 10 10 10 10 10 10 10 10 10 10 10 10 10 10 10 10 10 10 10 10 10 10 10 10 10 
calling hdp_init 2022-07-17 12:05:33
0 1 1 1 1 1 1 1 1 1 2 2 2 2 2 2 2 2 2 2 2 2 2 2 2 2 2 2 2 2 2 2 2 2 2 2 2 2 2 2 2 2 2 2 2 2 2 2 2 2 2 2 2 2 2 2 2 2 2 2 2 2 2 2 2 2 2 2 2 2 3 3 3 3 3 3 3 3 3 3 3 3 3 3 3 3 3 3 3 3 3 3 3 3 3 3 3 3 3 3 3 3 3 3 3 3 3 3 3 3 3 3 3 3 3 3 3 3 3 3 3 3 3 3 3 3 3 3 3 3 4 4 4 4 4 4 4 4 4 4 4 4 4 4 4 4 4 4 4 4 4 4 4 4 4 4 4 4 4 4 4 4 4 4 4 4 4 4 4 4 4 4 4 4 4 4 4 4 4 4 4 4 4 4 4 4 4 4 4 4 5 5 5 5 5 5 5 5 5 5 5 5 5 5 5 5 5 5 5 5 5 5 5 5 5 5 5 5 5 5 5 5 5 5 5 5 5 5 5 5 5 5 5 5 5 5 5 5 5 5 5 5 5 5 5 5 5 5 5 5 6 6 6 6 6 6 6 6 6 6 6 6 6 6 6 6 6 6 6 6 6 6 6 6 6 6 6 6 6 6 6 6 6 6 6 6 6 6 6 6 6 6 6 6 6 6 6 6 6 6 6 6 6 6 6 6 6 6 6 6 7 7 7 7 7 7 7 7 7 7 7 7 7 7 7 7 7 7 7 7 7 7 7 7 7 7 7 7 7 7 7 7 7 7 7 7 7 7 7 7 7 7 7 7 7 7 7 7 7 7 7 7 7 7 7 7 7 7 7 7 8 8 8 8 8 8 8 8 8 8 8 8 8 8 8 8 8 8 8 8 8 8 8 8 8 8 8 8 8 8 8 8 8 8 8 8 8 8 8 8 8 8 8 8 8 8 8 8 8 8 8 8 8 8 8 8 8 8 8 8 9 9 9 9 9 9 9 9 9 9 9 9 9 9 9 9 9 9 9 9 9 9 9 9 9 9 9 9 9 9 9 9 9 9 9 9 9 9 9 9 9 9 9 9 9 9 9 9 9 9 9 9 9 9 9 9 9 9 9 9 10 10 10 10 10 10 10 10 10 10 10 10 10 10 10 10 10 10 10 10 10 10 10 10 10 10 10 10 10 10 10 Runing run.setup.and.posterior on 7200437
10 10 10 10 10 10 10 10 10 10 10 10 10 10 10 10 10 10 10 10 10 10 10 10 10 10 10 10 10 
calling hdp_init 2022-07-17 12:05:33
Reading input catalog file ./SBS/input/Realistic/ground.truth.syn.catalog.csv
Runing run.setup.and.posterior on 8200437
Reading input catalog file ./SBS/input/Realistic/ground.truth.syn.catalog.csv
Guessed number of signatures (= Dirichlet process data clusters) = 46
0 1 1 1 1 1 1 1 1 1 2 2 2 2 2 2 2 2 2 2 2 2 2 2 2 2 2 2 2 2 2 2 2 2 2 2 2 2 2 2 2 2 2 2 2 2 2 2 2 2 2 2 2 2 2 2 2 2 2 2 2 2 2 2 2 2 2 2 2 2 3 3 3 3 3 3 3 3 3 3 3 3 3 3 3 3 3 3 3 3 3 3 3 3 3 3 3 3 3 3 3 3 3 3 3 3 3 3 3 3 3 3 3 3 3 3 3 3 3 3 3 3 3 3 3 3 3 3 3 3 4 4 4 4 4 4 4 4 4 4 4 4 4 4 4 4 4 4 4 4 4 4 4 4 4 4 4 4 4 4 4 4 4 4 4 4 4 4 4 4 4 4 4 4 4 4 4 4 4 4 4 4 4 4 4 4 4 4 4 4 5 5 5 5 5 5 5 5 5 5 5 5 5 5 5 5 5 5 5 5 5 5 5 5 5 5 5 5 5 5 5 5 5 5 5 5 5 5 5 5 5 5 5 5 5 5 5 5 5 5 5 5 5 5 5 5 5 5 5 5 6 6 6 6 6 6 6 6 6 6 6 6 6 6 6 6 6 6 6 6 6 6 6 6 6 6 6 6 6 6 6 6 6 6 6 6 6 6 6 6 6 6 6 6 6 6 6 6 6 6 6 6 6 6 6 6 6 6 6 6 7 7 7 7 7 7 7 7 7 7 7 7 7 7 7 7 7 7 7 7 7 7 7 7 7 7 7 7 7 7 7 7 7 7 7 7 7 7 7 7 7 7 7 7 7 7 7 7 7 7 7 7 7 7 7 7 7 7 7 7 8 8 8 8 8 8 8 8 8 8 8 8 8 8 8 8 8 8 8 8 8 8 8 8 8 8 8 8 8 8 8 8 8 8 8 8 8 8 8 8 8 8 8 8 8 8 8 8 8 8 8 8 8 8 8 8 8 8 8 8 9 9 9 9 9 9 9 9 9 9 9 9 9 9 9 9 9 9 9 9 9 9 9 9 9 9 9 9 9 9 9 9 9 9 9 9 9 9 9 9 9 9 9 9 9 9 9 9 9 9 9 9 9 9 9 9 9 9 9 9 10 10 10 10 10 10 10 10 10 10 10 10 10 10 10 10 10 10 10 10 10 10 10 10 10 10 10 10 10 10 10 10 10 10 10 10 10 10 10 10 10 10 10 10 10 10 10 10 10 10 10 10 10 10 10 10 10 10 10 10 
calling hdp_init 2022-07-17 12:05:33
Guessed number of signatures (= Dirichlet process data clusters) = 46
Runing run.setup.and.posterior on 9200437
Reading input catalog file ./SBS/input/Realistic/ground.truth.syn.catalog.csv
0 1 1 1 1 1 1 1 1 1 2 2 2 2 2 2 2 2 2 2 2 2 2 2 2 2 2 2 2 2 2 2 2 2 2 2 2 2 2 2 2 2 2 2 2 2 2 2 2 2 2 2 2 2 2 2 2 2 2 2 2 2 2 2 2 2 2 2 2 2 3 3 3 3 3 3 3 3 3 3 3 3 3 3 3 3 3 3 3 3 3 3 3 3 3 3 3 3 3 3 3 3 3 3 3 3 3 3 3 3 3 3 3 3 3 3 3 3 3 3 3 3 3 3 3 3 3 3 3 3 4 4 4 4 4 4 4 4 4 4 4 4 4 4 4 4 4 4 4 4 4 4 4 4 4 4 4 4 4 4 4 4 4 4 4 4 4 4 4 4 4 4 4 4 4 4 4 4 4 4 4 4 4 4 4 4 4 4 4 4 5 5 5 5 5 5 5 5 5 5 5 5 5 5 5 5 5 5 5 5 5 5 5 5 5 5 5 5 5 5 5 5 5 5 5 5 5 5 5 5 5 5 5 5 5 5 5 5 5 5 5 5 5 5 5 5 5 5 5 5 6 6 6 6 6 6 6 6 6 6 6 6 6 6 6 6 6 6 6 6 6 6 6 6 6 6 6 6 6 6 6 6 6 6 6 6 6 6 6 6 6 6 6 6 6 6 6 6 6 6 6 6 6 6 6 6 6 6 6 6 7 7 7 7 7 7 7 7 7 7 7 7 7 7 7 7 7 7 7 7 7 7 7 7 7 7 7 7 7 7 7 7 7 7 7 7 7 7 7 7 7 7 7 7 7 7 7 7 7 7 7 7 7 7 7 7 7 7 7 7 8 8 8 8 8 8 8 8 8 8 8 8 8 8 8 8 8 8 8 8 8 8 8 8 8 8 8 8 8 8 8 8 8 8 8 8 8 8 8 8 8 8 8 8 8 8 8 8 8 8 8 8 8 8 8 8 8 8 8 8 9 9 9 9 9 9 9 9 9 9 9 9 9 9 9 9 9 9 9 9 9 9 9 9 9 9 9 9 9 9 9 9 9 9 9 9 9 9 9 9 9 9 9 9 9 9 9 9 9 9 9 9 9 9 9 9 9 9 9 9 10 10 10 10 10 10 10 10 10 10 10 10 10 10 10 10 10 10 10 10 10 10 10 10 10 10 10 10 10 10 10 10 10 10 10 10 10 10 10 10 10 10 10 10 10 10 10 10 10 10 10 10 10 10 10 10 10 10 10 10 
calling hdp_init 2022-07-17 12:05:33
Guessed number of signatures (= Dirichlet process data clusters) = 46
Runing run.setup.and.posterior on 10200437
Reading input catalog file ./SBS/input/Realistic/ground.truth.syn.catalog.csv
0 1 1 1 1 1 1 1 1 1 2 2 2 2 2 2 2 2 2 2 2 2 2 2 2 2 2 2 2 2 2 2 2 2 2 2 2 2 2 2 2 2 2 2 2 2 2 2 2 2 2 2 2 2 2 2 2 2 2 2 2 2 2 2 2 2 2 2 2 2 3 3 3 3 3 3 3 3 3 3 3 3 3 3 3 3 3 3 3 3 3 3 3 3 3 3 3 3 3 3 3 3 3 3 3 3 3 3 3 3 3 3 3 3 3 3 3 3 3 3 3 3 3 3 3 3 3 3 3 3 4 4 4 4 4 4 4 4 4 4 4 4 4 4 4 4 4 4 4 4 4 4 4 4 4 4 4 4 4 4 4 4 4 4 4 4 4 4 4 4 4 4 4 4 4 4 4 4 4 4 4 4 4 4 4 4 4 4 4 4 5 5 5 5 5 5 5 5 5 5 5 5 5 5 5 5 5 5 5 5 5 5 5 5 5 5 5 5 5 5 5 5 5 5 5 5 5 5 5 5 5 5 5 5 5 5 5 5 5 5 5 5 5 5 5 5 5 5 5 5 6 6 6 6 6 6 6 6 6 6 6 6 6 6 6 6 6 6 6 6 6 6 6 6 6 6 6 6 6 6 6 6 6 6 6 6 6 6 6 6 6 6 6 6 6 6 6 6 6 6 6 6 6 6 6 6 6 6 6 6 7 7 7 7 7 7 7 7 7 7 7 7 7 7 7 7 7 7 7 7 7 7 7 7 7 7 7 7 7 7 7 7 7 7 7 7 7 7 7 7 7 7 7 7 7 7 7 7 7 7 7 7 7 7 7 7 7 7 7 7 8 8 8 8 8 8 8 8 8 8 8 8 8 8 8 8 8 8 8 8 8 8 8 8 8 8 8 8 8 8 8 8 8 8 8 8 8 8 8 8 8 8 8 8 8 8 8 8 8 8 8 8 8 8 8 8 8 8 8 8 9 9 9 9 9 9 9 9 9 9 9 9 9 9 9 9 9 9 9 9 9 9 9 9 9 9 9 9 9 9 9 9 9 9 9 9 9 9 9 9 9 9 9 9 9 9 9 9 9 9 9 9 9 9 9 9 9 9 9 9 10 10 10 10 10 10 10 10 10 10 10 10 10 10 10 10 10 10 10 10 10 10 10 10 10 10 10 10 10 10 10 10 10 10 10 10 10 10 10 10 10 10 10 10 10 10 10 10 10 10 10 10 10 10 10 10 10 10 10 10 
calling hdp_init 2022-07-17 12:05:33
Guessed number of signatures (= Dirichlet process data clusters) = 46
Runing run.setup.and.posterior on 11200437
Reading input catalog file ./SBS/input/Realistic/ground.truth.syn.catalog.csv
0 1 1 1 1 1 1 1 1 1 2 2 2 2 2 2 2 2 2 2 2 2 2 2 2 2 2 2 2 2 2 2 2 2 2 2 2 2 2 2 2 2 2 2 2 2 2 2 2 2 2 2 2 2 2 2 2 2 2 2 2 2 2 2 2 2 2 2 2 2 3 3 3 3 3 3 3 3 3 3 3 3 3 3 3 3 3 3 3 3 3 3 3 3 3 3 3 3 3 3 3 3 3 3 3 3 3 3 3 3 3 3 3 3 3 3 3 3 3 3 3 3 3 3 3 3 3 3 3 3 4 4 4 4 4 4 4 4 4 4 4 4 4 4 4 4 4 4 4 4 4 4 4 4 4 4 4 4 4 4 4 4 4 4 4 4 4 4 4 4 4 4 4 4 4 4 4 4 4 4 4 4 4 4 4 4 4 4 4 4 5 5 5 5 5 5 5 5 5 5 5 5 5 5 5 5 5 5 5 5 5 5 5 5 5 5 5 5 5 5 5 5 5 5 5 5 5 5 5 5 5 5 5 5 5 5 5 5 5 5 5 5 5 5 5 5 5 5 5 5 6 6 6 6 6 6 6 6 6 6 6 6 6 6 6 6 6 6 6 6 6 6 6 6 6 6 6 6 6 6 6 6 6 6 6 6 6 6 6 6 6 6 6 6 6 6 6 6 6 6 6 6 6 6 6 6 6 6 6 6 7 7 7 7 7 7 7 7 7 7 7 7 7 7 7 7 7 7 7 7 7 7 7 7 7 7 7 7 7 7 7 7 7 7 7 7 7 7 7 7 7 7 7 7 7 7 7 7 7 7 7 7 7 7 7 7 7 7 7 7 8 8 8 8 8 8 8 8 8 8 8 8 8 8 8 8 8 8 8 8 8 8 8 8 8 8 8 8 8 8 8 8 8 8 8 8 8 8 8 8 8 8 8 8 8 8 8 8 8 8 8 8 8 8 8 8 8 8 8 8 9 9 9 9 9 9 9 9 9 9 9 9 9 9 9 9 9 9 9 9 9 9 9 9 9 9 9 9 9 9 9 9 9 9 9 9 9 9 9 9 9 9 9 9 9 9 9 9 9 9 9 9 9 9 9 9 9 9 9 9 10 10 10 10 10 10 10 10 10 10 10 10 10 10 10 10 10 10 10 10 10 10 10 10 10 10 10 10 10 10 10 10 10 10 10 10 10 10 10 10 10 10 10 10 10 10 10 10 10 10 10 10 10 10 10 10 10 10 10 10 
calling hdp_init 2022-07-17 12:05:33
Runing run.setup.and.posterior on 12200437
Reading input catalog file ./SBS/input/Realistic/ground.truth.syn.catalog.csv
Guessed number of signatures (= Dirichlet process data clusters) = 46
0 1 1 1 1 1 1 1 1 1 2 2 2 2 2 2 2 2 2 2 2 2 2 2 2 2 2 2 2 2 2 2 2 2 2 2 2 2 2 2 2 2 2 2 2 2 2 2 2 2 2 2 2 2 2 2 2 2 2 2 2 2 2 2 2 2 2 2 2 2 3 3 3 3 3 3 3 3 3 3 3 3 3 3 3 3 3 3 3 3 3 3 3 3 3 3 3 3 3 3 3 3 3 3 3 3 3 3 3 3 3 3 3 3 3 3 3 3 3 3 3 3 3 3 3 3 3 3 3 3 4 4 4 4 4 4 4 4 4 4 4 4 4 4 4 4 4 4 4 4 4 4 4 4 4 4 4 4 4 4 4 4 4 4 4 4 4 4 4 4 4 4 4 4 4 4 4 4 4 4 4 4 4 4 4 4 4 4 4 4 5 5 5 5 5 5 5 5 5 5 5 5 5 5 5 5 5 5 5 5 5 5 5 5 5 5 5 5 5 5 5 5 5 5 5 5 5 5 5 5 5 5 5 5 5 5 5 5 5 5 5 5 5 5 5 5 5 5 5 5 6 6 6 6 6 6 6 6 6 6 6 6 6 6 6 6 6 6 6 6 6 6 6 6 6 6 6 6 6 6 6 6 6 6 6 6 6 6 6 6 6 6 6 6 6 6 6 6 6 6 6 6 6 6 6 6 6 6 6 6 7 7 7 7 7 7 7 7 7 7 7 7 7 7 7 7 7 7 7 7 7 7 7 7 7 7 7 7 7 7 7 7 7 7 7 7 7 7 7 7 7 7 7 7 7 7 7 7 7 7 7 7 7 7 7 7 7 7 7 7 8 8 8 8 8 8 8 8 8 8 8 8 8 8 8 8 8 8 8 8 8 8 8 8 8 8 8 8 8 8 8 8 8 8 8 8 8 8 8 8 8 8 8 8 8 8 8 8 8 8 8 8 8 8 8 8 8 8 8 8 9 9 9 9 9 9 9 9 9 9 9 9 9 9 9 9 9 9 9 9 9 9 9 9 9 9 9 9 9 9 9 9 9 9 9 9 9 9 9 9 9 9 9 9 9 9 9 9 9 9 9 9 9 9 9 9 9 9 9 9 10 10 10 10 10 10 10 10 10 10 10 10 10 10 10 10 10 10 10 10 10 10 10 10 10 10 10 10 10 10 10 10 10 10 10 10 10 10 10 10 10 10 10 10 10 10 10 10 10 10 10 10 10 10 10 10 10 10 10 10 
calling hdp_init 2022-07-17 12:05:33
Guessed number of signatures (= Dirichlet process data clusters) = 46
Runing run.setup.and.posterior on 13200437
Reading input catalog file ./SBS/input/Realistic/ground.truth.syn.catalog.csv
0 1 1 1 1 1 1 1 1 1 2 2 2 2 2 2 2 2 2 2 2 2 2 2 2 2 2 2 2 2 2 2 2 2 2 2 2 2 2 2 2 2 2 2 2 2 2 2 2 2 2 2 2 2 2 2 2 2 2 2 2 2 2 2 2 2 2 2 2 2 3 3 3 3 3 3 3 3 3 3 3 3 3 3 3 3 3 3 3 3 3 3 3 3 3 3 3 3 3 3 3 3 3 3 3 3 3 3 3 3 3 3 3 3 3 3 3 3 3 3 3 3 3 3 3 3 3 3 3 3 4 4 4 4 4 4 4 4 4 4 4 4 4 4 4 4 4 4 4 4 4 4 4 4 4 4 4 4 4 4 4 4 4 4 4 4 4 4 4 4 4 4 4 4 4 4 4 4 4 4 4 4 4 4 4 4 4 4 4 4 5 5 5 5 5 5 5 5 5 5 5 5 5 5 5 5 5 5 5 5 5 5 5 5 5 5 5 5 5 5 5 5 5 5 5 5 5 5 5 5 5 5 5 5 5 5 5 5 5 5 5 5 5 5 5 5 5 5 5 5 6 6 6 6 6 6 6 6 6 6 6 6 6 6 6 6 6 6 6 6 6 6 6 6 6 6 6 6 6 6 6 6 6 6 6 6 6 6 6 6 6 6 6 6 6 6 6 6 6 6 6 6 6 6 6 6 6 6 6 6 7 7 7 7 7 7 7 7 7 7 7 7 7 7 7 7 7 7 7 7 7 7 7 7 7 7 7 7 7 7 7 7 7 7 7 7 7 7 7 7 7 7 7 7 7 7 7 7 7 7 7 7 7 7 7 7 7 7 7 7 8 8 8 8 8 8 8 8 8 8 8 8 8 8 8 8 8 8 8 8 8 8 8 8 8 8 8 8 8 8 8 8 8 8 8 8 8 8 8 8 8 8 8 8 8 8 8 8 8 8 8 8 8 8 8 8 8 8 8 8 9 9 9 9 9 9 9 9 9 9 9 9 9 9 9 9 9 9 9 9 9 9 9 9 9 9 9 9 9 9 9 9 9 9 9 9 9 9 9 9 9 9 9 9 9 9 9 9 9 9 9 9 9 9 9 9 9 9 9 9 10 10 10 10 10 10 10 10 10 10 10 10 10 10 10 10 10 10 10 10 10 10 10 10 10 10 10 10 10 10 10 10 10 10 10 10 10 10 10 10 10 10 10 10 10 10 10 10 10 10 10 10 10 10 10 10 10 10 10 10 
calling hdp_init 2022-07-17 12:05:33
Runing run.setup.and.posterior on 14200437
Reading input catalog file ./SBS/input/Realistic/ground.truth.syn.catalog.csv
Guessed number of signatures (= Dirichlet process data clusters) = 46
0 1 1 1 1 1 1 1 1 1 2 2 2 2 2 2 2 2 2 2 2 2 2 2 2 2 2 2 2 2 2 2 2 2 2 2 2 2 2 2 2 2 2 2 2 2 2 2 2 2 2 2 2 2 2 2 2 2 2 2 2 2 2 2 2 2 2 2 2 2 3 3 3 3 3 3 3 3 3 3 3 3 3 3 3 3 3 3 3 3 3 3 3 3 3 3 3 3 3 3 3 3 3 3 3 3 3 3 3 3 3 3 3 3 3 3 3 3 3 3 3 3 3 3 3 3 3 3 3 3 4 4 4 4 4 4 4 4 4 4 4 4 4 4 4 4 4 4 4 4 4 4 4 4 4 4 4 4 4 4 4 4 4 4 4 4 4 4 4 4 4 4 4 4 4 4 4 4 4 4 4 4 4 4 4 4 4 4 4 4 5 5 5 5 5 5 5 5 5 5 5 5 5 5 5 5 5 5 5 5 5 5 5 5 5 5 5 5 5 5 5 5 5 5 5 5 5 5 5 5 5 5 5 5 5 5 5 5 5 5 5 5 5 5 5 5 5 5 5 5 6 6 6 6 6 6 6 6 6 6 6 6 6 6 6 6 6 6 6 6 6 6 6 6 6 6 6 6 6 6 6 6 6 6 6 6 6 6 6 6 6 6 6 6 6 6 6 6 6 6 6 6 6 6 6 6 6 6 6 6 7 7 7 7 7 7 7 7 7 7 7 7 7 7 7 7 7 7 7 7 7 7 7 7 7 7 7 7 7 7 7 7 7 7 7 7 7 7 7 7 7 7 7 7 7 7 7 7 7 7 7 7 7 7 7 7 7 7 7 7 8 8 8 8 8 8 8 8 8 8 8 8 8 8 8 8 8 8 8 8 8 8 8 8 8 8 8 8 8 8 8 8 8 8 8 8 8 8 8 8 8 8 8 8 8 8 8 8 8 8 8 8 8 8 8 8 8 8 8 8 9 9 9 9 9 9 9 9 9 9 9 9 9 9 9 9 9 9 9 9 9 9 9 9 9 9 9 9 9 9 9 9 9 9 9 9 9 9 9 9 9 9 9 9 9 9 9 9 9 9 9 9 9 9 9 9 9 9 9 9 10 10 10 10 10 10 10 10 10 10 10 10 10 10 10 10 10 10 10 10 10 10 10 10 10 10 10 10 10 10 10 10 10 10 10 10 10 10 10 10 10 10 10 10 10 10 10 10 10 10 10 10 10 10 10 10 10 10 10 10 
calling hdp_init 2022-07-17 12:05:33
Guessed number of signatures (= Dirichlet process data clusters) = 46
Runing run.setup.and.posterior on 15200437
Reading input catalog file ./SBS/input/Realistic/ground.truth.syn.catalog.csv
0 1 1 1 1 1 1 1 1 1 2 2 2 2 2 2 2 2 2 2 2 2 2 2 2 2 2 2 2 2 2 2 2 2 2 2 2 2 2 2 2 2 2 2 2 2 2 2 2 2 2 2 2 2 2 2 2 2 2 2 2 2 2 2 2 2 2 2 2 2 3 3 3 3 3 3 3 3 3 3 3 3 3 3 3 3 3 3 3 3 3 3 3 3 3 3 3 3 3 3 3 3 3 3 3 3 3 3 3 3 3 3 3 3 3 3 3 3 3 3 3 3 3 3 3 3 3 3 3 3 4 4 4 4 4 4 4 4 4 4 4 4 4 4 4 4 4 4 4 4 4 4 4 4 4 4 4 4 4 4 4 4 4 4 4 4 4 4 4 4 4 4 4 4 4 4 4 4 4 4 4 4 4 4 4 4 4 4 4 4 5 5 5 5 5 5 5 5 5 5 5 5 5 5 5 5 5 5 5 5 5 5 5 5 5 5 5 5 5 5 5 5 5 5 5 5 5 5 5 5 5 5 5 5 5 5 5 5 5 5 5 5 5 5 5 5 5 5 5 5 6 6 6 6 6 6 6 6 6 6 6 6 6 6 6 6 6 6 6 6 6 6 6 6 6 6 6 6 6 6 6 6 6 6 6 6 6 6 6 6 6 6 6 6 6 6 6 6 6 6 6 6 6 6 6 6 6 6 6 6 7 7 7 7 7 7 7 7 7 7 7 7 7 7 7 7 7 7 7 7 7 7 7 7 7 7 7 7 7 7 7 7 7 7 7 7 7 7 7 7 7 7 7 7 7 7 7 7 7 7 7 7 7 7 7 7 7 7 7 7 8 8 8 8 8 8 8 8 8 8 8 8 8 8 8 8 8 8 8 8 8 8 8 8 8 8 8 8 8 8 8 8 8 8 8 8 8 8 8 8 8 8 8 8 8 8 8 8 8 8 8 8 8 8 8 8 8 8 8 8 9 9 9 9 9 9 9 9 9 9 9 9 9 9 9 9 9 9 9 9 9 9 9 9 9 9 9 9 9 9 9 9 9 9 9 9 9 9 9 9 9 9 9 9 9 9 9 9 9 9 9 9 9 9 9 9 9 9 9 9 10 10 10 10 10 10 10 10 10 10 10 10 10 10 10 10 10 10 10 10 10 10 10 10 10 10 10 10 10 10 10 10 10 10 10 10 10 10 10 10 10 10 10 10 10 10 10 10 10 10 10 10 10 10 10 10 10 10 10 10 
calling hdp_init 2022-07-17 12:05:33
Guessed number of signatures (= Dirichlet process data clusters) = 46
Runing run.setup.and.posterior on 16200437
Reading input catalog file ./SBS/input/Realistic/ground.truth.syn.catalog.csv
0 1 1 1 1 1 1 1 1 1 2 2 2 2 2 2 2 2 2 2 2 2 2 2 2 2 2 2 2 2 2 2 2 2 2 2 2 2 2 2 2 2 2 2 2 2 2 2 2 2 2 2 2 2 2 2 2 2 2 2 2 2 2 2 2 2 2 2 2 2 3 3 3 3 3 3 3 3 3 3 3 3 3 3 3 3 3 3 3 3 3 3 3 3 3 3 3 3 3 3 3 3 3 3 3 3 3 3 3 3 3 3 3 3 3 3 3 3 3 3 3 3 3 3 3 3 3 3 3 3 4 4 4 4 4 4 4 4 4 4 4 4 4 4 4 4 4 4 4 4 4 4 4 4 4 4 4 4 4 4 4 4 4 4 4 4 4 4 4 4 4 4 4 4 4 4 4 4 4 4 4 4 4 4 4 4 4 4 4 4 5 5 5 5 5 5 5 5 5 5 5 5 5 5 5 5 5 5 5 5 5 5 5 5 5 5 5 5 5 5 5 5 5 5 5 5 5 5 5 5 5 5 5 5 5 5 5 5 5 5 5 5 5 5 5 5 5 5 5 5 6 6 6 6 6 6 6 6 6 6 6 6 6 6 6 6 6 6 6 6 6 6 6 6 6 6 6 6 6 6 6 6 6 6 6 6 6 6 6 6 6 6 6 6 6 6 6 6 6 6 6 6 6 6 6 6 6 6 6 6 7 7 7 7 7 7 7 7 7 7 7 7 7 7 7 7 7 7 7 7 7 7 7 7 7 7 7 7 7 7 7 7 7 7 7 7 7 7 7 7 7 7 7 7 7 7 7 7 7 7 7 7 7 7 7 7 7 7 7 7 8 8 8 8 8 8 8 8 8 8 8 8 8 8 8 8 8 8 8 8 8 8 8 8 8 8 8 8 8 8 8 8 8 8 8 8 8 8 8 8 8 8 8 8 8 8 8 8 8 8 8 8 8 8 8 8 8 8 8 8 9 9 9 9 9 9 9 9 9 9 9 9 9 9 9 9 9 9 9 9 9 9 9 9 9 9 9 9 9 9 9 9 9 9 9 9 9 9 9 9 9 9 9 9 9 9 9 9 9 9 9 9 9 9 9 9 9 9 9 9 10 10 10 10 10 10 10 10 10 10 10 10 10 10 10 10 10 10 10 10 10 10 10 10 10 10 10 10 10 10 10 10 10 10 10 10 10 10 10 10 10 10 10 10 10 10 10 10 10 10 10 10 10 10 10 10 10 10 10 10 
calling hdp_init 2022-07-17 12:05:33
Guessed number of signatures (= Dirichlet process data clusters) = 46
Runing run.setup.and.posterior on 17200437
Reading input catalog file ./SBS/input/Realistic/ground.truth.syn.catalog.csv
0 1 1 1 1 1 1 1 1 1 2 2 2 2 2 2 2 2 2 2 2 2 2 2 2 2 2 2 2 2 2 2 2 2 2 2 2 2 2 2 2 2 2 2 2 2 2 2 2 2 2 2 2 2 2 2 2 2 2 2 2 2 2 2 2 2 2 2 2 2 3 3 3 3 3 3 3 3 3 3 3 3 3 3 3 3 3 3 3 3 3 3 3 3 3 3 3 3 3 3 3 3 3 3 3 3 3 3 3 3 3 3 3 3 3 3 3 3 3 3 3 3 3 3 3 3 3 3 3 3 4 4 4 4 4 4 4 4 4 4 4 4 4 4 4 4 4 4 4 4 4 4 4 4 4 4 4 4 4 4 4 4 4 4 4 4 4 4 4 4 4 4 4 4 4 4 4 4 4 4 4 4 4 4 4 4 4 4 4 4 5 5 5 5 5 5 5 5 5 5 5 5 5 5 5 5 5 5 5 5 5 5 5 5 5 5 5 5 5 5 5 5 5 5 5 5 5 5 5 5 5 5 5 5 5 5 5 5 5 5 5 5 5 5 5 5 5 5 5 5 6 6 6 6 6 6 6 6 6 6 6 6 6 6 6 6 6 6 6 6 6 6 6 6 6 6 6 6 6 6 6 6 6 6 6 6 6 6 6 6 6 6 6 6 6 6 6 6 6 6 6 6 6 6 6 6 6 6 6 6 7 7 7 7 7 7 7 7 7 7 7 7 7 7 7 7 7 7 7 7 7 7 7 7 7 7 7 7 7 7 7 7 7 7 7 7 7 7 7 7 7 7 7 7 7 7 7 7 7 7 7 7 7 7 7 7 7 7 7 7 8 8 8 8 8 8 8 8 8 8 8 8 8 8 8 8 8 8 8 8 8 8 8 8 8 8 8 8 8 8 8 8 8 8 8 8 8 8 8 8 8 8 8 8 8 8 8 8 8 8 8 8 8 8 8 8 8 8 8 8 9 9 9 9 9 9 9 9 9 9 9 9 9 9 9 9 9 9 9 9 9 9 9 9 9 9 9 9 9 9 9 9 9 9 9 9 9 9 9 9 9 9 9 9 9 9 9 9 9 9 9 9 9 9 9 9 9 9 9 9 10 10 10 10 10 10 10 10 10 10 10 10 10 10 10 10 10 10 10 10 10 10 10 10 10 10 10 10 10 10 10 10 10 10 10 10 10 10 10 10 10 10 10 10 10 10 10 10 10 10 10 10 10 10 10 10 10 10 10 10 
calling hdp_init 2022-07-17 12:05:33
Guessed number of signatures (= Dirichlet process data clusters) = 46
Runing run.setup.and.posterior on 18200437
0 1 1 1 1 1 1 1 1 1 2 2 2 2 2 2 2 2 2 2 2 2 2 2 2 2 2 2 2 2 2 2 2 2 2 2 2 2 2 2 2 2 2 2 2 2 2 2 2 2 2 2 2 2 2 2 2 2 2 2 2 2 2 2 2 2 2 2 2 2 3 3 3 3 3 3 3 3 3 3 3 3 3 3 3 3 3 3 3 3 3 3 3 3 3 3 3 3 3 3 3 3 3 3 3 3 3 3 3 3 3 3 3 3 3 3 3 3 3 3 3 3 3 3 3 3 3 3 3 3 4 4 4 4 4 4 4 4 4 4 4 4 4 4 4 4 4 4 4 4 4 4 4 4 4 4 4 4 4 4 4 4 4 4 4 4 4 4 4 4 4 4 4 4 4 4 4 4 4 4 4 4 4 4 4 4 4 4 4 4 5 5 5 5 5 5 5 5 5 5 5 5 5 5 5 5 5 5 5 5 5 5 5 5 5 5 5 5 5 5 5 5 5 5 5 5 5 5 5 5 5 5 5 5 5 5 5 5 5 5 5 5 5 5 5 5 5 5 5 5 6 6 6 6 6 6 6 6 6 6 6 6 6 6 6 6 6 6 6 6 6 6 6 6 6 6 6 6 6 6 6 6 6 6 6 6 6 6 6 6 6 6 6 6 6 6 Reading input catalog file ./SBS/input/Realistic/ground.truth.syn.catalog.csv
6 6 6 6 6 6 6 6 6 6 6 6 6 6 7 7 7 7 7 7 7 7 7 7 7 7 7 7 7 7 7 7 7 7 7 7 7 7 7 7 7 7 7 7 7 7 7 7 7 7 7 7 7 7 7 7 7 7 7 7 7 7 7 7 7 7 7 7 7 7 7 7 7 7 8 8 8 8 8 8 8 8 8 8 8 8 8 8 8 8 8 8 8 8 8 8 8 8 8 8 8 8 8 8 8 8 8 8 8 8 8 8 8 8 8 8 8 8 8 8 8 8 8 8 8 8 8 8 8 8 8 8 8 8 9 9 9 9 9 9 9 9 9 9 9 9 9 9 9 9 9 9 9 9 9 9 9 9 9 9 9 9 9 9 9 9 9 9 9 9 9 9 9 9 9 9 9 9 9 9 9 9 9 9 9 9 9 9 9 9 9 9 9 9 10 10 10 10 10 10 10 10 10 10 10 10 10 10 10 10 10 10 10 10 10 10 10 10 10 10 10 10 10 10 10 10 10 10 10 10 10 10 10 10 10 10 10 10 10 10 10 10 10 10 10 10 10 10 10 10 10 10 10 10 
calling hdp_init 2022-07-17 12:05:33
Guessed number of signatures (= Dirichlet process data clusters) = 46
0 1 1 1 1 1 1 1 1 1 2 2 2 2 2 2 2 2 2 2 2 2 2 2 2 2 2 2 2 2 2 2 2 2 2 2 2 2 2 2 2 2 2 2 2 2 2 2 2 2 2 2 2 2 2 2 2 2 2 2 2 2 2 2 2 2 2 2 2 2 3 3 3 3 3 3 3 3 3 3 3 3 3 3 3 3 3 3 3 3 3 3 3 3 3 3 3 3 3 3 3 3 3 3 3 3 3 3 3 3 3 3 3 3 3 3 3 3 3 3 3 3 3 3 3 3 3 3 3 3 4 4 4 4 4 4 4 4 4 4 4 4 4 4 4 4 4 4 4 4 4 4 4 4 4 4 4 4 4 4 4 4 4 4 4 4 4 4 4 4 4 4 4 4 4 4 4 4 4 4 4 4 4 4 4 4 4 4 4 4 5 5 5 5 5 5 5 5 5 5 5 5 5 5 5 5 5 5 5 5 5 5 5 5 5 5 5 5 5 5 5 5 5 5 5 5 5 5 5 5 5 5 5 5 5 5 5 5 5 5 5 5 5 5 5 5 5 5 5 5 6 6 6 6 6 6 6 6 6 6 6 6 6 6 6 6 6 6 6 6 6 6 6 6 6 6 6 6 6 6 6 6 6 6 6 6 6 6 6 6 6 6 6 6 6 6 6 6 6 6 6 6 6 6 6 6 6 6 6 6 7 7 7 7 7 7 7 7 7 7 7 7 7 7 7 7 7 7 7 7 7 7 7 7 7 7 7 7 7 7 7 7 7 7 7 7 7 7 7 7 7 7 7 7 7 7 7 7 7 7 7 7 7 7 7 7 7 7 7 7 8 8 8 8 8 8 8 8 8 8 8 8 8 8 8 8 8 8 8 8 8 8 8 8 8 8 8 8 8 8 8 8 8 8 8 8 8 8 8 8 8 8 8 8 8 8 8 8 8 8 8 8 8 8 8 8 8 8 8 8 9 9 9 9 9 9 9 9 9 9 9 9 9 9 9 9 9 9 9 9 9 9 9 9 9 9 9 9 9 9 9 9 9 9 9 9 9 9 9 9 9 9 9 9 9 9 9 9 9 9 9 9 9 9 9 9 9 9 9 9 10 10 10 10 10 10 10 10 10 10 10 10 10 10 10 10 10 10 10 10 10 10 10 10 10 10 10 10 10 10 10 10 10 10 10 10 10 10 10 10 10 10 10 10 10 10 10 10 10 10 10 10 10 10 10 10 10 10 10 10 
calling hdp_init 2022-07-17 12:05:33
Runing run.setup.and.posterior on 19200437
Reading input catalog file ./SBS/input/Realistic/ground.truth.syn.catalog.csv
Guessed number of signatures (= Dirichlet process data clusters) = 46
Runing run.setup.and.posterior on 20200437
Reading input catalog file ./SBS/input/Realistic/ground.truth.syn.catalog.csv
0 1 1 1 1 1 1 1 1 1 2 2 2 2 2 2 2 2 2 2 2 2 2 2 2 2 2 2 2 2 2 2 2 2 2 2 2 2 2 2 2 2 2 2 2 2 2 2 2 2 2 2 2 2 2 2 2 2 2 2 2 2 2 2 2 2 2 2 2 2 3 3 3 3 3 3 3 3 3 3 3 3 3 3 3 3 3 3 3 3 3 3 3 3 3 3 3 3 3 3 3 3 3 3 3 3 3 3 3 3 3 3 3 3 3 3 3 3 3 3 3 3 3 3 3 3 3 3 3 3 4 4 4 4 4 4 4 4 4 4 4 4 4 4 4 4 4 4 4 4 4 4 4 4 4 4 4 4 4 4 4 4 4 4 4 4 4 4 4 4 4 4 4 4 4 4 4 4 4 4 4 4 4 4 4 4 4 4 4 4 5 5 5 5 5 5 5 5 5 5 5 5 5 5 5 5 5 5 5 5 5 5 5 5 5 5 5 5 5 5 5 5 5 5 5 5 5 5 5 5 5 5 5 5 5 5 5 5 5 5 5 5 5 5 5 5 5 5 5 5 6 6 6 6 6 6 6 6 6 6 6 6 6 6 6 6 6 6 6 6 6 6 6 6 6 6 6 6 6 6 6 6 6 6 6 6 6 6 6 6 6 6 6 6 6 6 6 6 6 6 6 6 6 6 6 6 6 6 6 6 7 7 7 7 7 7 7 7 7 7 7 7 7 7 7 7 7 7 7 7 7 7 7 7 7 7 7 7 7 7 7 7 7 7 7 7 7 7 7 7 7 7 7 7 7 7 7 7 7 7 7 7 7 7 7 7 7 7 7 7 8 8 8 8 8 8 8 8 8 8 8 8 8 8 8 8 8 8 8 8 8 8 8 8 8 8 8 8 8 8 8 8 8 8 8 8 8 8 8 8 8 8 8 8 8 8 8 8 8 8 8 8 8 8 8 8 8 8 8 8 9 9 9 9 9 9 9 9 9 9 9 9 9 9 9 9 9 9 9 9 9 9 9 9 9 9 9 9 9 9 9 9 9 9 9 9 9 9 9 9 9 9 9 9 9 9 9 9 9 9 9 9 9 9 9 9 9 9 9 9 10 10 10 10 10 10 10 10 10 10 10 10 10 10 10 10 10 10 10 10 10 10 10 10 10 10 10 10 10 10 10 10 10 10 10 10 10 10 10 10 10 10 10 10 10 10 10 10 10 10 10 10 10 10 10 10 10 10 10 10 
calling hdp_init 2022-07-17 12:05:33
Guessed number of signatures (= Dirichlet process data clusters) = 46
0 1 1 1 1 1 1 1 1 1 2 2 2 2 2 2 2 2 2 2 2 2 2 2 2 2 2 2 2 2 2 2 2 2 2 2 2 2 2 2 2 2 2 2 2 2 2 2 2 2 2 2 2 2 2 2 2 2 2 2 2 2 2 2 2 2 2 2 2 2 3 3 3 3 3 3 3 3 3 3 3 3 3 3 3 3 3 3 3 3 3 3 3 3 3 3 3 3 3 3 3 3 3 3 3 3 3 3 3 3 3 3 3 3 3 3 3 3 3 3 3 3 3 3 3 3 3 3 3 3 4 4 4 4 4 4 4 4 4 4 4 4 4 4 4 4 4 4 4 4 4 4 4 4 4 4 4 4 4 4 4 4 4 4 4 4 4 4 4 4 4 4 4 4 4 4 4 4 4 4 4 4 4 4 4 4 4 4 4 4 5 5 5 5 5 5 5 5 5 5 5 5 5 5 5 5 5 5 5 5 5 5 5 5 5 5 5 5 5 5 5 5 5 5 5 5 5 5 5 5 5 5 5 5 5 5 5 5 5 5 5 5 5 5 5 5 5 5 5 5 6 6 6 6 6 6 6 6 6 6 6 6 6 6 6 6 6 6 6 6 6 6 6 6 6 6 6 6 6 6 6 6 6 6 6 6 6 6 6 6 6 6 6 6 6 6 6 6 6 6 6 6 6 6 6 6 6 6 6 6 7 7 7 7 7 7 7 7 7 7 7 7 7 7 7 7 7 7 7 7 7 7 7 7 7 7 7 7 7 7 7 7 7 7 7 7 7 7 7 7 7 7 7 7 7 7 7 7 7 7 7 7 7 7 7 7 7 7 7 7 8 8 8 8 8 8 8 8 8 8 8 8 8 8 8 8 8 8 8 8 8 8 8 8 8 8 8 8 8 8 8 8 8 8 8 8 8 8 8 8 8 8 8 8 8 8 8 8 8 8 8 8 8 8 8 8 8 8 8 8 9 9 9 9 9 9 9 9 9 9 9 9 9 9 9 9 9 9 9 9 9 9 9 9 9 9 9 9 9 9 9 9 9 9 9 9 9 9 9 9 9 9 9 9 9 9 9 9 9 9 9 9 9 9 9 9 9 9 9 9 10 10 10 10 10 10 10 10 10 10 10 10 10 10 10 10 10 10 10 10 10 10 10 10 10 10 10 10 10 10 10 10 10 10 10 10 10 10 10 10 10 10 10 10 10 10 10 10 10 10 10 10 10 10 10 10 10 10 10 10 
calling hdp_init 2022-07-17 12:05:33
Guessed number of signatures (= Dirichlet process data clusters) = 46
0 1 1 1 1 1 1 1 1 1 2 2 2 2 2 2 2 2 2 2 2 2 2 2 2 2 2 2 2 2 2 2 2 2 2 2 2 2 2 2 2 2 2 2 2 2 2 2 2 2 2 2 2 2 2 2 2 2 2 2 2 2 2 2 2 2 2 2 2 2 3 3 3 3 3 3 3 3 3 3 3 3 3 3 3 3 3 3 3 3 3 3 3 3 3 3 3 3 3 3 3 3 3 3 3 3 3 3 3 3 3 3 3 3 3 3 3 3 3 3 3 3 3 3 3 3 3 3 3 3 4 4 4 4 4 4 4 4 4 4 4 4 4 4 4 4 4 4 4 4 4 4 4 4 4 4 4 4 4 4 4 4 4 4 4 4 4 4 4 4 4 4 4 4 4 4 4 4 4 4 4 4 4 4 4 4 4 4 4 4 5 5 5 5 5 5 5 5 5 5 5 5 5 5 5 5 5 5 5 5 5 5 5 5 5 5 5 5 5 5 5 5 5 5 5 5 5 5 5 5 5 5 5 5 5 5 5 5 5 5 5 5 5 5 5 5 5 5 5 5 6 6 6 6 6 6 6 6 6 6 6 6 6 6 6 6 6 6 6 6 6 6 6 6 6 6 6 6 6 6 6 6 6 6 6 6 6 6 6 6 6 6 6 6 6 6 6 6 6 6 6 6 6 6 6 6 6 6 6 6 7 7 7 7 7 7 7 7 7 7 7 7 7 7 7 7 7 7 7 7 7 7 7 7 7 7 7 7 7 7 7 7 7 7 7 7 7 7 7 7 7 7 7 7 7 7 7 7 7 7 7 7 7 7 7 7 7 7 7 7 8 8 8 8 8 8 8 8 8 8 8 8 8 8 8 8 8 8 8 8 8 8 8 8 8 8 8 8 8 8 8 8 8 8 8 8 8 8 8 8 8 8 8 8 8 8 8 8 8 8 8 8 8 8 8 8 8 8 8 8 9 9 9 9 9 9 9 9 9 9 9 9 9 9 9 9 9 9 9 9 9 9 9 9 9 9 9 9 9 9 9 9 9 9 9 9 9 9 9 9 9 9 9 9 9 9 9 9 9 9 9 9 9 9 9 9 9 9 9 9 10 10 10 10 10 10 10 10 10 10 10 10 10 10 10 10 10 10 10 10 10 10 10 10 10 10 10 10 10 10 10 10 10 10 10 10 10 10 10 10 10 10 10 10 10 10 10 10 10 10 10 10 10 10 10 10 10 10 10 10 
calling hdp_init 2022-07-17 12:05:33
Guessed number of signatures (= Dirichlet process data clusters) = 46
0 1 1 1 1 1 1 1 1 1 2 2 2 2 2 2 2 2 2 2 2 2 2 2 2 2 2 2 2 2 2 2 2 2 2 2 2 2 2 2 2 2 2 2 2 2 2 2 2 2 2 2 2 2 2 2 2 2 2 2 2 2 2 2 2 2 2 2 2 2 3 3 3 3 3 3 3 3 3 3 3 3 3 3 3 3 3 3 3 3 3 3 3 3 3 3 3 3 3 3 3 3 3 3 3 3 3 3 3 3 3 3 3 3 3 3 3 3 3 3 3 3 3 3 3 3 3 3 3 3 4 4 4 4 4 4 4 4 4 4 4 4 4 4 4 4 4 4 4 4 4 4 4 4 4 4 4 4 4 4 4 4 4 4 4 4 4 4 4 4 4 4 4 4 4 4 4 4 4 4 4 4 4 4 4 4 4 4 4 4 5 5 5 5 5 5 5 5 5 5 5 5 5 5 5 5 5 5 5 5 5 5 5 5 5 5 5 5 5 5 5 5 5 5 5 5 5 5 5 5 5 5 5 5 5 5 5 5 5 5 5 5 5 5 5 5 5 5 5 5 6 6 6 6 6 6 6 6 6 6 6 6 6 6 6 6 6 6 6 6 6 6 6 6 6 6 6 6 6 6 6 6 6 6 6 6 6 6 6 6 6 6 6 6 6 6 6 6 6 6 6 6 6 6 6 6 6 6 6 6 7 7 7 7 7 7 7 7 7 7 7 7 7 7 7 7 7 7 7 7 7 7 7 7 7 7 7 7 7 7 7 7 7 7 7 7 7 7 7 7 7 7 7 7 7 7 7 7 7 7 7 7 7 7 7 7 7 7 7 7 8 8 8 8 8 8 8 8 8 8 8 8 8 8 8 8 8 8 8 8 8 8 8 8 8 8 8 8 8 8 8 8 8 8 8 8 8 8 8 8 8 8 8 8 8 8 8 8 8 8 8 8 8 8 8 8 8 8 8 8 9 9 9 9 9 9 9 9 9 9 9 9 9 9 9 9 9 9 9 9 9 9 9 9 9 9 9 9 9 9 9 9 9 9 9 9 9 9 9 9 9 9 9 9 9 9 9 9 9 9 9 9 9 9 9 9 9 9 9 9 10 10 10 10 10 10 10 10 10 10 10 10 10 10 10 10 10 10 10 10 10 10 10 10 10 10 10 10 10 10 10 10 10 10 10 10 10 10 10 10 10 10 10 10 10 10 10 10 10 10 10 10 10 10 10 10 10 10 10 10 
calling hdp_init 2022-07-17 12:05:33
Guessed number of signatures (= Dirichlet process data clusters) = 46
0 1 1 1 1 1 1 1 1 1 2 2 2 2 2 2 2 2 2 2 2 2 2 2 2 2 2 2 2 2 2 2 2 2 2 2 2 2 2 2 2 2 2 2 2 2 2 2 2 2 2 2 2 2 2 2 2 2 2 2 2 2 2 2 2 2 2 2 2 2 3 3 3 3 3 3 Guessed number of signatures (= Dirichlet process data clusters) = 46
3 3 3 3 3 3 3 3 3 3 3 3 3 3 3 3 3 3 3 3 3 3 3 3 3 3 3 3 3 3 3 3 3 3 3 3 3 3 3 3 3 3 3 3 3 3 3 3 3 3 3 3 3 3 4 4 4 4 4 4 4 4 4 4 4 4 4 4 4 4 4 4 4 4 4 4 4 4 4 4 4 4 4 4 4 4 4 4 4 4 4 4 4 4 4 4 4 4 4 4 4 4 4 4 4 4 4 4 4 4 4 4 4 4 5 5 5 5 5 5 5 5 5 5 5 5 5 5 5 5 5 5 5 5 5 5 5 5 5 5 5 5 5 5 5 5 5 5 5 5 5 5 5 5 5 5 5 5 5 5 5 5 5 5 5 5 5 5 5 5 5 5 5 5 6 6 6 6 6 6 6 6 6 6 6 6 6 6 6 6 6 6 6 6 6 6 6 6 6 6 6 6 6 6 6 6 6 6 6 6 6 6 6 6 6 6 6 6 6 6 6 6 6 6 6 6 6 6 6 6 6 6 6 6 7 7 7 7 7 7 7 7 7 7 7 7 7 7 7 7 7 7 7 7 7 7 7 7 7 7 7 7 7 7 7 7 7 7 7 7 7 7 7 7 7 7 7 7 7 7 7 7 7 7 7 7 7 7 7 7 7 7 7 7 8 8 8 8 8 8 8 8 8 8 8 8 8 8 8 8 8 8 8 8 8 8 8 8 8 8 8 8 8 8 8 8 8 8 8 8 8 8 8 8 8 8 8 8 8 8 8 8 8 8 8 8 8 8 8 8 8 8 8 8 9 9 9 9 9 9 9 9 9 9 9 9 9 9 9 9 9 9 9 9 9 9 9 9 9 9 9 9 9 9 9 9 9 9 9 9 9 9 9 9 9 9 9 9 9 9 9 9 9 9 9 9 9 9 9 9 9 9 9 9 10 10 10 10 10 10 10 10 10 10 10 10 10 10 10 10 10 10 10 10 10 10 10 10 10 10 10 10 10 10 10 10 10 10 10 10 10 10 10 10 10 10 10 10 10 10 10 10 10 10 10 10 10 10 10 10 10 10 10 10 
calling hdp_init 2022-07-17 12:05:33
0 1 1 1 1 1 1 1 1 1 2 2 2 2 2 2 2 2 2 2 2 2 2 2 2 2 2 2 2 2 2 2 2 2 2 2 2 2 2 2 2 2 2 2 2 2 2 2 2 2 2 2 2 2 2 2 2 2 2 2 2 2 2 2 2 2 2 2 2 2 3 3 3 3 3 3 3 3 3 3 3 3 3 3 3 3 3 3 3 3 3 3 3 3 3 3 3 3 3 3 3 3 3 3 3 3 3 3 3 3 3 3 3 3 3 3 3 3 3 3 3 3 3 3 3 3 3 3 3 3 4 4 4 4 4 4 4 4 4 4 4 4 4 4 4 4 4 4 4 4 4 4 4 4 4 4 4 4 4 4 4 4 4 4 4 4 4 4 4 4 4 4 4 4 4 4 4 4 4 4 4 4 4 4 4 4 4 4 4 4 5 5 5 5 5 5 5 5 5 5 5 5 5 5 5 5 5 5 5 5 5 5 5 5 5 5 5 5 5 5 5 5 5 5 5 5 5 5 5 5 5 5 5 5 5 5 5 5 5 5 5 5 5 5 5 5 5 5 5 5 6 6 6 6 6 6 6 6 6 6 6 6 6 6 6 6 6 6 6 6 6 6 6 6 6 6 6 6 6 6 6 6 6 6 6 6 6 6 6 6 6 6 6 6 6 6 6 6 6 6 6 6 6 6 6 6 6 6 6 6 7 7 7 7 7 7 7 7 7 7 7 7 7 7 7 7 7 7 7 7 7 7 7 7 7 7 7 7 7 7 7 7 7 7 7 7 7 7 7 7 7 7 7 7 7 7 7 7 7 7 7 7 7 7 7 7 7 7 7 7 8 8 8 8 8 8 8 8 8 8 8 8 8 8 8 8 8 8 8 8 8 8 8 8 8 8 8 8 8 8 8 8 8 8 8 8 8 8 8 8 8 8 8 8 8 8 8 8 8 8 8 8 8 8 8 8 8 8 8 8 9 9 9 9 9 9 9 9 9 9 9 9 9 9 9 9 9 9 9 9 9 9 9 9 9 9 9 9 9 9 9 9 9 9 9 9 9 9 9 9 9 9 9 9 9 9 9 9 9 9 9 9 9 9 9 9 9 9 9 9 10 10 10 10 10 10 10 10 10 10 10 10 10 10 10 10 10 10 10 10 10 10 10 10 10 10 10 10 10 10 10 10 10 10 10 10 10 10 10 10 10 10 10 10 10 10 10 10 10 10 10 10 10 10 10 10 10 10 10 10 
calling hdp_init 2022-07-17 12:05:33
calling hdp_setdata 2022-07-17 12:05:34
calling hdp_setdata 2022-07-17 12:05:34
calling hdp_setdata 2022-07-17 12:05:34
calling hdp_setdata 2022-07-17 12:05:34
calling hdp_setdata 2022-07-17 12:05:34
calling hdp_setdata 2022-07-17 12:05:34
calling hdp_setdata 2022-07-17 12:05:34
calling hdp_setdata 2022-07-17 12:05:34
calling hdp_setdata 2022-07-17 12:05:34
calling hdp_setdata 2022-07-17 12:05:34
calling hdp_setdata 2022-07-17 12:05:34
calling hdp_setdata 2022-07-17 12:05:34
calling hdp_setdata 2022-07-17 12:05:34
calling hdp_setdata 2022-07-17 12:05:34
calling hdp_setdata 2022-07-17 12:05:34
calling hdp_setdata 2022-07-17 12:05:34
calling hdp_setdata 2022-07-17 12:05:34
calling hdp_setdata 2022-07-17 12:05:34
calling hdp_setdata 2022-07-17 12:05:34
calling hdp_setdata 2022-07-17 12:05:34
calling dp_activate 2022-07-17 12:05:36
calling dp_activate 2022-07-17 12:05:36
calling dp_activate 2022-07-17 12:05:36
calling dp_activate 2022-07-17 12:05:36
calling dp_activate 2022-07-17 12:05:36
calling dp_activate 2022-07-17 12:05:36
calling dp_activate 2022-07-17 12:05:36
calling dp_activate 2022-07-17 12:05:36
calling dp_activate 2022-07-17 12:05:36
calling dp_activate 2022-07-17 12:05:36
calling dp_activate 2022-07-17 12:05:36
calling dp_activate 2022-07-17 12:05:36
calling dp_activate 2022-07-17 12:05:36
calling dp_activate 2022-07-17 12:05:36
calling dp_activate 2022-07-17 12:05:36
calling dp_activate 2022-07-17 12:05:36
calling dp_activate 2022-07-17 12:05:36
calling dp_activate 2022-07-17 12:05:36
calling dp_activate 2022-07-17 12:05:36
calling dp_activate 2022-07-17 12:05:36
calling hdp_posterior, seed = 4200437 2022-07-17 12:05:42
calling hdp_posterior, seed = 3200437 2022-07-17 12:05:43
calling hdp_posterior, seed = 7200437 2022-07-17 12:05:43
calling hdp_posterior, seed = 18200437 2022-07-17 12:05:43
calling hdp_posterior, seed = 17200437 2022-07-17 12:05:44
calling hdp_posterior, seed = 20200437 2022-07-17 12:05:44
calling hdp_posterior, seed = 13200437 2022-07-17 12:05:44
calling hdp_posterior, seed = 16200437 2022-07-17 12:05:44
calling hdp_posterior, seed = 19200437 2022-07-17 12:05:44
calling hdp_posterior, seed = 14200437 2022-07-17 12:05:44
calling hdp_posterior, seed = 12200437 2022-07-17 12:05:45
calling hdp_posterior, seed = 2200437 2022-07-17 12:05:45
calling hdp_posterior, seed = 5200437 2022-07-17 12:05:45
calling hdp_posterior, seed = 8200437 2022-07-17 12:05:45
calling hdp_posterior, seed = 15200437 2022-07-17 12:05:45
calling hdp_posterior, seed = 10200437 2022-07-17 12:05:45
calling hdp_posterior, seed = 6200437 2022-07-17 12:05:45
calling hdp_posterior, seed = 9200437 2022-07-17 12:05:45
calling hdp_posterior, seed = 11200437 2022-07-17 12:05:45
calling hdp_posterior, seed = 1200437 2022-07-17 12:05:46
[1] "100000 burn-in iterations in 27568.5 mins"
[1] "time 27847.0 ETC 33085.6 mins"
[1] "time 28125.8 ETC 33089.2 mins"
[1] "time 28409.6 ETC 33098.6 mins"
[1] "time 28689.1 ETC 33102.8 mins"
[1] "time 28966.7 ETC 33104.8 mins"
[1] "100000 burn-in iterations in 29175.4 mins"
[1] "100000 burn-in iterations in 29211.7 mins"
[1] "time 29249.5 ETC 33112.7 mins"
[1] "time 29458.4 ETC 35000.1 mins"
[1] "time 29488.6 ETC 35036.0 mins"
[1] "time 29524.2 ETC 33111.3 mins"
[1] "100000 burn-in iterations in 29694.3 mins"
[1] "time 29734.4 ETC 34981.6 mins"
[1] "time 29769.6 ETC 35023.0 mins"
[1] "time 29798.2 ETC 33109.1 mins"
[1] "100000 burn-in iterations in 29824.2 mins"
[1] "100000 burn-in iterations in 29852.7 mins"
[1] "100000 burn-in iterations in 29867.2 mins"
[1] "time 29975.3 ETC 35614.3 mins"
[1] "time 30019.4 ETC 34974.1 mins"
[1] "time 30047.0 ETC 35006.2 mins"
[1] "time 30070.3 ETC 33105.0 mins"
[1] "time 30122.1 ETC 35788.7 mins"
[1] "time 30126.8 ETC 35794.2 mins"
[1] "time 30262.3 ETC 35602.7 mins"
[1] "time 30307.7 ETC 34970.5 mins"
[1] "time 30308.3 ETC 36009.8 mins"
[1] "time 30331.9 ETC 34998.4 mins"
[1] "time 30346.0 ETC 33104.8 mins"
[1] "100000 burn-in iterations in 30367.9 mins"
[1] "time 30401.2 ETC 35766.1 mins"
[1] "time 30425.9 ETC 35795.2 mins"
[1] "time 30546.8 ETC 35588.5 mins"
[1] "time 30595.1 ETC 34965.9 mins"
[1] "100000 burn-in iterations in 30605.6 mins"
[1] "time 30620.7 ETC 34995.1 mins"
[1] "time 30624.8 ETC 33107.9 mins"
[1] "time 30644.9 ETC 36409.8 mins"
[1] "time 30682.5 ETC 35746.6 mins"
[1] "time 30723.9 ETC 35794.8 mins"
[1] "time 30748.0 ETC 36174.1 mins"
[1] "time 30828.2 ETC 35570.9 mins"
[1] "time 30886.4 ETC 34965.7 mins"
[1] "time 30899.8 ETC 33107.0 mins"
[1] "time 30916.8 ETC 35000.2 mins"
[1] "time 30921.5 ETC 36378.3 mins"
[1] "100000 burn-in iterations in 30934.7 mins"
[1] "100000 burn-in iterations in 30944.2 mins"
[1] "time 30965.1 ETC 35728.9 mins"
[1] "time 31017.4 ETC 35789.3 mins"
[1] "time 31048.0 ETC 36888.8 mins"
[1] "time 31109.5 ETC 35553.7 mins"
[1] "time 31173.4 ETC 34960.8 mins"
[1] "time 31179.8 ETC 36325.9 mins"
[1] "time 31180.4 ETC 33111.9 mins"
[1] "time 31199.1 ETC 36348.5 mins"
[1] "time 31205.6 ETC 34997.0 mins"
[1] "time 31216.2 ETC 37088.6 mins"
[1] "time 31228.7 ETC 37103.4 mins"
[1] "time 31244.8 ETC 35708.3 mins"
[1] "time 31305.8 ETC 35778.0 mins"
[1] "time 31390.4 ETC 35536.3 mins"
[1] "time 31460.3 ETC 34955.9 mins"
[1] "time 31461.4 ETC 33117.3 mins"
[1] "time 31476.3 ETC 36318.9 mins"
[1] "time 31491.0 ETC 37048.2 mins"
[1] "time 31493.1 ETC 34992.4 mins"
[1] "time 31499.8 ETC 37058.5 mins"
[1] "time 31517.5 ETC 37079.4 mins"
[1] "time 31524.3 ETC 35687.8 mins"
[1] "100000 burn-in iterations in 31578.8 mins"
[1] "time 31590.2 ETC 35762.5 mins"
[1] "time 31611.0 ETC 36474.3 mins"
[1] "time 31677.9 ETC 35526.6 mins"
[1] "time 31736.4 ETC 33116.3 mins"
[1] "time 31750.1 ETC 34954.3 mins"
[1] "time 31753.6 ETC 36289.8 mins"
[1] "time 31775.7 ETC 34982.4 mins"
[1] "time 31784.4 ETC 37030.4 mins"
[1] "time 31799.2 ETC 35662.6 mins"
[1] "time 31810.6 ETC 37060.9 mins"
[1] "time 31856.1 ETC 37848.9 mins"
[1] "time 31875.8 ETC 35748.6 mins"
[1] "time 31925.1 ETC 37194.3 mins"
[1] "time 31964.9 ETC 35516.5 mins"
[1] "time 32008.3 ETC 33112.0 mins"
[1] "time 32026.9 ETC 36256.8 mins"
[1] "time 32042.6 ETC 34955.5 mins"
[1] "time 32048.6 ETC 36627.0 mins"
[1] "time 32057.3 ETC 34971.6 mins"
[1] "time 32069.7 ETC 37003.5 mins"
[1] "time 32075.4 ETC 35639.3 mins"
[1] "time 32098.7 ETC 37036.9 mins"
[1] "time 32130.3 ETC 37800.4 mins"
[1] "time 32158.0 ETC 35731.2 mins"
[1] "time 32252.2 ETC 35507.0 mins"
[1] "time 32286.0 ETC 33113.9 mins"
[1] "time 32300.6 ETC 36225.0 mins"
[1] "time 32331.7 ETC 34953.1 mins"
[1] "time 32341.0 ETC 34963.2 mins"
[1] "time 32353.6 ETC 35618.7 mins"
[1] "time 32371.1 ETC 37351.3 mins"
[1] "time 32381.3 ETC 37007.2 mins"
[1] "time 32400.0 ETC 37028.5 mins"
[1] "time 32404.7 ETC 37753.0 mins"
[1] "time 32446.3 ETC 35720.7 mins"
[1] "time 32489.7 ETC 36780.8 mins"
[1] "time 32542.9 ETC 35501.3 mins"
[1] "time 32562.6 ETC 33114.5 mins"
[1] "time 32577.4 ETC 36197.1 mins"
[1] "time 32618.0 ETC 34947.9 mins"
[1] "time 32623.1 ETC 34953.3 mins"
[1] "time 32635.7 ETC 35602.6 mins"
[1] "time 32662.0 ETC 36975.8 mins"
[1] "time 32677.7 ETC 36993.6 mins"
[1] "time 32678.5 ETC 37706.0 mins"
[1] "time 32729.3 ETC 35704.7 mins"
[1] "100000 burn-in iterations in 32748.2 mins"
[1] "time 32823.6 ETC 37512.7 mins"
[1] "time 32838.4 ETC 35500.9 mins"
[1] "time 32843.7 ETC 33119.7 mins"
[1] "time 32848.4 ETC 36163.3 mins"
[1] "time 32907.3 ETC 34945.8 mins"
[1] "time 32909.9 ETC 34948.6 mins"
[1] "time 32919.4 ETC 35588.6 mins"
[1] "time 32932.1 ETC 36933.2 mins"
[1] "time 32939.7 ETC 36941.7 mins"
[1] "time 32951.8 ETC 37659.2 mins"
[1] "time 32955.7 ETC 36959.7 mins"
[1] "time 33010.4 ETC 35686.9 mins"
[1] "time 33032.0 ETC 39246.0 mins"
[1] "time 33123.0 ETC 36134.1 mins"
[1] "time 33123.1 ETC 33123.1 mins"
compute sample.chain time: 
 user.self 1974438.259
 sys.self 446.896
 elapsed 1987389.528
 user.child 0
 sys.child 0
[1] "time 33125.1 ETC 35491.2 mins"
[1] "time 33192.7 ETC 34939.6 mins"
[1] "time 33195.9 ETC 35567.0 mins"
[1] "time 33199.6 ETC 34947.0 mins"
[1] "time 33223.1 ETC 36914.5 mins"
[1] "time 33249.4 ETC 36943.8 mins"
[1] "time 33252.8 ETC 37644.7 mins"
[1] "time 33268.7 ETC 37662.6 mins"
[1] "time 33293.4 ETC 35671.5 mins"
[1] "time 33366.2 ETC 37073.6 mins"
[1] "time 33378.5 ETC 39268.8 mins"
[1] "time 33401.5 ETC 36109.7 mins"
[1] "time 33404.9 ETC 35474.3 mins"
[1] "time 33474.0 ETC 34929.4 mins"
[1] "time 33486.3 ETC 34942.2 mins"
[1] "time 33502.7 ETC 36883.7 mins"
[1] "time 33577.1 ETC 35657.1 mins"
[1] "time 33582.0 ETC 35662.3 mins"
[1] "100000 burn-in iterations in 33617.7 mins"
[1] "time 33681.3 ETC 36087.1 mins"
[1] "time 33686.2 ETC 37778.9 mins"
[1] "time 33686.7 ETC 35459.6 mins"
[1] "time 33696.8 ETC 37097.4 mins"
[1] "time 33706.4 ETC 37801.6 mins"
[1] "100000 burn-in iterations in 33746.8 mins"
[1] "time 33756.7 ETC 34920.7 mins"
[1] "time 33772.5 ETC 34937.1 mins"
[1] "time 33785.7 ETC 36857.2 mins"
[1] "time 33811.3 ETC 37223.4 mins"
[1] "time 33816.3 ETC 39397.6 mins"
[1] "time 33868.3 ETC 35650.8 mins"
[1] "time 33941.0 ETC 35727.4 mins"
[1] "time 33962.0 ETC 36065.8 mins"
[1] "time 33969.0 ETC 35445.9 mins"
[1] "time 34038.9 ETC 34911.7 mins"
[1] "time 34049.1 ETC 40454.4 mins"
[1] "time 34054.9 ETC 34928.1 mins"
[1] "time 34074.6 ETC 36837.4 mins"
[1] "time 34113.9 ETC 37904.3 mins"
[1] "time 34143.8 ETC 37247.8 mins"
[1] "time 34146.0 ETC 37940.0 mins"
[1] "time 34157.4 ETC 35642.5 mins"
[1] "100000 burn-in iterations in 34166.5 mins"
[1] "time 34178.6 ETC 40608.2 mins"
[1] "time 34183.2 ETC 37290.7 mins"
[1] "time 34246.8 ETC 36049.2 mins"
[1] "time 34249.3 ETC 35430.3 mins"
[1] "time 34250.1 ETC 39519.3 mins"
[1] "time 34319.6 ETC 34901.3 mins"
[1] "time 34337.5 ETC 34919.4 mins"
[1] "time 34360.3 ETC 36814.7 mins"
[1] "time 34377.1 ETC 35871.7 mins"
[1] "time 34400.4 ETC 40471.0 mins"
[1] "time 34440.3 ETC 40919.2 mins"
[1] "time 34444.4 ETC 35632.1 mins"
[1] "time 34456.5 ETC 37250.3 mins"
[1] "time 34483.3 ETC 37963.3 mins"
[1] "time 34520.2 ETC 37319.1 mins"
[1] "time 34524.8 ETC 36025.9 mins"
[1] "time 34531.0 ETC 35416.4 mins"
[1] "time 34531.8 ETC 40625.7 mins"
[1] "time 34541.4 ETC 39475.9 mins"
[1] "time 34584.0 ETC 38074.1 mins"
[1] "time 34600.6 ETC 34891.4 mins"
[1] "time 34614.0 ETC 34904.9 mins"
[1] "time 34647.1 ETC 36793.3 mins"
[1] "time 34665.2 ETC 40386.7 mins"
[1] "time 34722.7 ETC 40850.3 mins"
[1] "time 34726.3 ETC 37206.7 mins"
[1] "time 34729.4 ETC 35619.9 mins"
[1] "time 34748.1 ETC 37907.0 mins"
[1] "time 34801.1 ETC 37286.9 mins"
[1] "time 34805.1 ETC 36005.3 mins"
[1] "time 34806.4 ETC 36006.6 mins"
[1] "time 34810.6 ETC 35400.6 mins"
[1] "time 34814.7 ETC 40560.9 mins"
[1] "time 34820.9 ETC 39419.9 mins"
[1] "time 34879.2 ETC 34879.2 mins"
compute sample.chain time: 
 user.self 2081452.382
 sys.self 360.568
 elapsed 2092754.179
 user.child 0
 sys.child 0
[1] "time 34888.5 ETC 34888.5 mins"
compute sample.chain time: 
 user.self 2080738.239
 sys.self 165.725
 elapsed 2093314.094
 user.child 0
 sys.child 0
[1] "time 34932.7 ETC 40306.9 mins"
[1] "time 34994.7 ETC 40770.5 mins"
[1] "time 34997.8 ETC 37165.8 mins"
[1] "time 35019.4 ETC 38203.0 mins"
[1] "time 35020.8 ETC 37860.3 mins"
[1] "time 35023.3 ETC 36866.7 mins"
[1] "time 35025.6 ETC 35619.2 mins"
[1] "time 35078.7 ETC 37251.7 mins"
[1] "time 35082.6 ETC 35982.2 mins"
[1] "time 35087.0 ETC 35381.9 mins"
[1] "time 35104.8 ETC 39369.9 mins"
[1] "time 35107.1 ETC 40508.2 mins"
[1] "time 35110.9 ETC 36011.1 mins"
[1] "time 35199.6 ETC 40228.1 mins"
[1] "time 35271.9 ETC 40698.4 mins"
[1] "time 35292.1 ETC 37812.9 mins"
[1] "time 35307.9 ETC 37166.2 mins"
[1] "time 35323.4 ETC 35620.2 mins"
[1] "time 35353.2 ETC 37213.9 mins"
[1] "time 35358.0 ETC 35957.3 mins"
[1] "time 35361.6 ETC 35361.6 mins"
compute sample.chain time: 
 user.self 2109377.838
 sys.self 227.813
 elapsed 2121695.812
 user.child 0
 sys.child 0
[1] "time 35378.0 ETC 38246.4 mins"
[1] "time 35386.8 ETC 35986.6 mins"
[1] "time 35388.9 ETC 40444.5 mins"
[1] "time 35405.7 ETC 39339.7 mins"
[1] "time 35467.7 ETC 40152.1 mins"
[1] "time 35472.7 ETC 37015.0 mins"
[1] "time 35542.2 ETC 40619.6 mins"
[1] "time 35562.7 ETC 37765.7 mins"
[1] "100000 burn-in iterations in 35594.9 mins"
[1] "time 35613.7 ETC 35613.7 mins"
compute sample.chain time: 
 user.self 2125719.152
 sys.self 258.997
 elapsed 2136821.577
 user.child 0
 sys.child 0
[1] "time 35625.0 ETC 37173.9 mins"
[1] "time 35631.4 ETC 35930.8 mins"
[1] "time 35644.4 ETC 38190.5 mins"
[1] "time 35662.2 ETC 35961.9 mins"
[1] "time 35672.3 ETC 40383.8 mins"
[1] "time 35677.6 ETC 37228.8 mins"
[1] "100000 burn-in iterations in 35687.7 mins"
[1] "time 35731.9 ETC 40073.2 mins"
[1] "time 35769.5 ETC 39379.3 mins"
[1] "time 35808.8 ETC 37043.6 mins"
[1] "time 35814.5 ETC 40544.8 mins"
[1] "time 35836.7 ETC 37722.8 mins"
[1] "time 35873.4 ETC 42621.8 mins"
[1] "time 35899.5 ETC 37137.5 mins"
[1] "time 35906.8 ETC 38131.1 mins"
[1] "time 35909.9 ETC 35909.9 mins"
compute sample.chain time: 
 user.self 2143720.641
 sys.self 185.822
 elapsed 2154594.551
 user.child 0
 sys.child 0
[1] "time 35934.4 ETC 35934.4 mins"
compute sample.chain time: 
 user.self 2141023.187
 sys.self 349.925
 elapsed 2156067.796
 user.child 0
 sys.child 0
[1] "time 35937.9 ETC 37177.1 mins"
[1] "time 35956.7 ETC 40325.2 mins"
[1] "time 35981.8 ETC 42750.6 mins"
[1] "time 35999.7 ETC 39999.7 mins"
[1] "100000 burn-in iterations in 36024.7 mins"
[1] "time 36052.1 ETC 39329.5 mins"
[1] "time 36085.3 ETC 40469.5 mins"
[1] "time 36092.8 ETC 37018.3 mins"
[1] "time 36112.5 ETC 37682.6 mins"
[1] "time 36150.1 ETC 42529.5 mins"
[1] "time 36168.2 ETC 37095.6 mins"
[1] "time 36171.7 ETC 38075.4 mins"
[1] "time 36197.6 ETC 37125.7 mins"
[1] "time 36233.6 ETC 40259.6 mins"
[1] "time 36264.8 ETC 39924.5 mins"
[1] "time 36271.7 ETC 42672.6 mins"
[1] "time 36305.8 ETC 43135.6 mins"
[1] "time 36328.8 ETC 39274.3 mins"
[1] "time 36360.0 ETC 40400.0 mins"
[1] "time 36369.8 ETC 36986.3 mins"
[1] "time 36379.7 ETC 37634.2 mins"
[1] "time 36426.9 ETC 42439.1 mins"
[1] "time 36432.0 ETC 38016.0 mins"
[1] "time 36435.2 ETC 37052.7 mins"
[1] "time 36455.6 ETC 37073.5 mins"
[1] "time 36510.2 ETC 40194.7 mins"
[1] "time 36531.8 ETC 39852.9 mins"
[1] "time 36557.4 ETC 42591.2 mins"
[1] "time 36584.1 ETC 43040.1 mins"
[1] "time 36605.5 ETC 39220.2 mins"
[1] "time 36627.7 ETC 40324.1 mins"
[1] "time 36640.1 ETC 36948.0 mins"
[1] "time 36649.6 ETC 37589.3 mins"
[1] "time 36692.2 ETC 37957.4 mins"
[1] "time 36695.3 ETC 37003.7 mins"
[1] "time 36701.0 ETC 42347.4 mins"
[1] "time 36714.0 ETC 37022.5 mins"
[1] "time 36776.3 ETC 40119.6 mins"
[1] "time 36794.8 ETC 39778.2 mins"
[1] "time 36838.2 ETC 42505.6 mins"
[1] "time 36853.0 ETC 42935.6 mins"
[1] "time 36871.7 ETC 39155.8 mins"
[1] "time 36889.1 ETC 40242.6 mins"
[1] "time 36910.8 ETC 37536.4 mins"
[1] "time 36913.0 ETC 36913.0 mins"
compute sample.chain time: 
 user.self 2202277.714
 sys.self 235.812
 elapsed 2214780.574
 user.child 0
 sys.child 0
[1] "time 36951.0 ETC 37898.5 mins"
[1] "time 36952.1 ETC 36952.1 mins"
compute sample.chain time: 
 user.self 2204154.913
 sys.self 427.889
 elapsed 2217128.309
 user.child 0
 sys.child 0
[1] "time 36970.6 ETC 42252.1 mins"
[1] "time 36973.6 ETC 36973.6 mins"
compute sample.chain time: 
 user.self 2204166.484
 sys.self 238.574
 elapsed 2218417.466
 user.child 0
 sys.child 0
[1] "time 37035.8 ETC 40038.7 mins"
[1] "time 37060.0 ETC 39707.2 mins"
[1] "time 37114.2 ETC 42416.2 mins"
[1] "time 37120.8 ETC 42831.7 mins"
[1] "time 37130.3 ETC 39084.5 mins"
[1] "time 37150.8 ETC 40163.0 mins"
[1] "time 37164.3 ETC 37476.6 mins"
[1] "time 37206.3 ETC 37836.9 mins"
[1] "time 37233.1 ETC 42150.7 mins"
[1] "time 37289.9 ETC 39953.4 mins"
[1] "time 37318.5 ETC 39630.2 mins"
[1] "time 37382.8 ETC 42320.2 mins"
[1] "time 37383.9 ETC 39009.3 mins"
[1] "time 37391.0 ETC 42732.5 mins"
[1] "time 37408.3 ETC 40080.3 mins"
[1] "time 37416.5 ETC 37416.5 mins"
compute sample.chain time: 
 user.self 2231960.529
 sys.self 335.544
 elapsed 2244989.491
 user.child 0
 sys.child 0
[1] "time 37456.8 ETC 37771.5 mins"
[1] "time 37489.9 ETC 42044.8 mins"
[1] "time 37546.1 ETC 39871.9 mins"
[1] "time 37571.2 ETC 39548.6 mins"
[1] "100000 burn-in iterations in 37628.2 mins"
[1] "time 37640.5 ETC 38938.4 mins"
[1] "time 37653.7 ETC 42228.4 mins"
[1] "time 37656.6 ETC 42630.1 mins"
[1] "time 37659.4 ETC 39992.2 mins"
[1] "time 37698.8 ETC 37698.8 mins"
compute sample.chain time: 
 user.self 2248241.457
 sys.self 186.04
 elapsed 2261928.28
 user.child 0
 sys.child 0
[1] "time 37745.2 ETC 41939.1 mins"
[1] "time 37804.5 ETC 39794.2 mins"
[1] "time 37820.2 ETC 39464.5 mins"
[1] "time 37887.5 ETC 45014.9 mins"
[1] "time 37894.1 ETC 38865.7 mins"
[1] "time 37909.3 ETC 39904.6 mins"
[1] "time 37912.1 ETC 42518.3 mins"
[1] "time 37923.9 ETC 42137.7 mins"
[1] "time 37996.3 ETC 41830.8 mins"
[1] "time 38056.0 ETC 39710.6 mins"
[1] "time 38069.3 ETC 39382.1 mins"
[1] "time 38141.4 ETC 44872.3 mins"
[1] "time 38147.7 ETC 38794.3 mins"
[1] "time 38151.7 ETC 39810.5 mins"
[1] "time 38162.2 ETC 42402.5 mins"
[1] "time 38188.4 ETC 42042.3 mins"
[1] "time 38245.9 ETC 41722.8 mins"
[1] "time 38302.9 ETC 39623.7 mins"
[1] "time 38310.1 ETC 39292.4 mins"
[1] "time 38388.2 ETC 39712.0 mins"
[1] "time 38389.4 ETC 44725.5 mins"
[1] "time 38394.3 ETC 38717.0 mins"
[1] "time 38409.1 ETC 42285.3 mins"
[1] "time 38444.0 ETC 41938.9 mins"
[1] "time 38492.1 ETC 41613.0 mins"
[1] "time 38540.7 ETC 39528.9 mins"
[1] "time 38542.2 ETC 39195.5 mins"
[1] "time 38626.0 ETC 39616.4 mins"
[1] "time 38635.5 ETC 44579.4 mins"
[1] "time 38642.2 ETC 38642.2 mins"
compute sample.chain time: 
 user.self 2305733.283
 sys.self 337.095
 elapsed 2318532.418
 user.child 0
 sys.child 0
[1] "time 38647.0 ETC 42160.4 mins"
[1] "time 38696.6 ETC 41834.1 mins"
[1] "time 38730.7 ETC 41497.1 mins"
[1] "time 38775.1 ETC 39100.9 mins"
[1] "time 38778.3 ETC 39435.5 mins"
[1] "time 38862.2 ETC 39520.8 mins"
[1] "time 38883.4 ETC 44438.2 mins"
[1] "time 38885.9 ETC 42038.8 mins"
[1] "time 38947.0 ETC 41728.9 mins"
[1] "time 38967.1 ETC 41381.0 mins"
[1] "time 39002.3 ETC 39002.3 mins"
compute sample.chain time: 
 user.self 2327643.223
 sys.self 280.363
 elapsed 2340140.499
 user.child 0
 sys.child 0
[1] "time 39010.3 ETC 39338.1 mins"
[1] "time 39091.6 ETC 39420.1 mins"
[1] "time 39128.0 ETC 41922.8 mins"
[1] "time 39129.2 ETC 44297.2 mins"
[1] "time 39192.3 ETC 41620.1 mins"
[1] "time 39199.2 ETC 41262.3 mins"
[1] "time 39241.7 ETC 39241.7 mins"
compute sample.chain time: 
 user.self 2339506.232
 sys.self 337.268
 elapsed 2354501.488
 user.child 0
 sys.child 0
[1] "time 39321.9 ETC 39321.9 mins"
compute sample.chain time: 
 user.self 2345503.154
 sys.self 284.27
 elapsed 2359314.841
 user.child 0
 sys.child 0
[1] "time 39368.9 ETC 41807.6 mins"
[1] "time 39370.7 ETC 44154.1 mins"
[1] "time 39435.1 ETC 41149.7 mins"
[1] "time 39436.5 ETC 41512.1 mins"
[1] "time 39607.2 ETC 41691.8 mins"
[1] "time 39611.0 ETC 44012.3 mins"
[1] "time 39663.5 ETC 41031.3 mins"
[1] "time 39684.4 ETC 41409.8 mins"
[1] "time 39847.6 ETC 41580.1 mins"
[1] "time 39854.6 ETC 43876.7 mins"
[1] "time 39895.4 ETC 40918.3 mins"
[1] "time 39934.2 ETC 41311.2 mins"
[1] "time 40079.1 ETC 41461.1 mins"
[1] "time 40091.2 ETC 43735.9 mins"
[1] "time 40128.5 ETC 40808.6 mins"
[1] "time 40177.8 ETC 41208.0 mins"
[1] "time 40311.7 ETC 41345.4 mins"
[1] "time 40326.0 ETC 43595.7 mins"
[1] "time 40357.3 ETC 40696.4 mins"
[1] "time 40433.2 ETC 41118.5 mins"
[1] "time 40547.3 ETC 41234.6 mins"
[1] "time 40563.1 ETC 43460.4 mins"
[1] "time 40589.4 ETC 40589.4 mins"
compute sample.chain time: 
 user.self 2422805.949
 sys.self 244.725
 elapsed 2435366.169
 user.child 0
 sys.child 0
[1] "time 40677.2 ETC 41019.0 mins"
[1] "time 40791.0 ETC 41133.7 mins"
[1] "time 40800.6 ETC 43328.0 mins"
[1] "time 40920.2 ETC 40920.2 mins"
compute sample.chain time: 
 user.self 2440643.631
 sys.self 311.315
 elapsed 2455214.81
 user.child 0
 sys.child 0
[1] "time 41030.4 ETC 41030.4 mins"
compute sample.chain time: 
 user.self 2448464.741
 sys.self 406.343
 elapsed 2461824.752
 user.child 0
 sys.child 0
[1] "time 41038.9 ETC 43198.8 mins"
[1] "time 41277.2 ETC 43071.9 mins"
[1] "time 41515.3 ETC 42946.9 mins"
[1] "time 41754.3 ETC 42824.9 mins"
[1] "time 42010.8 ETC 42722.9 mins"
[1] "time 42287.9 ETC 42643.3 mins"
[1] "time 42564.1 ETC 42564.1 mins"
compute sample.chain time: 
 user.self 2540115.073
 sys.self 312.553
 elapsed 2553849.764
 user.child 0
 sys.child 0
Reading input catalog file ./SBS/input/Realistic/ground.truth.syn.catalog.csv
calling hdp_extract_components 2022-08-16 01:30:12
hdp_extract_components time: 
 user.self 186734.625
 sys.self 6338.271
 elapsed 193948.468
 user.child 0
 sys.child 0
calling hdpx::comp_categ_distn 2022-08-18 07:22:41
Calling hdpx::comp_dp_distn 2022-08-18 07:22:41
Using existing out.dir SBS/raw_results/NR_hdp_gb_1.results/Realistic/seed.200437
Writing HDP diagnostics
Writing signatures
Writing exposures
Warning messages:
1: In plot.new() :
  Cannot open temporary file '/tmp/RtmpLFkWKy/pdf6ca5e590ea841' for compression (reason: No such file or directory); compression has been turned off for this device
2: In plot.new() :
  Cannot open temporary file '/tmp/RtmpLFkWKy/pdf6ca5e77a22b81' for compression (reason: No such file or directory); compression has been turned off for this device
3: In plot.new() :
  Cannot open temporary file '/tmp/RtmpLFkWKy/pdf6ca5e27824794' for compression (reason: No such file or directory); compression has been turned off for this device
4: In plot.new() :
  Cannot open temporary file '/tmp/RtmpLFkWKy/pdf6ca5e76852473' for compression (reason: No such file or directory); compression has been turned off for this device
5: In plot.new() :
  Cannot open temporary file '/tmp/RtmpLFkWKy/pdf6ca5e7d7d2dcb' for compression (reason: No such file or directory); compression has been turned off for this device
6: In plot.new() :
  Cannot open temporary file '/tmp/RtmpLFkWKy/pdf6ca5e4b2798f2' for compression (reason: No such file or directory); compression has been turned off for this device
7: In plot.new() :
  Cannot open temporary file '/tmp/RtmpLFkWKy/pdf6ca5e22284942' for compression (reason: No such file or directory); compression has been turned off for this device
8: In plot.new() :
  Cannot open temporary file '/tmp/RtmpLFkWKy/pdf6ca5e771058e2' for compression (reason: No such file or directory); compression has been turned off for this device
