nohup: ignoring input
2022-07-17 12:05:33 running /home/e0240162/opt/anaconda3/envs/R-4.2-hdp-NR/lib/R/bin/exec/R --no-echo --no-restore --file=SBS/code/4f_SBS_NR_hdp_gamma_beta_1.R --args SBS/raw_results/NR_hdp_gb_1.results 310111
2022-07-17 12:05:33 running on seed 310111
hdpx version 0.1.5.99
mSigHdp version 0.0.0.9019
Loading required package: ICAMS
Loading required package: hdpx
This is /home/e0240162/opt/anaconda3/envs/R-4.2-hdp-NR/lib/R/library and hdpx v0.1.5.0099
Loading required package: mSigHdp
2022-07-17 12:05:46 starting analyses; output in subdir of SBS/raw_results/NR_hdp_gb_1.results
2022-07-17 12:05:46SBS/raw_results/NR_hdp_gb_1.results already exists
2022-07-17 12:05:46 putting results in SBS/raw_results/NR_hdp_gb_1.results/Realistic/seed.310111
2022-07-17 12:05:46 seed_in_use=310111


===========================================


Begin running mSigHdp on data set Realistic using seed 310111...



===========================================


Runing run.setup.and.posterior on 1310111
Reading input catalog file ./SBS/input/Realistic/ground.truth.syn.catalog.csv
Runing run.setup.and.posterior on 2310111
Reading input catalog file ./SBS/input/Realistic/ground.truth.syn.catalog.csv
Runing run.setup.and.posterior on 3310111
Reading input catalog file ./SBS/input/Realistic/ground.truth.syn.catalog.csv
Guessed number of signatures (= Dirichlet process data clusters) = 46
0 1 1 1 1 1 1 1 1 1 2 2 2 2 2 2 2 2 2 2 2 2 2 2 2 2 2 2 2 2 2 2 2 2 2 2 2 2 2 2 2 2 2 2 2 2 2 2 2 2 2 2 2 2 2 2 2 2 2 2 2 2 2 2 2 2 2 2 2 2 3 3 3 3 3 3 3 3 3 3 3 3 3 3 3 3 3 3 3 3 3 3 3 3 3 3 3 3 3 3 3 3 3 3 3 3 3 3 3 3 3 3 3 3 3 3 3 3 3 3 3 3 3 3 3 3 3 3 3 3 4 4 4 4 4 4 4 4 4 4 4 4 4 4 4 4 4 4 4 4 4 4 4 4 4 4 4 4 4 4 4 4 4 4 4 4 4 4 4 4 4 4 4 4 4 4 4 4 4 4 4 4 4 4 4 4 4 4 4 4 5 5 5 5 5 5 5 5 5 5 5 5 5 5 5 5 5 5 5 5 5 5 5 5 5 5 5 5 5 5 5 5 5 5 5 5 5 5 5 5 5 5 5 5 5 5 5 5 5 5 5 5 5 5 5 5 5 5 5 5 6 6 6 6 6 6 6 6 6 6 6 6 6 6 6 6 6 6 6 6 6 6 6 6 6 6 6 6 6 6 6 6 6 6 6 6 6 6 6 6 6 6 6 6 6 6 6 6 6 6 6 6 6 6 6 6 6 6 6 6 7 7 7 7 7 7 7 7 7 7 7 7 7 7 7 7 7 7 7 7 7 7 7 7 7 7 7 7 7 7 7 7 7 7 7 7 7 7 7 7 7 7 7 7 7 7 7 7 7 7 7 7 7 7 7 7 7 7 7 7 8 8 8 8 8 8 8 8 8 8 8 8 8 8 8 8 8 8 8 8 8 8 8 8 8 8 8 8 8 8 8 8 8 8 8 8 8 8 8 8 8 8 8 8 8 8 8 8 8 8 8 8 8 8 8 8 8 8 8 8 9 9 9 9 9 9 9 9 9 9 9 9 9 9 9 9 9 9 9 9 9 9 9 9 9 9 9 9 9 9 9 9 9 9 9 9 9 9 9 9 9 9 9 9 9 9 9 9 9 9 9 9 9 9 9 9 9 9 9 9 10 10 10 10 10 10 10 10 10 10 10 10 10 10 10 10 10 10 10 10 10 10 10 10 10 10 10 10 10 10 10 10 10 10 10 10 10 10 10 10 10 10 10 10 10 10 10 10 10 10 10 10 10 10 10 10 10 10 10 10 
calling hdp_init 2022-07-17 12:05:47
Runing run.setup.and.posterior on 4310111
Reading input catalog file ./SBS/input/Realistic/ground.truth.syn.catalog.csv
Runing run.setup.and.posterior on 5310111
Guessed number of signatures (= Dirichlet process data clusters) = 46
Reading input catalog file ./SBS/input/Realistic/ground.truth.syn.catalog.csv
0 1 1 1 1 1 1 1 1 1 2 2 2 2 2 2 2 2 2 2 2 2 2 2 2 2 2 2 2 2 2 2 2 2 2 2 2 2 2 2 2 2 2 2 2 2 2 2 2 2 2 2 2 2 2 2 2 2 2 2 2 2 2 2 2 2 2 2 2 2 3 3 3 3 3 3 3 3 3 3 3 3 3 3 3 3 3 3 3 3 3 3 3 3 3 3 3 3 3 3 3 3 3 3 3 3 3 3 3 3 3 3 3 3 3 3 3 3 3 3 3 3 3 3 3 3 3 3 3 3 4 4 4 4 4 4 4 4 4 4 4 4 4 4 4 4 4 4 4 4 4 4 4 4 4 4 4 4 4 4 4 4 4 4 4 4 4 4 4 4 4 4 4 4 4 4 4 4 4 4 4 4 4 4 4 4 4 4 4 4 5 5 5 5 5 5 5 5 5 5 5 5 5 5 5 5 5 5 5 5 5 5 5 5 5 5 5 5 5 5 5 5 5 5 5 5 5 5 5 5 5 5 5 5 5 5 5 5 5 5 5 5 5 5 5 5 5 5 5 5 6 6 6 6 6 6 6 6 6 6 6 6 6 6 6 6 6 6 6 6 6 6 6 6 6 6 6 6 6 6 6 6 6 6 6 6 6 6 6 6 6 6 6 6 6 6 6 6 6 6 6 6 6 6 6 6 6 6 6 6 7 7 7 7 7 7 7 7 7 7 7 7 7 7 7 7 7 7 7 7 7 7 7 7 7 7 7 7 7 7 7 7 7 7 7 7 7 7 7 7 7 7 7 7 7 7 7 7 7 7 7 7 7 7 7 7 7 7 7 7 8 8 8 8 8 8 8 8 8 8 8 8 8 8 8 8 8 8 8 8 8 8 8 8 8 8 8 8 8 8 8 8 8 8 8 8 8 8 8 8 8 8 8 8 8 8 8 8 8 8 8 8 8 8 8 8 8 8 8 8 9 9 9 9 9 9 9 9 9 9 9 9 9 9 9 9 9 9 9 9 9 9 9 9 9 9 9 9 9 9 9 9 9 9 9 9 9 9 9 9 9 9 9 9 9 9 9 9 9 9 9 9 9 9 9 9 9 9 9 9 10 10 10 10 10 10 10 10 10 10 10 10 10 10 10 10 10 10 10 10 10 10 10 10 10 10 10 10 10 10 10 10 10 10 10 10 10 10 10 10 10 10 10 10 10 10 10 10 10 10 10 10 10 10 10 10 10 10 10 10 
calling hdp_init 2022-07-17 12:05:47
Guessed number of signatures (= Dirichlet process data clusters) = 46
0 1 1 1 1 1 1 1 1 1 2 2 2 2 2 2 2 2 2 2 2 2 2 2 2 2 2 2 2 2 2 2 2 2 2 2 2 2 2 2 2 2 2 2 2 2 2 2 2 2 2 2 2 2 2 2 2 2 2 2 2 2 2 2 2 2 2 2 2 2 3 3 3 3 3 3 3 3 3 3 3 3 3 3 3 3 3 3 3 3 3 3 3 3 3 3 3 3 3 3 3 3 3 3 3 3 3 3 3 3 3 3 3 3 3 3 3 3 3 3 3 3 3 3 3 3 3 3 3 3 4 4 4 4 4 4 4 4 4 4 4 4 4 4 4 4 4 4 4 4 4 4 4 4 4 4 4 4 4 4 4 4 4 4 4 4 4 4 4 4 4 4 4 4 4 4 4 4 4 4 4 4 4 4 4 4 4 4 4 4 5 5 5 5 5 5 5 5 5 5 5 5 5 5 5 5 5 5 5 5 5 5 5 5 5 5 5 5 5 5 5 5 5 5 5 5 5 5 5 5 5 5 5 5 5 5 5 5 5 5 5 5 5 5 5 5 5 5 Runing run.setup.and.posterior on 6310111
5 5 6 6 6 6 6 6 6 6 6 6 6 6 6 6 6 6 6 6 6 6 6 6 6 6 6 6 6 6 6 6 6 6 6 6 6 6 6 6 6 6 6 6 6 6 6 6 6 6 6 6 6 6 6 6 6 6 6 6 6 6 7 7 7 7 7 7 7 7 7 7 7 7 7 7 7 7 7 7 7 7 7 7 7 7 7 7 7 7 7 7 7 7 7 7 7 7 7 7 7 7 7 7 7 7 7 7 7 7 7 7 7 7 7 7 7 7 7 7 7 7 8 8 8 8 8 8 8 8 8 8 8 8 8 8 8 8 8 8 8 8 8 8 8 8 8 8 8 8 8 8 8 8 8 8 8 8 8 8 8 8 8 8 8 8 8 8 8 8 8 8 8 8 8 8 8 8 8 8 8 8 9 9 9 9 9 9 9 9 9 9 9 9 9 9 9 9 9 9 9 9 9 9 9 9 9 9 9 9 9 9 9 9 9 9 9 9 9 9 9 9 9 9 9 9 9 9 9 9 9 9 9 9 9 9 9 9 9 9 9 9 10 10 10 10 10 10 10 10 10 10 10 10 10 10 10 10 10 10 10 10 10 10 10 10 10 10 10 10 10 10 10 10 10 10 10 10 10 10 10 10 10 10 10 10 10 10 10 10 10 10 10 10 10 10 10 10 10 10 10 10 
Reading input catalog file ./SBS/input/Realistic/ground.truth.syn.catalog.csv
calling hdp_init 2022-07-17 12:05:47
Runing run.setup.and.posterior on 7310111
Reading input catalog file ./SBS/input/Realistic/ground.truth.syn.catalog.csv
Guessed number of signatures (= Dirichlet process data clusters) = 46
0 1 1 1 1 1 1 1 1 1 2 2 2 2 2 2 2 2 2 2 2 2 2 2 2 2 2 2 2 2 2 2 2 2 2 2 2 2 2 2 2 2 2 2 2 2 2 2 2 2 2 2 2 2 2 2 2 2 2 2 2 2 2 2 2 2 2 2 2 2 3 3 3 3 3 3 3 3 3 3 3 3 3 3 3 3 3 3 3 3 3 3 3 3 3 3 3 3 3 3 3 3 3 3 3 3 3 3 3 3 3 3 3 3 3 3 3 3 3 3 3 3 3 3 3 3 3 3 3 3 4 4 4 4 4 4 4 4 4 4 4 4 4 4 4 4 4 4 4 4 4 4 4 4 4 4 4 4 4 4 4 4 4 4 4 4 4 4 4 4 4 4 4 4 4 4 4 4 4 4 4 4 4 4 4 4 4 4 4 4 5 5 5 5 5 5 5 5 5 5 5 5 5 5 5 5 5 5 5 5 5 5 5 5 5 5 5 5 5 5 5 5 5 5 5 5 5 5 5 5 5 5 5 5 5 5 5 5 5 5 5 5 5 5 5 5 5 5 5 5 6 6 6 6 6 6 6 6 6 6 6 6 6 6 6 6 6 6 6 6 6 6 6 6 6 6 6 6 6 6 6 6 6 6 6 6 6 6 6 6 6 6 6 6 6 6 6 6 6 6 6 6 6 6 6 6 6 6 6 6 7 7 7 7 7 7 7 7 7 7 7 7 7 7 7 7 7 7 7 7 7 7 7 7 7 7 7 7 7 7 7 7 7 7 7 7 7 7 7 7 7 7 7 7 7 7 7 7 7 7 7 7 7 7 7 7 7 7 7 7 8 8 8 8 8 8 8 8 8 8 8 8 8 8 8 8 8 8 8 8 8 8 8 8 8 8 8 8 8 8 8 8 8 8 8 8 8 8 8 8 8 8 8 8 8 8 8 8 8 8 8 8 8 8 8 8 8 8 8 8 9 9 9 9 9 9 9 9 9 9 9 9 9 9 9 9 9 9 9 9 9 9 9 9 9 9 9 9 9 9 9 9 9 9 9 9 9 9 9 9 9 9 9 9 9 9 9 9 9 9 9 9 9 9 9 9 9 9 9 9 10 10 10 10 10 10 10 10 10 10 10 10 10 10 10 10 10 10 10 10 10 10 10 10 10 10 10 10 10 10 10 10 10 10 10 10 10 10 10 10 10 10 10 10 10 10 10 10 10 10 10 10 10 10 10 10 10 10 10 10 
calling hdp_init 2022-07-17 12:05:47
Runing run.setup.and.posterior on 8310111
Guessed number of signatures (= Dirichlet process data clusters) = 46
Reading input catalog file ./SBS/input/Realistic/ground.truth.syn.catalog.csv
0 1 1 1 1 1 1 1 1 1 2 2 2 2 2 2 2 2 2 2 2 2 2 2 2 2 2 2 2 2 2 2 2 2 2 2 2 2 2 2 2 2 2 2 2 2 2 2 2 2 2 2 2 2 2 2 2 2 2 2 2 2 2 2 2 2 2 2 2 2 3 3 3 3 3 3 3 3 3 3 3 3 3 3 3 3 3 3 3 3 3 3 3 3 3 3 3 3 3 3 3 3 3 3 3 3 3 3 3 3 3 3 3 3 3 3 3 3 3 3 3 3 3 3 3 3 3 3 3 3 4 4 4 4 4 4 4 4 4 4 4 4 4 4 4 4 4 4 4 4 4 4 4 4 4 4 4 4 4 4 4 4 4 4 4 4 4 4 4 4 4 4 4 4 4 4 4 4 4 4 4 4 4 4 4 4 4 4 4 4 5 5 5 5 5 5 5 5 5 5 5 5 5 5 5 5 5 5 5 5 5 5 5 5 5 5 5 5 5 5 5 5 5 5 5 5 5 5 5 5 5 5 5 5 5 5 5 5 5 5 5 5 5 5 5 5 5 5 5 5 6 6 6 6 6 6 6 6 6 6 6 6 6 6 6 6 6 6 6 6 6 6 6 6 6 6 6 6 6 6 6 6 6 6 6 6 6 6 6 6 6 6 6 6 6 6 6 6 6 6 6 6 6 6 6 6 6 6 6 6 7 7 7 7 7 7 7 7 7 7 7 7 7 7 7 7 7 7 7 7 7 7 7 7 7 7 7 7 7 7 7 7 7 7 7 7 7 7 7 7 7 7 7 7 7 7 7 7 7 7 7 7 7 7 7 7 7 7 7 7 8 8 8 8 8 8 8 8 8 8 8 8 8 8 8 8 8 8 8 8 8 8 8 8 8 8 8 8 8 8 8 8 8 8 8 8 8 8 8 8 8 8 8 8 8 8 8 8 8 8 8 8 8 8 8 8 8 8 8 8 9 9 9 9 9 9 9 9 9 9 9 9 9 9 9 9 9 9 9 9 9 9 9 9 9 9 9 9 9 9 9 9 9 9 9 9 9 9 9 9 9 9 9 9 9 9 9 9 9 9 9 9 9 9 9 9 9 9 9 9 10 10 10 10 10 10 10 10 10 10 10 10 10 10 10 10 10 10 10 10 10 10 10 10 10 10 10 10 10 10 10 10 10 10 10 10 10 10 10 10 10 10 10 10 10 10 10 10 10 10 10 10 10 10 10 10 10 10 10 10 
calling hdp_init 2022-07-17 12:05:47
Runing run.setup.and.posterior on 9310111
Reading input catalog file ./SBS/input/Realistic/ground.truth.syn.catalog.csv
Guessed number of signatures (= Dirichlet process data clusters) = 46
0 1 1 1 1 1 1 1 1 1 2 2 2 2 2 2 2 2 2 2 2 2 2 2 2 2 2 2 2 2 2 2 2 2 2 2 2 2 2 2 2 2 2 2 2 2 2 2 2 2 2 2 2 2 2 2 2 2 2 2 2 2 2 2 2 2 2 2 2 2 3 3 3 3 3 3 3 3 3 3 3 3 3 3 3 3 3 3 3 3 3 3 3 3 3 3 3 3 3 3 3 3 3 3 3 3 3 3 3 3 3 3 3 3 3 3 3 3 3 3 3 3 3 3 3 3 3 3 3 3 4 4 4 4 4 4 4 4 4 4 4 4 4 4 4 4 4 4 4 4 4 4 4 4 4 4 4 4 4 4 4 4 4 4 4 4 4 4 4 4 4 4 4 4 4 4 4 4 4 4 4 4 4 4 4 4 4 4 4 4 5 5 5 5 5 5 5 5 5 5 5 5 5 5 5 5 5 5 5 5 5 5 5 5 5 5 5 5 5 5 5 5 5 5 5 5 5 5 5 5 5 5 5 5 5 5 5 5 5 5 5 5 5 5 5 5 5 5 5 5 6 6 6 6 6 6 6 6 6 6 6 6 6 6 6 6 6 6 6 6 6 6 6 6 6 6 6 6 6 6 6 6 6 6 6 6 6 6 6 6 6 6 6 6 6 6 6 6 6 6 6 6 6 6 6 6 6 6 6 6 7 7 7 7 7 7 7 7 7 7 7 7 7 7 7 7 7 7 7 7 7 7 7 7 7 7 7 7 7 7 7 7 7 7 7 7 7 7 7 7 7 7 7 7 7 7 7 7 7 7 7 7 7 7 7 7 7 7 7 7 8 8 8 8 8 8 8 8 8 8 8 8 8 8 8 8 8 8 8 8 8 8 8 8 8 8 8 8 8 8 8 8 8 8 8 8 8 8 8 8 8 8 8 8 8 8 8 8 8 8 8 8 8 8 8 8 8 8 8 8 9 9 9 9 9 9 9 9 9 9 9 9 9 9 9 9 9 9 9 9 9 9 9 9 9 9 9 9 9 9 9 9 9 9 9 9 9 9 9 9 9 9 9 9 9 9 9 9 9 9 9 9 9 9 9 9 9 9 9 9 10 10 10 10 10 10 10 10 10 10 10 10 10 10 10 10 10 10 10 10 10 10 10 10 10 10 10 10 10 10 10 10 10 10 10 10 10 10 10 10 10 10 10 10 10 10 10 10 10 10 10 10 10 10 10 10 10 10 10 10 
calling hdp_init 2022-07-17 12:05:47
Guessed number of signatures (= Dirichlet process data clusters) = 46
Runing run.setup.and.posterior on 10310111
Reading input catalog file ./SBS/input/Realistic/ground.truth.syn.catalog.csv
0 1 1 1 1 1 1 1 1 1 2 2 2 2 2 2 2 2 2 2 2 2 2 2 2 2 2 2 2 2 2 2 2 2 2 2 2 2 2 2 2 2 2 2 2 2 2 2 2 2 2 2 2 2 2 2 2 2 2 2 2 2 2 2 2 2 2 2 2 2 3 3 3 3 3 3 3 3 3 3 3 3 3 3 3 3 3 3 3 3 3 3 3 3 3 3 3 3 3 3 3 3 3 3 3 3 3 3 3 3 3 3 3 3 3 3 3 3 3 3 3 3 3 3 3 3 3 3 3 3 4 4 4 4 4 4 4 4 4 4 4 4 4 4 4 4 4 4 4 4 4 4 4 4 4 4 4 4 4 4 4 4 4 4 4 4 4 4 4 4 4 4 4 4 4 4 4 4 4 4 4 4 4 4 4 4 4 4 4 4 5 5 5 5 5 5 5 5 5 5 5 5 5 5 5 5 5 5 5 5 5 5 5 5 5 5 5 5 5 5 5 5 5 5 5 5 5 5 5 5 5 5 5 5 5 5 5 5 5 5 5 5 5 5 5 5 5 5 5 5 6 6 6 6 6 6 6 6 6 6 6 6 6 6 6 6 6 6 6 6 6 6 6 6 6 6 6 6 6 6 6 6 6 6 6 6 6 6 6 6 6 6 6 6 6 6 6 6 6 6 6 6 6 6 6 6 6 6 6 6 7 7 7 7 7 7 7 7 7 7 7 7 7 7 7 7 7 7 7 7 7 7 7 7 7 7 7 7 7 7 7 7 7 7 7 7 7 7 7 7 7 7 7 7 7 7 7 7 7 7 7 7 7 7 7 7 7 7 7 7 8 8 8 8 8 8 8 8 8 8 8 8 8 8 8 8 8 8 8 8 8 8 8 8 8 8 8 8 8 8 8 8 8 8 8 8 8 8 8 8 8 8 8 8 8 8 8 8 8 8 8 8 8 8 8 8 8 8 8 8 9 9 9 9 9 9 9 9 9 9 9 9 9 9 9 9 9 9 9 9 9 9 9 9 9 9 9 9 9 9 9 9 9 9 9 9 9 9 9 9 9 9 9 9 9 9 9 9 9 9 9 9 9 9 9 9 9 9 9 9 10 10 10 10 10 10 10 10 10 10 10 10 10 10 10 10 10 10 10 10 10 10 10 10 10 10 10 10 10 10 10 10 10 10 10 10 10 10 10 10 10 10 10 10 10 10 10 10 10 10 10 10 10 10 10 10 10 10 10 10 
calling hdp_init 2022-07-17 12:05:47
Runing run.setup.and.posterior on 11310111
Guessed number of signatures (= Dirichlet process data clusters) = 46
Reading input catalog file ./SBS/input/Realistic/ground.truth.syn.catalog.csv
0 1 1 1 1 1 1 1 1 1 2 2 2 2 2 2 2 2 2 2 2 2 2 2 2 2 2 2 2 2 2 2 2 2 2 2 2 2 2 2 2 2 2 2 2 2 2 2 2 2 2 2 2 2 2 2 2 2 2 2 2 2 2 2 2 2 2 2 2 2 3 3 3 3 3 3 3 3 3 3 3 3 3 3 3 3 3 3 3 3 3 3 3 3 3 3 3 3 3 3 3 3 3 3 3 3 3 3 3 3 3 3 3 3 3 3 3 3 3 3 3 3 3 3 3 3 3 3 3 3 4 4 4 4 4 4 4 4 4 4 4 4 4 4 4 4 4 4 4 4 4 4 4 4 4 4 4 4 4 4 4 4 4 4 4 4 4 4 4 4 4 4 4 4 4 4 4 4 4 4 4 4 4 4 4 4 4 4 4 4 5 5 5 5 5 5 5 5 5 5 5 5 5 5 5 5 5 5 5 5 5 5 5 5 5 5 5 5 5 5 5 5 5 5 5 5 5 5 5 5 5 5 5 5 5 5 5 5 5 5 5 5 5 5 5 5 5 5 5 5 6 6 6 6 6 6 6 6 6 6 6 6 6 6 6 6 6 6 6 6 6 6 6 6 6 6 6 6 6 6 6 6 6 6 6 6 6 6 6 6 6 6 6 6 6 6 6 6 6 6 6 6 6 6 6 6 6 6 6 6 7 7 7 7 7 7 7 7 7 7 7 7 7 7 7 7 7 7 7 7 7 7 7 7 7 7 7 7 7 7 7 7 7 7 7 7 7 7 7 7 7 7 7 7 7 7 7 7 7 7 7 7 7 7 7 7 7 7 7 7 8 8 8 8 8 8 8 8 8 8 8 8 8 8 8 8 8 8 8 8 8 8 8 8 8 8 8 8 8 8 8 8 8 8 8 8 8 8 8 8 8 8 8 8 8 8 8 8 8 8 8 8 8 8 8 8 8 8 8 8 9 9 9 9 9 9 9 9 9 9 9 9 9 9 9 9 9 9 9 9 9 9 9 9 9 9 9 9 9 9 9 9 9 9 9 9 9 9 9 9 9 9 9 9 9 9 9 9 9 9 9 9 9 9 9 9 9 9 9 9 10 10 10 10 10 10 10 10 10 10 10 10 10 10 10 10 10 10 10 10 10 10 10 10 10 10 10 10 10 10 10 10 10 10 10 10 10 10 10 10 10 10 10 10 10 10 10 10 10 10 10 10 10 10 10 10 10 10 10 10 
calling hdp_init 2022-07-17 12:05:47
Runing run.setup.and.posterior on 12310111
Reading input catalog file ./SBS/input/Realistic/ground.truth.syn.catalog.csv
Guessed number of signatures (= Dirichlet process data clusters) = 46
0 1 1 1 1 1 1 1 1 1 2 2 2 2 2 2 2 2 2 2 2 2 2 2 2 2 2 2 2 2 2 2 2 2 2 2 2 2 2 2 2 2 2 2 2 2 2 2 2 2 2 2 2 2 2 2 2 2 2 2 2 2 2 2 2 2 2 2 2 2 3 3 3 3 3 3 3 3 3 3 3 3 3 3 3 3 3 3 3 3 3 3 3 3 3 3 3 3 3 3 3 3 3 3 3 3 3 3 3 3 3 3 3 3 3 3 3 3 3 3 3 3 3 3 3 3 3 3 3 3 4 4 4 4 4 4 4 4 4 4 4 4 4 4 4 4 4 4 4 4 4 4 4 4 4 4 4 4 4 4 4 4 4 4 4 4 4 4 4 4 4 4 4 4 4 4 4 4 4 4 4 4 4 4 4 4 4 4 4 4 5 5 5 5 5 5 5 5 5 5 5 5 5 5 5 5 5 5 5 5 5 5 5 5 5 5 5 5 5 5 5 5 5 5 5 5 5 5 5 5 5 5 5 5 5 5 5 5 5 5 5 5 5 5 5 5 5 5 5 5 6 6 6 6 6 6 6 6 6 6 6 6 6 6 6 6 6 6 6 6 6 6 6 6 6 6 6 6 6 6 6 6 6 6 6 6 6 6 6 6 6 6 6 6 6 6 6 6 6 6 6 6 6 6 6 6 6 6 6 6 7 7 7 7 7 7 7 7 7 7 7 7 7 7 7 7 7 7 7 7 7 7 7 7 7 7 7 7 7 7 7 7 7 7 7 7 7 7 7 7 7 7 7 7 7 7 7 7 7 7 7 7 7 7 7 7 7 7 7 7 8 8 8 8 8 8 8 8 8 8 8 8 8 8 8 8 8 8 8 8 8 8 8 8 8 8 8 8 8 8 8 8 8 8 8 8 8 8 8 8 8 8 8 8 8 8 8 8 8 8 8 8 8 8 8 8 8 8 8 8 9 9 9 9 9 9 9 9 9 9 9 9 9 9 9 9 9 9 9 9 9 9 9 9 9 9 9 9 9 9 9 9 9 9 9 9 9 9 9 9 9 9 9 9 9 9 9 9 9 9 9 9 9 9 9 9 9 9 9 9 10 10 10 10 10 10 10 10 10 10 10 10 10 10 10 10 10 10 10 10 10 10 10 10 10 10 10 10 10 10 10 10 10 10 10 10 10 10 10 10 10 10 10 10 10 10 10 10 10 10 10 10 10 10 10 10 10 10 10 10 
calling hdp_init 2022-07-17 12:05:47
Runing run.setup.and.posterior on 13310111
Reading input catalog file ./SBS/input/Realistic/ground.truth.syn.catalog.csv
Guessed number of signatures (= Dirichlet process data clusters) = 46
0 1 1 1 1 1 1 1 1 1 2 2 2 2 2 2 2 2 2 2 2 2 2 2 2 2 2 2 2 2 2 2 2 2 2 2 2 2 2 2 2 2 2 2 2 2 2 2 2 2 2 2 2 2 2 2 2 2 2 2 2 2 2 2 2 2 2 2 2 2 3 3 3 3 3 3 3 3 3 3 3 3 3 3 3 3 3 3 3 3 3 3 3 3 3 3 3 3 3 3 3 3 3 3 3 3 3 3 3 3 3 3 3 3 3 3 3 3 3 3 3 3 3 3 3 3 3 3 3 3 4 4 4 4 4 4 4 4 4 4 4 4 4 4 4 4 4 4 4 4 4 4 4 4 4 4 4 4 4 4 4 4 4 4 4 4 4 4 4 4 4 4 4 4 4 4 4 4 4 4 4 4 4 4 4 4 4 4 4 4 5 5 5 5 5 5 5 5 5 5 5 5 5 5 5 5 5 5 5 5 5 5 5 5 5 5 5 5 5 5 5 5 5 5 5 5 5 5 5 5 5 5 5 5 5 5 5 5 5 5 5 5 5 5 5 5 5 5 5 5 6 6 6 6 6 6 6 6 6 6 6 6 6 6 6 6 6 6 6 6 6 6 6 6 6 6 6 6 6 6 6 6 6 6 6 6 6 6 6 6 6 6 6 6 6 6 6 6 6 6 6 6 6 6 6 6 6 6 6 6 7 7 7 7 7 7 7 7 7 7 7 7 7 7 7 7 7 7 7 7 7 7 7 7 7 7 7 7 7 7 7 7 7 7 7 7 7 7 7 7 7 7 7 7 7 7 7 7 7 7 7 7 7 7 7 7 7 7 7 7 8 8 8 8 8 8 8 8 8 8 8 8 8 8 8 8 8 8 8 8 8 8 8 8 8 8 8 8 8 8 8 8 8 8 8 8 8 8 8 8 8 8 8 8 8 8 8 8 8 8 8 8 8 8 8 8 8 8 8 8 9 9 9 9 9 9 9 9 9 9 9 9 9 9 9 9 9 9 9 9 9 9 9 9 9 9 9 9 9 9 9 9 9 9 9 9 9 9 9 9 9 9 9 9 9 9 9 9 9 9 9 9 9 9 9 9 9 9 9 9 10 10 10 10 10 10 10 10 10 10 10 10 10 10 10 10 10 10 10 10 10 10 10 10 10 10 10 10 10 10 10 10 10 10 10 10 10 10 10 10 10 10 10 10 10 10 10 10 10 10 10 10 10 10 10 10 10 10 10 10 
calling hdp_init 2022-07-17 12:05:47
Runing run.setup.and.posterior on 14310111
Guessed number of signatures (= Dirichlet process data clusters) = 46
Reading input catalog file ./SBS/input/Realistic/ground.truth.syn.catalog.csv
0 1 1 1 1 1 1 1 1 1 2 2 2 2 2 2 2 2 2 2 2 2 2 2 2 2 2 2 2 2 2 2 2 2 2 2 2 2 2 2 2 2 2 2 2 2 2 2 2 2 2 2 2 2 2 2 2 2 2 2 2 2 2 2 2 2 2 2 2 2 3 3 3 3 3 3 3 3 3 3 3 3 3 3 3 3 3 3 3 3 3 3 3 3 3 3 3 3 3 3 3 3 3 3 3 3 3 3 3 3 3 3 3 3 3 3 3 3 3 3 3 3 3 3 3 3 3 3 3 3 4 4 4 4 4 4 4 4 4 4 4 4 4 4 4 4 4 4 4 4 4 4 4 4 4 4 4 4 4 4 4 4 4 4 4 4 4 4 4 4 4 4 4 4 4 4 4 4 4 4 4 4 4 4 4 4 4 4 4 4 5 5 5 5 5 5 5 5 5 5 5 5 5 5 5 5 5 5 5 5 5 5 5 5 5 5 5 5 5 5 5 5 5 5 5 5 5 5 5 5 5 5 5 5 5 5 5 5 5 5 5 5 5 5 5 5 5 5 5 5 6 6 6 6 6 6 6 6 6 6 6 6 6 6 6 6 6 6 6 6 6 6 6 6 6 6 6 6 6 6 6 6 6 6 6 6 6 6 6 6 6 6 6 6 6 6 6 6 6 6 6 6 6 6 6 6 6 6 6 6 7 7 7 7 7 7 7 7 7 7 7 7 7 7 7 7 7 7 7 7 7 7 7 7 7 7 7 7 7 7 7 7 7 7 7 7 7 7 7 7 7 7 7 7 7 7 7 7 7 7 7 7 7 7 7 7 7 7 7 7 8 8 8 8 8 8 8 8 8 8 8 8 8 8 8 8 8 8 8 8 8 8 8 8 8 8 8 8 8 8 8 8 8 8 8 8 8 8 8 8 8 8 8 8 8 8 8 8 8 8 8 8 8 8 8 8 8 8 8 8 9 9 9 9 9 9 9 9 9 9 9 9 9 9 9 9 9 9 9 9 9 9 9 9 9 9 9 9 9 9 9 9 9 9 9 9 9 9 9 9 9 9 9 9 9 9 9 9 9 9 9 9 9 9 9 9 9 9 9 9 10 10 10 10 10 10 10 10 10 10 10 10 10 10 10 10 10 10 10 10 10 10 10 10 10 10 10 10 10 10 10 10 10 10 10 10 10 10 10 10 10 10 10 10 10 10 10 10 10 10 10 10 10 10 10 10 10 10 10 10 
calling hdp_init 2022-07-17 12:05:47
Runing run.setup.and.posterior on 15310111
Reading input catalog file ./SBS/input/Realistic/ground.truth.syn.catalog.csv
Guessed number of signatures (= Dirichlet process data clusters) = 46
0 1 1 1 1 1 1 1 1 1 2 2 2 2 2 2 2 2 2 2 2 2 2 2 2 2 2 2 2 2 2 2 2 2 2 2 2 2 2 2 2 2 2 2 2 2 2 2 2 2 2 2 2 2 2 2 2 2 2 2 2 2 2 2 2 2 2 2 2 2 3 3 3 3 3 3 3 3 3 3 3 3 3 3 3 3 3 3 3 3 3 3 3 3 3 3 3 3 3 3 3 3 3 3 3 3 3 3 3 3 3 3 3 3 3 3 3 3 3 3 3 3 3 3 3 3 3 3 3 3 4 4 4 4 4 4 4 4 4 4 4 4 4 4 4 4 4 4 4 4 4 4 4 4 4 4 4 4 4 4 4 4 4 4 4 4 4 4 4 4 4 4 4 4 4 4 4 4 4 4 4 4 4 4 4 4 4 4 4 4 5 5 5 5 5 5 5 5 5 5 5 5 5 5 5 5 5 5 5 5 5 5 5 5 5 5 5 5 5 5 5 5 5 5 5 5 5 5 5 5 5 5 5 5 5 5 5 5 5 5 5 5 5 5 5 5 5 5 5 5 6 6 6 6 6 6 6 6 6 6 6 6 6 6 6 6 6 6 6 6 6 6 6 6 6 6 6 6 6 6 6 6 6 6 6 6 6 6 6 6 6 6 6 6 6 6 6 6 6 6 6 6 6 6 6 6 6 6 6 6 7 7 7 7 7 7 7 7 7 7 7 7 7 7 7 7 7 7 7 7 7 7 7 7 7 7 7 7 7 7 7 7 7 7 7 7 7 7 7 7 7 7 7 7 7 7 7 7 7 7 7 7 7 7 7 7 7 7 7 7 8 8 8 8 8 8 8 8 8 8 8 8 8 8 8 8 8 8 8 8 8 8 8 8 8 8 8 8 8 8 8 8 8 8 8 8 8 8 8 8 8 8 8 8 8 8 8 8 8 8 8 8 8 8 8 8 8 8 8 8 9 9 9 9 9 9 9 9 9 9 9 9 9 9 9 9 9 9 9 9 9 9 9 9 9 9 9 9 9 9 9 9 9 9 9 9 9 9 9 9 9 9 9 9 9 9 9 9 9 9 9 9 9 9 9 9 9 9 9 9 10 10 10 10 10 10 10 10 10 10 10 10 10 10 10 10 10 10 10 10 10 10 10 10 10 10 10 10 10 10 10 10 10 10 10 10 10 10 10 10 10 10 10 10 10 10 10 10 10 10 10 10 10 10 10 10 10 10 10 10 
calling hdp_init 2022-07-17 12:05:47
Runing run.setup.and.posterior on 16310111
Reading input catalog file ./SBS/input/Realistic/ground.truth.syn.catalog.csv
Guessed number of signatures (= Dirichlet process data clusters) = 46
0 1 1 1 1 1 1 1 1 1 2 2 2 2 2 2 2 2 2 2 2 2 2 2 2 2 2 2 2 2 2 2 2 2 2 2 2 2 2 2 2 2 2 2 2 2 2 2 2 2 2 2 2 2 2 2 2 2 2 2 2 2 2 2 2 2 2 2 2 2 3 3 3 3 3 3 3 3 3 3 3 3 3 3 3 3 3 3 3 3 3 3 3 3 3 3 3 3 3 3 3 3 3 3 3 3 3 3 3 3 3 3 3 3 3 3 3 3 3 3 3 3 3 3 3 3 3 3 3 3 4 4 4 4 4 4 4 4 4 4 4 4 4 4 4 4 4 4 4 4 4 4 4 4 4 4 4 4 4 4 4 4 4 4 4 4 4 4 4 4 4 4 4 4 4 4 4 4 4 4 4 4 4 4 4 4 4 4 4 4 5 5 5 5 5 5 5 5 5 5 5 5 5 5 5 5 5 5 5 5 5 5 5 5 5 5 5 5 5 5 5 5 5 5 5 5 5 5 5 5 5 5 5 5 5 5 5 5 5 5 5 5 5 5 5 5 5 5 5 5 6 6 6 6 6 6 6 6 6 6 6 6 6 6 6 6 6 6 6 6 6 6 6 6 6 6 6 6 6 6 6 6 6 6 6 6 6 6 6 6 6 6 6 6 6 6 6 6 6 6 6 6 6 6 6 6 6 6 6 6 7 7 7 7 7 7 7 7 7 7 7 7 7 7 7 7 7 7 7 7 7 7 7 7 7 7 7 7 7 7 7 7 7 7 7 7 7 7 7 7 7 7 7 7 7 7 7 7 7 7 7 7 7 7 7 7 7 7 7 7 8 8 8 8 8 8 8 8 8 8 8 8 8 8 8 8 8 8 8 8 8 8 8 8 8 8 8 8 8 8 8 8 8 8 8 8 8 8 8 8 8 8 8 8 8 8 8 8 8 8 8 8 8 8 8 8 8 8 8 8 9 9 9 9 9 9 9 9 9 9 9 9 9 9 9 9 9 9 9 9 9 9 9 9 9 9 9 9 9 9 9 9 9 9 9 9 9 9 9 9 9 9 9 9 9 9 9 9 9 9 9 9 9 9 9 9 9 9 9 9 10 10 10 10 10 10 10 10 10 10 10 10 10 10 10 10 10 10 10 10 10 10 10 10 10 10 10 10 10 10 10 10 10 10 10 10 10 10 10 10 10 10 10 10 10 10 10 10 10 10 10 10 10 10 10 10 10 10 10 10 
calling hdp_init 2022-07-17 12:05:47
Runing run.setup.and.posterior on 17310111
Guessed number of signatures (= Dirichlet process data clusters) = 46
Reading input catalog file ./SBS/input/Realistic/ground.truth.syn.catalog.csv
0 1 1 1 1 1 1 1 1 1 2 2 2 2 2 2 2 2 2 2 2 2 2 2 2 2 2 2 2 2 2 2 2 2 2 2 2 2 2 2 2 2 2 2 2 2 2 2 2 2 2 2 2 2 2 2 2 2 2 2 2 2 2 2 2 2 2 2 2 2 3 3 3 3 3 3 3 3 3 3 3 3 3 3 3 3 3 3 3 3 3 3 3 3 3 3 3 3 3 3 3 3 3 3 3 3 3 3 3 3 3 3 3 3 3 3 3 3 3 3 3 3 3 3 3 3 3 3 3 3 4 4 4 4 4 4 4 4 4 4 4 4 4 4 4 4 4 4 4 4 4 4 4 4 4 4 4 4 4 4 4 4 4 4 4 4 4 4 4 4 4 4 4 4 4 4 4 4 4 4 4 4 4 4 4 4 4 4 4 4 5 5 5 5 5 5 5 5 5 5 5 5 5 5 5 5 5 5 5 5 5 5 5 5 5 5 5 5 5 5 5 5 5 5 5 5 5 5 5 5 5 5 5 5 5 5 5 5 5 5 5 5 5 5 5 5 5 5 5 5 6 6 6 6 6 6 6 6 6 6 6 6 6 6 6 6 6 6 6 6 6 6 6 6 6 6 6 6 6 6 6 6 6 6 6 6 6 6 6 6 6 6 6 6 6 6 6 6 6 6 6 6 6 6 6 6 6 6 6 6 7 7 7 7 7 7 7 7 7 7 7 7 7 7 7 7 7 7 7 7 7 7 7 7 7 7 7 7 7 7 7 7 7 7 7 7 7 7 7 7 7 7 7 7 7 7 7 7 7 7 7 7 7 7 7 7 7 7 7 7 8 8 8 8 8 8 8 8 8 8 8 8 8 8 8 8 8 8 8 8 8 8 8 8 8 8 8 8 8 8 8 8 8 8 8 8 8 8 8 8 8 8 8 8 8 8 8 8 8 8 8 8 8 8 8 8 8 8 8 8 9 9 9 9 9 9 9 9 9 9 9 9 9 9 9 9 9 9 9 9 9 9 9 9 9 9 9 9 9 9 9 9 9 9 9 9 9 9 9 9 9 9 9 9 9 9 9 9 9 9 9 9 9 9 9 9 9 9 9 9 10 10 10 10 10 10 10 10 10 10 10 10 10 10 10 10 10 10 10 10 10 10 10 10 10 10 10 10 10 10 10 10 10 10 10 10 10 10 10 10 10 10 10 10 10 10 10 10 10 10 10 10 10 10 10 10 10 10 10 10 
calling hdp_init 2022-07-17 12:05:47
Runing run.setup.and.posterior on 18310111
Guessed number of signatures (= Dirichlet process data clusters) = 46
Reading input catalog file ./SBS/input/Realistic/ground.truth.syn.catalog.csv
0 1 1 1 1 1 1 1 1 1 2 2 2 2 2 2 2 2 2 2 2 2 2 2 2 2 2 2 2 2 2 2 2 2 2 2 2 2 2 2 2 2 2 2 2 2 2 2 2 2 2 2 2 2 2 2 2 2 2 2 2 2 2 2 2 2 2 2 2 2 3 3 3 3 3 3 3 3 3 3 3 3 3 3 3 3 3 3 3 3 3 3 3 3 3 3 3 3 3 3 3 3 3 3 3 3 3 3 3 3 3 3 3 3 3 3 3 3 3 3 3 3 3 3 3 3 3 3 3 3 4 4 4 4 4 4 4 4 4 4 4 4 4 4 4 4 4 4 4 4 4 4 4 4 4 4 4 4 4 4 4 4 4 4 4 4 4 4 4 4 4 4 4 4 4 4 4 4 4 4 4 4 4 4 4 4 4 4 4 4 5 5 5 5 5 5 5 5 5 5 5 5 5 5 5 5 5 5 5 5 5 5 5 5 5 5 5 5 5 5 5 5 5 5 5 5 5 5 5 5 5 5 5 5 5 5 5 5 5 5 5 5 5 5 5 5 5 5 5 5 6 6 6 6 6 6 6 6 6 6 6 6 6 6 6 6 6 6 6 6 6 6 6 6 6 6 6 6 6 6 6 6 6 6 6 6 6 6 6 6 6 6 6 6 6 6 6 6 6 6 6 6 6 6 6 6 6 6 6 6 7 7 7 7 7 7 7 7 7 7 7 7 7 7 7 7 7 7 7 7 7 7 7 7 7 7 7 7 7 7 7 7 7 7 7 7 7 7 7 7 7 7 7 7 7 7 7 7 7 7 7 7 7 7 7 7 7 7 7 7 8 8 8 8 8 8 8 8 8 8 8 8 8 8 8 8 8 8 8 8 8 8 8 8 8 8 8 8 8 8 8 8 8 8 8 8 8 8 8 8 8 8 8 8 8 8 8 8 8 8 8 8 8 8 8 8 8 8 8 8 9 9 9 9 9 9 9 9 9 9 9 9 9 9 9 9 9 9 9 9 9 9 9 9 9 9 9 9 9 9 9 9 9 9 9 9 9 9 9 9 9 9 9 9 9 9 9 9 9 9 9 9 9 9 9 9 9 9 9 9 10 10 10 10 10 10 10 10 10 10 10 10 10 10 10 10 10 10 10 10 10 10 10 10 10 10 10 10 10 10 10 10 10 10 10 10 10 10 10 10 10 10 10 10 10 10 10 10 10 10 10 10 10 10 10 10 10 10 10 10 
calling hdp_init 2022-07-17 12:05:47
Guessed number of signatures (= Dirichlet process data clusters) = 46
Runing run.setup.and.posterior on 19310111
0 1 1 1 1 1 1 1 1 1 2 2 2 2 2 2 2 2 2 2 2 2 2 2 2 2 2 2 2 2 2 2 2 2 2 2 2 2 2 2 2 2 2 2 2 2 2 2 2 2 2 2 2 2 2 2 2 2 2 2 2 2 2 2 2 2 2 2 2 2 3 3 3 3 3 3 3 3 3 3 3 3 3 3 3 3 3 3 3 3 3 3 3 3 3 3 3 3 3 3 3 3 3 3 3 3 3 3 3 3 3 3 3 3 3 3 3 3 3 3 3 3 3 3 3 3 3 3 3 3 4 4 4 4 4 4 4 4 4 4 4 4 4 4 4 4 4 4 4 4 4 4 4 4 4 4 4 4 4 4 4 4 4 4 4 4 4 4 4 4 4 4 4 4 4 4 4 4 4 4 4 4 4 4 4 4 4 4 4 4 5 5 5 5 5 5 5 5 5 5 5 5 5 5 5 5 5 5 5 5 5 5 5 Reading input catalog file ./SBS/input/Realistic/ground.truth.syn.catalog.csv
5 5 5 5 5 5 5 5 5 5 5 5 5 5 5 5 5 5 5 5 5 5 5 5 5 5 5 5 5 5 5 5 5 5 5 5 5 6 6 6 6 6 6 6 6 6 6 6 6 6 6 6 6 6 6 6 6 6 6 6 6 6 6 6 6 6 6 6 6 6 6 6 6 6 6 6 6 6 6 6 6 6 6 6 6 6 6 6 6 6 6 6 6 6 6 6 6 7 7 7 7 7 7 7 7 7 7 7 7 7 7 7 7 7 7 7 7 7 7 7 7 7 7 7 7 7 7 7 7 7 7 7 7 7 7 7 7 7 7 7 7 7 7 7 7 7 7 7 7 7 7 7 7 7 7 7 7 8 8 8 8 8 8 8 8 8 8 8 8 8 8 8 8 8 8 8 8 8 8 8 8 8 8 8 8 8 8 8 8 8 8 8 8 8 8 8 8 8 8 8 8 8 8 8 8 8 8 8 8 8 8 8 8 8 8 8 8 9 9 9 9 9 9 9 9 9 9 9 9 9 9 9 9 9 9 9 9 9 9 9 9 9 9 9 9 9 9 9 9 9 9 9 9 9 9 9 9 9 9 9 9 9 9 9 9 9 9 9 9 9 9 9 9 9 9 9 9 10 10 10 10 10 10 10 10 10 10 10 10 10 10 10 10 10 10 10 10 10 10 10 10 10 10 10 10 10 10 10 10 10 10 10 10 10 10 10 10 10 10 10 10 10 10 10 10 10 10 10 10 10 10 10 10 10 10 10 10 
calling hdp_init 2022-07-17 12:05:47
Guessed number of signatures (= Dirichlet process data clusters) = 46
Runing run.setup.and.posterior on 20310111
Reading input catalog file ./SBS/input/Realistic/ground.truth.syn.catalog.csv
0 1 1 1 1 1 1 1 1 1 2 2 2 2 2 2 2 2 2 2 2 2 2 2 2 2 2 2 2 2 2 2 2 2 2 2 2 2 2 2 2 2 2 2 2 2 2 2 2 2 2 2 2 2 2 2 2 2 2 2 2 2 2 2 2 2 2 2 2 2 3 3 3 3 3 3 3 3 3 3 3 3 3 3 3 3 3 3 3 3 3 3 3 3 3 3 3 3 3 3 3 3 3 3 3 3 3 3 3 3 3 3 3 3 3 3 3 3 3 3 3 3 3 3 3 3 3 3 3 3 4 4 4 4 4 4 4 4 4 4 4 4 4 4 4 4 4 4 4 4 4 4 4 4 4 4 4 4 4 4 4 4 4 4 4 4 4 4 4 4 4 4 4 4 4 4 4 4 4 4 4 4 4 4 4 4 4 4 4 4 5 5 5 5 5 5 5 5 5 5 5 5 5 5 5 5 5 5 5 5 5 5 5 5 5 5 5 5 5 5 5 5 5 5 5 5 5 5 5 5 5 5 5 5 5 5 5 5 5 5 5 5 5 5 5 5 5 5 5 5 6 6 6 6 6 6 6 6 6 6 6 6 6 6 6 6 6 6 6 6 6 6 6 6 6 6 6 6 6 6 6 6 6 6 6 6 6 6 6 6 6 6 6 6 6 6 6 6 6 6 6 6 6 6 6 6 6 6 6 6 7 7 7 7 7 7 7 7 7 7 7 7 7 7 7 7 7 7 7 7 7 7 7 7 7 7 7 7 7 7 7 7 7 7 7 7 7 7 7 7 7 7 7 7 7 7 7 7 7 7 7 7 7 7 7 7 7 7 7 7 8 8 8 8 8 8 8 8 8 8 8 8 8 8 8 8 8 8 8 8 8 8 8 8 8 8 8 8 8 8 8 8 8 8 8 8 8 8 8 8 8 8 8 8 8 8 8 8 8 8 8 8 8 8 8 8 8 8 8 8 9 9 9 9 9 9 9 9 9 9 9 9 9 9 9 9 9 9 9 9 9 9 9 9 9 9 9 9 9 9 9 9 9 9 9 9 9 9 9 9 9 9 9 9 9 9 9 9 9 9 9 9 9 9 9 9 9 9 9 9 10 10 10 10 10 10 10 10 10 10 10 10 10 10 10 10 10 10 10 10 10 10 10 10 10 10 10 10 10 10 10 10 10 10 10 10 10 10 10 10 10 10 10 10 10 10 10 10 10 10 10 10 10 10 10 10 10 10 10 10 
calling hdp_init 2022-07-17 12:05:47
Guessed number of signatures (= Dirichlet process data clusters) = 46
0 1 1 1 1 1 1 1 1 1 2 2 2 2 2 2 2 2 2 2 2 2 2 2 2 2 2 2 2 2 2 2 2 2 2 2 2 2 2 2 2 2 2 2 2 2 2 2 2 2 2 2 2 2 2 2 2 2 2 2 2 2 2 2 2 2 2 2 2 2 3 3 3 3 3 3 3 3 3 3 3 3 3 3 3 3 3 3 3 3 3 3 3 3 3 3 3 3 3 3 3 3 3 3 3 3 3 3 3 3 3 3 3 3 3 3 3 3 3 3 3 3 3 3 3 3 3 3 3 3 4 4 4 4 4 4 4 4 4 4 4 4 4 4 4 4 4 4 4 4 4 4 4 4 4 4 4 4 4 4 4 4 4 4 4 4 4 4 4 4 4 4 4 4 4 4 4 4 4 4 4 4 4 4 4 4 4 4 4 4 5 5 5 5 5 5 5 5 5 5 5 5 5 5 5 5 5 5 5 5 5 5 5 5 5 5 5 5 5 5 5 5 5 5 5 5 5 5 5 5 5 5 5 5 5 5 5 5 5 5 5 5 5 5 5 5 5 5 5 5 6 6 6 6 6 6 6 6 6 6 6 6 6 6 6 6 6 6 6 6 6 6 6 6 6 6 6 6 6 6 6 6 6 6 6 6 6 6 6 6 6 6 6 6 6 6 6 6 6 6 6 6 6 6 6 6 6 6 6 6 7 7 7 7 7 7 7 7 7 7 7 7 7 7 7 7 7 7 7 7 7 7 7 7 7 7 7 7 7 7 7 7 7 7 7 7 7 7 7 7 7 7 7 7 7 7 7 7 7 7 7 7 7 7 7 7 7 7 7 7 8 8 8 8 8 8 8 8 8 8 8 8 8 8 8 8 8 8 8 8 8 8 8 8 8 8 8 8 8 8 8 8 8 8 8 8 8 8 8 8 8 8 8 8 8 8 8 8 8 8 8 8 8 8 8 8 8 8 8 8 9 9 9 9 9 9 9 9 9 9 9 9 9 9 9 9 9 9 9 9 9 9 9 9 9 9 9 9 9 9 9 9 9 9 9 9 9 9 9 9 9 9 9 9 9 9 9 9 9 9 9 9 9 9 9 9 9 9 9 9 10 10 10 10 10 10 10 10 10 10 10 10 10 10 10 10 10 10 10 10 10 10 10 10 10 10 10 10 10 10 10 10 10 10 10 10 10 10 10 10 10 10 10 10 10 10 10 10 10 10 10 10 10 10 10 10 10 10 10 10 
calling hdp_init 2022-07-17 12:05:47
Guessed number of signatures (= Dirichlet process data clusters) = 46
0 1 1 1 1 1 1 1 1 1 2 2 2 2 2 2 2 2 2 2 2 2 2 2 2 2 2 2 2 2 2 2 2 2 2 2 2 2 2 2 2 2 2 2 2 2 2 2 2 2 2 2 2 2 2 2 2 2 2 2 2 2 2 2 2 2 2 2 2 2 3 3 3 3 3 3 3 3 3 3 3 3 3 3 3 3 3 3 3 3 3 3 3 3 3 3 3 3 3 3 3 3 3 3 3 3 3 3 3 3 3 3 3 3 3 3 3 3 3 3 3 3 3 3 3 3 3 3 3 3 4 4 4 4 4 4 4 4 4 4 4 4 4 4 4 4 4 4 4 4 4 4 4 4 4 4 4 4 4 4 4 4 4 4 4 4 4 4 4 4 4 4 4 4 4 4 4 4 4 4 4 4 4 4 4 4 4 4 4 4 5 5 5 5 5 5 5 5 5 5 5 5 5 5 5 5 5 5 5 5 5 5 5 5 5 5 5 5 5 5 5 5 5 5 5 5 5 5 5 5 5 5 5 5 5 5 5 5 5 5 5 5 5 5 5 5 5 5 5 5 6 6 6 6 6 6 6 6 6 6 6 6 6 6 6 6 6 6 6 6 6 6 6 6 6 6 6 6 6 6 6 6 6 6 6 6 6 6 6 6 6 6 6 6 6 6 6 6 6 6 6 6 6 6 6 6 6 6 6 6 7 7 7 7 7 7 7 7 7 7 7 7 7 7 7 7 7 7 7 7 7 7 7 7 7 7 7 7 7 7 7 7 7 7 7 7 7 7 7 7 7 7 7 7 7 7 7 7 7 7 7 7 7 7 7 7 7 7 7 7 8 8 8 8 8 8 8 8 8 8 8 8 8 8 8 8 8 8 8 8 8 8 8 8 8 8 8 8 8 8 8 8 8 8 8 8 8 8 8 8 8 8 8 8 8 8 8 8 8 8 8 8 8 8 8 8 8 8 8 8 9 9 9 9 9 9 9 9 9 9 9 9 9 9 9 9 9 9 9 9 9 9 9 9 9 9 9 9 9 9 9 9 9 9 9 9 9 9 9 9 9 9 9 9 9 9 9 9 9 9 9 9 9 9 9 9 9 9 9 9 10 10 10 10 10 10 10 10 10 10 10 10 10 10 10 10 10 10 10 10 10 10 10 10 10 10 10 10 10 10 10 10 10 10 10 10 10 10 10 10 10 10 10 10 10 10 10 10 10 10 10 10 10 10 10 10 10 10 10 10 
calling hdp_init 2022-07-17 12:05:47
Guessed number of signatures (= Dirichlet process data clusters) = 46
0 1 1 1 1 1 1 1 1 1 2 2 2 2 2 2 2 2 2 2 2 2 2 2 2 2 2 2 2 2 2 2 2 2 2 2 2 2 2 2 2 2 2 2 2 2 2 2 2 2 2 2 2 2 2 2 2 2 2 2 2 2 2 2 2 2 2 2 2 2 3 3 3 3 3 3 3 3 3 3 3 3 3 3 3 3 3 3 3 3 3 3 3 3 3 3 3 3 3 3 3 3 3 3 3 3 3 3 3 3 3 3 3 3 3 3 3 3 3 3 3 3 3 3 3 3 3 3 3 3 4 4 4 4 4 4 4 4 4 4 4 4 4 4 4 4 4 4 4 4 4 4 4 4 4 4 4 4 4 4 4 4 4 4 4 4 4 4 4 4 4 4 4 4 4 4 4 4 4 4 4 4 4 4 4 4 4 4 4 4 5 5 5 5 5 5 5 5 5 5 5 5 5 5 5 5 5 5 5 5 5 5 5 5 5 5 5 5 5 5 5 5 5 5 5 5 5 5 5 5 5 5 5 5 5 5 5 5 5 5 5 5 5 5 5 5 5 5 5 5 6 6 6 6 6 6 6 6 6 6 6 6 6 6 6 6 6 6 6 6 6 6 6 6 6 6 6 6 6 6 6 6 6 6 6 6 6 6 6 6 6 6 6 6 6 6 6 6 6 6 6 6 6 6 6 6 6 6 6 6 7 7 7 7 7 7 7 7 7 7 7 7 7 7 7 7 7 7 7 7 7 7 7 7 7 7 7 7 7 7 7 7 7 7 7 7 7 7 7 7 7 7 7 7 7 7 7 7 7 7 7 7 7 7 7 7 7 7 7 7 8 8 8 8 8 8 8 8 8 8 8 8 8 8 8 8 8 8 8 8 8 8 8 8 8 8 8 8 8 8 8 8 8 8 8 8 8 8 8 8 8 8 8 8 8 8 8 8 8 8 8 8 8 8 8 8 8 8 8 8 9 9 9 9 9 9 9 9 9 9 9 9 9 9 9 9 9 9 9 9 9 9 9 9 9 9 9 9 9 9 9 9 9 9 9 9 9 9 9 9 9 9 9 9 9 9 9 9 9 9 9 9 9 9 9 9 9 9 9 9 10 10 10 10 10 10 10 10 10 10 10 10 10 10 10 10 10 10 10 10 10 10 10 10 10 10 10 10 10 10 10 10 10 10 10 10 10 10 10 10 10 10 10 10 10 10 10 10 10 10 10 10 10 10 10 10 10 10 10 10 
calling hdp_init 2022-07-17 12:05:48
calling hdp_setdata 2022-07-17 12:05:48
calling hdp_setdata 2022-07-17 12:05:48
calling hdp_setdata 2022-07-17 12:05:48
calling hdp_setdata 2022-07-17 12:05:48
calling hdp_setdata 2022-07-17 12:05:48
calling hdp_setdata 2022-07-17 12:05:48
calling hdp_setdata 2022-07-17 12:05:48
calling hdp_setdata 2022-07-17 12:05:48
calling hdp_setdata 2022-07-17 12:05:48
calling hdp_setdata 2022-07-17 12:05:48
calling hdp_setdata 2022-07-17 12:05:48
calling hdp_setdata 2022-07-17 12:05:48
calling hdp_setdata 2022-07-17 12:05:48
calling hdp_setdata 2022-07-17 12:05:48
calling hdp_setdata 2022-07-17 12:05:48
calling hdp_setdata 2022-07-17 12:05:48
calling hdp_setdata 2022-07-17 12:05:48
calling hdp_setdata 2022-07-17 12:05:48
calling hdp_setdata 2022-07-17 12:05:48
calling hdp_setdata 2022-07-17 12:05:48
calling dp_activate 2022-07-17 12:05:50
calling dp_activate 2022-07-17 12:05:50
calling dp_activate 2022-07-17 12:05:50
calling dp_activate 2022-07-17 12:05:50
calling dp_activate 2022-07-17 12:05:50
calling dp_activate 2022-07-17 12:05:50
calling dp_activate 2022-07-17 12:05:51
calling dp_activate 2022-07-17 12:05:51
calling dp_activate 2022-07-17 12:05:51
calling dp_activate 2022-07-17 12:05:51
calling dp_activate 2022-07-17 12:05:51
calling dp_activate 2022-07-17 12:05:51
calling dp_activate 2022-07-17 12:05:51
calling dp_activate 2022-07-17 12:05:51
calling dp_activate 2022-07-17 12:05:51
calling dp_activate 2022-07-17 12:05:51
calling dp_activate 2022-07-17 12:05:51
calling dp_activate 2022-07-17 12:05:51
calling dp_activate 2022-07-17 12:05:51
calling dp_activate 2022-07-17 12:05:52
calling hdp_posterior, seed = 18310111 2022-07-17 12:05:58
calling hdp_posterior, seed = 3310111 2022-07-17 12:05:58
calling hdp_posterior, seed = 14310111 2022-07-17 12:05:58
calling hdp_posterior, seed = 7310111 2022-07-17 12:05:59
calling hdp_posterior, seed = 9310111 2022-07-17 12:05:59
calling hdp_posterior, seed = 12310111 2022-07-17 12:05:59
calling hdp_posterior, seed = 15310111 2022-07-17 12:05:59
calling hdp_posterior, seed = 17310111 2022-07-17 12:05:59
calling hdp_posterior, seed = 1310111 2022-07-17 12:05:59
calling hdp_posterior, seed = 16310111 2022-07-17 12:06:00
calling hdp_posterior, seed = 13310111 2022-07-17 12:06:00
calling hdp_posterior, seed = 20310111 2022-07-17 12:06:00
calling hdp_posterior, seed = 10310111 2022-07-17 12:06:00
calling hdp_posterior, seed = 11310111 2022-07-17 12:06:00
calling hdp_posterior, seed = 2310111 2022-07-17 12:06:00
calling hdp_posterior, seed = 6310111 2022-07-17 12:06:00
calling hdp_posterior, seed = 8310111 2022-07-17 12:06:01
calling hdp_posterior, seed = 4310111 2022-07-17 12:06:01
calling hdp_posterior, seed = 5310111 2022-07-17 12:06:01
calling hdp_posterior, seed = 19310111 2022-07-17 12:06:01
[1] "100000 burn-in iterations in 28421.4 mins"
[1] "time 28698.3 ETC 34097.0 mins"
[1] "100000 burn-in iterations in 28782.9 mins"
[1] "time 28978.8 ETC 34092.7 mins"
[1] "time 29066.1 ETC 34534.0 mins"
[1] "100000 burn-in iterations in 29078.4 mins"
[1] "100000 burn-in iterations in 29132.6 mins"
[1] "time 29264.4 ETC 34094.5 mins"
[1] "time 29345.8 ETC 34524.5 mins"
[1] "time 29372.7 ETC 34898.2 mins"
[1] "time 29410.5 ETC 34943.2 mins"
[1] "100000 burn-in iterations in 29417.5 mins"
[1] "100000 burn-in iterations in 29433.9 mins"
[1] "time 29545.8 ETC 34091.3 mins"
[1] "time 29626.4 ETC 34516.2 mins"
[1] "time 29661.7 ETC 34896.1 mins"
[1] "time 29693.8 ETC 34933.9 mins"
[1] "time 29703.8 ETC 35291.6 mins"
[1] "time 29728.0 ETC 35320.4 mins"
[1] "time 29832.5 ETC 34094.3 mins"
[1] "time 29903.3 ETC 34503.9 mins"
[1] "time 29958.3 ETC 34902.8 mins"
[1] "time 29980.4 ETC 34928.6 mins"
[1] "time 29990.1 ETC 35282.5 mins"
[1] "time 30024.8 ETC 35323.2 mins"
[1] "time 30126.1 ETC 34105.0 mins"
[1] "time 30182.6 ETC 34494.4 mins"
[1] "100000 burn-in iterations in 30197.5 mins"
[1] "time 30256.4 ETC 34911.2 mins"
[1] "time 30263.7 ETC 34919.6 mins"
[1] "time 30278.4 ETC 35275.8 mins"
[1] "time 30316.1 ETC 35319.7 mins"
[1] "time 30419.6 ETC 34115.5 mins"
[1] "time 30461.2 ETC 34484.3 mins"
[1] "time 30479.0 ETC 36212.6 mins"
[1] "time 30544.0 ETC 34907.4 mins"
[1] "time 30557.2 ETC 34922.6 mins"
[1] "time 30568.4 ETC 35271.2 mins"
[1] "time 30606.6 ETC 35315.3 mins"
[1] "time 30704.1 ETC 34115.7 mins"
[1] "time 30744.2 ETC 34479.5 mins"
[1] "time 30754.5 ETC 36181.8 mins"
[1] "100000 burn-in iterations in 30814.1 mins"
[1] "time 30831.1 ETC 34903.1 mins"
[1] "time 30857.5 ETC 35265.7 mins"
[1] "time 30862.8 ETC 34939.0 mins"
[1] "time 30900.3 ETC 35314.6 mins"
[1] "time 30990.4 ETC 34117.9 mins"
[1] "time 31027.2 ETC 34474.7 mins"
[1] "time 31033.5 ETC 36155.6 mins"
[1] "time 31115.8 ETC 34896.2 mins"
[1] "time 31140.8 ETC 35253.7 mins"
[1] "time 31163.8 ETC 34950.1 mins"
[1] "time 31191.4 ETC 35311.0 mins"
[1] "time 31272.6 ETC 34115.6 mins"
[1] "time 31279.6 ETC 37163.9 mins"
[1] "time 31307.9 ETC 34467.4 mins"
[1] "time 31322.0 ETC 36140.7 mins"
[1] "time 31396.1 ETC 34884.6 mins"
[1] "time 31424.2 ETC 35242.1 mins"
[1] "time 31459.1 ETC 34954.6 mins"
[1] "100000 burn-in iterations in 31474.8 mins"
[1] "time 31475.9 ETC 35300.1 mins"
[1] "100000 burn-in iterations in 31507.5 mins"
[1] "time 31549.4 ETC 34107.4 mins"
[1] "time 31589.8 ETC 34461.6 mins"
[1] "time 31608.8 ETC 36124.4 mins"
[1] "time 31674.7 ETC 34871.3 mins"
[1] "time 31708.3 ETC 35231.5 mins"
[1] "time 31742.6 ETC 37344.3 mins"
[1] "time 31756.0 ETC 34960.7 mins"
[1] "time 31758.7 ETC 37733.1 mins"
[1] "time 31767.3 ETC 35297.0 mins"
[1] "time 31784.9 ETC 37764.2 mins"
[1] "time 31827.6 ETC 34101.0 mins"
[1] "time 31864.9 ETC 34448.6 mins"
[1] "time 31899.6 ETC 36112.7 mins"
[1] "time 31955.1 ETC 34860.1 mins"
[1] "time 31989.8 ETC 35218.1 mins"
[1] "time 32045.2 ETC 37700.3 mins"
[1] "time 32048.3 ETC 34961.7 mins"
[1] "time 32061.0 ETC 35296.5 mins"
[1] "time 32061.4 ETC 37719.4 mins"
[1] "100000 burn-in iterations in 32098.1 mins"
[1] "time 32114.6 ETC 34104.0 mins"
[1] "time 32140.8 ETC 34436.6 mins"
[1] "time 32186.9 ETC 36097.5 mins"
[1] "100000 burn-in iterations in 32191.0 mins"
[1] "time 32200.9 ETC 37515.6 mins"
[1] "time 32234.9 ETC 34848.6 mins"
[1] "100000 burn-in iterations in 32241.4 mins"
[1] "time 32331.5 ETC 37667.8 mins"
[1] "time 32333.0 ETC 35272.4 mins"
[1] "time 32337.3 ETC 37674.5 mins"
[1] "time 32345.0 ETC 34967.6 mins"
[1] "time 32355.2 ETC 35296.6 mins"
[1] "time 32425.7 ETC 34434.3 mins"
[1] "time 32427.5 ETC 38527.7 mins"
[1] "100000 burn-in iterations in 32452.2 mins"
[1] "time 32462.4 ETC 34170.9 mins"
[1] "time 32475.3 ETC 36083.7 mins"
[1] "time 32517.1 ETC 34839.8 mins"
[1] "time 32532.2 ETC 38652.1 mins"
[1] "time 32615.5 ETC 37633.2 mins"
[1] "time 32618.8 ETC 37637.1 mins"
[1] "time 32626.9 ETC 38764.6 mins"
[1] "time 32641.2 ETC 34972.8 mins"
[1] "time 32642.1 ETC 35288.7 mins"
[1] "time 32659.0 ETC 37683.4 mins"
[1] "time 32705.3 ETC 34426.6 mins"
[1] "time 32767.2 ETC 36074.0 mins"
[1] "time 32770.6 ETC 38553.6 mins"
[1] "time 32771.6 ETC 35428.7 mins"
[1] "time 32800.1 ETC 34832.0 mins"
[1] "time 32826.9 ETC 38619.8 mins"
[1] "100000 burn-in iterations in 32860.9 mins"
[1] "time 32891.7 ETC 39079.2 mins"
[1] "time 32892.2 ETC 37591.1 mins"
[1] "time 32901.3 ETC 37601.5 mins"
[1] "time 32916.7 ETC 34347.9 mins"
[1] "time 32936.0 ETC 35288.5 mins"
[1] "time 32941.6 ETC 34982.2 mins"
[1] "time 32986.8 ETC 34421.0 mins"
[1] "time 33047.5 ETC 38879.5 mins"
[1] "time 33057.9 ETC 38514.0 mins"
[1] "time 33062.4 ETC 36068.1 mins"
[1] "time 33079.3 ETC 34820.3 mins"
[1] "time 33099.8 ETC 35464.1 mins"
[1] "time 33116.0 ETC 38581.8 mins"
[1] "time 33116.8 ETC 37847.8 mins"
[1] "time 33165.9 ETC 37546.4 mins"
[1] "time 33178.2 ETC 37560.2 mins"
[1] "time 33222.0 ETC 35280.0 mins"
[1] "time 33235.3 ETC 34984.5 mins"
[1] "time 33266.9 ETC 39137.5 mins"
[1] "time 33272.9 ETC 34420.2 mins"
[1] "time 33307.7 ETC 34456.2 mins"
[1] "time 33317.6 ETC 39585.3 mins"
[1] "100000 burn-in iterations in 33321.7 mins"
[1] "time 33326.0 ETC 38826.5 mins"
[1] "time 33349.1 ETC 36053.1 mins"
[1] "time 33386.8 ETC 38523.2 mins"
[1] "time 33398.4 ETC 34850.5 mins"
[1] "time 33406.1 ETC 38545.5 mins"
[1] "time 33437.7 ETC 37500.2 mins"
[1] "time 33452.9 ETC 37517.3 mins"
[1] "time 33457.7 ETC 37876.6 mins"
[1] "time 33468.5 ETC 35541.7 mins"
[1] "time 33504.9 ETC 35268.3 mins"
[1] "time 33527.9 ETC 34985.7 mins"
[1] "time 33543.2 ETC 39079.4 mins"
[1] "time 33556.2 ETC 34416.6 mins"
[1] "time 33585.8 ETC 34447.0 mins"
[1] "time 33605.2 ETC 38775.3 mins"
[1] "time 33613.9 ETC 39937.3 mins"
[1] "time 33634.1 ETC 36036.5 mins"
[1] "time 33665.4 ETC 38474.7 mins"
[1] "time 33672.4 ETC 34833.5 mins"
[1] "time 33695.4 ETC 38509.0 mins"
[1] "time 33719.0 ETC 37465.5 mins"
[1] "time 33731.4 ETC 37479.3 mins"
[1] "time 33747.6 ETC 37847.8 mins"
[1] "100000 burn-in iterations in 33762.4 mins"
[1] "time 33773.2 ETC 39733.2 mins"
[1] "time 33793.1 ETC 35262.4 mins"
[1] "time 33822.6 ETC 34988.9 mins"
[1] "time 33828.4 ETC 39032.7 mins"
[1] "time 33841.6 ETC 34415.2 mins"
[1] "time 33862.2 ETC 34436.2 mins"
[1] "time 33883.5 ETC 38724.0 mins"
[1] "time 33904.7 ETC 39887.8 mins"
[1] "time 33913.0 ETC 35697.9 mins"
[1] "time 33913.7 ETC 36014.5 mins"
[1] "time 33942.3 ETC 38425.2 mins"
[1] "time 33952.4 ETC 34823.0 mins"
[1] "time 34007.1 ETC 37439.0 mins"
[1] "time 34042.0 ETC 37824.4 mins"
[1] "time 34057.4 ETC 38555.6 mins"
[1] "time 34087.5 ETC 35263.0 mins"
[1] "100000 burn-in iterations in 34091.8 mins"
[1] "time 34115.4 ETC 38989.0 mins"
[1] "time 34118.2 ETC 34993.0 mins"
[1] "time 34126.2 ETC 34412.9 mins"
[1] "time 34146.3 ETC 34433.2 mins"
[1] "time 34151.7 ETC 37598.2 mins"
[1] "time 34160.4 ETC 38672.2 mins"
[1] "time 34191.1 ETC 39834.3 mins"
[1] "time 34197.0 ETC 35996.9 mins"
[1] "time 34199.5 ETC 40633.1 mins"
[1] "time 34221.9 ETC 38379.7 mins"
[1] "time 34225.6 ETC 39874.4 mins"
[1] "time 34228.2 ETC 34808.3 mins"
[1] "time 34282.4 ETC 37399.0 mins"
[1] "time 34344.5 ETC 37810.5 mins"
[1] "time 34355.1 ETC 35848.8 mins"
[1] "time 34384.5 ETC 35266.1 mins"
[1] "time 34400.2 ETC 38943.7 mins"
[1] "time 34405.7 ETC 34405.7 mins"
compute sample.chain time: 
 user.self 2051070.837
 sys.self 417.493
 elapsed 2064343.781
 user.child 0
 sys.child 0
[1] "time 34419.7 ETC 35003.1 mins"
[1] "time 34426.1 ETC 34426.1 mins"
compute sample.chain time: 
 user.self 2052260.932
 sys.self 461.657
 elapsed 2065565.53
 user.child 0
 sys.child 0
[1] "time 34429.0 ETC 38612.0 mins"
[1] "time 34433.7 ETC 38617.3 mins"
[1] "time 34475.9 ETC 35974.9 mins"
[1] "time 34477.9 ETC 39782.2 mins"
[1] "time 34506.7 ETC 34796.6 mins"
[1] "time 34548.1 ETC 41047.3 mins"
[1] "time 34554.0 ETC 37355.6 mins"
[1] "time 34581.7 ETC 37725.5 mins"
[1] "time 34626.9 ETC 38474.3 mins"
[1] "time 34642.9 ETC 40756.3 mins"
[1] "time 34675.1 ETC 40009.7 mins"
[1] "time 34676.1 ETC 35263.9 mins"
[1] "time 34683.9 ETC 38897.9 mins"
[1] "time 34703.2 ETC 38559.1 mins"
[1] "time 34714.5 ETC 38571.7 mins"
[1] "time 34717.3 ETC 35009.1 mins"
[1] "time 34762.5 ETC 35961.2 mins"
[1] "time 34770.1 ETC 39737.2 mins"
[1] "time 34781.6 ETC 34781.6 mins"
compute sample.chain time: 
 user.self 2074321.67
 sys.self 407.927
 elapsed 2086895.714
 user.child 0
 sys.child 0
[1] "time 34795.1 ETC 37958.3 mins"
[1] "time 34795.7 ETC 35995.6 mins"
[1] "time 34831.2 ETC 37319.1 mins"
[1] "time 34958.2 ETC 37792.6 mins"
[1] "time 34961.2 ETC 38845.7 mins"
[1] "time 34967.8 ETC 35261.6 mins"
[1] "time 34974.1 ETC 38503.6 mins"
[1] "time 34997.9 ETC 41174.0 mins"
[1] "time 35000.5 ETC 38532.6 mins"
[1] "time 35009.0 ETC 35009.0 mins"
compute sample.chain time: 
 user.self 2088569.433
 sys.self 444.504
 elapsed 2100541.57
 user.child 0
 sys.child 0
[1] "time 35015.3 ETC 40794.5 mins"
[1] "time 35048.4 ETC 35947.1 mins"
[1] "time 35063.0 ETC 38601.5 mins"
[1] "time 35064.0 ETC 39695.1 mins"
[1] "time 35086.9 ETC 37931.8 mins"
[1] "time 35117.0 ETC 40133.7 mins"
[1] "time 35183.8 ETC 36086.0 mins"
[1] "time 35220.1 ETC 37401.8 mins"
[1] "time 35223.9 ETC 37739.9 mins"
[1] "time 35240.1 ETC 38796.4 mins"
[1] "time 35253.3 ETC 38458.2 mins"
[1] "time 35255.5 ETC 35255.5 mins"
compute sample.chain time: 
 user.self 2105243.27
 sys.self 449.064
 elapsed 2115329.695
 user.child 0
 sys.child 0
[1] "time 35283.5 ETC 38491.1 mins"
[1] "time 35289.8 ETC 40718.9 mins"
[1] "time 35291.8 ETC 41116.7 mins"
[1] "time 35329.5 ETC 35928.3 mins"
[1] "time 35349.0 ETC 39643.7 mins"
[1] "time 35375.0 ETC 37901.8 mins"
[1] "time 35380.9 ETC 38597.3 mins"
[1] "time 35467.7 ETC 36068.9 mins"
[1] "time 35494.1 ETC 37692.8 mins"
[1] "time 35510.4 ETC 40200.4 mins"
[1] "time 35511.7 ETC 38740.1 mins"
[1] "time 35524.1 ETC 38404.4 mins"
[1] "time 35540.2 ETC 37410.7 mins"
[1] "time 35565.6 ETC 38449.3 mins"
[1] "time 35568.0 ETC 40649.1 mins"
[1] "time 35585.1 ETC 41059.7 mins"
[1] "time 35615.3 ETC 35914.6 mins"
[1] "time 35635.8 ETC 39595.3 mins"
[1] "time 35651.5 ETC 38542.1 mins"
[1] "time 35660.3 ETC 37869.4 mins"
[1] "time 35748.3 ETC 36048.8 mins"
[1] "time 35758.2 ETC 37640.2 mins"
[1] "time 35781.8 ETC 38683.1 mins"
[1] "time 35789.2 ETC 40137.4 mins"
[1] "time 35794.2 ETC 38350.9 mins"
[1] "time 35815.3 ETC 37372.5 mins"
[1] "time 35847.6 ETC 40582.2 mins"
[1] "time 35850.0 ETC 38410.7 mins"
[1] "time 35875.4 ETC 41000.4 mins"
[1] "time 35899.6 ETC 35899.6 mins"
compute sample.chain time: 
 user.self 2141330.655
 sys.self 378.583
 elapsed 2153980.819
 user.child 0
 sys.child 0
[1] "time 35929.6 ETC 39555.5 mins"
[1] "time 35930.5 ETC 38497.0 mins"
[1] "time 35942.9 ETC 37834.7 mins"
[1] "time 36019.3 ETC 37585.4 mins"
[1] "time 36028.5 ETC 36028.5 mins"
compute sample.chain time: 
 user.self 2148428.422
 sys.self 351.071
 elapsed 2161710.446
 user.child 0
 sys.child 0
[1] "100000 burn-in iterations in 36035.5 mins"
[1] "time 36059.6 ETC 38635.3 mins"
[1] "time 36061.2 ETC 38295.1 mins"
[1] "time 36067.9 ETC 40075.4 mins"
[1] "time 36085.3 ETC 37329.7 mins"
[1] "time 36126.6 ETC 40515.8 mins"
[1] "time 36130.9 ETC 38369.1 mins"
[1] "time 36157.2 ETC 40932.7 mins"
[1] "time 36202.6 ETC 38445.3 mins"
[1] "time 36213.6 ETC 39505.8 mins"
[1] "time 36221.4 ETC 37796.2 mins"
[1] "time 36280.4 ETC 37531.4 mins"
[1] "time 36316.1 ETC 43147.9 mins"
[1] "time 36322.7 ETC 38234.4 mins"
[1] "time 36329.5 ETC 38580.0 mins"
[1] "time 36348.0 ETC 40016.1 mins"
[1] "time 36362.2 ETC 37294.6 mins"
[1] "time 36406.6 ETC 40451.8 mins"
[1] "time 36410.3 ETC 38326.6 mins"
[1] "time 36442.8 ETC 40870.5 mins"
[1] "time 36470.8 ETC 38390.3 mins"
[1] "time 36497.4 ETC 39456.6 mins"
[1] "time 36497.9 ETC 37756.4 mins"
[1] "time 36539.8 ETC 37476.7 mins"
[1] "time 36584.2 ETC 38174.8 mins"
[1] "time 36597.9 ETC 43056.4 mins"
[1] "time 36598.9 ETC 38525.2 mins"
[1] "time 36626.2 ETC 39955.8 mins"
[1] "time 36638.0 ETC 37259.0 mins"
[1] "time 36678.1 ETC 40379.5 mins"
[1] "100000 burn-in iterations in 36681.2 mins"
[1] "time 36687.0 ETC 38282.1 mins"
[1] "time 36731.5 ETC 40812.8 mins"
[1] "time 36733.7 ETC 38330.8 mins"
[1] "time 36774.1 ETC 37717.0 mins"
[1] "time 36777.9 ETC 39404.9 mins"
[1] "time 36796.3 ETC 37420.0 mins"
[1] "time 36838.0 ETC 38108.3 mins"
[1] "time 36862.5 ETC 38465.2 mins"
[1] "time 36867.9 ETC 42952.9 mins"
[1] "time 36904.9 ETC 39897.2 mins"
[1] "time 36910.4 ETC 37220.6 mins"
[1] "time 36947.6 ETC 40306.5 mins"
[1] "time 36953.8 ETC 43905.5 mins"
[1] "time 36958.8 ETC 38233.2 mins"
[1] "time 37000.1 ETC 38276.0 mins"
[1] "time 37004.7 ETC 40739.1 mins"
[1] "time 37049.0 ETC 37360.3 mins"
[1] "time 37052.5 ETC 37680.5 mins"
[1] "time 37056.8 ETC 39352.4 mins"
[1] "time 37090.8 ETC 38041.8 mins"
[1] "time 37125.2 ETC 38405.4 mins"
[1] "time 37133.5 ETC 42846.3 mins"
[1] "time 37177.6 ETC 39833.1 mins"
[1] "time 37178.6 ETC 37178.6 mins"
compute sample.chain time: 
 user.self 2217023.873
 sys.self 287.805
 elapsed 2230715.858
 user.child 0
 sys.child 0
[1] "time 37209.5 ETC 40226.5 mins"
[1] "time 37222.9 ETC 43791.7 mins"
[1] "time 37228.1 ETC 38182.7 mins"
[1] "time 37264.9 ETC 38220.4 mins"
[1] "time 37272.7 ETC 40661.1 mins"
[1] "time 37299.4 ETC 37299.4 mins"
compute sample.chain time: 
 user.self 2224440.46
 sys.self 334.932
 elapsed 2237963.448
 user.child 0
 sys.child 0
[1] "time 37324.7 ETC 37638.3 mins"
[1] "time 37331.8 ETC 39296.6 mins"
[1] "time 37340.8 ETC 37973.6 mins"
[1] "time 37385.7 ETC 38344.3 mins"
[1] "time 37390.2 ETC 42731.7 mins"
[1] "time 37438.1 ETC 39757.3 mins"
[1] "time 37461.5 ETC 40137.4 mins"
[1] "time 37481.3 ETC 43667.5 mins"
[1] "time 37494.5 ETC 38130.0 mins"
[1] "time 37522.6 ETC 38158.6 mins"
[1] "time 37537.3 ETC 40580.8 mins"
[1] "time 37589.5 ETC 37905.4 mins"
[1] "time 37592.0 ETC 37592.0 mins"
compute sample.chain time: 
 user.self 2244036.637
 sys.self 265.281
 elapsed 2255522.229
 user.child 0
 sys.child 0
[1] "time 37596.2 ETC 39230.8 mins"
[1] "time 37641.3 ETC 38279.2 mins"
[1] "time 37649.8 ETC 42622.4 mins"
[1] "time 37699.2 ETC 39683.4 mins"
[1] "time 37710.2 ETC 40046.2 mins"
[1] "time 37736.5 ETC 43542.1 mins"
[1] "time 37758.2 ETC 38075.5 mins"
[1] "time 37775.5 ETC 38092.9 mins"
[1] "time 37794.6 ETC 40494.2 mins"
[1] "time 37834.4 ETC 37834.4 mins"
compute sample.chain time: 
 user.self 2256847.175
 sys.self 456.635
 elapsed 2270063.099
 user.child 0
 sys.child 0
[1] "time 37854.4 ETC 39159.8 mins"
[1] "time 37896.6 ETC 38215.1 mins"
[1] "time 37906.2 ETC 42511.6 mins"
[1] "time 37954.6 ETC 39952.2 mins"
[1] "time 37957.6 ETC 39607.9 mins"
[1] "time 37989.5 ETC 43416.5 mins"
[1] "time 38019.8 ETC 38019.8 mins"
compute sample.chain time: 
 user.self 2268116.732
 sys.self 318.53
 elapsed 2281188.969
 user.child 0
 sys.child 0
[1] "time 38024.0 ETC 38024.0 mins"
compute sample.chain time: 
 user.self 2269532.916
 sys.self 320.805
 elapsed 2281440.968
 user.child 0
 sys.child 0
[1] "time 38047.8 ETC 40404.8 mins"
[1] "time 38107.1 ETC 39084.2 mins"
[1] "time 38143.6 ETC 38143.6 mins"
compute sample.chain time: 
 user.self 2275487.487
 sys.self 226.982
 elapsed 2288620.775
 user.child 0
 sys.child 0
[1] "time 38154.4 ETC 42393.8 mins"
[1] "time 38198.6 ETC 39859.4 mins"
[1] "time 38214.0 ETC 39531.7 mins"
[1] "time 38236.8 ETC 43287.0 mins"
[1] "time 38303.0 ETC 40319.0 mins"
[1] "time 38359.5 ETC 39009.6 mins"
[1] "time 38401.0 ETC 42276.4 mins"
[1] "time 38443.0 ETC 39768.6 mins"
[1] "time 38458.8 ETC 39444.9 mins"
[1] "time 38477.8 ETC 43152.7 mins"
[1] "time 38551.0 ETC 40227.1 mins"
[1] "time 38604.0 ETC 38928.4 mins"
[1] "time 38648.8 ETC 42162.3 mins"
[1] "time 38685.5 ETC 39677.4 mins"
[1] "time 38700.3 ETC 39356.2 mins"
[1] "time 38714.6 ETC 43016.2 mins"
[1] "time 38797.8 ETC 40135.7 mins"
[1] "time 38847.8 ETC 38847.8 mins"
compute sample.chain time: 
 user.self 2315072.21
 sys.self 374.553
 elapsed 2330871.761
 user.child 0
 sys.child 0
[1] "time 38894.9 ETC 42048.5 mins"
[1] "time 38924.1 ETC 39583.9 mins"
[1] "time 38938.3 ETC 39265.5 mins"
[1] "time 38952.9 ETC 42883.9 mins"
[1] "time 39047.2 ETC 40048.4 mins"
[1] "time 39140.2 ETC 41936.0 mins"
[1] "time 39162.2 ETC 39491.3 mins"
[1] "time 39179.5 ETC 39179.5 mins"
compute sample.chain time: 
 user.self 2336457.317
 sys.self 192.44
 elapsed 2350774.133
 user.child 0
 sys.child 0
[1] "time 39192.3 ETC 42755.2 mins"
[1] "time 39300.3 ETC 39966.4 mins"
[1] "time 39382.2 ETC 41821.8 mins"
[1] "time 39400.6 ETC 39400.6 mins"
compute sample.chain time: 
 user.self 2350605.163
 sys.self 227.67
 elapsed 2364037.249
 user.child 0
 sys.child 0
[1] "time 39433.4 ETC 42630.7 mins"
[1] "time 39553.7 ETC 39886.1 mins"
[1] "time 39630.0 ETC 41715.8 mins"
[1] "time 39673.1 ETC 42506.9 mins"
[1] "time 39807.3 ETC 39807.3 mins"
compute sample.chain time: 
 user.self 2373885.865
 sys.self 337.582
 elapsed 2388438.563
 user.child 0
 sys.child 0
[1] "time 39884.8 ETC 41619.0 mins"
[1] "time 39908.6 ETC 42380.8 mins"
[1] "time 40131.7 ETC 41515.6 mins"
[1] "time 40148.8 ETC 42261.9 mins"
[1] "time 40374.9 ETC 41410.1 mins"
[1] "time 40383.5 ETC 42139.3 mins"
[1] "time 40617.0 ETC 41305.4 mins"
[1] "time 40621.8 ETC 42022.5 mins"
[1] "time 40860.7 ETC 41204.1 mins"
[1] "time 40863.3 ETC 41911.0 mins"
[1] "time 41098.2 ETC 41098.2 mins"
compute sample.chain time: 
 user.self 2451369.192
 sys.self 441.022
 elapsed 2465896.191
 user.child 0
 sys.child 0
[1] "time 41105.2 ETC 41801.9 mins"
[1] "time 41341.2 ETC 41688.6 mins"
[1] "time 41577.2 ETC 41577.2 mins"
compute sample.chain time: 
 user.self 2479986.074
 sys.self 283.184
 elapsed 2494632.274
 user.child 0
 sys.child 0
Reading input catalog file ./SBS/input/Realistic/ground.truth.syn.catalog.csv
calling hdp_extract_components 2022-08-15 09:03:23
hdp_extract_components time: 
 user.self 217858.36
 sys.self 7126.784
 elapsed 226015.866
 user.child 0
 sys.child 0
calling hdpx::comp_categ_distn 2022-08-17 23:50:19
Calling hdpx::comp_dp_distn 2022-08-17 23:50:19
Using existing out.dir SBS/raw_results/NR_hdp_gb_1.results/Realistic/seed.310111
Writing HDP diagnostics
Writing signatures
Writing exposures
Warning messages:
1: In plot.new() :
  Cannot open temporary file '/tmp/RtmpQC8zkt/pdf6cae98ba758e' for compression (reason: No such file or directory); compression has been turned off for this device
2: In plot.new() :
  Cannot open temporary file '/tmp/RtmpQC8zkt/pdf6cae965f18227' for compression (reason: No such file or directory); compression has been turned off for this device
3: In plot.new() :
  Cannot open temporary file '/tmp/RtmpQC8zkt/pdf6cae94584f479' for compression (reason: No such file or directory); compression has been turned off for this device
4: In plot.new() :
  Cannot open temporary file '/tmp/RtmpQC8zkt/pdf6cae96add4f6e' for compression (reason: No such file or directory); compression has been turned off for this device
5: In plot.new() :
  Cannot open temporary file '/tmp/RtmpQC8zkt/pdf6cae92506bdfb' for compression (reason: No such file or directory); compression has been turned off for this device
6: In plot.new() :
  Cannot open temporary file '/tmp/RtmpQC8zkt/pdf6cae97a2c00aa' for compression (reason: No such file or directory); compression has been turned off for this device
7: In plot.new() :
  Cannot open temporary file '/tmp/RtmpQC8zkt/pdf6cae986f3b19' for compression (reason: No such file or directory); compression has been turned off for this device
8: In plot.new() :
  Cannot open temporary file '/tmp/RtmpQC8zkt/pdf6cae95e7a2dc2' for compression (reason: No such file or directory); compression has been turned off for this device
