nohup: ignoring input
2022-07-20 07:09:51 running /home/e0240162/opt/anaconda3/envs/R-4.2-hdp-NR/lib/R/bin/exec/R --no-echo --no-restore --file=SBS/code/4f_SBS_NR_hdp_gamma_beta_1.R --args SBS/raw_results/NR_hdp_gb_1.results 528401
2022-07-20 07:09:51 running on seed 528401
hdpx version 0.1.5.99
mSigHdp version 0.0.0.9019
Loading required package: ICAMS
Loading required package: hdpx
This is /home/e0240162/opt/anaconda3/envs/R-4.2-hdp-NR/lib/R/library and hdpx v0.1.5.0099
Loading required package: mSigHdp
2022-07-20 07:09:58 starting analyses; output in subdir of SBS/raw_results/NR_hdp_gb_1.results
2022-07-20 07:09:58SBS/raw_results/NR_hdp_gb_1.results already exists
2022-07-20 07:09:58 putting results in SBS/raw_results/NR_hdp_gb_1.results/Realistic/seed.528401
2022-07-20 07:09:58 seed_in_use=528401


===========================================


Begin running mSigHdp on data set Realistic using seed 528401...



===========================================


Runing run.setup.and.posterior on 1528401
Reading input catalog file ./SBS/input/Realistic/ground.truth.syn.catalog.csv
Runing run.setup.and.posterior on 2528401
Reading input catalog file ./SBS/input/Realistic/ground.truth.syn.catalog.csv
Runing run.setup.and.posterior on 3528401
Reading input catalog file ./SBS/input/Realistic/ground.truth.syn.catalog.csv
Guessed number of signatures (= Dirichlet process data clusters) = 46
0 1 1 1 1 1 1 1 1 1 2 2 2 2 2 2 2 2 2 2 2 2 2 2 2 2 2 2 2 2 2 2 2 2 2 2 2 2 2 2 2 2 2 2 2 2 2 2 2 2 2 2 2 2 2 2 2 2 2 2 2 2 2 2 2 2 2 2 2 2 3 3 3 3 3 3 3 3 3 3 3 3 3 3 3 3 3 3 3 3 3 3 3 3 3 3 3 3 3 3 3 3 3 3 3 3 3 3 3 3 3 3 3 3 3 3 3 3 3 3 3 3 3 3 3 3 3 3 3 3 4 4 4 4 4 4 4 4 4 4 4 4 4 4 4 4 4 4 4 4 4 4 4 4 4 4 4 4 4 4 4 4 4 4 4 4 4 4 4 4 4 4 4 4 4 4 4 4 4 4 4 4 4 4 4 4 4 4 4 4 5 5 5 5 5 5 5 5 5 5 5 5 5 5 5 5 5 5 5 5 5 5 5 5 5 5 5 5 5 5 5 5 5 5 5 5 5 5 5 5 5 5 5 5 5 5 5 5 5 5 5 5 5 5 5 5 5 5 5 5 6 6 6 6 6 6 6 6 6 6 6 6 6 6 6 6 6 6 6 6 6 6 6 6 6 6 6 6 6 6 6 6 6 6 6 6 6 6 6 6 6 6 6 6 6 6 6 6 6 6 6 6 6 6 6 6 6 6 6 6 7 7 7 7 7 7 7 7 7 7 7 7 7 7 7 7 7 7 7 7 7 7 7 7 7 7 7 7 7 7 7 7 7 7 7 7 7 7 7 7 7 7 7 7 7 7 7 7 7 7 7 7 7 7 7 7 7 7 7 7 8 8 8 8 8 8 8 8 8 8 8 8 8 8 8 8 8 8 8 8 8 8 8 8 8 8 8 8 8 8 8 8 8 8 8 8 8 8 8 8 8 8 8 8 8 8 8 8 8 8 8 8 8 8 8 8 8 8 8 8 9 9 9 9 9 9 9 9 9 9 9 9 9 9 9 9 9 9 9 9 9 9 9 9 9 9 9 9 9 9 9 9 9 9 9 9 9 9 9 9 9 9 9 9 9 9 9 9 9 9 9 9 9 9 9 9 9 9 9 9 10 10 10 10 10 10 10 10 10 10 10 10 10 10 10 10 10 10 10 10 10 10 10 10 10 10 10 10 10 10 10 10 10 10 10 10 10 10 10 10 10 10 10 10 10 10 10 10 10 10 10 10 10 10 10 10 10 10 10 10 
calling hdp_init 2022-07-20 07:09:59
Runing run.setup.and.posterior on 4528401
Reading input catalog file ./SBS/input/Realistic/ground.truth.syn.catalog.csv
Guessed number of signatures (= Dirichlet process data clusters) = 46
0 1 1 1 1 1 1 1 1 1 2 2 2 2 2 2 2 2 2 2 2 2 2 2 2 2 2 2 2 2 2 2 2 2 2 2 2 2 2 2 2 2 2 2 2 2 2 2 2 2 2 2 2 2 2 2 2 2 2 2 2 2 2 2 2 2 2 2 2 2 3 3 3 3 3 3 3 3 3 3 3 3 3 3 3 3 3 3 3 3 3 3 3 3 3 3 3 3 3 3 3 3 3 3 3 3 3 3 3 3 3 3 3 3 3 3 3 3 3 3 3 3 3 3 3 3 3 3 3 3 4 4 4 4 4 4 4 4 4 4 4 4 4 4 4 4 4 4 4 4 4 4 4 4 4 4 4 4 4 4 4 4 4 4 4 4 4 4 4 4 4 4 4 4 4 4 4 4 4 4 4 4 4 4 4 4 4 4 4 4 5 5 5 5 5 5 5 5 5 5 5 5 5 5 5 5 5 5 5 5 5 5 5 5 5 5 5 5 5 5 5 5 5 5 5 5 5 5 5 5 5 5 5 5 5 5 5 5 5 5 5 5 5 5 5 5 5 5 5 5 6 6 6 6 6 6 6 6 6 6 6 6 6 6 6 6 6 6 6 6 6 6 6 6 6 6 6 6 6 6 6 6 6 6 6 6 6 6 6 6 6 6 6 6 6 6 6 6 6 6 6 6 6 6 6 6 6 6 6 6 7 7 7 7 7 7 7 7 7 7 7 7 7 7 7 7 7 7 7 7 7 7 7 7 7 7 7 7 7 7 7 7 7 7 7 7 7 7 7 7 7 7 7 7 7 7 7 7 7 7 7 7 7 7 7 7 7 7 7 7 8 8 8 8 8 8 8 8 8 8 8 8 8 8 8 8 8 8 8 8 8 8 8 8 8 8 8 8 8 8 8 8 8 8 8 8 8 8 8 8 8 8 8 8 8 8 8 8 8 8 8 8 8 8 8 8 8 8 8 8 9 9 9 9 9 9 9 9 9 9 9 9 9 9 9 9 9 9 9 9 9 9 9 9 9 9 9 9 9 9 9 9 9 9 9 9 9 9 9 9 9 9 9 9 9 9 9 9 9 9 9 9 9 9 9 9 9 9 9 9 10 10 10 10 10 10 10 10 10 10 10 10 10 10 10 10 10 10 10 10 10 10 10 10 10 10 10 10 10 10 10 10 10 10 10 10 10 10 10 10 10 10 10 10 10 10 10 10 10 10 10 10 10 10 10 10 10 10 10 10 
calling hdp_init 2022-07-20 07:09:59
Runing run.setup.and.posterior on 5528401
Reading input catalog file ./SBS/input/Realistic/ground.truth.syn.catalog.csv
Guessed number of signatures (= Dirichlet process data clusters) = 46
0 1 1 1 1 1 1 1 1 1 2 2 2 2 2 2 2 2 2 2 2 2 2 2 2 2 2 2 2 2 2 2 2 2 2 2 2 2 2 2 2 2 2 2 2 2 2 2 2 2 2 2 2 2 2 2 2 2 2 2 2 2 2 2 2 2 2 2 2 2 3 3 3 3 3 3 3 3 3 3 3 3 3 3 3 3 3 3 3 3 3 3 3 3 3 3 3 3 3 3 3 3 3 3 3 3 3 3 3 3 3 3 3 3 3 3 3 3 3 3 3 3 3 3 3 3 3 3 3 3 4 4 4 4 4 4 4 4 4 4 4 4 4 4 4 4 4 4 4 4 4 4 4 4 4 4 4 4 4 4 4 4 4 4 4 4 4 4 4 4 4 4 4 4 4 4 4 4 4 4 4 4 4 4 4 4 4 4 4 4 5 5 5 5 5 5 5 5 5 5 5 5 5 5 5 5 5 5 5 5 5 5 5 5 5 5 5 5 5 5 5 5 5 5 5 5 5 5 5 5 5 5 5 5 5 5 5 5 5 5 5 5 5 5 5 5 5 5 5 5 6 6 6 6 6 6 6 6 6 6 6 6 6 6 6 6 6 6 6 6 6 6 6 6 6 6 6 6 6 6 6 6 6 6 6 6 6 6 6 6 6 6 6 6 6 6 6 6 6 6 6 6 6 6 6 6 6 6 6 6 7 7 7 7 7 7 7 7 7 7 7 7 7 7 7 7 7 7 7 7 7 7 7 7 7 7 7 7 7 7 7 7 7 7 7 7 7 7 7 7 7 7 7 7 7 7 7 7 7 7 7 7 7 7 7 7 7 7 7 7 8 8 8 8 8 8 8 8 8 8 8 8 8 8 8 8 8 8 8 8 8 8 8 8 8 8 8 8 8 8 8 8 8 8 8 8 8 8 8 8 8 8 8 8 8 8 8 8 8 8 8 8 8 8 8 8 8 8 8 8 9 9 9 9 9 9 9 9 9 9 9 9 9 9 9 9 9 9 9 9 9 9 9 9 9 9 9 9 9 9 9 9 9 9 9 9 9 9 9 9 9 9 9 9 9 9 9 9 9 9 9 9 9 9 9 9 9 9 9 9 10 10 10 10 10 10 10 10 10 10 10 10 10 10 10 10 10 10 10 10 10 10 10 10 10 10 10 10 10 10 10 10 10 10 10 10 10 10 10 10 10 10 10 10 10 10 10 10 10 10 10 10 10 10 10 10 10 10 10 10 
calling hdp_init 2022-07-20 07:09:59
Runing run.setup.and.posterior on 6528401
Reading input catalog file ./SBS/input/Realistic/ground.truth.syn.catalog.csv
Guessed number of signatures (= Dirichlet process data clusters) = 46
0 1 1 1 1 1 1 1 1 1 2 2 2 2 2 2 2 2 2 2 2 2 2 2 2 2 2 2 2 2 2 2 2 2 2 2 2 2 2 2 2 2 2 2 2 2 2 2 2 2 2 2 2 2 2 2 2 2 2 2 2 2 2 2 2 2 2 2 2 2 3 3 3 3 3 3 3 3 3 3 3 3 3 3 3 3 3 3 3 3 3 3 3 3 3 3 3 3 3 3 3 3 3 3 3 3 3 3 3 3 3 3 3 3 3 3 3 3 3 3 3 3 3 3 3 3 3 3 3 3 4 4 4 4 4 4 4 4 4 4 4 4 4 4 4 4 4 4 4 4 4 4 4 4 4 4 4 4 4 4 4 4 4 4 4 4 4 4 4 4 4 4 4 4 4 4 4 4 4 4 4 4 4 4 4 4 4 4 4 4 5 5 5 5 5 5 5 5 5 5 5 5 5 5 5 5 5 5 5 5 5 5 5 5 5 5 5 5 5 5 5 5 5 5 5 5 5 5 5 5 5 5 5 5 5 5 5 5 5 5 5 5 5 5 5 5 5 5 5 5 6 6 6 6 6 6 6 6 6 6 6 6 6 6 6 6 6 6 6 6 6 6 6 6 6 6 6 6 6 6 6 6 6 6 6 6 6 6 6 6 6 6 6 6 6 6 6 6 6 6 6 6 6 6 6 6 6 6 6 6 7 7 7 7 7 7 7 7 7 7 7 7 7 7 7 7 7 7 7 7 7 7 7 7 7 7 7 7 7 7 7 7 7 7 7 7 7 7 7 7 7 7 7 7 7 7 7 7 7 7 7 7 7 7 7 7 7 7 7 7 8 8 8 8 8 8 8 8 8 8 8 8 8 8 8 8 8 8 8 8 8 8 8 8 8 8 8 8 8 8 8 8 8 8 8 8 8 8 8 8 8 8 8 8 8 8 8 8 8 8 8 8 8 8 8 8 8 8 8 8 9 9 9 9 9 9 9 9 9 9 9 9 9 9 9 9 9 9 9 9 9 9 9 9 9 9 9 9 9 9 9 9 9 9 9 9 9 9 9 9 9 9 9 9 9 9 9 9 9 9 9 9 9 9 9 9 9 9 9 9 10 10 10 10 10 10 10 10 10 10 10 10 10 10 10 10 10 10 10 10 10 10 10 10 10 10 10 10 10 10 10 10 10 10 10 10 10 10 10 10 10 10 10 10 10 10 10 10 10 10 10 10 10 10 10 10 10 10 10 10 
calling hdp_init 2022-07-20 07:09:59
Runing run.setup.and.posterior on 7528401
Reading input catalog file ./SBS/input/Realistic/ground.truth.syn.catalog.csv
Guessed number of signatures (= Dirichlet process data clusters) = 46
0 1 1 1 1 1 1 1 1 1 2 2 2 2 2 2 2 2 2 2 2 2 2 2 2 2 2 2 2 2 2 2 2 2 2 2 2 2 2 2 2 2 2 2 2 2 2 2 2 2 2 2 2 2 2 2 2 2 2 2 2 2 2 2 2 2 2 2 2 2 3 3 3 3 3 3 3 3 3 3 3 3 3 3 3 3 3 3 3 3 3 3 3 3 3 3 3 3 3 3 3 3 3 3 3 3 3 3 3 3 3 3 3 3 3 3 3 3 3 3 3 3 3 3 3 3 3 3 3 3 4 4 4 4 4 4 4 4 4 4 4 4 4 4 4 4 4 4 4 4 4 4 4 4 4 4 4 4 4 4 4 4 4 4 4 4 4 4 4 4 4 4 4 4 4 4 4 4 4 4 4 4 4 4 4 4 4 4 4 4 5 5 5 5 5 5 5 5 5 5 5 5 5 5 5 5 5 5 5 5 5 5 5 5 5 5 5 5 5 5 5 5 5 5 5 5 5 5 5 5 5 5 5 5 5 5 5 5 5 5 5 5 5 5 5 5 5 5 5 5 6 6 6 6 6 6 6 6 6 6 6 6 6 6 6 6 6 6 6 6 6 6 6 6 6 6 6 6 6 6 6 6 6 6 6 6 6 6 6 6 6 6 6 6 6 6 6 6 6 6 6 6 6 6 6 6 6 6 6 6 7 7 7 7 7 7 7 7 7 7 7 7 7 7 7 7 7 7 7 7 7 7 7 7 7 7 7 7 7 7 7 7 7 7 7 7 7 7 7 7 7 7 7 7 7 7 7 7 7 7 7 7 7 7 7 7 7 7 7 7 8 8 8 8 8 8 8 8 8 8 8 8 8 8 8 8 8 8 8 8 8 8 8 8 8 8 8 8 8 8 8 8 8 8 8 8 8 8 8 8 8 8 8 8 8 8 8 8 8 8 8 8 8 8 8 8 8 8 8 8 9 9 9 9 9 9 9 9 9 9 9 9 9 9 9 9 9 9 9 9 9 9 9 9 9 9 9 9 9 9 9 9 9 9 9 9 9 9 9 9 9 9 9 9 9 9 9 9 9 9 9 9 9 9 9 9 9 9 9 9 10 10 10 10 10 10 10 10 10 10 10 10 10 10 10 10 10 10 10 10 10 10 10 10 10 10 10 10 10 10 10 10 10 10 10 10 10 10 10 10 10 10 10 10 10 10 10 10 10 10 10 10 10 10 10 10 10 10 10 10 
calling hdp_init 2022-07-20 07:09:59
Runing run.setup.and.posterior on 8528401
Reading input catalog file ./SBS/input/Realistic/ground.truth.syn.catalog.csv
Guessed number of signatures (= Dirichlet process data clusters) = 46
0 1 1 1 1 1 1 1 1 1 2 2 2 2 2 2 2 2 2 2 2 2 2 2 2 2 2 2 2 2 2 2 2 2 2 2 2 2 2 2 2 2 2 2 2 2 2 2 2 2 2 2 2 2 2 2 2 2 2 2 2 2 2 2 2 2 2 2 2 2 3 3 3 3 3 3 3 3 3 3 3 3 3 3 3 3 3 3 3 3 3 3 3 3 3 3 3 3 3 3 3 3 3 3 3 3 3 3 3 3 3 3 3 3 3 3 3 3 3 3 3 3 3 3 3 3 3 3 3 3 4 4 4 4 4 4 4 4 4 4 4 4 4 4 4 4 4 4 4 4 4 4 4 4 4 4 4 4 4 4 4 4 4 4 4 4 4 4 4 4 4 4 4 4 4 4 4 4 4 4 4 4 4 4 4 4 4 4 4 4 5 5 5 5 5 5 5 5 5 5 5 5 5 5 5 5 5 5 5 5 5 5 5 5 5 5 5 5 5 5 5 5 5 5 5 5 5 5 5 5 5 5 5 5 5 5 5 5 5 5 5 5 5 5 5 5 5 5 5 5 6 6 6 6 6 6 6 6 6 6 6 6 6 6 6 6 6 6 6 6 6 6 6 6 6 6 6 6 6 6 6 6 6 6 6 6 6 6 6 6 6 6 6 6 6 6 6 6 6 6 6 6 6 6 6 6 6 6 6 6 7 7 7 7 7 7 7 7 7 7 7 7 7 7 7 7 7 7 7 7 7 7 7 7 7 7 7 7 7 7 7 7 7 7 7 7 7 7 7 7 7 7 7 7 7 7 7 7 7 7 7 7 7 7 7 7 7 7 7 7 8 8 8 8 8 8 8 8 8 8 8 8 8 8 8 8 8 8 8 8 8 8 8 8 8 8 8 8 8 8 8 8 8 8 8 8 8 8 8 8 8 8 8 8 8 8 8 8 8 8 8 8 8 8 8 8 8 8 8 8 9 9 9 9 9 9 9 9 9 9 9 9 9 9 9 9 9 9 9 9 9 9 9 9 9 9 9 9 9 9 9 9 9 9 9 9 9 9 9 9 9 9 9 9 9 9 9 9 9 9 9 9 9 9 9 9 9 9 9 9 10 10 10 10 10 10 10 10 10 10 10 10 10 10 10 10 10 10 10 10 10 10 10 10 10 10 10 10 10 10 10 10 10 10 10 10 10 10 10 10 10 10 10 10 10 10 10 10 10 10 10 10 10 10 10 10 10 10 10 10 
calling hdp_init 2022-07-20 07:09:59
Runing run.setup.and.posterior on 9528401
Reading input catalog file ./SBS/input/Realistic/ground.truth.syn.catalog.csv
Guessed number of signatures (= Dirichlet process data clusters) = 46
0 1 1 1 1 1 1 1 1 1 2 2 2 2 2 2 2 2 2 2 2 2 2 2 2 2 2 2 2 2 2 2 2 2 2 2 2 2 2 2 2 2 2 2 2 2 2 2 2 2 2 2 2 2 2 2 2 2 2 2 2 2 2 2 2 2 2 2 2 2 3 3 3 3 3 3 3 3 3 3 3 3 3 3 3 3 3 3 3 3 3 3 3 3 3 3 3 3 3 3 3 3 3 3 3 3 3 3 3 3 3 3 3 3 3 3 3 3 3 3 3 3 3 3 3 3 3 3 3 3 4 4 4 4 4 4 4 4 4 4 4 4 4 4 4 4 4 4 4 4 4 4 4 4 4 4 4 4 4 4 4 4 4 4 4 4 4 4 4 4 4 4 4 4 4 4 4 4 4 4 4 4 4 4 4 4 4 4 4 4 5 5 5 5 5 5 5 5 5 5 5 5 5 5 5 5 5 5 5 5 5 5 5 5 5 5 5 5 5 5 5 5 5 5 5 5 5 5 5 5 5 5 5 5 5 5 5 5 5 5 5 5 5 5 5 5 5 5 5 5 6 6 6 6 6 6 6 6 6 6 6 6 6 6 6 6 6 6 6 6 6 6 6 6 6 6 6 6 6 6 6 6 6 6 6 6 6 6 6 6 6 6 6 6 6 6 6 6 6 6 6 6 6 6 6 6 6 6 6 6 7 7 7 7 7 7 7 7 7 7 7 7 7 7 7 7 7 7 7 7 7 7 7 7 7 7 7 7 7 7 7 7 7 7 7 7 7 7 7 7 7 7 7 7 7 7 7 7 7 7 7 7 7 7 7 7 7 7 7 7 8 8 8 8 8 8 8 8 8 8 8 8 8 8 8 8 8 8 8 8 8 8 8 8 8 8 8 8 8 8 8 8 8 8 8 8 8 8 8 8 8 8 8 8 8 8 8 8 8 8 8 8 8 8 8 8 8 8 8 8 9 9 9 9 9 9 9 9 9 9 9 9 9 9 9 9 9 9 9 9 9 9 9 9 9 9 9 9 9 9 9 9 9 9 9 9 9 9 9 9 9 9 9 9 9 9 9 9 9 9 9 9 9 9 9 9 9 9 9 9 10 10 10 10 10 10 10 10 10 10 10 10 10 10 10 10 10 10 10 10 10 10 10 10 10 10 10 10 10 10 10 10 10 10 10 10 10 10 10 10 10 10 10 10 10 10 10 10 10 10 10 10 10 10 10 10 10 10 10 10 
calling hdp_init 2022-07-20 07:09:59
Runing run.setup.and.posterior on 10528401
Reading input catalog file ./SBS/input/Realistic/ground.truth.syn.catalog.csv
Guessed number of signatures (= Dirichlet process data clusters) = 46
0 1 1 1 1 1 1 1 1 1 2 2 2 2 2 2 2 2 2 2 2 2 2 2 2 2 2 2 2 2 2 2 2 2 2 2 2 2 2 2 2 2 2 2 2 2 2 2 2 2 2 2 2 2 2 2 2 2 2 2 2 2 2 2 2 2 2 2 2 2 3 3 3 3 3 3 3 3 3 3 3 3 3 3 3 3 3 3 3 3 3 3 3 3 3 3 3 3 3 3 3 3 3 3 3 3 3 3 3 3 3 3 3 3 3 3 3 3 3 3 3 3 3 3 3 3 3 3 3 3 4 4 4 4 4 4 4 4 4 4 4 4 4 4 4 4 4 4 4 4 4 4 4 4 4 4 4 4 4 4 4 4 4 4 4 4 4 4 4 4 4 4 4 4 4 4 4 4 4 4 4 4 4 4 4 4 4 4 4 4 5 5 5 5 5 5 5 5 5 5 5 5 5 5 5 5 5 5 5 5 5 5 5 5 5 5 5 5 5 5 5 5 5 5 5 5 5 5 5 5 5 5 5 5 5 5 5 5 5 5 5 5 5 5 5 5 5 5 5 5 6 6 6 6 6 6 6 6 6 6 6 6 6 6 6 6 6 6 6 6 6 6 6 6 6 6 6 6 6 6 6 6 6 6 6 6 6 6 6 6 6 6 6 6 6 6 6 6 6 6 6 6 6 6 6 6 6 6 6 6 7 7 7 7 7 7 7 7 7 7 7 7 7 7 7 7 7 7 7 7 7 7 7 7 7 7 7 7 7 7 7 7 7 7 7 7 7 7 7 7 7 7 7 7 7 7 7 7 7 7 7 7 7 7 7 7 7 7 7 7 8 8 8 8 8 8 8 8 8 8 8 8 8 8 8 8 8 8 8 8 8 8 8 8 8 8 8 8 8 8 8 8 8 8 8 8 8 8 8 8 8 8 8 8 8 8 8 8 8 8 8 8 8 8 8 8 8 8 8 8 9 9 9 9 9 9 9 9 9 9 9 9 9 9 9 9 9 9 9 9 9 9 9 9 9 9 9 9 9 9 9 9 9 9 9 9 9 9 9 9 9 9 9 9 9 9 9 9 9 9 9 9 9 9 9 9 9 9 9 9 10 10 10 10 10 10 10 10 10 10 10 10 10 10 10 10 10 10 10 10 10 10 10 10 10 10 10 10 10 10 10 10 10 10 10 10 10 10 10 10 10 10 10 10 10 10 10 10 10 10 10 10 10 10 10 10 10 10 10 10 
calling hdp_init 2022-07-20 07:09:59
Runing run.setup.and.posterior on 11528401
Reading input catalog file ./SBS/input/Realistic/ground.truth.syn.catalog.csv
Guessed number of signatures (= Dirichlet process data clusters) = 46
0 1 1 1 1 1 1 1 1 1 2 2 2 2 2 2 2 2 2 2 2 2 2 2 2 2 2 2 2 2 2 2 2 2 2 2 2 2 2 2 2 2 2 2 2 2 2 2 2 2 2 2 2 2 2 2 2 2 2 2 2 2 2 2 2 2 2 2 2 2 3 3 3 3 3 3 3 3 3 3 3 3 3 3 3 3 3 3 3 3 3 3 3 3 3 3 3 3 3 3 3 3 3 3 3 3 3 3 3 3 3 3 3 3 3 3 3 3 3 3 3 3 3 3 3 3 3 3 3 3 4 4 4 4 4 4 4 4 4 4 4 4 4 4 4 4 4 4 4 4 4 4 4 4 4 4 4 4 4 4 4 4 4 4 4 4 4 4 4 4 4 4 4 4 4 4 4 4 4 4 4 4 4 4 4 4 4 4 4 4 5 5 5 5 5 5 5 5 5 5 5 5 5 5 5 5 5 5 5 5 5 5 5 5 5 5 5 5 5 5 5 5 5 5 5 5 5 5 5 5 5 5 5 5 5 5 5 5 5 5 5 5 5 5 5 5 5 5 5 5 6 6 6 6 6 6 6 6 6 6 6 6 6 6 6 6 6 6 6 6 6 6 6 6 6 6 6 6 6 6 6 6 6 6 6 6 6 6 6 6 6 6 6 6 6 6 6 6 6 6 6 6 6 6 6 6 6 6 6 6 7 7 7 7 7 7 7 7 7 7 7 7 7 7 7 7 7 7 7 7 7 7 7 7 7 7 7 7 7 7 7 7 7 7 7 7 7 7 7 7 7 7 7 7 7 7 7 7 7 7 7 7 7 7 7 7 7 7 7 7 8 8 8 8 8 8 8 8 8 8 8 8 8 8 8 8 8 8 8 8 8 8 8 8 8 8 8 8 8 8 8 8 8 8 8 8 8 8 8 8 8 8 8 8 8 8 8 8 8 8 8 8 8 8 8 8 8 8 8 8 9 9 9 9 9 9 9 9 9 9 9 9 9 9 9 9 9 9 9 9 9 9 9 9 9 9 9 9 9 9 9 9 9 9 9 9 9 9 9 9 9 9 9 9 9 9 9 9 9 9 9 9 9 9 9 9 9 9 9 9 10 10 10 10 10 10 10 10 10 10 10 10 10 10 10 10 10 10 10 10 10 10 10 10 10 10 10 10 10 10 10 10 10 10 10 10 10 10 10 10 10 10 10 10 10 10 10 10 10 10 10 10 10 10 10 10 10 10 10 10 
calling hdp_init 2022-07-20 07:09:59
Runing run.setup.and.posterior on 12528401
Reading input catalog file ./SBS/input/Realistic/ground.truth.syn.catalog.csv
Guessed number of signatures (= Dirichlet process data clusters) = 46
0 1 1 1 1 1 1 1 1 1 2 2 2 2 2 2 2 2 2 2 2 2 2 2 2 2 2 2 2 2 2 2 2 2 2 2 2 2 2 2 2 2 2 2 2 2 2 2 2 2 2 2 2 2 2 2 2 2 2 2 2 2 2 2 2 2 2 2 2 2 3 3 3 3 3 3 3 3 3 3 3 3 3 3 3 3 3 3 3 3 3 3 3 3 3 3 3 3 3 3 3 3 3 3 3 3 3 3 3 3 3 3 3 3 3 3 3 3 3 3 3 3 3 3 3 3 3 3 3 3 4 4 4 4 4 4 4 4 4 4 4 4 4 4 4 4 4 4 4 4 4 4 4 4 4 4 4 4 4 4 4 4 4 4 4 4 4 4 4 4 4 4 4 4 4 4 4 4 4 4 4 4 4 4 4 4 4 4 4 4 5 5 5 5 5 5 5 5 5 5 5 5 5 5 5 5 5 5 5 5 5 5 5 5 5 5 5 5 5 5 5 5 5 5 5 5 5 5 5 5 5 5 5 5 5 5 5 5 5 5 5 5 5 5 5 5 5 5 5 5 6 6 6 6 6 6 6 6 6 6 6 6 6 6 6 6 6 6 6 6 6 6 6 6 6 6 6 6 6 6 6 6 6 6 6 6 6 6 6 6 6 6 6 6 6 6 6 6 6 6 6 6 6 6 6 6 6 6 6 6 7 7 7 7 7 7 7 7 7 7 7 7 7 7 7 7 7 7 7 7 7 7 7 7 7 7 7 7 7 7 7 7 7 7 7 7 7 7 7 7 7 7 7 7 7 7 7 7 7 7 7 7 7 7 7 7 7 7 7 7 8 8 8 8 8 8 8 8 8 8 8 8 8 8 8 8 8 8 8 8 8 8 8 8 8 8 8 8 8 8 8 8 8 8 8 8 8 8 8 8 8 8 8 8 8 8 8 8 8 8 8 8 8 8 8 8 8 8 8 8 9 9 9 9 9 9 9 9 9 9 9 9 9 9 9 9 9 9 9 9 9 9 9 9 9 9 9 9 9 9 9 9 9 9 9 9 9 9 9 9 9 9 9 9 9 9 9 9 9 9 9 9 9 9 9 9 9 9 9 9 10 10 10 10 10 10 10 10 10 10 10 10 10 10 10 10 10 10 10 10 10 10 10 10 10 10 10 10 10 10 10 10 10 10 10 10 10 10 10 10 10 10 10 10 10 10 10 10 10 10 10 10 10 10 10 10 10 10 10 10 
calling hdp_init 2022-07-20 07:09:59
Runing run.setup.and.posterior on 13528401
Reading input catalog file ./SBS/input/Realistic/ground.truth.syn.catalog.csv
Guessed number of signatures (= Dirichlet process data clusters) = 46
0 1 1 1 1 1 1 1 1 1 2 2 2 2 2 2 2 2 2 2 2 2 2 2 2 2 2 2 2 2 2 2 2 2 2 2 2 2 2 2 2 2 2 2 2 2 2 2 2 2 2 2 2 2 2 2 2 2 2 2 2 2 2 2 2 2 2 2 2 2 3 3 3 3 3 3 3 3 3 3 3 3 3 3 3 3 3 3 3 3 3 3 3 3 3 3 3 3 3 3 3 3 3 3 3 3 3 3 3 3 3 3 3 3 3 3 3 3 3 3 3 3 3 3 3 3 3 3 3 3 4 4 4 4 4 4 4 4 4 4 4 4 4 4 4 4 4 4 4 4 4 4 4 4 4 4 4 4 4 4 4 4 4 4 4 4 4 4 4 4 4 4 4 4 4 4 4 4 4 4 4 4 4 4 4 4 4 4 4 4 5 5 5 5 5 5 5 5 5 5 5 5 5 5 5 5 5 5 5 5 5 5 5 5 5 5 5 5 5 5 5 5 5 5 5 5 5 5 5 5 5 5 5 5 5 5 5 5 5 5 5 5 5 5 5 5 5 5 5 5 6 6 6 6 6 6 6 6 6 6 6 6 6 6 6 6 6 6 6 6 6 6 6 6 6 6 6 6 6 6 6 6 6 6 6 6 6 6 6 6 6 6 6 6 6 6 6 6 6 6 6 6 6 6 6 6 6 6 6 6 7 7 7 7 7 7 7 7 7 7 7 7 7 7 7 7 7 7 7 7 7 7 7 7 7 7 7 7 7 7 7 7 7 7 7 7 7 7 7 7 7 7 7 7 7 7 7 7 7 7 7 7 7 7 7 7 7 7 7 7 8 8 8 8 8 8 8 8 8 8 8 8 8 8 8 8 8 8 8 8 8 8 8 8 8 8 8 8 8 8 8 8 8 8 8 8 8 8 8 8 8 8 8 8 8 8 8 8 8 8 8 8 8 8 8 8 8 8 8 8 9 9 9 9 9 9 9 9 9 9 9 9 9 9 9 9 9 9 9 9 9 9 9 9 9 9 9 9 9 9 9 9 9 9 9 9 9 9 9 9 9 9 9 9 9 9 9 9 9 9 9 9 9 9 9 9 9 9 9 9 10 10 10 10 10 10 10 10 10 10 10 10 10 10 10 10 10 10 10 10 10 10 10 10 10 10 10 10 10 10 10 10 10 10 10 10 10 10 10 10 10 10 10 10 10 10 10 10 10 10 10 10 10 10 10 10 10 10 10 10 
calling hdp_init 2022-07-20 07:09:59
Runing run.setup.and.posterior on 14528401
Reading input catalog file ./SBS/input/Realistic/ground.truth.syn.catalog.csv
Guessed number of signatures (= Dirichlet process data clusters) = 46
0 1 1 1 1 1 1 1 1 1 2 2 2 2 2 2 2 2 2 2 2 2 2 2 2 2 2 2 2 2 2 2 2 2 2 2 2 2 2 2 2 2 2 2 2 2 2 2 2 2 2 2 2 2 2 2 2 2 2 2 2 2 2 2 2 2 2 2 2 2 3 3 3 3 3 3 3 3 3 3 3 3 3 3 3 3 3 3 3 3 3 3 3 3 3 3 3 3 3 3 3 3 3 3 3 3 3 3 3 3 3 3 3 3 3 3 3 3 3 3 3 3 3 3 3 3 3 3 3 3 4 4 4 4 4 4 4 4 4 4 4 4 4 4 4 4 4 4 4 4 4 4 4 4 4 4 4 4 4 4 4 4 4 4 4 4 4 4 4 4 4 4 4 4 4 4 4 4 4 4 4 4 4 4 4 4 4 4 4 4 5 5 5 5 5 5 5 5 5 5 5 5 5 5 5 5 5 5 5 5 5 5 5 5 5 5 5 5 5 5 5 5 5 5 5 5 5 5 5 5 5 5 5 5 5 5 5 5 5 5 5 5 5 5 5 5 5 5 5 5 6 6 6 6 6 6 6 6 6 6 6 6 6 6 6 6 6 6 6 6 6 6 6 6 6 6 6 6 6 6 6 6 6 6 6 6 6 6 6 6 6 6 6 6 6 6 6 6 6 6 6 6 6 6 6 6 6 6 6 6 7 7 7 7 7 7 7 7 7 7 7 7 7 7 7 7 7 7 7 7 7 7 7 7 7 7 7 7 7 7 7 7 7 7 7 7 7 7 7 7 7 7 7 7 7 7 7 7 7 7 7 7 7 7 7 7 7 7 7 7 8 8 8 8 8 8 8 8 8 8 8 8 8 8 8 8 8 8 8 8 8 8 8 8 8 8 8 8 8 8 8 8 8 8 8 8 8 8 8 8 8 8 8 8 8 8 8 8 8 8 8 8 8 8 8 8 8 8 8 8 9 9 9 9 9 9 9 9 9 9 9 9 9 9 9 9 9 9 9 9 9 9 9 9 9 9 9 9 9 9 9 9 9 9 9 9 9 9 9 9 9 9 9 9 9 9 9 9 9 9 9 9 9 9 9 9 9 9 9 9 10 10 10 10 10 10 10 10 10 10 10 10 10 10 10 10 10 10 10 10 10 10 10 10 10 10 10 10 10 10 10 10 10 10 10 10 10 10 10 10 10 10 10 10 10 10 10 10 10 10 10 10 10 10 10 10 10 10 10 10 
calling hdp_init 2022-07-20 07:09:59
Runing run.setup.and.posterior on 15528401
Reading input catalog file ./SBS/input/Realistic/ground.truth.syn.catalog.csv
Guessed number of signatures (= Dirichlet process data clusters) = 46
0 1 1 1 1 1 1 1 1 1 2 2 2 2 2 2 2 2 2 2 2 2 2 2 2 2 2 2 2 2 2 2 2 2 2 2 2 2 2 2 2 2 2 2 2 2 2 2 2 2 2 2 2 2 2 2 2 2 2 2 2 2 2 2 2 2 2 2 2 2 3 3 3 3 3 3 3 3 3 3 3 3 3 3 3 3 3 3 3 3 3 3 3 3 3 3 3 3 3 3 3 3 3 3 3 3 3 3 3 3 3 3 3 3 3 3 3 3 3 3 3 3 3 3 3 3 3 3 3 3 4 4 4 4 4 4 4 4 4 4 4 4 4 4 4 4 4 4 4 4 4 4 4 4 4 4 4 4 4 4 4 4 4 4 4 4 4 4 4 4 4 4 4 4 4 4 4 4 4 4 4 4 4 4 4 4 4 4 4 4 5 5 5 5 5 5 5 5 5 5 5 5 5 5 5 5 5 5 5 5 5 5 5 5 5 5 5 5 5 5 5 5 5 5 5 5 5 5 5 5 5 5 5 5 5 5 5 5 5 5 5 5 5 5 5 5 5 5 5 5 6 6 6 6 6 6 6 6 6 6 6 6 6 6 6 6 6 6 6 6 6 6 6 6 6 6 6 6 6 6 6 6 6 6 6 6 6 6 6 6 6 6 6 6 6 6 6 6 6 6 6 6 6 6 6 6 6 6 6 6 7 7 7 7 7 7 7 7 7 7 7 7 7 7 7 7 7 7 7 7 7 7 7 7 7 7 7 7 7 7 7 7 7 7 7 7 7 7 7 7 7 7 7 7 7 7 7 7 7 7 7 7 7 7 7 7 7 7 7 7 8 8 8 8 8 8 8 8 8 8 8 8 8 8 8 8 8 8 8 8 8 8 8 8 8 8 8 8 8 8 8 8 8 8 8 8 8 8 8 8 8 8 8 8 8 8 8 8 8 8 8 8 8 8 8 8 8 8 8 8 9 9 9 9 9 9 9 9 9 9 9 9 9 9 9 9 9 9 9 9 9 9 9 9 9 9 9 9 9 9 9 9 9 9 9 9 9 9 9 9 9 9 9 9 9 9 9 9 9 9 9 9 9 9 9 9 9 9 9 9 10 10 10 10 10 10 10 10 10 10 10 10 10 10 10 10 10 10 10 10 10 10 10 10 10 10 10 10 10 10 10 10 10 10 10 10 10 10 10 10 10 10 10 10 10 10 10 10 10 10 10 10 10 10 10 10 10 10 10 10 
calling hdp_init 2022-07-20 07:09:59
Runing run.setup.and.posterior on 16528401
Reading input catalog file ./SBS/input/Realistic/ground.truth.syn.catalog.csv
Guessed number of signatures (= Dirichlet process data clusters) = 46
0 1 1 1 1 1 1 1 1 1 2 2 2 2 2 2 2 2 2 2 2 2 2 2 2 2 2 2 2 2 2 2 2 2 2 2 2 2 2 2 2 2 2 2 2 2 2 2 2 2 2 2 2 2 2 2 2 2 2 2 2 2 2 2 2 2 2 2 2 2 3 3 3 3 3 3 3 3 3 3 3 3 3 3 3 3 3 3 3 3 3 3 3 3 3 3 3 3 3 3 3 3 3 3 3 3 3 3 3 3 3 3 3 3 3 3 3 3 3 3 3 3 3 3 3 3 3 3 3 3 4 4 4 4 4 4 4 4 4 4 4 4 4 4 4 4 4 4 4 4 4 4 4 4 4 4 4 4 4 4 4 4 4 4 4 4 4 4 4 4 4 4 4 4 4 4 4 4 4 4 4 4 4 4 4 4 4 4 4 4 5 5 5 5 5 5 5 5 5 5 5 5 5 5 5 5 5 5 5 5 5 5 5 5 5 5 5 5 5 5 5 5 5 5 5 5 5 5 5 5 5 5 5 5 5 5 5 5 5 5 5 5 5 5 5 5 5 5 5 5 6 6 6 6 6 6 6 6 6 6 6 6 6 6 6 6 6 6 6 6 6 6 6 6 6 6 6 6 6 6 6 6 6 6 6 6 6 6 6 6 6 6 6 6 6 6 6 6 6 6 6 6 6 6 6 6 6 6 6 6 7 7 7 7 7 7 7 7 7 7 7 7 7 7 7 7 7 7 7 7 7 7 7 7 7 7 7 7 7 7 7 7 7 7 7 7 7 7 7 7 7 7 7 7 7 7 7 7 7 7 7 7 7 7 7 7 7 7 7 7 8 8 8 8 8 8 8 8 8 8 8 8 8 8 8 8 8 8 8 8 8 8 8 8 8 8 8 8 8 8 8 8 8 8 8 8 8 8 8 8 8 8 8 8 8 8 8 8 8 8 8 8 8 8 8 8 8 8 8 8 9 9 9 9 9 9 9 9 9 9 9 9 9 9 9 9 9 9 9 9 9 9 9 9 9 9 9 9 9 9 9 9 9 9 9 9 9 9 9 9 9 9 9 9 9 9 9 9 9 9 9 9 9 9 9 9 9 9 9 9 10 10 10 10 10 10 10 10 10 10 10 10 10 10 10 10 10 10 10 10 10 10 10 10 10 10 10 10 10 10 10 10 10 10 10 10 10 10 10 10 10 10 10 10 10 10 10 10 10 10 10 10 10 10 10 10 10 10 10 10 
calling hdp_init 2022-07-20 07:09:59
Runing run.setup.and.posterior on 17528401
Reading input catalog file ./SBS/input/Realistic/ground.truth.syn.catalog.csv
Guessed number of signatures (= Dirichlet process data clusters) = 46
0 1 1 1 1 1 1 1 1 1 2 2 2 2 2 2 2 2 2 2 2 2 2 2 2 2 2 2 2 2 2 2 2 2 2 2 2 2 2 2 2 2 2 2 2 2 2 2 2 2 2 2 2 2 2 2 2 2 2 2 2 2 2 2 2 2 2 2 2 2 3 3 3 3 3 3 3 3 3 3 3 3 3 3 3 3 3 3 3 3 3 3 3 3 3 3 3 3 3 3 3 3 3 3 3 3 3 3 3 3 3 3 3 3 3 3 3 3 3 3 3 3 3 3 3 3 3 3 3 3 4 4 4 4 4 4 4 4 4 4 4 4 4 4 4 4 4 4 4 4 4 4 4 4 4 4 4 4 4 4 4 4 4 4 4 4 4 4 4 4 4 4 4 4 4 4 4 4 4 4 4 4 4 4 4 4 4 4 4 4 5 5 5 5 5 5 5 5 5 5 5 5 5 5 5 5 5 5 5 5 5 5 5 5 5 5 5 5 5 5 5 5 5 5 5 5 5 5 5 5 5 5 5 5 5 5 5 5 5 5 5 5 5 5 5 5 5 5 5 5 6 6 6 6 6 6 6 6 6 6 6 6 6 6 6 6 6 6 6 6 6 6 6 6 6 6 6 6 6 6 6 6 6 6 6 6 6 6 6 6 6 6 6 6 6 6 6 6 6 6 6 6 6 6 6 6 6 6 6 6 7 7 7 7 7 7 7 7 7 7 7 7 7 7 7 7 7 7 7 7 7 7 7 7 7 7 7 7 7 7 7 7 7 7 7 7 7 7 7 7 7 7 7 7 7 7 7 7 7 7 7 7 7 7 7 7 7 7 7 7 8 8 8 8 8 8 8 8 8 8 8 8 8 8 8 8 8 8 8 8 8 8 8 8 8 8 8 8 8 8 8 8 8 8 8 8 8 8 8 8 8 8 8 8 8 8 8 8 8 8 8 8 8 8 8 8 8 8 8 8 9 9 9 9 9 9 9 9 9 9 9 9 9 9 9 9 9 9 9 9 9 9 9 9 9 9 9 9 9 9 9 9 9 9 9 9 9 9 9 9 9 9 9 9 9 9 9 9 9 9 9 9 9 9 9 9 9 9 9 9 10 10 10 10 10 10 10 10 10 10 10 10 10 10 10 10 10 10 10 10 10 10 10 10 10 10 10 10 10 10 10 10 10 10 10 10 10 10 10 10 10 10 10 10 10 10 10 10 10 10 10 10 10 10 10 10 10 10 10 10 
calling hdp_init 2022-07-20 07:09:59
Runing run.setup.and.posterior on 18528401
Reading input catalog file ./SBS/input/Realistic/ground.truth.syn.catalog.csv
Guessed number of signatures (= Dirichlet process data clusters) = 46
0 1 1 1 1 1 1 1 1 1 2 2 2 2 2 2 2 2 2 2 2 2 2 2 2 2 2 2 2 2 2 2 2 2 2 2 2 2 2 2 2 2 2 2 2 2 2 2 2 2 2 2 2 2 2 2 2 2 2 2 2 2 2 2 2 2 2 2 2 2 3 3 3 3 3 3 3 3 3 3 3 3 3 3 3 3 3 3 3 3 3 3 3 3 3 3 3 3 3 3 3 3 3 3 3 3 3 3 3 3 3 3 3 3 3 3 3 3 3 3 3 3 3 3 3 3 3 3 3 3 4 4 4 4 4 4 4 4 4 4 4 4 4 4 4 4 4 4 4 4 4 4 4 4 4 4 4 4 4 4 4 4 4 4 4 4 4 4 4 4 4 4 4 4 4 4 4 4 4 4 4 4 4 4 4 4 4 4 4 4 5 5 5 5 5 5 5 5 5 5 5 5 5 5 5 5 5 5 5 5 5 5 5 5 5 5 5 5 5 5 5 5 5 5 5 5 5 5 5 5 5 5 5 5 5 5 5 5 5 5 5 5 5 5 5 5 5 5 5 5 6 6 6 6 6 6 6 6 6 6 6 6 6 6 6 6 6 6 6 6 6 6 6 6 6 6 6 6 6 6 6 6 6 6 6 6 6 6 6 6 6 6 6 6 6 6 6 6 6 6 6 6 6 6 6 6 6 6 6 6 7 7 7 7 7 7 7 7 7 7 7 7 7 7 7 7 7 7 7 7 7 7 7 7 7 7 7 7 7 7 7 7 7 7 7 7 7 7 7 7 7 7 7 7 7 7 7 7 7 7 7 7 7 7 7 7 7 7 7 7 8 8 8 8 8 8 8 8 8 8 8 8 8 8 8 8 8 8 8 8 8 8 8 8 8 8 8 8 8 8 8 8 8 8 8 8 8 8 8 8 8 8 8 8 8 8 8 8 8 8 8 8 8 8 8 8 8 8 8 8 9 9 9 9 9 9 9 9 9 9 9 9 9 9 9 9 9 9 9 9 9 9 9 9 9 9 9 9 9 9 9 9 9 9 9 9 9 9 9 9 9 9 9 9 9 9 9 9 9 9 9 9 9 9 9 9 9 9 9 9 10 10 10 10 10 10 10 10 10 10 10 10 10 10 10 10 10 10 10 10 10 10 10 10 10 10 10 10 10 10 10 10 10 10 10 10 10 10 10 10 10 10 10 10 10 10 10 10 10 10 10 10 10 10 10 10 10 10 10 10 
calling hdp_init 2022-07-20 07:09:59
Runing run.setup.and.posterior on 19528401
Reading input catalog file ./SBS/input/Realistic/ground.truth.syn.catalog.csv
Guessed number of signatures (= Dirichlet process data clusters) = 46
0 1 1 1 1 1 1 1 1 1 2 2 2 2 2 2 2 2 2 2 2 2 2 2 2 2 2 2 2 2 2 2 2 2 2 2 2 2 2 2 2 2 2 2 2 2 2 2 2 2 2 2 2 2 2 2 2 2 2 2 2 2 2 2 2 2 2 2 2 2 3 3 3 3 3 3 3 3 3 3 3 3 3 3 3 3 3 3 3 3 3 3 3 3 3 3 3 3 3 3 3 3 3 3 3 3 3 3 3 3 3 3 3 3 3 3 3 3 3 3 3 3 3 3 3 3 3 3 3 3 4 4 4 4 4 4 4 4 4 4 4 4 4 4 4 4 4 4 4 4 4 4 4 4 4 4 4 4 4 4 4 4 4 4 4 4 4 4 4 4 4 4 4 4 4 4 4 4 4 4 4 4 4 4 4 4 4 4 4 4 5 5 5 5 5 5 5 5 5 5 5 5 5 5 5 5 5 5 5 5 5 5 5 5 5 5 5 5 5 5 5 5 5 5 5 5 5 5 5 5 5 5 5 5 5 5 5 5 5 5 5 5 5 5 5 5 5 5 5 5 6 6 6 6 6 6 6 6 6 6 6 6 6 6 6 6 6 6 6 6 6 6 6 6 6 6 6 6 6 6 6 6 6 6 6 6 6 6 6 6 6 6 6 6 6 6 6 6 6 6 6 6 6 6 6 6 6 6 6 6 7 7 7 7 7 7 7 7 7 7 7 7 7 7 7 7 7 7 7 7 7 7 7 7 7 7 7 7 7 7 7 7 7 7 7 7 7 7 7 7 7 7 7 7 7 7 7 7 7 7 7 7 7 7 7 7 7 7 7 7 8 8 8 8 8 8 8 8 8 8 8 8 8 8 8 8 8 8 8 8 8 8 8 8 8 8 8 8 8 8 8 8 8 8 8 8 8 8 8 8 8 8 8 8 8 8 8 8 8 8 8 8 8 8 8 8 8 8 8 8 9 9 9 9 9 9 9 9 9 9 9 9 9 9 9 9 9 9 9 9 9 9 9 9 9 9 9 9 9 9 9 9 9 9 9 9 9 9 9 9 9 9 9 9 9 9 9 9 9 9 9 9 9 9 9 9 9 9 9 9 10 10 10 10 10 10 10 10 10 10 10 10 10 10 10 10 10 10 10 10 10 10 10 10 10 10 10 10 10 10 10 10 10 10 10 10 10 10 10 10 10 10 10 10 10 10 10 10 10 10 10 10 10 10 10 10 10 10 10 10 
Runing run.setup.and.posterior on 20528401
calling hdp_init 2022-07-20 07:09:59
Reading input catalog file ./SBS/input/Realistic/ground.truth.syn.catalog.csv
Guessed number of signatures (= Dirichlet process data clusters) = 46
0 1 1 1 1 1 1 1 1 1 2 2 2 2 2 2 2 2 2 2 2 2 2 2 2 2 2 2 2 2 2 2 2 2 2 2 2 2 2 2 2 2 2 2 2 2 2 2 2 2 2 2 2 2 2 2 2 2 2 2 2 2 2 2 2 2 2 2 2 2 3 3 3 3 3 3 3 3 3 3 3 3 3 3 3 3 3 3 3 3 3 3 3 3 3 3 3 3 3 3 3 3 3 3 3 3 3 3 3 3 3 3 3 3 3 3 3 3 3 3 3 3 3 3 3 3 3 3 3 3 4 4 4 4 4 4 4 4 4 4 4 4 4 4 4 4 4 4 4 4 4 4 4 4 4 4 4 4 4 4 4 4 4 4 4 4 4 4 4 4 4 4 4 4 4 4 4 4 4 4 4 4 4 4 4 4 4 4 4 4 5 5 5 5 5 5 5 5 5 5 5 5 5 5 5 5 5 5 5 5 5 5 5 5 5 5 5 5 5 5 5 5 5 5 5 5 5 5 5 5 5 5 5 5 5 5 5 5 5 5 5 5 5 5 5 5 5 5 5 5 6 6 6 6 6 6 6 6 6 6 6 6 6 6 6 6 6 6 6 6 6 6 6 6 6 6 6 6 6 6 6 6 6 6 6 6 6 6 6 6 6 6 6 6 6 6 6 6 6 6 6 6 6 6 6 6 6 6 6 6 7 7 7 7 7 7 7 7 7 7 7 7 7 7 7 7 7 7 7 7 7 7 7 7 7 7 7 7 7 7 7 7 7 7 7 7 7 7 7 7 7 7 7 7 7 7 7 7 7 7 7 7 7 7 7 7 7 7 7 7 8 8 8 8 8 8 8 8 8 8 8 8 8 8 8 8 8 8 8 8 8 8 8 8 8 8 8 8 8 8 8 8 8 8 8 8 8 8 8 8 8 8 8 8 8 8 8 8 8 8 8 8 8 8 8 8 8 8 8 8 9 9 9 9 9 9 9 9 9 9 9 9 9 9 9 9 9 9 9 9 9 9 9 9 9 9 9 9 9 9 9 9 9 9 9 9 9 9 9 9 9 9 9 9 9 9 9 9 9 9 9 9 9 9 9 9 9 9 9 9 10 10 10 10 10 10 10 10 10 10 10 10 10 10 10 10 10 10 10 10 10 10 10 10 10 10 10 10 10 10 10 10 10 10 10 10 10 10 10 10 10 10 10 10 10 10 10 10 10 10 10 10 10 10 10 10 10 10 10 10 
calling hdp_init 2022-07-20 07:09:59
Guessed number of signatures (= Dirichlet process data clusters) = 46
0 1 1 1 1 1 1 1 1 1 2 2 2 2 2 2 2 2 2 2 2 2 2 2 2 2 2 2 2 2 2 2 2 2 2 2 2 2 2 2 2 2 2 2 2 2 2 2 2 2 2 2 2 2 2 2 2 2 2 2 2 2 2 2 2 2 2 2 2 2 3 3 3 3 3 3 3 3 3 3 3 3 3 3 3 3 3 3 3 3 3 3 3 3 3 3 3 3 3 3 3 3 3 3 3 3 3 3 3 3 3 3 3 3 3 3 3 3 3 3 3 3 3 3 3 3 3 3 3 3 4 4 4 4 4 4 4 4 4 4 4 4 4 4 4 4 4 4 4 4 4 4 4 4 4 4 4 4 4 4 4 4 4 4 4 4 4 4 4 4 4 4 4 4 4 4 4 4 4 4 4 4 4 4 4 4 4 4 4 4 5 5 5 5 5 5 5 5 5 5 5 5 5 5 5 5 5 5 5 5 5 5 5 5 5 5 5 5 5 5 5 5 5 5 5 5 5 5 5 5 5 5 5 5 5 5 5 5 5 5 5 5 5 5 5 5 5 5 5 5 6 6 6 6 6 6 6 6 6 6 6 6 6 6 6 6 6 6 6 6 6 6 6 6 6 6 6 6 6 6 6 6 6 6 6 6 6 6 6 6 6 6 6 6 6 6 6 6 6 6 6 6 6 6 6 6 6 6 6 6 7 7 7 7 7 7 7 7 7 7 7 7 7 7 7 7 7 7 7 7 7 7 7 7 7 7 7 7 7 7 7 7 7 7 7 7 7 7 7 7 7 7 7 7 7 7 7 7 7 7 7 7 7 7 7 7 7 7 7 7 8 8 8 8 8 8 8 8 8 8 8 8 8 8 8 8 8 8 8 8 8 8 8 8 8 8 8 8 8 8 8 8 8 8 8 8 8 8 8 8 8 8 8 8 8 8 8 8 8 8 8 8 8 8 8 8 8 8 8 8 9 9 9 9 9 9 9 9 9 9 9 9 9 9 9 9 9 9 9 9 9 9 9 9 9 9 9 9 9 9 9 9 9 9 9 9 9 9 9 9 9 9 9 9 9 9 9 9 9 9 9 9 9 9 9 9 9 9 9 9 10 10 10 10 10 10 10 10 10 10 10 10 10 10 10 10 10 10 10 10 10 10 10 10 10 10 10 10 10 10 10 10 10 10 10 10 10 10 10 10 10 10 10 10 10 10 10 10 10 10 10 10 10 10 10 10 10 10 10 10 
calling hdp_init 2022-07-20 07:09:59
Guessed number of signatures (= Dirichlet process data clusters) = 46
0 1 1 1 1 1 1 1 1 1 2 2 2 2 2 2 2 2 2 2 2 2 2 2 2 2 2 2 2 2 2 2 2 2 2 2 2 2 2 2 2 2 2 2 2 2 2 2 2 2 2 2 2 2 2 2 2 2 2 2 2 2 2 2 2 2 2 2 2 2 3 3 3 3 3 3 3 3 3 3 3 3 3 3 3 3 3 3 3 3 3 3 3 3 3 3 3 3 3 3 3 3 3 3 3 3 3 3 3 3 3 3 3 3 3 3 3 3 3 3 3 3 3 3 3 3 3 3 3 3 4 4 4 4 4 4 4 4 4 4 4 4 4 4 4 4 4 4 4 4 4 4 4 4 4 4 4 4 4 4 4 4 4 4 4 4 4 4 4 4 4 4 4 4 4 4 4 4 4 4 4 4 4 4 4 4 4 4 4 4 5 5 5 5 5 5 5 5 5 5 5 5 5 5 5 5 5 5 5 5 5 5 5 5 5 5 5 5 5 5 5 5 5 5 5 5 5 5 5 5 5 5 5 5 5 5 5 5 5 5 5 5 5 5 5 5 5 5 5 5 6 6 6 6 6 6 6 6 6 6 6 6 6 6 6 6 6 6 6 6 6 6 6 6 6 6 6 6 6 6 6 6 6 6 6 6 6 6 6 6 6 6 6 6 6 6 6 6 6 6 6 6 6 6 6 6 6 6 6 6 7 7 7 7 7 7 7 7 7 7 7 7 7 7 7 7 7 7 7 7 7 7 7 7 7 7 7 7 7 7 7 7 7 7 7 7 7 7 7 7 7 7 7 7 7 7 7 7 7 7 7 7 7 7 7 7 7 7 7 7 8 8 8 8 8 8 8 8 8 8 8 8 8 8 8 8 8 8 8 8 8 8 8 8 8 8 8 8 8 8 8 8 8 8 8 8 8 8 8 8 8 8 8 8 8 8 8 8 8 8 8 8 8 8 8 8 8 8 8 8 9 9 9 9 9 9 9 9 9 9 9 9 9 9 9 9 9 9 9 9 9 9 9 9 9 9 9 9 9 9 9 9 9 9 9 9 9 9 9 9 9 9 9 9 9 9 9 9 9 9 9 9 9 9 9 9 9 9 9 9 10 10 10 10 10 10 10 10 10 10 10 10 10 10 10 10 10 10 10 10 10 10 10 10 10 10 10 10 10 10 10 10 10 10 10 10 10 10 10 10 10 10 10 10 10 10 10 10 10 10 10 10 10 10 10 10 10 10 10 10 
calling hdp_init 2022-07-20 07:09:59
calling hdp_setdata 2022-07-20 07:09:59
calling hdp_setdata 2022-07-20 07:09:59
calling hdp_setdata 2022-07-20 07:09:59
calling hdp_setdata 2022-07-20 07:09:59
calling hdp_setdata 2022-07-20 07:09:59
calling hdp_setdata 2022-07-20 07:09:59
calling hdp_setdata 2022-07-20 07:09:59
calling hdp_setdata 2022-07-20 07:09:59
calling hdp_setdata 2022-07-20 07:10:00
calling hdp_setdata 2022-07-20 07:10:00
calling hdp_setdata 2022-07-20 07:10:00
calling hdp_setdata 2022-07-20 07:10:00
calling hdp_setdata 2022-07-20 07:10:00
calling hdp_setdata 2022-07-20 07:10:00
calling hdp_setdata 2022-07-20 07:10:00
calling hdp_setdata 2022-07-20 07:10:00
calling hdp_setdata 2022-07-20 07:10:00
calling hdp_setdata 2022-07-20 07:10:00
calling hdp_setdata 2022-07-20 07:10:00
calling hdp_setdata 2022-07-20 07:10:00
calling dp_activate 2022-07-20 07:10:01
calling dp_activate 2022-07-20 07:10:01
calling dp_activate 2022-07-20 07:10:01
calling dp_activate 2022-07-20 07:10:01
calling dp_activate 2022-07-20 07:10:01
calling dp_activate 2022-07-20 07:10:01
calling dp_activate 2022-07-20 07:10:01
calling dp_activate 2022-07-20 07:10:01
calling dp_activate 2022-07-20 07:10:01
calling dp_activate 2022-07-20 07:10:01
calling dp_activate 2022-07-20 07:10:01
calling dp_activate 2022-07-20 07:10:01
calling dp_activate 2022-07-20 07:10:01
calling dp_activate 2022-07-20 07:10:01
calling dp_activate 2022-07-20 07:10:01
calling dp_activate 2022-07-20 07:10:01
calling dp_activate 2022-07-20 07:10:01
calling dp_activate 2022-07-20 07:10:01
calling dp_activate 2022-07-20 07:10:01
calling dp_activate 2022-07-20 07:10:02
calling hdp_posterior, seed = 8528401 2022-07-20 07:10:06
calling hdp_posterior, seed = 5528401 2022-07-20 07:10:06
calling hdp_posterior, seed = 12528401 2022-07-20 07:10:06
calling hdp_posterior, seed = 3528401 2022-07-20 07:10:06
calling hdp_posterior, seed = 6528401 2022-07-20 07:10:06
calling hdp_posterior, seed = 1528401 2022-07-20 07:10:06
calling hdp_posterior, seed = 16528401 2022-07-20 07:10:06
calling hdp_posterior, seed = 10528401 2022-07-20 07:10:06
calling hdp_posterior, seed = 9528401 2022-07-20 07:10:06
calling hdp_posterior, seed = 13528401 2022-07-20 07:10:06
calling hdp_posterior, seed = 14528401 2022-07-20 07:10:06
calling hdp_posterior, seed = 11528401 2022-07-20 07:10:06
calling hdp_posterior, seed = 17528401 2022-07-20 07:10:07
calling hdp_posterior, seed = 4528401 2022-07-20 07:10:07
calling hdp_posterior, seed = 15528401 2022-07-20 07:10:07
calling hdp_posterior, seed = 19528401 2022-07-20 07:10:08
calling hdp_posterior, seed = 18528401 2022-07-20 07:10:08
calling hdp_posterior, seed = 2528401 2022-07-20 07:10:09
calling hdp_posterior, seed = 7528401 2022-07-20 07:10:09
calling hdp_posterior, seed = 20528401 2022-07-20 07:10:09
[1] "100000 burn-in iterations in 27220.4 mins"
[1] "time 27506.8 ETC 32681.4 mins"
[1] "100000 burn-in iterations in 27754.6 mins"
[1] "time 27786.5 ETC 32690.1 mins"
[1] "100000 burn-in iterations in 28020.8 mins"
[1] "time 28038.4 ETC 33312.9 mins"
[1] "time 28065.5 ETC 32697.7 mins"
[1] "100000 burn-in iterations in 28122.4 mins"
[1] "time 28305.0 ETC 33629.7 mins"
[1] "time 28317.1 ETC 33314.3 mins"
[1] "time 28349.6 ETC 32711.1 mins"
[1] "100000 burn-in iterations in 28355.9 mins"
[1] "time 28404.1 ETC 33747.4 mins"
[1] "100000 burn-in iterations in 28583.0 mins"
[1] "time 28589.4 ETC 33634.6 mins"
[1] "time 28593.7 ETC 33313.0 mins"
[1] "time 28632.4 ETC 32722.7 mins"
[1] "time 28633.4 ETC 34019.9 mins"
[1] "100000 burn-in iterations in 28682.2 mins"
[1] "time 28688.5 ETC 33751.2 mins"
[1] "time 28855.7 ETC 34284.1 mins"
[1] "time 28864.1 ETC 33304.7 mins"
[1] "time 28880.5 ETC 33647.2 mins"
[1] "time 28909.6 ETC 34011.3 mins"
[1] "time 28911.5 ETC 32730.0 mins"
[1] "time 28965.9 ETC 34414.9 mins"
[1] "time 28972.3 ETC 33754.1 mins"
[1] "100000 burn-in iterations in 28980.4 mins"
[1] "time 29129.3 ETC 34269.8 mins"
[1] "time 29139.0 ETC 33301.7 mins"
[1] "time 29175.7 ETC 33664.2 mins"
[1] "time 29187.5 ETC 32733.6 mins"
[1] "time 29188.3 ETC 34005.8 mins"
[1] "time 29249.3 ETC 34411.0 mins"
[1] "time 29251.4 ETC 33751.6 mins"
[1] "100000 burn-in iterations in 29256.2 mins"
[1] "time 29260.5 ETC 34764.9 mins"
[1] "time 29402.7 ETC 34255.6 mins"
[1] "time 29414.4 ETC 33299.3 mins"
[1] "time 29463.3 ETC 32737.0 mins"
[1] "time 29464.9 ETC 33998.0 mins"
[1] "time 29470.2 ETC 33680.3 mins"
[1] "time 29527.6 ETC 33745.8 mins"
[1] "time 29535.0 ETC 34409.7 mins"
[1] "time 29543.5 ETC 34757.1 mins"
[1] "100000 burn-in iterations in 29552.7 mins"
[1] "time 29554.9 ETC 35114.7 mins"
[1] "time 29671.3 ETC 34236.1 mins"
[1] "time 29689.6 ETC 33296.8 mins"
[1] "time 29742.3 ETC 33991.2 mins"
[1] "time 29743.7 ETC 32745.4 mins"
[1] "time 29755.5 ETC 33685.5 mins"
[1] "time 29802.1 ETC 33738.2 mins"
[1] "100000 burn-in iterations in 29802.6 mins"
[1] "time 29827.1 ETC 35438.2 mins"
[1] "time 29827.2 ETC 34416.0 mins"
[1] "time 29832.0 ETC 34755.8 mins"
[1] "time 29848.7 ETC 35116.1 mins"
[1] "time 29938.8 ETC 34215.8 mins"
[1] "time 29963.0 ETC 33292.2 mins"
[1] "time 30019.2 ETC 33984.0 mins"
[1] "time 30024.6 ETC 32754.2 mins"
[1] "time 30036.1 ETC 33685.4 mins"
[1] "time 30076.1 ETC 33730.2 mins"
[1] "time 30081.5 ETC 35740.4 mins"
[1] "time 30108.2 ETC 35421.4 mins"
[1] "time 30119.5 ETC 34753.2 mins"
[1] "time 30122.0 ETC 34425.1 mins"
[1] "time 30143.5 ETC 35118.7 mins"
[1] "time 30210.3 ETC 34200.3 mins"
[1] "time 30235.8 ETC 33287.1 mins"
[1] "time 30298.8 ETC 33980.0 mins"
[1] "time 30306.4 ETC 32763.6 mins"
[1] "time 30321.5 ETC 33690.5 mins"
[1] "time 30355.0 ETC 33727.8 mins"
[1] "time 30393.8 ETC 35410.2 mins"
[1] "time 30405.8 ETC 34421.7 mins"
[1] "time 30410.8 ETC 34755.2 mins"
[1] "time 30417.8 ETC 35785.7 mins"
[1] "time 30434.1 ETC 35116.2 mins"
[1] "time 30483.3 ETC 34186.8 mins"
[1] "time 30508.9 ETC 33282.5 mins"
[1] "time 30576.8 ETC 33974.2 mins"
[1] "time 30583.4 ETC 32768.0 mins"
[1] "time 30605.8 ETC 33694.5 mins"
[1] "time 30631.3 ETC 33722.5 mins"
[1] "time 30676.6 ETC 35396.0 mins"
[1] "time 30688.6 ETC 34417.1 mins"
[1] "100000 burn-in iterations in 30693.3 mins"
[1] "time 30697.7 ETC 34752.2 mins"
[1] "time 30727.7 ETC 35117.4 mins"
[1] "time 30761.1 ETC 34179.0 mins"
[1] "time 30780.9 ETC 33276.7 mins"
[1] "time 30854.9 ETC 35947.5 mins"
[1] "time 30854.9 ETC 33968.7 mins"
[1] "time 30856.7 ETC 32768.2 mins"
[1] "100000 burn-in iterations in 30888.8 mins"
[1] "time 30892.5 ETC 33700.9 mins"
[1] "time 30906.2 ETC 33715.9 mins"
[1] "time 30956.2 ETC 35378.6 mins"
[1] "time 30971.0 ETC 34412.2 mins"
[1] "time 30972.0 ETC 36798.4 mins"
[1] "time 30981.5 ETC 34745.7 mins"
[1] "time 31014.4 ETC 35110.6 mins"
[1] "time 31034.0 ETC 34165.9 mins"
[1] "time 31055.6 ETC 33273.9 mins"
[1] "time 31128.1 ETC 33957.9 mins"
[1] "time 31131.2 ETC 32769.7 mins"
[1] "time 31166.9 ETC 37030.0 mins"
[1] "time 31178.8 ETC 33706.8 mins"
[1] "time 31184.7 ETC 33713.2 mins"
[1] "time 31231.6 ETC 35356.6 mins"
[1] "time 31245.0 ETC 36051.9 mins"
[1] "time 31250.6 ETC 34404.4 mins"
[1] "time 31253.6 ETC 36769.0 mins"
[1] "time 31264.1 ETC 34737.9 mins"
[1] "time 31291.9 ETC 35093.8 mins"
[1] "time 31308.7 ETC 34154.9 mins"
[1] "time 31335.3 ETC 33276.4 mins"
[1] "time 31397.4 ETC 33943.1 mins"
[1] "time 31406.7 ETC 32772.2 mins"
[1] "time 31444.1 ETC 36993.0 mins"
[1] "time 31455.7 ETC 33702.5 mins"
[1] "time 31469.3 ETC 33717.2 mins"
[1] "time 31504.9 ETC 35332.6 mins"
[1] "time 31524.8 ETC 34390.7 mins"
[1] "time 31526.6 ETC 36030.4 mins"
[1] "time 31528.7 ETC 36732.5 mins"
[1] "time 31548.7 ETC 34732.5 mins"
[1] "time 31566.7 ETC 35074.1 mins"
[1] "time 31579.3 ETC 34139.8 mins"
[1] "time 31616.6 ETC 33280.6 mins"
[1] "time 31668.5 ETC 33930.6 mins"
[1] "time 31685.4 ETC 32778.0 mins"
[1] "time 31722.3 ETC 36958.0 mins"
[1] "time 31723.6 ETC 33688.8 mins"
[1] "time 31752.4 ETC 33719.4 mins"
[1] "time 31779.5 ETC 35310.6 mins"
[1] "time 31797.0 ETC 36688.8 mins"
[1] "time 31801.0 ETC 34379.5 mins"
[1] "time 31806.4 ETC 36007.2 mins"
[1] "time 31825.8 ETC 34719.0 mins"
[1] "time 31834.0 ETC 35046.6 mins"
[1] "time 31855.7 ETC 34131.2 mins"
[1] "time 31895.6 ETC 33282.4 mins"
[1] "100000 burn-in iterations in 31912.2 mins"
[1] "time 31949.2 ETC 33928.4 mins"
[1] "time 31954.7 ETC 32774.0 mins"
[1] "time 31994.3 ETC 33678.2 mins"
[1] "time 31999.8 ETC 36922.9 mins"
[1] "time 32028.9 ETC 33714.7 mins"
[1] "time 32047.9 ETC 35282.1 mins"
[1] "time 32064.9 ETC 36645.6 mins"
[1] "time 32084.8 ETC 34376.5 mins"
[1] "time 32089.4 ETC 35988.1 mins"
[1] "time 32098.2 ETC 34700.8 mins"
[1] "time 32099.7 ETC 35017.9 mins"
[1] "time 32132.8 ETC 34123.3 mins"
[1] "time 32167.7 ETC 33276.9 mins"
[1] "time 32187.0 ETC 38242.0 mins"
[1] "time 32214.8 ETC 32760.8 mins"
[1] "time 32222.3 ETC 33918.2 mins"
[1] "time 32254.4 ETC 33656.8 mins"
[1] "time 32274.5 ETC 36885.1 mins"
[1] "time 32299.6 ETC 33704.0 mins"
[1] "time 32319.6 ETC 35257.7 mins"
[1] "time 32327.5 ETC 36597.2 mins"
[1] "time 32360.5 ETC 34365.1 mins"
[1] "time 32369.5 ETC 34681.6 mins"
[1] "time 32373.7 ETC 34998.6 mins"
[1] "time 32375.7 ETC 35973.0 mins"
[1] "time 32405.9 ETC 34111.4 mins"
[1] "time 32439.4 ETC 33271.2 mins"
[1] "time 32465.8 ETC 38195.1 mins"
[1] "time 32480.9 ETC 32753.9 mins"
[1] "time 32496.3 ETC 33909.2 mins"
[1] "time 32519.0 ETC 33640.4 mins"
[1] "time 32550.4 ETC 36849.5 mins"
[1] "time 32574.2 ETC 33697.4 mins"
[1] "time 32588.4 ETC 35230.7 mins"
[1] "time 32595.7 ETC 36555.9 mins"
[1] "time 32639.4 ETC 34357.3 mins"
[1] "time 32644.3 ETC 34976.0 mins"
[1] "time 32645.0 ETC 34667.3 mins"
[1] "time 32660.8 ETC 35956.8 mins"
[1] "time 32678.9 ETC 34099.7 mins"
[1] "time 32706.9 ETC 33261.2 mins"
[1] "time 32746.1 ETC 32746.1 mins"
compute sample.chain time: 
 user.self 1956106.615
 sys.self 536.321
 elapsed 1964765.316
 user.child 0
 sys.child 0
[1] "time 32748.7 ETC 38153.9 mins"
[1] "time 32769.4 ETC 33899.3 mins"
[1] "time 32784.6 ETC 33625.3 mins"
[1] "time 32821.8 ETC 36809.5 mins"
[1] "time 32837.8 ETC 33679.8 mins"
[1] "time 32849.4 ETC 35195.8 mins"
[1] "100000 burn-in iterations in 32850.8 mins"
[1] "time 32853.8 ETC 36504.2 mins"
[1] "time 32912.6 ETC 34644.9 mins"
[1] "time 32913.5 ETC 34952.4 mins"
[1] "time 32921.2 ETC 34352.6 mins"
[1] "time 32938.8 ETC 35933.2 mins"
[1] "time 32952.2 ETC 34088.5 mins"
[1] "time 32965.0 ETC 33242.0 mins"
[1] "time 33022.5 ETC 38102.8 mins"
[1] "time 33040.9 ETC 33888.1 mins"
[1] "time 33048.6 ETC 33608.8 mins"
[1] "time 33092.2 ETC 36769.1 mins"
[1] "time 33093.5 ETC 33654.4 mins"
[1] "time 33107.7 ETC 39335.9 mins"
[1] "time 33109.3 ETC 36450.6 mins"
[1] "time 33111.2 ETC 35162.3 mins"
[1] "100000 burn-in iterations in 33162.9 mins"
[1] "time 33174.0 ETC 34616.3 mins"
[1] "time 33174.8 ETC 34920.9 mins"
[1] "time 33192.4 ETC 34336.9 mins"
[1] "time 33204.6 ETC 35896.9 mins"
[1] "time 33219.5 ETC 34071.3 mins"
[1] "time 33221.7 ETC 33221.7 mins"
compute sample.chain time: 
 user.self 1985280.639
 sys.self 511.888
 elapsed 1993303.453
 user.child 0
 sys.child 0
[1] "time 33295.0 ETC 38051.4 mins"
[1] "time 33305.9 ETC 33870.4 mins"
[1] "time 33307.2 ETC 33587.1 mins"
[1] "time 33348.0 ETC 33628.2 mins"
[1] "time 33356.6 ETC 36722.9 mins"
[1] "time 33364.6 ETC 39252.5 mins"
[1] "time 33369.8 ETC 36403.4 mins"
[1] "time 33373.7 ETC 35130.2 mins"
[1] "time 33426.3 ETC 39714.5 mins"
[1] "time 33430.9 ETC 34583.7 mins"
[1] "time 33434.3 ETC 34888.0 mins"
[1] "time 33463.5 ETC 34321.5 mins"
[1] "time 33464.3 ETC 35854.6 mins"
[1] "time 33475.2 ETC 34042.6 mins"
[1] "time 33557.2 ETC 37989.2 mins"
[1] "time 33560.8 ETC 33560.8 mins"
compute sample.chain time: 
 user.self 2006077.535
 sys.self 343.315
 elapsed 2013650.025
 user.child 0
 sys.child 0
[1] "time 33566.0 ETC 33848.1 mins"
[1] "time 33602.5 ETC 33602.5 mins"
compute sample.chain time: 
 user.self 2007247.754
 sys.self 402.625
 elapsed 2016149.36
 user.child 0
 sys.child 0
[1] "time 33613.5 ETC 36669.2 mins"
[1] "time 33622.4 ETC 39171.7 mins"
[1] "time 33627.5 ETC 36354.1 mins"
[1] "time 33630.5 ETC 35092.7 mins"
[1] "time 33686.5 ETC 39631.1 mins"
[1] "time 33687.3 ETC 34551.1 mins"
[1] "time 33689.5 ETC 34851.2 mins"
[1] "time 33723.3 ETC 35812.4 mins"
[1] "time 33725.8 ETC 34009.2 mins"
[1] "time 33732.5 ETC 34304.2 mins"
[1] "time 33813.4 ETC 37921.6 mins"
[1] "time 33821.2 ETC 33821.2 mins"
compute sample.chain time: 
 user.self 2020482.251
 sys.self 290.315
 elapsed 2029275.466
 user.child 0
 sys.child 0
[1] "time 33861.8 ETC 36607.3 mins"
[1] "time 33869.9 ETC 39080.6 mins"
[1] "time 33877.9 ETC 36297.7 mins"
[1] "time 33885.5 ETC 35054.0 mins"
[1] "time 33934.3 ETC 34804.5 mins"
[1] "time 33937.0 ETC 34512.2 mins"
[1] "time 33941.3 ETC 39543.3 mins"
[1] "time 33969.6 ETC 33969.6 mins"
compute sample.chain time: 
 user.self 2029950.296
 sys.self 519.151
 elapsed 2038181.041
 user.child 0
 sys.child 0
[1] "time 33976.3 ETC 35764.6 mins"
[1] "100000 burn-in iterations in 33992.4 mins"
[1] "time 33994.7 ETC 34280.4 mins"
[1] "time 34062.5 ETC 37847.2 mins"
[1] "time 34108.3 ETC 36544.6 mins"
[1] "time 34115.4 ETC 38989.1 mins"
[1] "time 34127.0 ETC 36241.1 mins"
[1] "time 34138.9 ETC 35014.2 mins"
[1] "time 34171.5 ETC 34750.7 mins"
[1] "time 34184.8 ETC 34472.1 mins"
[1] "time 34192.4 ETC 39452.8 mins"
[1] "time 34223.8 ETC 35711.8 mins"
[1] "time 34244.7 ETC 40686.7 mins"
[1] "time 34247.4 ETC 34247.4 mins"
compute sample.chain time: 
 user.self 2045674.122
 sys.self 450.211
 elapsed 2054848.058
 user.child 0
 sys.child 0
[1] "time 34315.5 ETC 37778.6 mins"
[1] "time 34351.1 ETC 36479.0 mins"
[1] "time 34358.4 ETC 38896.3 mins"
[1] "time 34369.6 ETC 36178.5 mins"
[1] "time 34383.8 ETC 34966.5 mins"
[1] "time 34408.7 ETC 34697.8 mins"
[1] "time 34425.8 ETC 34425.8 mins"
compute sample.chain time: 
 user.self 2057518.432
 sys.self 390.961
 elapsed 2065551.898
 user.child 0
 sys.child 0
[1] "time 34438.6 ETC 39358.4 mins"
[1] "time 34464.5 ETC 35652.9 mins"
[1] "time 34492.5 ETC 40579.4 mins"
[1] "100000 burn-in iterations in 34507.1 mins"
[1] "time 34568.5 ETC 37711.1 mins"
[1] "time 34594.6 ETC 36415.3 mins"
[1] "time 34596.7 ETC 38800.1 mins"
[1] "time 34605.3 ETC 36109.9 mins"
[1] "time 34618.8 ETC 34909.7 mins"
[1] "time 34645.6 ETC 34645.6 mins"
compute sample.chain time: 
 user.self 2070573.371
 sys.self 395.695
 elapsed 2078737.03
 user.child 0
 sys.child 0
[1] "time 34685.4 ETC 39266.5 mins"
[1] "time 34700.0 ETC 35589.8 mins"
[1] "time 34738.4 ETC 40472.0 mins"
[1] "time 34752.2 ETC 41289.8 mins"
[1] "time 34820.9 ETC 37644.3 mins"
[1] "time 34830.5 ETC 38700.5 mins"
[1] "time 34832.4 ETC 36346.9 mins"
[1] "time 34839.5 ETC 36040.9 mins"
[1] "time 34854.0 ETC 34854.0 mins"
compute sample.chain time: 
 user.self 2082676.212
 sys.self 669.047
 elapsed 2091241.173
 user.child 0
 sys.child 0
[1] "time 34929.1 ETC 39172.9 mins"
[1] "time 34936.8 ETC 35529.0 mins"
[1] "100000 burn-in iterations in 34951.8 mins"
[1] "time 34977.8 ETC 40359.0 mins"
[1] "time 34992.4 ETC 41167.5 mins"
[1] "time 35066.2 ETC 38605.0 mins"
[1] "time 35070.1 ETC 35969.3 mins"
[1] "time 35071.5 ETC 37576.6 mins"
[1] "time 35072.0 ETC 36281.4 mins"
[1] "time 35174.6 ETC 35470.2 mins"
[1] "time 35182.3 ETC 39091.4 mins"
[1] "time 35192.1 ETC 41812.4 mins"
[1] "time 35213.0 ETC 40243.5 mins"
[1] "time 35230.1 ETC 41044.8 mins"
[1] "time 35303.5 ETC 35901.9 mins"
[1] "time 35304.3 ETC 38513.8 mins"
[1] "time 35310.5 ETC 36215.9 mins"
[1] "time 35319.6 ETC 37507.6 mins"
[1] "time 35411.7 ETC 35411.7 mins"
compute sample.chain time: 
 user.self 2116205.211
 sys.self 467.078
 elapsed 2124702.101
 user.child 0
 sys.child 0
[1] "time 35426.6 ETC 41678.4 mins"
[1] "time 35432.1 ETC 39007.8 mins"
[1] "time 35450.7 ETC 40132.9 mins"
[1] "time 35470.9 ETC 40928.0 mins"
[1] "time 35540.0 ETC 35838.7 mins"
[1] "time 35543.2 ETC 38425.1 mins"
[1] "time 35552.1 ETC 36154.7 mins"
[1] "time 35560.1 ETC 37431.7 mins"
[1] "time 35663.0 ETC 41549.1 mins"
[1] "time 35672.5 ETC 38915.4 mins"
[1] "time 35688.4 ETC 40024.3 mins"
[1] "100000 burn-in iterations in 35706.4 mins"
[1] "time 35712.6 ETC 40814.4 mins"
[1] "time 35774.6 ETC 35774.6 mins"
compute sample.chain time: 
 user.self 2136900.77
 sys.self 433.595
 elapsed 2146480.85
 user.child 0
 sys.child 0
[1] "time 35780.9 ETC 38336.7 mins"
[1] "time 35793.4 ETC 36094.2 mins"
[1] "time 35795.8 ETC 37352.1 mins"
[1] "time 35896.1 ETC 41418.6 mins"
[1] "time 35916.9 ETC 38829.1 mins"
[1] "time 35920.7 ETC 39911.9 mins"
[1] "time 35950.2 ETC 40698.4 mins"
[1] "time 35955.8 ETC 42719.8 mins"
[1] "time 36018.4 ETC 38249.7 mins"
[1] "time 36028.4 ETC 36028.4 mins"
compute sample.chain time: 
 user.self 2153269.013
 sys.self 411.737
 elapsed 2161704.388
 user.child 0
 sys.child 0
[1] "time 36034.1 ETC 37276.7 mins"
[1] "time 36131.1 ETC 41292.7 mins"
[1] "time 36151.2 ETC 39799.5 mins"
[1] "time 36153.6 ETC 38736.0 mins"
[1] "time 36187.2 ETC 40583.7 mins"
[1] "time 36202.4 ETC 42591.0 mins"
[1] "time 36254.5 ETC 38162.7 mins"
[1] "time 36272.0 ETC 37202.0 mins"
[1] "time 36369.3 ETC 41172.8 mins"
[1] "time 36382.0 ETC 39689.5 mins"
[1] "time 36390.9 ETC 38645.2 mins"
[1] "time 36423.4 ETC 40470.5 mins"
[1] "time 36448.2 ETC 42463.9 mins"
[1] "time 36490.2 ETC 38076.7 mins"
[1] "time 36510.1 ETC 37128.9 mins"
[1] "time 36606.3 ETC 41053.8 mins"
[1] "time 36612.2 ETC 39580.8 mins"
[1] "time 36630.5 ETC 38558.4 mins"
[1] "time 36663.0 ETC 40362.9 mins"
[1] "time 36692.7 ETC 42337.7 mins"
[1] "time 36732.8 ETC 37999.4 mins"
[1] "time 36748.0 ETC 37056.9 mins"
[1] "time 36841.5 ETC 40935.0 mins"
[1] "time 36844.0 ETC 39475.8 mins"
[1] "time 36864.0 ETC 38466.8 mins"
[1] "time 36896.5 ETC 40250.7 mins"
[1] "time 36930.0 ETC 42205.7 mins"
[1] "time 36968.5 ETC 37916.4 mins"
[1] "time 36984.1 ETC 36984.1 mins"
compute sample.chain time: 
 user.self 2208740.42
 sys.self 401.461
 elapsed 2219048.777
 user.child 0
 sys.child 0
[1] "time 37074.9 ETC 39371.6 mins"
[1] "time 37077.1 ETC 40818.8 mins"
[1] "time 37099.0 ETC 38378.3 mins"
[1] "time 37126.8 ETC 40137.1 mins"
[1] "time 37164.5 ETC 42073.0 mins"
[1] "time 37200.4 ETC 37831.0 mins"
[1] "time 37304.6 ETC 39268.0 mins"
[1] "time 37306.9 ETC 40698.5 mins"
[1] "time 37334.8 ETC 38292.1 mins"
[1] "time 37362.3 ETC 40031.0 mins"
[1] "time 37403.7 ETC 41948.0 mins"
[1] "time 37431.9 ETC 37746.4 mins"
[1] "time 37530.1 ETC 39161.9 mins"
[1] "time 37536.9 ETC 40580.4 mins"
[1] "time 37571.5 ETC 38208.4 mins"
[1] "time 37598.0 ETC 39927.0 mins"
[1] "time 37637.9 ETC 41819.9 mins"
[1] "time 37659.3 ETC 37659.3 mins"
compute sample.chain time: 
 user.self 2250946.893
 sys.self 145.754
 elapsed 2259557.89
 user.child 0
 sys.child 0
[1] "time 37758.6 ETC 39060.7 mins"
[1] "time 37775.0 ETC 40473.3 mins"
[1] "time 37807.9 ETC 38125.6 mins"
[1] "time 37838.9 ETC 39830.4 mins"
[1] "time 37885.0 ETC 41708.3 mins"
[1] "time 38039.3 ETC 40395.8 mins"
[1] "time 38043.0 ETC 39018.4 mins"
[1] "time 38077.1 ETC 38077.1 mins"
compute sample.chain time: 
 user.self 2275579.042
 sys.self 534.868
 elapsed 2284630.178
 user.child 0
 sys.child 0
[1] "time 38118.6 ETC 39776.0 mins"
[1] "time 38168.5 ETC 41638.4 mins"
[1] "time 38328.5 ETC 38978.2 mins"
[1] "time 38396.6 ETC 39720.6 mins"
[1] "time 38420.1 ETC 40442.2 mins"
[1] "time 38450.6 ETC 41568.3 mins"
[1] "time 38605.0 ETC 38929.4 mins"
[1] "time 38673.0 ETC 39664.6 mins"
[1] "time 38724.5 ETC 41490.5 mins"
[1] "time 38812.1 ETC 40499.6 mins"
[1] "time 38878.2 ETC 38878.2 mins"
compute sample.chain time: 
 user.self 2322620.11
 sys.self 416.74
 elapsed 2332696.014
 user.child 0
 sys.child 0
[1] "time 38946.8 ETC 39606.9 mins"
[1] "time 38995.9 ETC 41411.6 mins"
[1] "time 39193.3 ETC 40544.8 mins"
[1] "time 39216.9 ETC 39546.4 mins"
[1] "time 39273.6 ETC 41340.6 mins"
[1] "time 39486.2 ETC 39486.2 mins"
compute sample.chain time: 
 user.self 2359913.943
 sys.self 283.737
 elapsed 2369172.477
 user.child 0
 sys.child 0
[1] "time 39556.2 ETC 41276.0 mins"
[1] "time 39581.8 ETC 40596.7 mins"
[1] "time 39839.2 ETC 41213.0 mins"
[1] "time 39855.1 ETC 40530.6 mins"
[1] "time 40120.4 ETC 40457.5 mins"
[1] "time 40122.4 ETC 41151.2 mins"
[1] "time 40391.5 ETC 40391.5 mins"
compute sample.chain time: 
 user.self 2413644.219
 sys.self 317.786
 elapsed 2423490.284
 user.child 0
 sys.child 0
[1] "time 40406.6 ETC 41091.5 mins"
[1] "time 40693.8 ETC 41035.8 mins"
[1] "time 40974.6 ETC 40974.6 mins"
compute sample.chain time: 
 user.self 2447461.077
 sys.self 789.254
 elapsed 2458480.128
 user.child 0
 sys.child 0
Reading input catalog file ./SBS/input/Realistic/ground.truth.syn.catalog.csv
calling hdp_extract_components 2022-08-17 18:05:05
hdp_extract_components time: 
 user.self 173242.992
 sys.self 5245.8
 elapsed 179273.806
 user.child 0
 sys.child 0
calling hdpx::comp_categ_distn 2022-08-19 19:53:00
Calling hdpx::comp_dp_distn 2022-08-19 19:53:00
Using existing out.dir SBS/raw_results/NR_hdp_gb_1.results/Realistic/seed.528401
Writing HDP diagnostics
Writing signatures
Writing exposures
Warning messages:
1: In plot.new() :
  Cannot open temporary file '/tmp/RtmpQjkjLf/pdf81a013e5da26' for compression (reason: No such file or directory); compression has been turned off for this device
2: In plot.new() :
  Cannot open temporary file '/tmp/RtmpQjkjLf/pdf81a01388fbef' for compression (reason: No such file or directory); compression has been turned off for this device
3: In plot.new() :
  Cannot open temporary file '/tmp/RtmpQjkjLf/pdf81a01471d87ec' for compression (reason: No such file or directory); compression has been turned off for this device
4: In plot.new() :
  Cannot open temporary file '/tmp/RtmpQjkjLf/pdf81a012fd11184' for compression (reason: No such file or directory); compression has been turned off for this device
5: In plot.new() :
  Cannot open temporary file '/tmp/RtmpQjkjLf/pdf81a01365554e3' for compression (reason: No such file or directory); compression has been turned off for this device
6: In plot.new() :
  Cannot open temporary file '/tmp/RtmpQjkjLf/pdf81a015e68a870' for compression (reason: No such file or directory); compression has been turned off for this device
7: In plot.new() :
  Cannot open temporary file '/tmp/RtmpQjkjLf/pdf81a0124af155d' for compression (reason: No such file or directory); compression has been turned off for this device
8: In plot.new() :
  Cannot open temporary file '/tmp/RtmpQjkjLf/pdf81a0125714b6c' for compression (reason: No such file or directory); compression has been turned off for this device
