2022-06-23 12:11:11 running /apps/spack/opt/spack/linux-centos7-x86_64_v3/gcc-10.2.0/r-4.1.1-stoazpgh6taoehgncsokzcsmoxesfjdu/rlib/R/bin/exec/R --no-echo --no-restore --file=SBS/code/4f_SBS_NR_hdp_gamma_beta_1.R --args SBS/raw_results/4f_SBS_NR_hdp_gamma_beta_1 528401
2022-06-23 12:11:11 running on seed 528401
hdpx version 0.1.5.99
mSigHdp version 0.0.0.9019
Loading required package: ICAMS
Loading required package: hdpx
This is /data/rozen/home/gmssgr/R/x86_64-pc-linux-gnu-library/4.1 and hdpx v0.1.5.0099
Loading required package: mSigHdp
2022-06-23 12:11:19 starting analyses; output in subdir of SBS/raw_results/4f_SBS_NR_hdp_gamma_beta_1
2022-06-23 12:11:19SBS/raw_results/4f_SBS_NR_hdp_gamma_beta_1 already exists
2022-06-23 12:11:19 putting results in SBS/raw_results/4f_SBS_NR_hdp_gamma_beta_1/Realistic/seed.528401
2022-06-23 12:11:19 seed_in_use=528401


===========================================


Begin running mSigHdp on data set Realistic using seed 528401...



===========================================


Runing run.setup.and.posterior on 1528401
Reading input catalog file ./SBS/input/Realistic/ground.truth.syn.catalog.csv
Runing run.setup.and.posterior on 2528401
Reading input catalog file ./SBS/input/Realistic/ground.truth.syn.catalog.csv
Runing run.setup.and.posterior on 3528401
Reading input catalog file ./SBS/input/Realistic/ground.truth.syn.catalog.csv
Runing run.setup.and.posterior on 4528401
Reading input catalog file ./SBS/input/Realistic/ground.truth.syn.catalog.csv
Runing run.setup.and.posterior on 5528401
Reading input catalog file ./SBS/input/Realistic/ground.truth.syn.catalog.csv
Runing run.setup.and.posterior on 6528401
Reading input catalog file ./SBS/input/Realistic/ground.truth.syn.catalog.csv
Runing run.setup.and.posterior on 7528401
Reading input catalog file ./SBS/input/Realistic/ground.truth.syn.catalog.csv
Runing run.setup.and.posterior on 8528401
Reading input catalog file ./SBS/input/Realistic/ground.truth.syn.catalog.csv
Runing run.setup.and.posterior on 9528401
Reading input catalog file ./SBS/input/Realistic/ground.truth.syn.catalog.csv
Runing run.setup.and.posterior on 10528401
Reading input catalog file ./SBS/input/Realistic/ground.truth.syn.catalog.csv
Runing run.setup.and.posterior on 11528401
Reading input catalog file ./SBS/input/Realistic/ground.truth.syn.catalog.csv
Runing run.setup.and.posterior on 12528401
Reading input catalog file ./SBS/input/Realistic/ground.truth.syn.catalog.csv
Runing run.setup.and.posterior on 13528401
Reading input catalog file ./SBS/input/Realistic/ground.truth.syn.catalog.csv
Runing run.setup.and.posterior on 14528401
Reading input catalog file ./SBS/input/Realistic/ground.truth.syn.catalog.csv
Runing run.setup.and.posterior on 15528401
Reading input catalog file ./SBS/input/Realistic/ground.truth.syn.catalog.csv
Runing run.setup.and.posterior on 16528401
Reading input catalog file ./SBS/input/Realistic/ground.truth.syn.catalog.csv
Runing run.setup.and.posterior on 17528401
Reading input catalog file ./SBS/input/Realistic/ground.truth.syn.catalog.csv
Runing run.setup.and.posterior on 18528401
Reading input catalog file ./SBS/input/Realistic/ground.truth.syn.catalog.csv
Runing run.setup.and.posterior on 19528401
Reading input catalog file ./SBS/input/Realistic/ground.truth.syn.catalog.csv
Runing run.setup.and.posterior on 20528401
Reading input catalog file ./SBS/input/Realistic/ground.truth.syn.catalog.csv
Guessed number of signatures (= Dirichlet process data clusters) = 46
Guessed number of signatures (= Dirichlet process data clusters) = 46
0 1 1 1 1 10 1  1 1 1 2 2 12  21  21  21  21  21  21  21  21  22  22  22  22  22  22  22  22  22  22  22  22  22  22  22  22  22  22  22  22  22  22  22  22  22  22  22  22  22  22  22  2 22  22  22  2 22  22  22  22  22  22  22  22  22  22  22  22  22  23  23  23  23  23  23  23  23  23  23  23  23  23  33  33  33  33  33  33  33  33  33  33  33  33  33  33  33  33  33  33  33  33  33  33  33  33  33  33  33  33  33  33  33  33  33  33  33  33  33  33  33  33  33  33  33  33  33  33  33  34  34  34  34  34  34  34  34  34  34  34  34  34  44  44  44  44  44  44  44  44  44  44  44  44  44  44  44  44  44  44  44  44  44  44  44  44  44  44  44  44  44  44  44  44  44  44  44  44Guessed number of signatures (= Dirichlet process data clusters) = 46
  44  44  44  44  44  44  44  44  44  44  44  45  45  45  45  45  45  45  45  45  45  45  45  45  55  55  55  55  55  55  55  55  55  55  55  55  55  55  55  55  55  55  55  55  55  55  55  55  55  55  55  55  55  55  55  55  55  55  55  55  55  55  55  55  55  55  55  55  55  55  55  56  56  56  56  56  56  56  56  56  56  56  56  56  66  66  66  66  66  66  66  66  66  66  66  66  66  66  66  66  66 6 6 6  6 66  66  66  66  66  66  66  66  66  66  66  66  66  66  66  66  66  66  66  66  66  66  66  66  66  66  67  67  67  67  67  67  67  67  67  67  67  67  67  67  67  67  67  77  77  77  77  77  77  77  77  77  77  77  77  77  77  77  77  77  77  77  77  77  77  77  77  77  77  77  77  77  77  77  77  7 7 77  77  77  77  77  77  77  77  77  77  7 87  87  87  87  87  87  87  87  87  87  87  87  87  87  87  87  88  88  88  88  88  88  88  88  88  88  88  88  88  88  88  88  88  88  88  88  88  88  88  88  88  88  88  88  88  88  88  88  88  88  88  88  88  88  88  88  88  88  88  88  98  98  98  98  98  98  98  98  98  98  98  98  98  98  98  98  99  99  99  99  99  99  99  99  99  99  99  99  99  99  99  99  99  99  99  99  99  99  99  99  99  99  99  99  99  99  99  99  99  99  99  99  99  99  99  99  99  99  99  99  910  910  910  910  910  910  910  910  910  910  910  910  910  910  910  910  1010  1010  1010  1010  1010  1010  1010  1010  1010  1010  1010  1010  1010  1010  1010  1010  1010  1010  1010  1010  1010  1010  1010  1010  1010  1010  1010  1010  1010  1010  1010  1010  1010  1010  1010  1010  1010  1010  1010  1010  1010  1010  1010  1010  10
 10 10 10 10 10 10 10 10 10 10 10 10 10 10 10 
Guessed number of signatures (= Dirichlet process data clusters) = 46
calling hdp_init 2022-06-23 12:11:20
calling hdp_init 2022-06-23 12:11:20
Guessed number of signatures (= Dirichlet process data clusters) = 46
0 1 1 1 1 1 1 1 1 1 2 2 2 2 2 2 2 2 2 2 2 2 2 2 2 2 2 2 2 2 2 2 2 2 2 2 2 2 2 2 2 2 2 2 2 2 2 2 2 2 2 2 2 2 2 2 2 2 2 2 2 2 2 2 2 2 2 2 2 2 3 3 3 3 3 3 3 3 3 3 3 3 3 3 3 3 3 3 3 3 3 3 3 3 3 3 3 3 3 3 3 3 3 3 3 3 3 3 3 3 3 3 3 3 3 3 3 3 3 3 3 3 3 3 3 3 3 3 3 3 4 4 4 4 4 4 4 4 4 4 4 4 4 4 4 4 4 4 4 4 4 4 4 4 4 4 4 4 4 4 4 4 4 4 4 4 4 4 4 4 4 4 4 4 4 4 4 4 4 4 4 4 4 4 4 4 4 4 4 4 5 5 5 5 5 5 5 5 5 5 5 5 5 5 5 5 5 5 5 5 5 5 5 5 5 5 5 5 5 5 5 5 5 5 5 5 5 5 5 5 5 5 5 5 5 5 5 5 5 5 5 5 5 5 5 5 5 5 5 5 6 6 6 6 6 6 6 6 6 6 6 6 6 6 6 6 6 6 6 6 6 6 6 6 6 6 6 6 6 6 6 6 6 6 6 6 6 6 6 6 6 6 6 6 6 6 6 6 6 6 6 6 6 6 6 6 6 6 6 6 7 7 7 7 7 7 7 7 7 7 7 7 7 7 7 7 7 7 7 7 7 7 7 7 7 7 7 7 7 7 7 7 7 7 7 7 7 7 7 7 7 7 7 7 7 7 7 7 7 7 7 7 7 7 7 7 7 7 7 7 8 8 8 8 8 8 8 8 8 8 8 8 8 8 8 8 8 8 8 8 8 8 8 8 8 8 8 8 8 8 8 8 8 8 8 8 8 8 8 8 8 8 8 8 8 8 8 8 08 8 8  081   81 1 1  81  811  81  1 81  1 81 Guessed number of signatures (= Dirichlet process data clusters) = 46
 8 1 1 82  2 92 Guessed number of signatures (= Dirichlet process data clusters) = 46
 92  29  2 29 9  92  9Guessed number of signatures (= Dirichlet process data clusters) = 46
 29  29  29  29  29  29  29  29  29  29  29  29  29  29  29  29  29  29  29  29  29  29  29  29  29  29  29  29  29  29  29  29  29  29  29  29  29  29  29  29  29  29  29  29  29  29  29  29  29  29  29  29  39  3 103  103  103  103  103  103  103  103  103  103  103  103  103  103  103  103  103  10 310  310  310  310  310  310  3 103  103  103  103  103  103  103  103  103  103  103  103  103  103  103  103  103  103  Guessed number of signatures (= Dirichlet process data clusters) = 46
103  103  103  103  103  103  103  103  103  103  103  103  103  103  103  103  104  104  4
 4 4 4 4 4 4 4 4 4 4 4 4 4 4 4 4 4 4 4 4 4 4 4 4 4 4 4Guessed number of signatures (= Dirichlet process data clusters) = 46
 4 4 4 4 4 4 4 4 4 4 4 4 4 4 4 4 4 4 4 4 4 4 4 4 4 4 4 4 4 4 5 5 5 5 5 5 5 5 5 5 5 5 5 5 5 5 5 5 5 5 5 5 5 5 5 5 5 5 5 5 5 5 5 5 5 5 5 5 5 5 5 5 5 5 5 5 5 5 5 5 5 5 5 5 5 5 5 5 5 5 6 6 6 6 6 6 6 6 6 6 6 6 6 6 6 6 6 6 6 6 6 6 6 6 6 6 6 6 6 6 6 6 6 6 6 6 6 6 6 6 6 6 6 6 6 6 6 6 6 6 6 6 6 6 6 6 6 6 6 6 7 7 7 7 7 7 7 7 7 7 7 7 7 7 7 7 7 7 7 7 7 7 7 7 7 7 7 7 7 7 7 7 7 7 7 7 7 7 7 7 7 7 7 7 7 7 7 7 7 7 7 7 7 7 7 7 7 7 7 7 8 8 8 8 8 8 8 8 8 8 8 calling hdp_init 2022-06-23 12:11:20
8 8 8 8 8 8 8 8 8 8 8 8 8 8 8 8 8 8 8 8 8 8 8 8 8 8 8 8 8 8 8 8 8 8 8 8 8 8 8 8 8 8 8 8 8 8 8 8 8 9 9 9 9 9 9 9 9 9 9 9 9 9 9 9 9 9 9 9 9 9 9 9 9 9 9 9 9 9 9 9 9 9 9 9 9 9 9 9 9 9 9 9 9 9 9 9 9 9 9 9 9 9 9 9 9 9 9 9 9 10 10 10 10 10 10 10 10 10 10 10 10 10 10 10 10 10 10 10 10 10 10 10 10 10 10 10 10 10 10 10 10 10 10 10 10 10 10 10 10 10 10 10 10 10 10 10 10 10 10 10 10 10 10 10 10 10 10 10 10 
Guessed number of signatures (= Dirichlet process data clusters) = 46
calling hdp_init 2022-06-23 12:11:20
Guessed number of signatures (= Dirichlet process data clusters) = 46
00  11  11  11  11  11  11  11  11  11  22  22  22  22  22  22  22  22  22  22  22  22  22  22  22  22  22  22  22  22  22  22  22  22  22  22  22  22  22  22  22  22  22  22  22  22  2 22  22  22  22  22  22  22  22  22  22  22  Guessed number of signatures (= Dirichlet process data clusters) = 46
22  22  22  22  22  22  22  22  22  22  22  22  2 3 33  33  33  33  33  33  33  33  33  33  33  33  33  33  33  33  33  33  33  33  33  33  33  33  33  33  33  33  33  33  33  33  33  33  33  33  33  33  33  33  33  33  33  33  33  33  33  33  33  33  33  33  33  33  33  33  33  33  33  34  44  44  44  44  44  44  44  44  44  44  44  44  44  44  44  44  44  44  44  44  44  44  44  44  44  44  44  44  44  44  44  44  44  44  44  44  44  44  44  44  44  44  44  44  44  44  44  44  44  44  44  44  44  44  44  44  44  44  44  45  55  55  55  55  55  55  55  55  55  55  55  55  55  55  55  55  55  55  55  55  55  55  55  55  55  55  55  55  55  55  55  55  55  55  55  55  55  55  55  55  55  55  55  55  55  55  55  55  55  55  55  55  55  55  55  55  55  55  55  56  66  66  66  66  66  66  66  66  66  66  66  66  66  66  66  66  66  66  66  66  66  66  66  66  66  66  66  66  66  66  66  66  66  66  66  66  66  66  66  66  66  66  66  66  66  66  66  66Guessed number of signatures (= Dirichlet process data clusters) = 46
  66  66  66  66  66  66  66  66  66  66  66  67  77  77  77  77  77  77  77  77  77  77  77  77  7 77  77  7 7 7 77  77  77  77  77  77  77  77  77  77  77  77  77  77  77  77  77  77  77  77  77  77  77  77  77  77  77  77  77  77  77  77  77  77  77  77  77  77  77  77  77  77  78  78  78  88  88  88  88  88  88  88  88  88  88  88  88  88  88  88  88  88  88  88  88  88  88  88  88  88  88  88  88  88  88  88  88  88  88  88  88  88  88  88  88  88  88  88  88  88  88  88  88  88  88  88  88  88  88  88  88  88  89  89  89  99  99  99  99  99  99  99  99  99  99  99  99  99  99  99  99  99  99  99  99  99  99Guessed number of signatures (= Dirichlet process data clusters) = 46
  99  99  99  99  99  99  99  99  99  99  99  99  99  99  99  99  99  99  99  99  99  99  99  99  99  99  99  99  99  99  99  99  99  99  99  9 10 9 10 9 10 1010  1010  1010  1010  1010  1010  1010  1010  1010  1010  1010  1010  1010  1010  1010  1010  1010  1010  1010  1010  1010  1010  1010  1010  1010  1010  1010  1010  1010  1010  1010  1010  1010  1010  1010  1010  1010  1010  1010  1010  1010  1010  1010  1010  1010  1010  1010  1010  1010  1010  1010  1010  1010  1010  1010  1010  1010  10
 10 10 
 0 000  10  1 1 11  11  1 11  Guessed number of signatures (= Dirichlet process data clusters) = 46
11  1 21  Guessed number of signatures (= Dirichlet process data clusters) = 46
21  2 12  1 21  2 2 22  2 22  2 22  22  2 2 22  2 22 0 22   2 1 221   2 21  212   2calling hdp_init 2022-06-23 12:11:20
12   21 2  12 2  1 12  22 2  2 2 22  22 2  2 calling hdp_init 2022-06-23 12:11:20
2 2 22  2 2 2Guessed number of signatures (= Dirichlet process data clusters) = 46
 22  2 22 2  22 2  2 22  22  20 22   22  21  122  2  21 02 2  1  2211    112   121  121   211   221   221   222   222   222   222   222   222    22 22   1222    1222    1222    122 2   122 2   122 2   122 2   1222  1 2 2 2 2 2 2 2  222   222   222 2 2 2 2 2 2 2 2 2 2 2 3 3   223  22   322  32   322  32   232   223   23  23 2 2 2 3  223   322  32   232   223   23  223  22   232   22 3 2 2 2  322   232   32  232  23   22 3  322   3 3 22 3 2 2  232  23   223  22   232  23   223  22   322  2  322  33   323  3  323  32   332 2   33 2 3 2 3  32 3  323  32   233  23   233  3  323   3 3 23 3 2 2  33 3  333   3 3 33 3 3 3  333  33   333  34   43 3  343   3 343   33 3 4  334 4   334 4 4   334  33   433  3  433  43   433   43 3 4 4 3  34 4 3  34 4 3  343 3   343 3   343 3   343  3 3  433   343  34   433  43   343  34   334  4  334  33   343  3  343   43  343  44   344  4  344   44  344  34   443  3 4  43 3 4  434   44 3 4 4  434  43   34 4 3 4 4  34  443   4 434   4 5 44 5 4 4 4 5  44 4  544  54   45 4 4  445  44   451  45 4   5 451   451   541   541   451   451   541   451   452   452   45 5  54  4 514  45   41 4  514  51   5 5 145  14   451   14 5  5 14 52   542  4  542   254  25   245   524   45 2  245   2 245   45  245   52 4 5  524   52  24 5  52 4 5 5 2  45  254  25   245   524   452  45   426 6   642   624  62   642   265  5 2  62  65 2 5 6  25 5 6  2 6 562  56   256 6   256   625Guessed number of signatures (= Dirichlet process data clusters) = 46
   652   652   265  5  265  26   256 2   562 2   562 2   562   625  62   562   526  52   652   26 5  5 26 5  526  52   56 3 5  365  5 3  6 3 563  56   536   653   36 5  536   36  536   653  65   356   365  36   356   65 3 6 3  56  63 5  563   63  56 3 5  36 5 3  573  3  573   357  35   375   537   37 5  3 6 736  73   763  3  76  63 7  763   637   63 3 7  63  37 6  637Guessed number of signatures (= Dirichlet process data clusters) = 46
   63 7  67  367   736  3 3  73 6  736   36  736   76 3  376   76 3  76  367  36   736   764 4   76 6 4  746   674   64 7  764   64  764   476  47   467   76 4 7  46 7 4 7 6 4  4 76 4  764  76   746   674   467  46   746   674   467   67 4  67  476  47   674   467   74 6 7  846  84   684 4   268 4  6 28 47    2784    847   847   847   847   847   847   847   847   847   84 7  847   847   847   84 7  847   847   847   847   847   847   847   857   857   857   857   85 7  857   857   857   857   857   857   85 7  857   857   857   857   857   857   85 7  857   857   85 7 8 5 7  857   857   857   857   85 7  857   857   857   857   85 7  957   957   95 7  957   95 8  958   95 8  958   958   958   958   958   958   95 8 9 5  895   895   89 5  895   895   89 5  895   895   895   895   895   895   896   896   896   896   896   896   89 6  896   896   896   890 2 9  912 1 01 1   11 1 1  111 1   111   21  11 2 1 1 2 1  121  2 22  2 22  22  22  22  22 2  2 22  22  22  22  2 2 22  2 22  2 22  2 22  2 22  2 22  2 22  22  22  2 22  22  22  2 22  22  22  22  22  2 22  22  22  2 22   242  2 2  242   42  24  22 42  42 4  42  2 4 24 4  24 4  24 2  42 4  42  3 4 34 4  34 3  34  4 34  4 34  4 43  243 4  234   34 2  32 4  32 4  32 5 32  2 32  2 32  2 32  2 32  23  2 32  2 32  2 32  2 23  32  2 32  2 32  23  632   32  263   236   263   263  6 36 3  6 63 6  3 6 3  36  68 3 6  3 6 386   68  386   30  31  3 13  1 1 31  1 13  1 13 2  23 3  2 32   23 92  2 29  2 92  2 92  90 9  9 9 19  19  91  91  91  91  91  91  91  9 29  29  2 102  102  102  102  10 210  102  10 210  210  210  210  210  2 102  102  10 210  102  102  210  10 210  210 10  10 210  210  210  10 10 210 10  210  10 210  2 102  102  102  102  102  102  102  10 210  10 2 102  102  10 210  210  102  102  102  10 210  210  210  102  102  102  
2  2 22  2 22  22  22  2 2 22  32  32  3 23  33  33  3 33  33  33  33  33  33  33  33  33  33  33  33  33  33  33  33  33  33  33  33  33  33  33  calling hdp_init 2022-06-23 12:11:20
33  33  33  33  33  33  33  33  33  33  33  33  33  33  33  33  33  33  33  33  33  33  33  33  33  33  33  33  33  33  34  34  34  34  34  44  44  44  44  44  44  44  44  44  44  44  44  44  44  44  4 4 044   441   44  44  44  44  4 4 44  44  44   4 4 441 4 4   44 2  442   4 424   24 4 2  442   42  2 24  24 4  42  242 4  4 2  242  4  224  2 22  2 22 2  22 2  22 2  22  22  22  22  22  22  2 22  2 22  22  2 22   2 222   222   222   22  2 23  32  23  32  23  32   23  223  3 2  23  22 3 22   3 322  32   322   232   22 3 3 2  22  322 2   32  223  2  232   22 3  232  2 3  2 322  32   2 223  2  223   232   22 3  223  2  232   322   322 3   322   23 2  223  2  22 3  332   32 3  233  2 3 3 3  333   33  3 33 3 3  33 3  33 3 3 3 3  333  3 3 3  3 333  3 3 3  333  3 3 3  333   333   333   3 33 43   433   34 33   343   33 43   433   343   33 4 3 4 3  334  3 3  34  33  4 33 4 3  33 4 3 3  43  343 3   34  433  4 3 3  34 3 4  334   34 3 4 3  33  433   34 3  343  3 4 3  33  433 3   433   334  4 3 3  433   43 3  334  4 3 4 4  344   434  4 3 4 4  43 4  444  4 4 4 4  44 4 4 4 4 4  4 45  54  5 54  45  5 45  5 45  5 4 54  5 54  45  5 54  45  5 54  5 54  45  5 54  45  5 45  54  5 54  45  5 4 45 4  5 45  5 45  5 54  45  5 54  45  5 45  5 45  5 45  54  5 45  5 4 54  5 45  5 45   452   42 6 4 2  642   642   2 42  2 42  4 4 2 46 2 4 2  246   264   24 6  26 4 2  65 5  265  65  5 65  5 65  56  5 65  56  5 65  56  5 56  5 65  56  5 65  56  56  65  5 65  56  5 65  5 65  56  5 65  56  5 65  56  5 65 8 5  75  875   875   78  758  78 8  87  7  87  837   37  873  87   837  3  87  748  74   784   478  8 4  7 487   87  487   748  74   874   49 7 4  749  74   794   47 9 4  97 4 9  49 7 4  794   479  47   947   794   479  47   947   79 4  479   79 4  74  974   497  49   479   94 7 9  749   794  79   479   947   794  79   2479    4729    49  974  97   948   89 4 8  498   849  84   984   498   849  84   894 9   84  49 8  849   49 8  5 8 958  95   89 9  589   95 8  895   95  895   58 9  985   85 9  85  1598   8 9 51 5  5 8 101   58101  5 10  8 110 5   8510 1  8105    11085    8101 5   8102 5 8  8 510 2  8  105 8 2 105 10 10   85 108 10   85104    81054    810 584   5 108 4  5 108 4  58 10  4 85  10 48 5  10 4 85  10 4 85  10 4 85  10 4 85  10 4 8510    54810    54810    54810    54810    54910    54910    954 10   954 10   954 10   954 10   954 10   954 10   954 10   95105   5 910 5  5 910 5  5 910 5  5 910 5  5 910 5  6 910 5  6 910 5  6 910 5  6 910 5  6 910 5  6 910 5  6 910 5  6 910 5  6 910 5  6 910 5  6 910 5  6 910 5  6 
9 5 6 9 5 6 9 5 6 9 5 6 9 5 69   569   569   569   569   569   569   569   569   569   569   569   569   569   569   569   569   569   569   569   569   569   569   569   569   569   calling hdp_init 2022-06-23 12:11:20
569   569   5610   5610   5610   5610   5610   5610   5610   5610   5610   5610   6610   6610   6610   6610   6610   6710   6710   6710   6710   6710   6710   6710   6710   6710   6710   6710   6710   6710   6710   6710   6710   6710   6710   6710   6710   6710   6710   6710   6710   6710   6710   6710   6710   6710   6710   1067   1067   1067   1067   1067   1067   1067   1067   1067   1067   1067   1067   1067   1067   1067   
67  67  67  67  67  67  67  67  67  67  77  77  77  77  77  78  78  78  78  78  78  78  78  78  78  78  78  78  78  78  78  78  calling hdp_init 2022-06-23 12:11:20
78  78  78  78  78  78  78  78  78  78  78  78  78  78  78  78  78  78  78  78  78  78  78  78  78  78  78  78  78  78  78  78  7 87  87  87  87  87  88  88  88  88  88  88  98  98  98  98  98  98  98  98  89  89  89  89  89  89  89  89  89  89  89  89  89  89  89  89  89  89  89  89  89  89  89  89  89  89  89  89  89  89  89  89  89  89  89  89  89  89  89  89  89  89  89  89  89  89  99  99  99  99  99  99  910  910  910  910  910  910  910  910  910  910  910  910  910  910  910  910  910  910  910  910  910  910  910  910  910  910  910  910  910  910  910  910  910  910  910  910  910  910  910  910  910  910  910  910  910  910  910  910  910  910  910  910  910  910  1010  1010  1010  1010  1010  1010  10
 10 10 10 10 10 10 10 10 10 10 10 10 10 10 10 10 10 10 10 10 10 10 10 10 10 10 10 10 10 10 10 10 10 10 10 10 10 10 10 10 10 10 10 10 10 10 10 10 10 10 10 10 10 
 4 4 4 4 4 4 4 4 4 4 5 5 5 5 5 5 5 5 5 5 5 5 5 5 5 5 5 5 5 5 5 5 5 5 5 5 5 5 5 5 5 5 5 5 5 5 5 5 5 5 5 5 5 5 5 5 5 5 5 5 5 5 5 5 5 5 5 5 5 5 6 6 6 6 6 6 6 6 6 6 calling hdp_init 2022-06-23 12:11:20
6 6 6 6 6 6 6 6 6 6 6 6 6 6 6 6 6 6 6 6 6 6 6 6 6 6 6 6 6 6 6 6 6 6 6 6 6 6 6 6 6 6 6 6 6 6 6 6 6 6 7 7 7 7 7 7 7 7 7 7 7 7 7 7 7 7 7 7 7 7 7 7 7 7 7 7 7 7 7 7 7 7 7 7 7 7 7 7 7 7 7 7 7 7 7 calling hdp_init 2022-06-23 12:11:20
7 7 7 7 7 7 7 7 7 7 7 7 7 7 7 8 8 8 8 8 8 8 8 8 8 8 8 8 8 8 8 8 8 8 8 8 8 8 8 8 8 8 8 8 8 8 8 8 8 8 8 8 8 8 8 8 8 8 8 8 8 8 8 8 8 8 8 8 8 8 8 8 8 8 8 9 9 9 9 9 9 9 9 9 9 9 9 9 9 9 9 9 9 9 9 9 9 9 9 9 9 9 9 9 9 9 9 9 9 9 9 9 9 9 9 9 9 9 9 9 9 9 9 9 9 9 9 9 9 9 9 9 9 9 9 10 10 10 10 10 10 10 10 10 10 10 10 10 10 10 10 10 10 10 10 10 10 10 10 10 10 10 10 10 10 10 10 10 10 10 10 10 10 10 10 10 10 10 10 10 10 10 10 10 10 10 10 10 10 10 10 10 10 10 10 
2 4 24  2 42  2 42  2 4 24 2  24  2 42  2 42  2 42  2 42  2 43  3 43  3 43  34  43  3 43  3 35  53  35  3 3 5  43 54   354   354   354   354   354   354   354   354   54  54  54  54  54  54  54  54  54  54  54  54  54  54  54  54  54  54  54  54  54  54  54  54  54  54  54  54  54  54  54  54  54  54  54  54  54  55  55  55  55  55  55  55  55  55  55  65  6calling hdp_init 2022-06-23 12:11:20
5  65  65  65  65  65  65  65  65  65  65  65  65  65  65  65  65  65  65  65  65  65  65  65  65  65  65  65  65  65  65  65  65  65  65  65  65  65  65  65  65  65  65  65  65  65  65  65  65  66  66  66  66  66  66  66  66  66  66  76  76  76  76  76  76  76  76  76  76  76  76  76  76  76  76  76  76  76  76  76  76  76  76  76  76  76  76  76  76  76  76  76  76  76  76  76  76  76  76  76  76  76  76  76  76  76  76  76  76  77  77  77  77  77  77  77  77  77  77  87  87  87  87  87  87  87  87  87  87  87  87  87  87  87  87  87  87  87  87  87  87  87  87  87  87  87  87  87  87  87  87  87  87  87  87  87  87  87  87  87  87  87  87  87  87  87  87  87  87  88  88  88  88  88  88  88  88  88  88  98  98  98  98  98  98  98  98  98  98  98  98  98  98  98  98  98  98  98  98  98  98  98  98  98  98  98  98  98  98  98  98  98  98  98  98  98  98  98  98  98  98  98  98  98  98  98  98  98  98  99  99  99  99  99  99  99  99  99  99  9 10 9 10 9 10 9 10 9 10 9 10 9 10 9 10 9 10 9 10 9 10 9 10 9 10 9 10 9 10 9 10 9 10 9 10 9 10 9 10 9 10 9 10 9 10 9 10 9 10 9 10 9 10 9 10 9 10 9 10 9 10 9 10 9 10 9 10 9 10 9 10 9 10 9 10 9 10 9 10 9 10 9 10 9 10 9 10 9 10 9 10 9 10 9 10 9 10 9 10 1010  1010  1010  1010  1010  1010  1010  1010  1010  1010  10
 10 10 10 10 10 10 10 10 10 10 10 10 10 10 10 10 10 10 10 10 10 10 10 10 10 10 10 10 10 10 10 10 10 10 10 10 10 10 10 10 10 10 10 10 10 10 10 10 10 
calling hdp_init 2022-06-23 12:11:20
calling hdp_init 2022-06-23 12:11:20
6  6 62 2 2 2 2 3 3 3 3 3 3 3 3 3 3 3 3 3  6 6 6 6 6 6 6 6 6 6 6 6 6 6 6 36 6 6 6 6 6 6 6 6 6  6 6 6 6 6 6 6 63 6 6 6 6 6 6 6  6 6 6 6 6 6 6 36  6 63  6 36  6 63  73  37   7 7 375 7 7 7 7 7 7   73 3 3 3 3  53 5 5 5 5 5  753 5 5 5 5 5   75 6 6 6  3 3 3 3 3 267  326   32 6  326   32 6  326   326   32 6  326   326   326   32 6  326   32 6  326   326   32 6  326   326   326   326   326   32 6  326   32 6  326   326   24 6 2  462   462   462   462   462   462   462   462   462   462   462   462   462   462   462   462   462   463   463   463   463   463   463   463   463   463   463   463   463   473   473   473   473   473   473   473   473   473   473   473   473   473   473   473   473   473   473   473   473   473   473   473   473   473   473   473   473   473   473   573   573   573   573   573   573   573   573   573   573   573   573   573   573   573   573   573   573   574   574   574   574   574   574   574   574   574   574   574   574   548   54 8  54 8  54 8  548   54 8  548   54 8  548   548   54 8  548   548   548   548   54 8  548   548   548   548   54 8  548   54 8  548   54 8 5 4  854   854   854   854   864   684   684   684   684   684   684   684   684   684   684   684   684   684   684   684   684   684   685   685   685   685   685   685   685   685   685   685   685   685   685   695   695   695   695   695   695   695   695   695   695   695   695   695   695   695   695   695   695   695   695   695   695   695   695   695   695   695   695   695   795   795   795   795   795   795   795   795   795   795   975   975   97 5  975   975   975   975   975   97 6 9  769   769   769   76 9  769   769   769   769   76 9  769   769   76 10 7  6107   610 7  6107   6107   6107   6107   6107   6107   610 7 6  1076   107 6  1076   107 6  1076   1076   1076   1076   1076   107 6  1076   1076   1076   1076   107 6  1076   1076   1076   1076   108 6  108 6  1086   1086   108 6  1086   1086   1086   1086   1086   108 6  1086   1086   1086   1086   1086   108 6  1086   1087   1087   1087   1087   1087   1087   108 7  108 7  108 7  1087   1087   108 7  1087   8
 7 8 7 8 7 8 7 8 7 8 7 8 7 8 7 8 7 8 7 8 7 8 7 8 7 8 7 8 7 8 7 8 7 8 7 8 7 8 7 8 7 8 7 8 7 8 7 8 7 8 7 8 7 8 7 8 7 9 7 9 7 9 7 9 7 9 7 9 7 9 7 9 7 9 7 9 7 9 7 9 7 9 7 9 7 9 7 9 7 9 7 9 7 9 8 9 8 9 8 9 8 9 8 9 8 9 8 9 8 9 8 9 8 9 8 9 8 9 8 9 8 9 8 9 8 9 8 9 8 9 8 9 8 9 8 9 8 9 8 9 8 9 8 9 8 9 8 9 8 9 8 9 8 9 8 9 8 9 8 9 8 9 8 9 8 9 8 9 8 9 8 9 8 9 8 9 8 108  108  108  108  108  108  108  108  108  108  108  108  108  108  108  108  108  108  109  109  109  109  109  109  109  109  109  109  109  109  109  109  109  109  109  109  109  109  109  109  109  109  109  109  109  109  109  109  109  109  109  109  109  109  109  109  109  109  109  109 9  
9 9 9 9 9 9 9 9 9 9 9 9 9 9 9 9 9 10 10 10 10 10 10 10 10 10 10 10 10 10 10 10 10 10 10 10 10 10 10 10 10 10 10 calling hdp_init 2022-06-23 12:11:20
10 10 10 10 10 10 10 10 10 10 10 10 10 10 10 10 10 10 10 10 10 10 10 10 10 10 10 10 10 10 10 10 10 10 
calling hdp_init 2022-06-23 12:11:20
calling hdp_init 2022-06-23 12:11:20
2 2 2 2 2 2 2 2 2 2 2 2 2 2 2 2 2 2 2 2 2 2 2 2 2 2 2 2 2 2 2 2 2 2 2 2 2 2 2 2 2 2 2 2 2 2 2 2 2 2 2 2 2 2 2 2 2 3 3 3 3 3 3 3 3 3 3 3 3 3 3 3 3 3 3 3 3 3 3 3 3 3 3 3 3 3 3 3 3 3 3 3 3 3 3 3 3 3 3 3 3 3 3 3 3 3 3 3 3 3 3 3 3 3 3 3 3 4 4 4 4 4 4 4 4 4 4 4 4 4 4 4 4 4 4 4 4 4 4 4 4 4 4 4 4 4 4 4 4 4 4 4 4 4 4 4 4 4 4 4 4 4 4 4 4 4 4 4 4 4 4 4 4 4 4 4 4 5 5 5 5 5 5 5 5 5 5 5 5 5 5 5 5 5 5 5 5 5 5 5 5 5 5 5 5 5 5 5 5 5 5 5 5 5 5 5 5 5 5 5 5 5 5 5 5 5 5 5 5 5 5 5 5 5 5 5 5 6 6 6 6 6 6 6 6 6 6 6 6 6 6 6 6 6 6 6 6 6 6 6 6 6 6 6 6 6 6 6 6 6 6 6 6 6 6 6 6 6 6 6 6 6 6 6 6 6 6 6 6 6 6 6 6 6 6 6 6 7 7 7 7 7 7 7 7 7 7 7 7 7 7 7 7 7 7 7 7 7 7 7 7 7 7 7 7 7 7 7 7 7 7 7 7 7 7 7 7 7 7 7 7 7 7 7 7 7 7 7 7 7 7 7 7 7 7 7 7 8 8 8 8 8 8 8 8 8 8 8 8 8 8 8 8 8 8 8 8 8 8 8 8 8 8 8 8 8 8 8 8 8 8 8 8 8 8 8 8 8 8 8 8 8 8 8 8 8 8 8 8 8 8 8 8 8 8 8 8 9 9 9 9 9 9 9 9 9 9 9 9 9 9 9 9 9 9 9 9 9 9 9 9 9 9 9 9 9 9 9 9 9 9 9 9 9 9 9 9 9 9 9 9 9 9 9 9 9 9 9 9 9 9 9 9 9 9 9 9 10 10 10 10 10 10 10 10 10 10 10 10 10 10 10 10 10 10 10 10 10 10 10 10 10 10 10 10 10 10 10 10 10 10 10 10 10 10 10 10 10 10 10 10 10 10 10 10 10 10 10 10 10 10 10 10 310 10 10 10 
 3 3 3 3 3 3 3 3 3 3 3 3 3 3 3 3 3 3 3 3 3 3 3 3 3 3 3 3 3 3 3 3 3 3 3 4 4 4 4 4 4 4 4 4 4 4 4 4 4 4 4 4 4 4 4 4 4 4 4 4 4 4 4 4 4 4 4 4 4 4 4 4 4 4 4 4 4 4 4 4 4 4 4 4 4 4 4 4 4 4 4 4 4 4 4 5 5 5 5 5 5 5 5 5 5 5 5 5 5 5 5 5 5 5 5 5 5 5 5 5 5 5 5 5 5 5 5 5 5 5 5 5 5 5 5 5 5 5 5 5 5 5 5 5 5 5 5 5 5 5 5 5 5 5 5 6 6 6 6 6 6 6 6 6 6 6 6 6 6 6 6 6 6 6 6 6 6 6 6 6 6 6 6 6 6 6 6 6 6 6 6 6 6 6 6 6 6 6 6 6 6 6 6 6 6 6 6 6 6 6 6 6 6 6 6 7 7calling hdp_init 2022-06-23 12:11:20
 7 7 7 7 7 7 7 7 7 7 7 7 7 7 7 7 7 7 7 7 7 7 7 7 7 7 7 7 7 7 7 7 7 7 7 7 7 7 7 7 7 7 7 7 7 7 7 7 7 7 7 7 7 7 7 7 7 7 8 8 8 8 8 8 8 8 8 8 8 8 8 8 8 8 8 8 8 8 8 8 8 8 8 8 8 8 8 8 8 8 8 8 8 8 8 8 8 8 8 8 8 8 8 8 8 8 8 8 8 8 8 8 8 8 8 8 8 8 9 9 9 9 9 9 9 9 9 9 9 9 9 9 9 9 9 9 9 9 9 9 9 9 9 9 9 9 9 9 9 9 9 9 9 9 9 9 9 9 9 9 9 9 9 9 9 9 9 9 9 9 9 9 9 9 9 9 9 9 10 10 10 10 10 10 10 10 10 10 10 10 10 10 10 10 10 10 10 10 10 10 10 10 10 10 10 10 10 10 10 10 10 10 10 10 10 10 10 10 10 10 10 10 10 10 10 10 10 10 10 10 10 10 10 10 10 10 10 10 
calling hdp_init 2022-06-23 12:11:20
 7 7 7 7 7 7 7 7 7 7 7 7 7 7 7 7 7 7 7 7 7 7 7 7 7 7 7 7 7 7 7 7 7 7 7 7 7 7 7 7 7 7 7 7 7 8 8 8 8 8 8 8 8 8 8 8 8 8 8 8 8 8 8 8 8 8 8 8 8 8 8 8 8 8 8 8 8 8 8 8 8 8 8 8 8 8 8 8 8 8 8 8 8 8 8 8 8 8 8 8 8 8 8 8 8 9 9 9 9 9 9 9 9 9 9 9 9 9 9 9 9 9 9 9 9 9 9 9 9 9 9 9 9 9 9 9 9 9 9 9 9 9 9 9 9 9 9 9 9 9 9 9 9 9 9 9 9 9 9 9 9 9 9 9 9 10 10 10 10 10 10 10 10 10 10 10 10 10 10 10 10 10 10 10 10 10 10 10 10 10 10 10 10 10 10 10 10 10 10 10 10 10 10 10 10 10 10 10 10 10 10 10 10 10 10 10 10 10 10 10 10 10 10 10 10 
calling hdp_init 2022-06-23 12:11:20
calling hdp_setdata 2022-06-23 12:11:20
calling hdp_setdata 2022-06-23 12:11:20
calling hdp_setdata 2022-06-23 12:11:20
calling hdp_setdata 2022-06-23 12:11:20
calling hdp_setdata 2022-06-23 12:11:20
calling hdp_setdata 2022-06-23 12:11:20
calling hdp_setdata 2022-06-23 12:11:20
calling hdp_setdata 2022-06-23 12:11:20
calling hdp_setdata 2022-06-23 12:11:20
calling hdp_setdata 2022-06-23 12:11:20
calling hdp_setdata 2022-06-23 12:11:20
calling hdp_setdata 2022-06-23 12:11:20
calling hdp_setdata 2022-06-23 12:11:20
calling hdp_setdata 2022-06-23 12:11:20
calling hdp_setdata 2022-06-23 12:11:20
calling hdp_setdata 2022-06-23 12:11:20
calling hdp_setdata 2022-06-23 12:11:20
calling hdp_setdata 2022-06-23 12:11:20
calling hdp_setdata 2022-06-23 12:11:20
calling hdp_setdata 2022-06-23 12:11:20
calling dp_activate 2022-06-23 12:11:22
calling dp_activate 2022-06-23 12:11:22
calling dp_activate 2022-06-23 12:11:22
calling dp_activate 2022-06-23 12:11:22
calling dp_activate 2022-06-23 12:11:22
calling dp_activate 2022-06-23 12:11:22
calling dp_activate 2022-06-23 12:11:22
calling dp_activate 2022-06-23 12:11:22
calling dp_activate 2022-06-23 12:11:22
calling dp_activate 2022-06-23 12:11:22
calling dp_activate 2022-06-23 12:11:22
calling dp_activate 2022-06-23 12:11:22
calling dp_activate 2022-06-23 12:11:22
calling dp_activate 2022-06-23 12:11:22
calling dp_activate 2022-06-23 12:11:22
calling dp_activate 2022-06-23 12:11:22
calling dp_activate 2022-06-23 12:11:22
calling dp_activate 2022-06-23 12:11:22
calling dp_activate 2022-06-23 12:11:22
calling dp_activate 2022-06-23 12:11:22
calling hdp_posterior, seed = 14528401 2022-06-23 12:11:27
calling hdp_posterior, seed = 5528401 2022-06-23 12:11:27
calling hdp_posterior, seed = 18528401 2022-06-23 12:11:27
calling hdp_posterior, seed = 4528401 2022-06-23 12:11:27
calling hdp_posterior, seed = 16528401 2022-06-23 12:11:28
calling hdp_posterior, seed = 8528401 2022-06-23 12:11:28
calling hdp_posterior, seed = 11528401 2022-06-23 12:11:28
calling hdp_posterior, seed = 6528401 2022-06-23 12:11:28
calling hdp_posterior, seed = 1528401 2022-06-23 12:11:28
calling hdp_posterior, seed = 17528401 2022-06-23 12:11:28
calling hdp_posterior, seed = 2528401 2022-06-23 12:11:28
calling hdp_posterior, seed = 15528401 2022-06-23 12:11:28
calling hdp_posterior, seed = 20528401 2022-06-23 12:11:28
calling hdp_posterior, seed = 9528401 2022-06-23 12:11:28
calling hdp_posterior, seed = 19528401 2022-06-23 12:11:28
calling hdp_posterior, seed = 3528401 2022-06-23 12:11:28
calling hdp_posterior, seed = 12528401 2022-06-23 12:11:28
calling hdp_posterior, seed = 13528401 2022-06-23 12:11:29
calling hdp_posterior, seed = 7528401 2022-06-23 12:11:29
calling hdp_posterior, seed = 10528401 2022-06-23 12:11:30
