2022-06-22 21:44:30 running /apps/spack/opt/spack/linux-centos7-x86_64_v3/gcc-10.2.0/r-4.1.1-stoazpgh6taoehgncsokzcsmoxesfjdu/rlib/R/bin/exec/R --no-echo --no-restore --file=SBS/code/4e_SBS_NR_hdp_gamma_beta_20.R --args SBS/raw_results/4e_SBS_NR_hdp_gamma_beta_20 310111
2022-06-22 21:44:30 running on seed 310111
hdpx version 0.1.5.99
mSigHdp version 0.0.0.9019
Loading required package: ICAMS
Loading required package: hdpx
This is /data/rozen/home/gmssgr/R/x86_64-pc-linux-gnu-library/4.1 and hdpx v0.1.5.0099
Loading required package: mSigHdp
2022-06-22 21:44:37 starting analyses; output in subdir of SBS/raw_results/4e_SBS_NR_hdp_gamma_beta_20
2022-06-22 21:44:37SBS/raw_results/4e_SBS_NR_hdp_gamma_beta_20 already exists
2022-06-22 21:44:37 putting results in SBS/raw_results/4e_SBS_NR_hdp_gamma_beta_20/Realistic/seed.310111
2022-06-22 21:44:37 seed_in_use=310111


===========================================


Begin running mSigHdp on data set Realistic using seed 310111...



===========================================


Runing run.setup.and.posterior on 1310111
Reading input catalog file ./SBS/input/Realistic/ground.truth.syn.catalog.csv
Runing run.setup.and.posterior on 2310111
Reading input catalog file ./SBS/input/Realistic/ground.truth.syn.catalog.csv
Runing run.setup.and.posterior on 3310111
Reading input catalog file ./SBS/input/Realistic/ground.truth.syn.catalog.csv
Runing run.setup.and.posterior on 4310111
Reading input catalog file ./SBS/input/Realistic/ground.truth.syn.catalog.csv
Runing run.setup.and.posterior on 5310111
Reading input catalog file ./SBS/input/Realistic/ground.truth.syn.catalog.csv
Runing run.setup.and.posterior on 6310111
Reading input catalog file ./SBS/input/Realistic/ground.truth.syn.catalog.csv
Runing run.setup.and.posterior on 7310111
Reading input catalog file ./SBS/input/Realistic/ground.truth.syn.catalog.csv
Guessed number of signatures (= Dirichlet process data clusters) = 46
Runing run.setup.and.posterior on 8310111
Reading input catalog file ./SBS/input/Realistic/ground.truth.syn.catalog.csv
0 1 Guessed number of signatures (= Dirichlet process data clusters) = 46
1 1 1 1 1 1 1 1 2 2 2 2 2 2 2 2 2 2 2 2 2 2 2 2 2 2 2 2 2 2 2 2 2 2 2 2 2 2 2 2 2 2 2 2 2 2 2 2 2 2 2 2 2 2 2 2 2 2 2 2 2 2 2 2 2 2 2 2 3 3 3 3 3 3 3 3 3 3 3 3 3 3 3 3 3 3 3 3 3 3 3 3 3 3 3 3 3 3 3 3 3 3 3 3 3 3 3 3 3 3 3 3 3 3 3 3 3 3 3 3 3 3 3 3 3 3 3 3 4 4 4 4 4 4 4 4 4 4 4 4 4 4 4 4 4 4 4 4 4 4 4 4 4 4 4 4 4 4 4 4 4 4 4 4 4 4 4 4 4 4 4 4 4 4 4 4 4 4 4 4 4 4 4 4 4 4 4 4 5 5 5 5 5 5 5 5 5 5 5 5 5 5 5 5 5 5 5 5 5 5 5 5 5 5 5 5 5 5 5 5 5 5 5 5 5 5 5 5 5 5 5 5 5 5 5 5 5 5 5 5 5 5 5 5 5 5 5 5 6 6 6 6 6 6 6 6 6 6 6 6 6 6 6 6 6 6 6 6 6 6 6 6 6 6 6 6 6 6 6 6 6 6 6 6 6 6 6 6 6 6 6 6 6 6 6 6 6 6 6 6 6 6 6 6 6 6 6 6 7 7 7 7 7 7 7 7 7 7 7 7 7 7 7 7 7 7 7 7 7 7 7 7 7 7 7 7 7 7 7 7 7 7 7 7 7 7 7 7 7 7 7 7 7 7 7 7 7 7 7 7 7 7 7 7 7 7 7 7 8 8 8 8 8 8 8 8 8 8 8 8 8 8 8 8 8 8 8 8 8 8 8 8 8 8 8 8 8 8 8 8 8 8 8 8 8 8 8 8 8 8 8 8 8 8 8 8 8 8 8 8 8 8 8 8 8 8 8 8 9 9 9 9 9 9 9 9 9 9 9 9 9 9 9 9 9 9 9 9 9 9 9 9 9 9 9 9 9 9 9 9 9 9 9 9 9 9 9 9 9 9 9 9 9 9 9 9 9 9 9 9 9 9 9 9 9 9 9 9 10 10 10 10 10 10 10 10 10 10 10 10 10 10 10 10 10 10 10 10 10 10 10 10 10 10 10 10 10 10 10 10 10 10 10 10 10 10 10 10 10 10 10 10 10 10 10 10 10 10 10 10 10 10 10 10 10 10 10 10 
calling hdp_init 2022-06-22 21:44:37
Runing run.setup.and.posterior on 9310111
0 1 1 1 1 1 1 1 1 1 2 2 2 2 2 2 2 2 2 2 2 2 2 2 2 2 2 2 2 2 2 2 2 2 2 2 2 2 2 2 2 2 2 2 2 2 2 2 2 2 2 2 2 2 2 2 2 2 2 2 2 2 2 2 2 2 2 2 2 2 3 3 3 3 3 3 3 3 3 3 3 3 3 3 3 3 3 3 3 3 3 3 3 3 3 3 3 3 3 3 3 3 3 Reading input catalog file ./SBS/input/Realistic/ground.truth.syn.catalog.csv
3 3 3 3 3 3 3 3 3 3 3 3 3 3 3 3 3 3 3 3 3 3 3 3 3 3 3 4 4 4 4 4 4 4 4 4 4 4 4 4 4 4 4 4 4 4 4 4 4 4 4 4 4 4 4 4 4 4 4 4 4 4 4 4 4 4 4 4 4 4 4 4 4 4 4 4 4 4 4 4 4 4 4 4 4 4 4 5 5 5 5 5 5 5 5 5 5 5 5 5 5 5 5 5 5 5 5 5 5 5 5 5 5 5 5 5 5 5 5 5 5 5 5 5 5 5 5 5 5 5 5 5 5 5 5 5 5 5 5 5 5 5 5 5 5 5 5 6 6 6 6 6 6 6 6 6 6 6 6 6 6 6 6 6 6 6 6 6 6 6 6 6 6 6 6 6 6 6 6 6 6 6 6 6 6 6 6 6 6 6 6 6 6 6 6 6 6 6 6 6 6 6 6 6 6 6 6 7 7 7 7 7 7 7 7 7 7 7 7 7 7 7 7 7 7 7 7 7 7 7 7 7 7 7 7 7 7 7 7 7 7 7 7 7 7 7 7 7 7 7 7 7 7 7 7 7 7 7 7 7 7 7 7 7 7 7 7 8 8 8 8 8 8 8 8 8 8 8 8 8 8 8 8 8 8 8 8 8 8 8 8 8 8 8 8 8 8 8 8 8 8 8 8 8 8 8 8 8 8 8 8 8 8 8 8 8 8 8 8 8 8 8 8 8 8 8 8 9 9 9 9 9 9 9 9 9 9 9 9 9 9 9 9 9 9 9 9 9 9 9 9 9 9 9 9 9 9 9 9 9 9 9 9 9 9 9 9 9 9 9 9 9 9 9 9 9 9 9 9 9 9 9 9 9 9 9 9 10 10 10 10 10 10 10 10 10 10 10 10 10 10 10 10 10 10 10 10 10 10 10 10 10 10 10 10 10 10 10 10 10 10 10 10 10 10 10 10 10 10 10 10 10 10 10 10 10 10 10 10 10 10 10 10 10 10 10 10 
calling hdp_init 2022-06-22 21:44:37
Runing run.setup.and.posterior on 10310111
Reading input catalog file ./SBS/input/Realistic/ground.truth.syn.catalog.csv
Guessed number of signatures (= Dirichlet process data clusters) = 46
Guessed number of signatures (= Dirichlet process data clusters) = 46
Runing run.setup.and.posterior on 12310111
0 1 1 Guessed number of signatures (= Dirichlet process data clusters) = 46
1 1 1 1 1 1 1 2 2 2 2 2 2 2 2 2 2 2 2 2 2 2 2 2 2 2 2 2 2 2 2 2 2 2 2 2 2 2 2 2 2 2 2 2 2 2 2 2 2 2 2 2 2 2 2 2 2 2 2 2 2 2 2 2 2 2 2 3 3 3 3 3 3 3 3 3 3 3 3 3 3 3 3 3 3 3 3 3 3 3 3 3 3 3 3 3 3 3 3 3 3 3 3 3 3 3 3 3 3 3 3 3 3 3 3 3 3 3 3 3 3 3 3 3 3 3 3 4 4 4 4 4 4 4 4 4 4 4 4 4 4 4 4 4 4 4 4 4 4 4 4 4 4 4 4 4 4 4 4 4 4 4 4 4 4 4 4 4 4 4 4 4 4 4 4 4 4 4 4 4 4 4 4 4 4 4 4 5 5 5 5 5 5 5 5 5 5 5 5 5 5 5 5 5 5 5 5 5 5 5 5 5 5 5 5 5 5 5 5 5 5 5 5 5 5 5 5 5 5 5 5 5 5 5 5 5 5 5 5 5 5 5 5 5 5 5 5 6 6 6 6 6 6 6 6 6 6 6 6 6 6 6 6 6 6 6 6 6 6 6 6 6 6 6 6 6 6 6 6 6 6 6 6 6 6 6 6 6 6 6 6 6 6 6 6 6 6 6 6 6 6 6 6 6 6 6 6 7 7 7 7 7 7 7 7 7 7 7 7 7 7 7 7 7 7 7 7 7 7 7 7 7 7 7 7 7 7 7 7 7 7 7 7 7 7 7 7 7 7 7 7 7 7 7 7 7 7 7 7 7 7 7 7 7 7 7 7 8 8 8 8 8 8 8 8 8 8 8 8 8 8 8 8 8 8 8 8 8 8 8 8 8 8 8 8 8 8 8 8 8 8 8 8 8 8 8 8 8 8 8 8 8 8 8 8 8 8 8 8 8 8 8 8 8 8 8 8 9 9 9 9 9 9 9 9 9 9 9 9 9 9 9 9 9 9 9 9 9 9 9 9 9 9 9 9 9 9 9 9 9 9 9 9 9 9 9 9 9 9 9 9 9 9 9 9 9 9 9 9 9 9 9 9 9 9 9 9 10 10 10 10 10 10 10 10 10 10 10 10 10 10 10 10 10 10 10 10 10 10 10 10 10 10 10 10 10 10 10 10 Reading input catalog file ./SBS/input/Realistic/ground.truth.syn.catalog.csv
10 10 10 10 10 10 10 10 10 10 10 10 10 10 10 10 10 10 10 10 10 10 10 10 10 10 10 10 
calling hdp_init 2022-06-22 21:44:37
Runing run.setup.and.posterior on 13310111
0 Reading input catalog file ./SBS/input/Realistic/ground.truth.syn.catalog.csv
1 1 1 1 1 1 1 1 1 2 2 2 2 2 2 2 2 2 2 2 2 2 2 2 2 2 2 2 2 2 2 2 2 2 2 2 2 2 2 2 2 2 2 2 2 2 2 2 2 2 2 2 2 2 2 2 2 2 2 2 2 2 2 2 2 2 2 2 2 3 3 3 3 3 3 3 3 3 3 3 3 3 3 3 3 3 3 3 3 3 3 3 3 3 3 3 3 3 3 3 3 3 3 3 3 3 3 3 3 3 3 3 3 3 3 3 3 3 3 3 3 3 3 3 3 3 3 3 3 4 4 4 4 4 4 4 4 4 4 4 4 4 4 4 4 4 4 4 4 4 4 4 4 4 4 4 4 4 4 4 4 4 4 4 4 4 4 4 4 4 4 4 4 4 4 4 4 4 4 4 4 4 4 4 4 4 4 4 4 5 5 5 5 5 5 5 5 5 5 5 5 5 5 5 5 5 5 5 5 5 5 5 5 5 5 5 5 5 5 5 5 5 5 5 5 5 5 5 5 5 5 5 5 5 5 5 5 5 5 5 5 5 5 5 5 5 5 5 5 6 6 6 6 6 6 6 6 6 6 6 6 6 6 6 6 6 6 6 6 6 6 6 6 6 6 6 6 6 6 6 6 6 6 6 6 6 6 6 6 6 6 6 6 6 6 6 6 6 6 6 6 6 6 6 6 6 6 6 6 7 7 7 7 7 7 7 7 7 7 7 7 7 7 7 7 7 7 7 7 7 7 7 7 7 7 7 7 7 7 7 7 7 7 7 7 7 7 7 7 7 7 7 7 7 7 7 7 7 7 7 7 7 7 7 7 7 7 7 7 8 8 8 8 8 8 8 8 8 8 8 8 8 8 8 8 8 8 8 8 8 8 8 8 8 8 8 8 8 8 8 8 8 8 8 8 8 8 8 8 8 8 8 8 8 8 8 8 8 8 8 8 8 8 8 8 8 8 8 8 9 9 9 9 9 9 9 9 9 9 9 9 9 9 9 9 9 9 9 9 9 9 9 9 9 9 9 9 9 9 9 9 9 9 9 9 9 9 9 9 9 9 9 9 9 9 9 9 9 9 9 9 9 9 9 9 9 9 9 9 10 10 10 10 10 10 10 10 10 10 10 10 10 10 10 10 10 10 10 10 10 10 10 10 10 10 10 10 10 10 Guessed number of signatures (= Dirichlet process data clusters) = 46
10 10 10 10 10 10 10 10 10 10 10 10 10 10 10 10 10 10 10 10 10 10 10 10 10 10 10 10 10 10 
calling hdp_init 2022-06-22 21:44:37
Runing run.setup.and.posterior on 11310111
0 Reading input catalog file ./SBS/input/Realistic/ground.truth.syn.catalog.csv
1 1 1 10 1 1  1 1 11  12  12  12  12  12  12  12  12  22  22  22  22  22  22  22  22  22  22  22  22  22  22  22  22  22  22  22  22  22  22  22  22  22  22  22  22  22  22  22  22  22  22  22  22  22  22  22  22  22  22  22  22  22  22  22  22  22  22  22  22  23  23  23  23  23  23  23  23  33  33  33  33  33  33  33  33  33  33  33  33  33  33  33  33  33  33  33  33  33  33  33  33  33  33  33  33  33  33  33  33  33  33  33  33  33  33  33  33  33  33  33  33  33  33  33  33  33  33  33  33  34  34  34  34  34  34  34  34  44  44  44  44  44  44  44  44  44  44  44  44  44  44  44  44  44  44  44  44  44  44  44  44  44  44  44  44  44  44  44  44  44  44  44  44  44  44  44  44  44  44  44  44  44  44  44  44  44  44  44  44  54  54  54  54  54  54  54  54  55  55  55  55  55  55  55  55  55  55  5 55  55  55  55  55  55  55  55  55  55  55  55  55  55  55  55  55  55  55  55  55  55  55  55  55  55  55  55  55  55  55  55  55  55  55  55  55  55  55  55  55  56  56  56  56  56  56  56  56  56  66  66  66  66  66  66  66  66  66  66  66  66  66  66  66  66  66  66  66  66  66  66  66  66  66  66  66  66  66  66  66  66  66  66  66  66  66  66  66  66  66  66  66  66  66  66  66  66  66  66  66  67  67  67  67  67  67  67  67  67  77  77  77  77  77  77  77  77  77  77  77  77  77  77  77  77  77  77  77  77  77  77  77  77  77  77  77  77  77  77  77  77  77  77  77  77  77  77  77  77  77  77  77  77  77  77  77  77  77  77  77  78  78  78  78  78  78  78  78  78  88  88  88  88  88  88  88  88  88  88  88  88  88  88  88  88  88  88  88  88  88  88  88  88  88  88  88  88  88  88  88  88  88  88  88  88  88  88  88  88  88  88  88  88  88  88  88  88  88  88  88  89  89  89  89  89  89  89  89  89  99  99  99  99  99  99  99  99  99  99  99  99  99  99  99  99  99  99  99  99  99  99  99  99  99  99  99  99  99  99  99  99  99  99  99  99  99  99  99  99  99  99  99  99  99  99  99  99  99  99  99  910  910  910  910  910  910  910  910  910  1010  1010  1010  1010  1010  1010  1010  1010  1010  1010  1010  1010  1010  1010  1010  1010  1010  1010  1010  1010  1010  1010  1010  1010  1010  1010  1010  1010  1010  1010  1010  1010  1010  1010  1010  1010  1010  1010  1010  1010  1010  1010  1010  1010  1010  1010  1010  1010  1010  1010  1010  10
 10 10 10 10 10 10 10 10 
Guessed number of signatures (= Dirichlet process data clusters) = 46
calling hdp_init 2022-06-22 21:44:37
calling hdp_init 2022-06-22 21:44:37
Guessed number of signatures (= Dirichlet process data clusters) = 46
Runing run.setup.and.posterior on 14310111
Runing run.setup.and.posterior on 16310111
Runing run.setup.and.posterior on 19310111
Reading input catalog file ./SBS/input/Realistic/ground.truth.syn.catalog.csv
Runing run.setup.and.posterior on 15310111
Runing run.setup.and.posterior on 17310111
0 1 1 1 1 1 1 1 1 1 2 2 2 2 2 2 2 2 2 2 2 2 2 2 2 2 2 2 2 2 2 2 2 2 2 2 2 2 2 2 2 2 2 2 2 2 2 2 2 2 2 2 2 2 2 2 2 2 2 2 2 2 2 2 2 2 2 2 2 2 3 3 3 3 3 3 3 3 3 3 3 3 3 3 3 3 3 3 3 3 3 3 3 3 3 3 3 3 3 3 3 3 3 3 3 3 3 3 3 3 3 3 3 3 3 3 3 3 3 3 3 3 3 3 3 3 3 3 3 3 4 4 4 4 4 4 4 4 4 4 4 4 4 4 4 4 4 4 4 4 4 4 4 4 4 4 4 4 4 4 4 4 4 4 4 4 4 4 4 4 4 4 4 4 4 4 4 4 4 4 4 4 4 4 4 4 4 4 4 4 5 5 5 5 5 5 5 5 5 5 5 5 5 5 5 5 5 5 5 5 5 5 5 5 5 5 5 5 5 5 5 5 5 5 5 5 5 5 5 5 5 5 5 5 5 5 5 5 Reading input catalog file ./SBS/input/Realistic/ground.truth.syn.catalog.csv
5 5 5 5 5 5 5 5 5 5 5 5 6 6 6 6 6 6 6 6 6 6 6 6 6 6 6 6 6 6 6 6 6 6 6 6 6 6 6 6 6 6 6 6 6 6 6 6 6 6 6 6 6 6 6 6 6 6 6 6 6 6 6 6 6 6 6 6 6 6 6 6 7 7 7 7 7 7 7 7 7 7 7 7 7 7 7 7 7 7 7 7 7 7 7 7 7 7 7 7 7 7 7 7 7 7 7 7 7 7 7 7 7 7 7 7 7 7 7 7 7 7 7 7 7 7 7 7 7 7 7 7 8 8 8 8 8 8 8 8 8 8 8 8 8 8 8 8 8 8 8 8 8 8 8 8 8 8 8 8 8 8 8 8 8 8 8 8 8 8 8 8 8 8 8 8 8 8 8 8 8 8 8 8 8 8 8 8 8 8 8 8 9 9 9 9 9 9 9 9 9 9 9 9 9 9 9 9 9 9 9 9 9 9 9 9 9 9 9 9 9 9 9 9 9 9 9 9 9 9 9 9 9 9 9 9 9 9 9 9 9 9 9 9 9 9 9 9 9 9 9 9 10 10 Reading input catalog file ./SBS/input/Realistic/ground.truth.syn.catalog.csv
10 10 10 10 10 10 10 10 10 10 10 10 10 10 10 10 10 10 10 10 10 10 10 10 10 10 10 10 10 10 10 10 10 10 10 10 10 10 10 10 10 10 10 Reading input catalog file ./SBS/input/Realistic/ground.truth.syn.catalog.csv
10 10 10 10 10 10 10 10 10 10 10 10 10 10 10 
calling hdp_init 2022-06-22 21:44:37
0Reading input catalog file ./SBS/input/Realistic/ground.truth.syn.catalog.csv
 1 1 1 1 1 1 1 1 1 2 2 2 2 2 2 2 2 2 2 2 2 2 2 2 2 2 2 2 2 2 2 2 2 2 2 2 2 2 2 2 2 2 2 2 2 2 2 2 2 2 2 2 2 2 2 2 2 2 2 2 2 2 2 2 2 2 2 2 2 3 3 3 3 3 3 3 3 3 3 3 3 3 3 3 3 3 3 3 3 3 3 3Runing run.setup.and.posterior on 18310111
 3 3 3 3 3 3 3 3 3 3 3 3 3 3 3 3 3 3 3 3 3 3 3 3 3 3 3 3 3 3 3 3 3 3 3 3 3 4 4 4 4 4 4 4 4 4 4 4 4 4 4 4 4 4 4 4 4 4 4 4 4 4 4 4 4 4 4 4 4 4 4 4 4 4 4 4 4 4 4 4 4 4 4 4 4 4 4 4 4 4 4 4 4Guessed number of signatures (= Dirichlet process data clusters) = 46
 4 4 4 4 5 5 5 5 5 5 5 5 5 5 5 5 5 5 5 5 5 5 5 5 5 5 5 5 5 5 5 5 5 5 5 5 5 5 5 5 5 5 5 5 5 5 5 5 5 5 5 5 5 5 5 5 5 5 5 5 5 5 5 5 6 6 6 6 6 6 6 6 6 6 6 6 6 6 6 6 6 6 6 6 6 6 6 6 6 6 6 6 6 6 6 6 6 6 6 6 6 6 6 6 6 6 6 6 6 6 6 6 6 6 6 6 6 6 6 6 6 6 6 6 7 7 7 7 7 7 7 7 7 7 7 7 7 7 7 7 7 7 7 7 7 7 7 7 7 7 7 7 7 7 7 7 7 7 7 7 7 7 7 7 7 7 7 7 7 7 7 7 7 7 7 7 7 7 7 7 7 7 7 7 8 8 8 8 8 8 8 8 8 8 8 8 8 8 8 8 8 8 8 8 8 8 8 8 8 8 8 8 8 8 8 8 8 8 8 8 8 8 8 8 8 8 8 8 8 8 8 8 8 8 8 8 8 8 8 8 8 8 8 8 9 9 9 9 9 9 9 9 9 9 9 9 9 9 9 9 9 9 9 9 9 9 9 9 9 9 9 9 9 9 9 9 9 9 9 9 9 9 9 9 9 9 9 9 9 9 9 9 9 9 9 9 9 9 9 9 9 9 9 9 10 10 10 10 10 10 10 10 10 10 10 10 10 10 10 10 10 10 10 10 10 10 10 10 10 10 10 10 10 10 10 10 10 10 10 10 10 10 10 10 10 10 10 10 10 10 10 10 10 10 10 10 10 10 10 10 10 10 10 10 
Guessed number of signatures (= Dirichlet process data clusters) = 46
Reading input catalog file ./SBS/input/Realistic/ground.truth.syn.catalog.csv
calling hdp_init 2022-06-22 21:44:37
0 1 1 1 1 1 1 1 1 1 2 2 2 2 2 2 2 2 2 2 2 2 2 2 2 2 2 2 2 2 2 2 2 2 2 2 2 Guessed number of signatures (= Dirichlet process data clusters) = 46
2 2 2 2 2 2 2 2 2 2 2 2 2 2 2 2 2 2 2 2 2 2 2 2 2 2 2 2 2 2 2 2 2 3 3 3 3 3 3 3 3 3 3 3 3 3 3 3 3 3 3 3 3 3 3 3 3 3 3 3 3 3 3 3 3 3 3 3 3 3 3 3 3 3 3 3 3 3 3 3 3 3 3 3 3 3 3 3 3 3 3 3 3 4 4 4 4 4 4 4 4 4 4 4 4 4 4 4 4 4 4 4 4 4 4 4 4 4 4 4 4 4 4 4 4 4 4 4 4 4 4 4 4 4 4 4 4 4 4 4 4 4 4 4 4 4 4 4 4 4 4 4 4 5 5 5 5 5 5 5 5 5 5 5 5 5 5 5 5 5 5 5 5 5 5 5 5 5 5 5 5 5 5 5 5 5 5 5 5 5 5 5 5 5 5 5 5 5 5 5 5 5 5 5 5 5 5 5 5 5 5 5 5 6 6 6 6 6 6 6 6 6 6 6 6 6 6 6 6 6 6 6 6 6 6 6 6 6 6 6 6 6 6 6 6 6 6 6 6 6 6 6 6 6 6 6 6 6 6 6 6 6 6 6 6 6 6 6 6 6 6 6 6 7 7 7 7 7 7 7 7 7 7 7 7 7 7 7 7 7 7 7 7 7 7 7 7 7 7 7 7 7 7 7 7 7 7 7 7 7 7 7 7 7 7 7 7 7 7 7 7 7 7 7 7 7 7 7 7 7 7 7 7 8 8 8 8 8 8 8 8 8 8 8 8 8 8 8 8 8 8 8 8 8 8 8 8 8 8 8 8 8 8 8 8 8 8 8 8 8 8 8 8 8 8 8 8 8 8 8 8 8 8 8 8 8 8 8 8 8 8 8 8 9 9 9 9 9 9 9 9 9 9 9 9 9 9 9 9 9 9 9 9 9 9 9 9 9 9 9 9 9 9 9 9 9 9 9 9 9 9 9 9 9 9 9 9 9 9 9 9 9 9 9 9 9 9 9 9 9 9 9 9 10 10 10 10 10 10 10 10 10 10 10 10 10 10 10 10 10 10 10 10 10 10 10 10 10 10 10 10 10 10 10 10 10 10 10 10 10 10 10 10 10 10 10 10 10 10 10 10 10 10 10 10 10 10 10 10 10 10 10 10 
calling hdp_init 2022-06-22 21:44:37
0Guessed number of signatures (= Dirichlet process data clusters) = 46
 1 1 1 1 1 1 1 1 1 2 2 2 2 2 2 2 2 2 2 2 2 2 2 2 2 2 2 2 2 2 2 2 2 2 2 2 2 2 2 2 2 2 2 2 2 2 2 2 2 2 2 2 2 2 2 2 2 2 2 2 2 2 2 2 2 2 2 2 2 3 3 3 3 3 3 3 3 3 3 3 3 3 3 3 3 3 3 3 3 3 3 3 3 3 3 3 3 3 3 3 3 3 3 3 3 3 3 3 3 3 3 3 3 3 3 3 3 3 3 3 3 3 3 3 3 3 3 3 3 4 4 4 4 4 4 4 4 4 4 4 4 4 4 4 4 4 4 4 4 4 4 4 4 4 4 4 4 4 4 4 4 4 4 4 4 4 4 4 4 4 4 4 4 4 4 4 4 4 4 4 4 4 4 4 4 4 4 4 4 5 5 5 5 5 5 5 5 5 5 5 5 5 5 5 5 5 5 5 5 5 5 5 5 5 5 5 5 5 5 5 5 5 5 5 5 5 5 5 5 5 5 5 5 5 5 5 5 5 5 5 5 5 5 5 5 5 5 5 5 6 6 6 6 6 6 6 6 6 6 6 6 6 6 6 6 6 6 6 6 6 6 6 6 6 6 6 6 6 6 6 6 6 6 6 6 6 6 6 6 6 6 6 6 6 6 6 6 6 6 6 6 6 6 6 6 6 6 6 6 7 7 7 7 7 7 7 7 7 7 7 7 7 7 7 7 7 7 7 7 7 7 7 7 7 7 7 7 7 7 7 7 7 7 7 7 7 7 7 7 7 7 7 7 7 7 7 7 7 7 7 7 7 7 7 7 7 7 7 7 8 8 8 8 8 8 8 8 8 8 8 8 8 8 8 8 8 8 8 8 8 8 8 8 8 8 8 8 8 8 8 8 8 8 8 8 8 8 8 8 8 8 8 8 8 8 8 8 8 8 8 8 8 8 8 8 8 8 8 8 9 9 9 9 9 9 9 9 9 9 9 9 9 9 9 9 9 9 9 9 9 9 9 9 9 9 9 9 9 9 9 9 9 9 9 9 9 9 9 9 9 9 9 9 9 9 9 9 9 9 9 9 9 9 9 9 9 9 9 9 10 10 10 10 10 10 10 10 10 10 10 10 10 10 10 10 10 10 10 10 10 10 10 10 10 10 10 10 10 10 10 10 10 10 10 10 10 10 10 10 10 10 10 10 10 10 10 10 10 10 10 10 10 10 10 10 10 10 10 10 
calling hdp_init 2022-06-22 21:44:37
0 1 1 1 1 1 1 1 1 1 2 2 2 2 2 2 2 2 2 2 2 2 2 2 2 2 2 2 2 2 2 2 2 2 2 2 2 2 2 2 2 2 2 2 2 2 2 2 2 2 2 2 2 2 2 2 2 2 2 2 2 2 2 2 2 2 2 2 2 2 3 3 3 3 3 3 3 3 3 3 3 3 3 3 3 3 3 3 3 3 3 3 3 3 3 3 3 3 3 3 3 3 3 3 3 3 3 3 3 3 3 3 3 3 3 3 3 3 3 3 3 3 3 3 3 3 3 3 3 3 4 4 4 4 4 4 4 4 4 4 4 4 4 4 4 4 4 4 4 4 4 4 4 4 4 4 4 4 4 4 4 4 4 4 4 4 4 4 4 4 4 4 4 4 4 4 4 4 4 4 4 4 4 4 4 4 4 4 4 4 5 5 5 5 5 5 5 5 5 5 5 5 5 5 5 5 5 5 5 5 5 5 5 5 5 5 5 5 5 5 5 5 5 5 5 5 5 5 5 5 5 5 5 5 5 5 5 5 5 5 5 5 5 5 5 5 5 5 5 5 6 6 6 6 6 6 6 6 6 6 6 6 6 6 6 6 6 6 6 6 6 6 6 6 6 6 6 6 6 6 6 6 6 6 6 6 6 6 6 6 6 6 6 6 6 6 6 6 6 6 6 6 6 6 6 6 6 6 6 6 7 7 7 7 7 7 7 7 7 7 7 7 7 7 7 7 7 7 7 7 7 7 7 7 7 7 7 7 7 7 7 7 7 7 7 7 7 7 7 7 7 7 7 7 7 7 7 7 7 7 7 7 7 7 7 7 7 7 7 7 8 8 8 8 8 8 8 8 8 8 8 8 8 8 8 8 8 8 8 8 8 8 8 8 8 8 8 8 8 8 8 8 8 8 8 8 8 8 8 8 8 8 8 8 8 8 8 8 8 8 8 8 8 8 8 8 8 8 8 8 9 9 9 9 9 9 9 9 9 9 9 9 9 9 9 9 9 9 9 9 9 9 9 9 9 9 9 9 9 9 9 9 9 9 9 9 9 9 9 9 9 9 9 9 9 9 9 9 9 9 9 9 9 9 9 9 9 9 9 9 10 10 10 10 10 10 10 10 10 10 10 10 10 10 10 10 10 10 10 10 10 10 10 10 10 10 10 10 10 10 10 10 10 10 10 10 10 10 10 10 10 10 10 10 10 10 10 10 10 10 10 10 10 10 10 10 10 10 10 10 
calling hdp_init 2022-06-22 21:44:37
Runing run.setup.and.posterior on 20310111
0Reading input catalog file ./SBS/input/Realistic/ground.truth.syn.catalog.csv
 1 1 1 1 1 1 1 1 1 2 2 2 2 2 2 2 2 2 2 2 2 2 2 2 2 2 2 2 2 2 2 2 2 2 2 2 2 2 2 2 2 2 2 2 2 2 2 2 2 2 2 2 2 2 2 2 2 2 2 2 2 2 2 2 2 2 2 2 2 3 3 3 3 3 3 3 3 3 3 3 3 3 3 3 3 3 3 3 3 3 3 3 3 3 3 3 3 3 3 3 3 3 3 3 3 3 3 3 3 3 3 3 3 3 3 3 3 3 3 3 3 3 3 3 3 3 3 3 3 4 4 4 4 4 4 4 4 4 4 4 4 4 4 4 4 4 4 4 4 4 4 4 4 4 4 4 4 4 4 4 4 4 4 4 4 4 4 4 4 4 4 4 4 4 4 4 4 4 4 4 4 4 4 4 4 4 4 4 4 5 5 5 5 5 5 5 5 5 5 5 5 5 5 5 5 5 5 5 5 5 5 5 5 5 5 5 5 5 5 5 5 5 5 5 5 5 5 5 5 5 5 5 5 5 5 5 5 5 5 5 5 5 5 5 5 5 5 5 5 6 6 6 6 6 6 6 6 6 6 6 6 6 6 6 6 6 6 6 6 6 6 6 6 6 6 6 6 6 6 6 6 6 6 6 6 6 6 6 6 6 6 6 6 6 6 6 6 6 6 6 6 6 6 6 6 6 6 6 6 7 7 7 7 7 7 7 7 7 7 7 7 7 7 7 7 7 7 7 7 7 7 7 7 7 7 7 7 7 7 7 7 7 7 7 7 7 7 7 7 7 7 7 7 7 7 7 7 7 7 7 7 7 7 7 7 7 7 7 7 8 8 8 8 8 8 8 8 8 8 8 8 8 8 8 8 8 8 8 8 8 8 8 8 8 8 8 8 8 8 8 8 8 8 8 8 8 8 8 8 8 8 8 8 8 8 8 8 8 8 8 8 8 8 8 8 8 8 8 8 9 9 9 9 9 9 9 9 9 9 9 9 9 9 9 9 9 9 9 9 9 9 9 9 9 9 9 9 9 9 9 9 9 9 9 9 9 9 9 9 9 9 9 9 9 9 9 9 9 9 9 9 9 9 9 9 9 9 9 9 10 10 10 10 10 10 10 10 10 10 10 10 10 10 10 10 10 10 10 10 10 10 10 10 10 10 10 10 10 10 10 10 10 10 10 10 10 10 10 10 10 10 10 10 10 10 10 10 10 10 10 10 10 10 10 10 10 10 10 10 
calling hdp_init 2022-06-22 21:44:37
Guessed number of signatures (= Dirichlet process data clusters) = 46
Guessed number of signatures (= Dirichlet process data clusters) = 46
Guessed number of signatures (= Dirichlet process data clusters) = 46
00  11  1 11  11  11  11  11  11  11  12  22  22  22  22  22  22  22  22  22  22  22  22  22  22  22  22  22  22  22  22  22  22  2 22  22  22  22  22  22  22  22  22  22  22  22  22  22  22  22  22  22  22  22  22  22  22  22  22  22  22  22  22  22  22  22  22  22  22  22  22  33  33  33  33  33  33  33  33  33  33  33  33  33  33  33  33  33  33  33  33  33  33  33  33  33  33  33  33  33  33  33  33  33  33  33  33  33  33  33  33  33  33  33  33  33  33  33  33  33  33  33  33  33  33  33  33  33  33  33  33  44  44  44  44  44  44  44  44  44  44  44  44  44  44  44  44  44  44  44  44  44  44  44  44  44  44  44  44  44  44  44  44  44  44  44  44  44  44  44  44  44  44  44  44  44  44  44  44  44  44  44  44  44  44  44  44  44  44  44  44  55  55  55  55  55  55  55  55  55  55  55  55  55  55  55  55  55  55  55  55  55  55  55  55  55  55  55  55  55  55  55  55  55  55  55  55  55  55  55  55  55  55  55  55  55  55  55  55  55  55  55  55  55  55  55  55  55  55  55  55  66  66  66  66  66  66  66  66  66  66  66  66  66  66  66  66  66  66  66  66  66  66  66  66  66  66  66  66  66  66  66  66  66  66  66  66  6Guessed number of signatures (= Dirichlet process data clusters) = 46
6  66  66  66  66  66  66  66  66  66  66  66  66  66  66  66  66  66  66  66  66  66  66  66  77  77  77  77  77  77  77  77  77  77  77  77  77  77  77  77  77  77  77  77  77  77  77  77  77  77  77  77  77  77  77  77  77  77  77  77  77  77  77  77  77  77  77  77  77  77  77  77  77  77  77  77  77  77  77  77  77  77  77  77  88  88  88  88  88  88  88  88  88  88  88  88  88  88  88  88  88  88  88  88  88  88  88  88  88  88  88  88  88  88  88  88  88  88  88  88  88  88  88  88  88  88  88  88  88  88  88  88  88  88  88  88  88  88  88  88  88  88  88  88  99  99  99  99  99  99  99  99  99  99  99  99  99  99  99  99  99  99  99  99  99  99  99  99  99  99  99  99 9  99  99  99  99  99  99  99  99  99  99  99  99  99  99  99  99  99  99  99  99  99  99  99  99  99  99  99  99  99  99  99  910  1010  1010  1010  1010  1010  1010  1010  1010  1010  1010  1010  1010  1010  1010  1010  1010  1010  1010  1010  1010  1010  1010  1010  1010  1010  1010  1010  1010  1010  1010  1010  1010  1010  1010  1010  1010  1010  1010  1010  1010  1010  1010  1010  1010  1010  1010  1010  1010  1010  1010  1010  1010  1010  1010  1010  1010  1010  1010  1010  10
 
calling hdp_init 2022-06-22 21:44:37
calling hdp_init 2022-06-22 21:44:37
Guessed number of signatures (= Dirichlet process data clusters) = 46
0 1 1 1 1 1 1 1 1 1 2 2 2 2 2 2 2 2 2 2 2 2 2 2 2 2 2 2 2 2 2 2 2 2 2 2 2 2 2 2 2 2 2 2 2 2 2 2 2 2 2 2 2 2 2 2 2 2 2 2 2 2 2 2 2 2 2 2 2 2 3 3 3 3 3 3 3 3 3 3 3 3 3 3 3 3 3 3 3 3 3 3 3 3 3 3 3 3 3 3 3 3 3 3 3 3 3 3 3 3 3 3 3 3 3 3 3 3 3 3 3 3 3 3 3 3 3 3 3 3 4 4 4 4 4 4 4 4 4 4 4 4 4 4 4 4 4 4 4 4 4 4 4 4 4 4 4 4 4 4 4 4 4 4 4 4 4 4 4 4 4 4 4 4 4 4 4 4 4 4 4 4 4 4 4 4 4 4 4 4 5 5 5 5 5 5 5 5 5 5 5 5 5 5 5 5 5 5 5 5 5 5 5 5 5 5 5 5 5 5 5 5 5 5 5 5 5 5 5 5 5 5 5 5 5 5 5 5 5 5 5 5 5 5 5 5 5 5 5 5 6 6 6 6 6 6 6 6 6 6 6 6 6 6 6 6 6 6 6 6 6 6 6 6 6 6 6 6 6 6 6 6 6 6 6 6 6 6 6 6 6 6 6 6 6 6 6 6 6 6 6 6 6 6 6 6 6 6 6 6 7 7 7 7 7 7 7 7 7 7 7 7 7 7 7 7 7 7 7 7 7 7 7 7 7 7 7 7 7 7 7 7 7 7 7 7 7 7 7 7 7 7 7 7 7 7 7 7 7 7 7 7 7 7 7 7 7 7 7 7 8 8 8 8 8 8 8 8 8 8 8 8 8 8 8 8 8 8 8 8 8 8 8 8 8 8 8 8 8 8 8 8 8 8 8 8 8 8 8 8 8 8 8 8 8 8 8 8 8 8 8 8 8 8 8 8 8 8 8 8 9 9 9 9 9 9 9 9 9 9 9 9 9 9 9 9 9 9 9 9 9 9 9 9 9 9 9 9 9 9 9 9 9 9 9 9 9 9 9 9 9 9 9 9 9 9 9 9 9 9 9 9 9 9 9 9 9 9 9 9 10 10 10 10 10 10 10 10 10 10 10 10 10 10 10 10 10 10 10 10 10 10 10 10 10 10 10 10 10 10 10 10 10 10 10 10 10 10 10 10 10 10 10 10 10 10 10 10 10 10 10 10 10 10 10 10 10 10 10 10 
calling hdp_init 2022-06-22 21:44:37
00  1 1 1 11  1 11  11  11  11  12  12  12  12  22  22  22  22  22  22  22  22  22  22  22  22  22  22  22  22  22  22  22  22  22  22  22  22  22  22  22  22  22  22  22  22  22  22  22  22  22  22  22  22  22  22  22  22  22  22  22  22  22  22  22  22  22  22  22  22  32  32  32  32  33  33  33  33  33  33  33  33  33  33  33  33  33  33  33  33  33  33  33  33  33  33  33  33  33  33  33  33  33  33  33  33  33  33  33  33  33  33  33  33  33  33  33  33  33  33  33  33  33  33  33  33  33  33  33  33  43  43  43  43  44  44  44  44  44  44  44  44  44  44  44  44  44  44  44  44  44  44  44  44  44  44  44  44  44  44  44  44  44  44  44  44  44  44  44  44  44  44  44  44  44  44  44  44  44  44  44  44  44  44  44  44  44  44  44  44  54  54  54  54  55  55  55  55  55  55  55  55  55  55  55  55  55  55  55  55  55  55  55  55  55  55  55  55  55  55  55  55  55  55  55  55  55  55  55  55  55  55  55  55  55  55  55  55  55  55  55  55  55  55  55  55  55  55  55  55  65  65  65  65  66  66  66  66  66  66  66  66  66  66  66  66  66  66  66  66  66  66  66  66  66  66  66  66  66  66  66  66  66  66  66  66  66  66  66  66  66  66  66  66  66  6 6 6 66  66  66  66  66  66  66  66  66  66  66  66  66  67  67  67  67  67  77  77  77  77  77  77  77  77  77  77  77  77  77  77  77  77  77  77  77  77  77  77  77  77  77  77  77  77  77  77  77  77  77  77  77  77  77  77  77  77  77  77  77  77  77  77  77  77  77  77  77  77  77  77  77  78  78  78  78  78  88  88  88  88  88  88  88  88  88  88  88  88  88  88  88  88  88  88  88  88  88  88  88  88  88  88  88  88  88  88  88  88  88  88  88  88  88  88  88  88  88  88  88  88  88  88  88  88  88  88  88  88  88  88  88  89  89  89  89  89  99  99  99  99  99  99  99  99  99  99  99  99  99  99  99  99  99  99  99  99  99  99  99  99  99  99  99  99  99  99  99  99  99  99  99  99  99  99  99  99  99  99  99  99  99  99  99  99  99  99  99  99  99  99  99  9 10 9 109  109  109  10 1010  1010  1010  1010  1010  1010  1010  1010  1010  1010  1010  1010  1010  1010  1010  1010  1010  1010  1010  1010  1010  1010  1010  1010  1010  1010  1010  1010  1010  1010  1010  1010  1010  1010  1010  1010  1010  1010  1010  1010  1010  1010  1010  1010  1010  1010  1010  1010  1010  1010  1010  1010  1010  1010  1010  10
 10 10 10 10 
calling hdp_init 2022-06-22 21:44:37
calling hdp_init 2022-06-22 21:44:37
Guessed number of signatures (= Dirichlet process data clusters) = 46
Guessed number of signatures (= Dirichlet process data clusters) = 46
0 1 1 1 1 1 1 1 1 1 2 2 2 2 2 2 2 2 2 2 2 2 2 2 2 2 2 2 2 2 2 2 2 2 2 2 2 2 2 2 2 2 2 2 2 2 2 2 2 2 2 2 2 2 2 2 2 2 2 2 2 2 2 2 2 2 2 2 2 2 3 3 3 3 3 3 3 3 3 3 3 3 3 3 3 3 3 3 3 3 3 3 3 3 3 3 3 3 3 3 3 3 3 3 3 3 3 3 3 3 3 3 3 3 3 3 3 3 3 3 3 3 3 3 3 3 3 3 3 3 4 4 4 4 4 4 4 4 4 4 4 4 4 4 4 4 4 4 4 4 4 4 4 4 4 4 4 4 4 4 4 4 4 4 4 4 4 4 4 4 4 4 4 4 4 4 4 4 4 4 4 4 4 4 4 4 4 4 4 4 5 5 5 5 5 5 5 5 5 5 5 5 5 5 5 5 5 5 5 5 5 5 5 5 5 5 5 5 5 5 5 5 5 5 5 5 5 5 5 5 5 5 5 5 5 5 5 5 5 5 5 5 5 5 5 5 5 5 5 5 6 6 6 6 6 6 6 6 6 6 6 6 6 6 6 6 6 6 6 6 6 6 6 6 6 6 6 6 6 6 6 6 6 6 6 6 6 6 6 6 6 6 6 6 6 6 6 6 6 6 6 6 6 6 6 6 6 6 6 6 7 7 7 7 7 7 7 7 7 7 7 7 7 7 7 7 7 7 7 7 7 7 7 7 7 7 7 7 7 7 7 7 7 7 7 7 7 7 7 7 7 7 7 7 7 7 7 7 7 7 7 7 7 7 7 7 7 7 7 7 8 8 8 8 8 8 8 8 8 8 8 8 8 8 8 8 8 8 8 8 8 8 8 8 8 8 8 8 8 8 8 8 8 8 8 8 8 8 8 8 8 8 8 8 8 8 8 8 8 8 8 8 8 8 8 8 8 8 8 8 9 9 9 9 9 9 9 9 9 9 9 9 9 9 9 9 9 9 9 9 9 9 9 9 9 9 9 9 9 9 9 9 9 9 9 9 9 9 9 9 9 9 9 9 9 9 9 9 9 9 9 9 9 9 9 9 9 9 9 9 10 10 10 10 10 10 10 10 10 10 10 10 10 10 10 10 10 10 10 10 10 10 10 10 10 10 10 10 10 10 10 10 10 10 10 10 10 10 10 10 10 10 10 10 10 10 10 10 10 10 10 10 10 10 10 10 10 10 10 10 
calling hdp_init 2022-06-22 21:44:37
0 1 1 1 1 1 1 1 1 1 2 2 2 2 2 2 2 2 2 2 2 2 2 2 2 2 2 2 2 2 2 2 2 2 2 2 2 2 2 2 2 2 2 2 2 2 2 2 2 2 2 2 2 2 2 2 2 2 2 2 2 2 2 2 2 2 2 2 2 2 3 3 3 3 3 3 3 3 3 3 3 3 3 3 3 3 3 3 3 3 3 3 3 3 3 3 3 3 3 3 3 3 3 3 3 3 3 3 3 3 3 3 3 3 3 3 3 3 3 3 3 3 3 3 3 3 3 3 3 3 4 4 4 4 4 4 4 4 4 4 4 4 4 4 4 4 4 4 4 4 4 4 4 4 4 4 4 4 4 4 4 4 4 4 4 4 4 4 4 4 4 4 4 4 4 4 4 4 4 4 4 4 4 4 4 4 4 4 4 4 5 5 5 5 5 5 5 5 5 5 5 5 5 5 5 5 5 5 5 5 5 5 5 5 5 5 5 5 5 5 5 5 5 5 5 5 5 5 5 5 5 5 5 5 5 5 5 5 5 5 5 5 5 5 5 5 5 5 5 5 6 6 6 6 6 6 6 6 6 6 6 6 6 6 6 6 6 6 6 6 6 6 6 6 6 6 6 6 6 6 6 6 6 6 6 6 6 6 6 6 6 6 6 6 6 6 6 6 6 6 6 6 6 6 6 6 6 6 6 6 7 7 7 7 7 7 7 7 7 7 7 7 7 7 7 7 7 7 7 7 7 7 7 7 7 7 7 7 7 7 7 7 7 7 7 7 7 7 7 7 7 7 7 7 7 7 7 7 7 7 7 7 7 7 7 7 7 7 7 7 8 8 8 8 8 8 8 8 8 8 8 8 8 8 8 8 8 8 8 8 8 8 8 8 8 8 8 8 8 8 8 8 8 8 8 8 8 8 8 8 8 8 8 8 8 8 8 8 8 8 8 8 8 8 8 8 8 8 8 8 9 9 9 9 9 9 9 9 9 9 9 9 9 9 9 9 9 9 9 9 9 9 9 9 9 9 9 9 9 9 9 9 9 9 9 9 9 9 9 9 9 9 9 9 9 9 9 9 9 9 9 9 9 9 9 9 9 9 9 9 10 10 10 10 10 10 10 10 10 10 10 10 10 10 10 10 10 10 10 10 10 10 10 10 10 10 10 10 10 10 10 10 10 10 10 10 10 10 10 10 10 10 10 10 10 10 10 10 10 10 10 10 10 10 10 10 10 10 10 10 
calling hdp_init 2022-06-22 21:44:37
Guessed number of signatures (= Dirichlet process data clusters) = 46
0 1 1 1 1 1 1 1 1 1 2 2 2 2 2 2 2 2 2 2 2 2 2 2 2 2 2 2 2 2 2 2 2 2 2 2 2 2 2 2 2 2 2 2 2 2 2 2 2 2 2 2 2 2 2 2 2 2 2 2 2 2 2 2 2 2 2 2 2 2 3 3 3 3 3 3 3 3 3 3 3 3 3 3 3 3 3 3 3 3 3 3 3 3 3 3 3 3 3 3 3 3 3 3 3 3 3 3 3 3 3 3 3 3 3 3 3 3 3 3 3 3 3 3 3 3 3 3 3 3 4 4 4 4 4 4 4 4 4 4 4 4 4 4 4 4 4 4 4 4 4 4 4 4 4 4 4 4 4 4 4 4 4 4 4 4 4 4 4 4 4 4 4 4 4 4 4 4 4 4 4 4 4 4 4 4 4 4 4 4 5 5 5 5 5 5 5 5 5 5 5 5 5 5 5 5 5 5 5 5 5 5 5 5 5 5 5 5 5 5 5 5 5 5 5 5 5 5 5 5 5 5 5 5 5 5 5 5 5 5 5 5 5 5 5 5 5 5 5 5 6 6 6 6 6 6 6 6 6 6 6 6 6 6 6 6 6 6 6 6 6 6 6 6 6 6 6 6 6 6 6 6 6 6 6 6 6 6 6 6 6 6 6 6 6 6 6 6 6 6 6 6 6 6 6 6 6 6 6 6 7 7 7 7 7 7 7 7 7 7 7 7 7 7 7 7 7 7 7 7 7 7 7 7 7 7 7 7 7 7 7 7 7 7 7 7 7 7 7 7 7 7 7 7 7 7 7 7 7 7 7 7 7 7 7 7 7 7 7 7 8 8 8 8 8 8 8 8 8 8 8 8 8 8 8 8 8 8 8 8 8 8 8 8 8 8 8 8 8 8 8 8 8 8 8 8 8 8 8 8 8 8 8 8 8 8 8 8 8 8 8 8 8 8 8 8 8 8 8 8 9 9 9 9 9 9 9 9 9 9 9 9 9 9 9 9 9 9 9 9 9 9 9 9 9 9 9 9 9 9 9 9 9 9 9 9 9 9 9 9 9 9 9 9 9 9 9 9 9 9 9 9 9 9 9 9 9 9 9 9 10 10 10 10 10 10 10 10 10 10 10 10 10 10 10 10 10 10 10 10 10 10 10 10 10 10 10 10 10 10 10 10 10 10 10 10 10 10 10 10 10 10 10 10 10 10 10 10 10 10 10 10 10 10 10 10 10 10 10 10 
calling hdp_init 2022-06-22 21:44:37
calling hdp_setdata 2022-06-22 21:44:37
calling hdp_setdata 2022-06-22 21:44:37
calling hdp_setdata 2022-06-22 21:44:37
calling hdp_setdata 2022-06-22 21:44:37
calling hdp_setdata 2022-06-22 21:44:37
calling hdp_setdata 2022-06-22 21:44:37
calling hdp_setdata 2022-06-22 21:44:38
calling hdp_setdata 2022-06-22 21:44:38
calling hdp_setdata 2022-06-22 21:44:38
calling hdp_setdata 2022-06-22 21:44:38
calling hdp_setdata 2022-06-22 21:44:38
calling hdp_setdata 2022-06-22 21:44:38
calling hdp_setdata 2022-06-22 21:44:38
calling hdp_setdata 2022-06-22 21:44:38
calling hdp_setdata 2022-06-22 21:44:38
calling hdp_setdata 2022-06-22 21:44:38
calling hdp_setdata 2022-06-22 21:44:38
calling hdp_setdata 2022-06-22 21:44:38
calling hdp_setdata 2022-06-22 21:44:38
calling hdp_setdata 2022-06-22 21:44:38
calling dp_activate 2022-06-22 21:44:39
calling dp_activate 2022-06-22 21:44:39
calling dp_activate 2022-06-22 21:44:39
calling dp_activate 2022-06-22 21:44:39
calling dp_activate 2022-06-22 21:44:39
calling dp_activate 2022-06-22 21:44:39
calling dp_activate 2022-06-22 21:44:39
calling dp_activate 2022-06-22 21:44:39
calling dp_activate 2022-06-22 21:44:39
calling dp_activate 2022-06-22 21:44:39
calling dp_activate 2022-06-22 21:44:39
calling dp_activate 2022-06-22 21:44:39
calling dp_activate 2022-06-22 21:44:39
calling dp_activate 2022-06-22 21:44:39
calling dp_activate 2022-06-22 21:44:39
calling dp_activate 2022-06-22 21:44:39
calling dp_activate 2022-06-22 21:44:40
calling dp_activate 2022-06-22 21:44:40
calling dp_activate 2022-06-22 21:44:40
calling dp_activate 2022-06-22 21:44:40
calling hdp_posterior, seed = 8310111 2022-06-22 21:44:44
calling hdp_posterior, seed = 14310111 2022-06-22 21:44:44
calling hdp_posterior, seed = 19310111 2022-06-22 21:44:44
calling hdp_posterior, seed = 16310111 2022-06-22 21:44:44
calling hdp_posterior, seed = 11310111 2022-06-22 21:44:44
calling hdp_posterior, seed = 9310111 2022-06-22 21:44:44
calling hdp_posterior, seed = 2310111 2022-06-22 21:44:44
calling hdp_posterior, seed = 10310111 2022-06-22 21:44:44
calling hdp_posterior, seed = 7310111 2022-06-22 21:44:44
calling hdp_posterior, seed = 6310111 2022-06-22 21:44:44
calling hdp_posterior, seed = 18310111 2022-06-22 21:44:44
calling hdp_posterior, seed = 13310111 2022-06-22 21:44:44
calling hdp_posterior, seed = 17310111 2022-06-22 21:44:44
calling hdp_posterior, seed = 4310111 2022-06-22 21:44:44
calling hdp_posterior, seed = 12310111 2022-06-22 21:44:44
calling hdp_posterior, seed = 15310111 2022-06-22 21:44:44
calling hdp_posterior, seed = 1310111 2022-06-22 21:44:50
calling hdp_posterior, seed = 5310111 2022-06-22 21:44:50
calling hdp_posterior, seed = 3310111 2022-06-22 21:44:50
calling hdp_posterior, seed = 20310111 2022-06-22 21:44:50
[1] "100000 burn-in iterations in 7869.6 mins"
[1] "time 7976.0 ETC 9476.4 mins"
[1] "time 8082.2 ETC 9508.4 mins"
[1] "100000 burn-in iterations in 8145.0 mins"
[1] "time 8188.6 ETC 9540.1 mins"
[1] "time 8259.2 ETC 9813.0 mins"
[1] "time 8296.1 ETC 9572.4 mins"
[1] "time 8375.1 ETC 9853.1 mins"
[1] "time 8404.4 ETC 9605.0 mins"
[1] "100000 burn-in iterations in 8412.7 mins"
[1] "time 8490.6 ETC 9892.0 mins"
[1] "time 8513.8 ETC 9638.3 mins"
[1] "time 8531.7 ETC 10136.7 mins"
[1] "100000 burn-in iterations in 8584.0 mins"
[1] "time 8605.8 ETC 9929.8 mins"
[1] "time 8625.2 ETC 9673.1 mins"
[1] "100000 burn-in iterations in 8625.4 mins"
[1] "time 8651.9 ETC 10178.8 mins"
[1] "time 8703.9 ETC 10341.3 mins"
[1] "time 8722.0 ETC 9968.0 mins"
[1] "time 8737.9 ETC 9708.8 mins"
[1] "time 8746.5 ETC 10391.9 mins"
[1] "time 8773.7 ETC 10221.8 mins"
[1] "100000 burn-in iterations in 8775.4 mins"
[1] "100000 burn-in iterations in 8803.1 mins"
[1] "time 8825.0 ETC 10382.4 mins"
[1] "100000 burn-in iterations in 8836.5 mins"
[1] "time 8837.7 ETC 10004.9 mins"
[1] "time 8849.1 ETC 9742.1 mins"
[1] "100000 burn-in iterations in 8853.3 mins"
[1] "time 8868.0 ETC 10432.9 mins"
[1] "time 8896.4 ETC 10265.1 mins"
[1] "time 8903.4 ETC 10578.3 mins"
[1] "100000 burn-in iterations in 8914.3 mins"
[1] "time 8926.1 ETC 10605.3 mins"
[1] "time 8946.2 ETC 10422.8 mins"
[1] "time 8954.4 ETC 10042.3 mins"
[1] "time 8960.5 ETC 9775.1 mins"
[1] "time 8963.6 ETC 10649.8 mins"
[1] "time 8973.3 ETC 10661.4 mins"
[1] "time 8990.8 ETC 10474.7 mins"
[1] "time 9021.0 ETC 10309.7 mins"
[1] "100000 burn-in iterations in 9029.7 mins"
[1] "time 9031.9 ETC 10625.8 mins"
[1] "time 9041.6 ETC 10742.5 mins"
[1] "time 9049.8 ETC 10646.9 mins"
[1] "time 9067.5 ETC 10462.5 mins"
[1] "time 9071.6 ETC 10079.5 mins"
[1] "time 9072.4 ETC 9808.0 mins"
[1] "time 9091.9 ETC 10696.3 mins"
[1] "time 9094.4 ETC 10699.2 mins"
[1] "time 9113.6 ETC 10515.7 mins"
[1] "time 9147.6 ETC 10355.8 mins"
[1] "time 9150.1 ETC 10871.5 mins"
[1] "time 9161.1 ETC 10673.1 mins"
[1] "time 9169.2 ETC 10787.3 mins"
[1] "time 9174.3 ETC 10688.6 mins"
[1] "time 9183.8 ETC 9839.8 mins"
[1] "time 9188.8 ETC 10501.5 mins"
[1] "time 9190.1 ETC 10117.5 mins"
[1] "100000 burn-in iterations in 9213.8 mins"
[1] "time 9215.2 ETC 10736.2 mins"
[1] "time 9220.4 ETC 10742.2 mins"
[1] "time 9236.5 ETC 10556.0 mins"
[1] "100000 burn-in iterations in 9251.8 mins"
[1] "time 9270.1 ETC 10906.0 mins"
[1] "time 9274.0 ETC 10400.8 mins"
[1] "time 9290.4 ETC 10719.7 mins"
[1] "time 9295.5 ETC 9871.3 mins"
[1] "100000 burn-in iterations in 9296.8 mins"
[1] "time 9297.2 ETC 10831.7 mins"
[1] "time 9299.1 ETC 10729.7 mins"
[1] "time 9310.3 ETC 10156.7 mins"
[1] "time 9311.1 ETC 10540.8 mins"
[1] "time 9337.2 ETC 10773.7 mins"
[1] "time 9347.8 ETC 11106.3 mins"
[1] "time 9349.2 ETC 10787.5 mins"
[1] "time 9360.3 ETC 10596.6 mins"
[1] "time 9378.9 ETC 11143.2 mins"
[1] "time 9391.9 ETC 10942.0 mins"
[1] "time 9401.7 ETC 10446.3 mins"
[1] "time 9409.0 ETC 9904.2 mins"
[1] "time 9420.8 ETC 10766.6 mins"
[1] "time 9424.1 ETC 10770.4 mins"
[1] "time 9425.6 ETC 10875.7 mins"
[1] "time 9430.9 ETC 10195.6 mins"
[1] "time 9433.5 ETC 11208.1 mins"
[1] "time 9433.8 ETC 10579.9 mins"
[1] "time 9460.2 ETC 10811.6 mins"
[1] "100000 burn-in iterations in 9474.5 mins"
[1] "time 9478.3 ETC 10832.3 mins"
[1] "time 9481.9 ETC 11155.2 mins"
[1] "time 9485.1 ETC 10637.5 mins"
[1] "time 9505.7 ETC 11183.2 mins"
[1] "100000 burn-in iterations in 9513.8 mins"
[1] "time 9514.8 ETC 10978.6 mins"
[1] "time 9524.7 ETC 9938.8 mins"
[1] "time 9530.0 ETC 10491.8 mins"
[1] "time 9548.8 ETC 10810.0 mins"
[1] "time 9551.4 ETC 10812.9 mins"
[1] "time 9551.7 ETC 10233.9 mins"
[1] "time 9554.8 ETC 10919.8 mins"
[1] "time 9558.2 ETC 10620.3 mins"
[1] "time 9571.0 ETC 11260.0 mins"
[1] "time 9582.8 ETC 10848.5 mins"
[1] "100000 burn-in iterations in 9607.0 mins"
[1] "100000 burn-in iterations in 9607.4 mins"
[1] "time 9607.8 ETC 11415.2 mins"
[1] "time 9608.3 ETC 10877.3 mins"
[1] "time 9609.9 ETC 10677.7 mins"
[1] "time 9618.0 ETC 11205.5 mins"
[1] "time 9633.0 ETC 11222.9 mins"
[1] "time 9638.9 ETC 11015.9 mins"
[1] "time 9640.4 ETC 9972.8 mins"
[1] "time 9644.7 ETC 11459.1 mins"
[1] "time 9657.7 ETC 10535.7 mins"
[1] "time 9673.8 ETC 10849.1 mins"
[1] "time 9675.1 ETC 10274.5 mins"
[1] "time 9682.1 ETC 10858.5 mins"
[1] "time 9682.7 ETC 10659.9 mins"
[1] "time 9683.5 ETC 10962.4 mins"
[1] "time 9706.0 ETC 10885.2 mins"
[1] "time 9709.4 ETC 11312.0 mins"
[1] "time 9735.3 ETC 10717.7 mins"
[1] "time 9738.4 ETC 10921.6 mins"
[1] "time 9740.0 ETC 11572.3 mins"
[1] "time 9741.8 ETC 11460.9 mins"
[1] "time 9742.0 ETC 11574.7 mins"
[1] "100000 burn-in iterations in 9744.1 mins"
[1] "time 9754.1 ETC 11254.7 mins"
[1] "time 9757.0 ETC 10007.2 mins"
[1] "time 9760.2 ETC 11261.7 mins"
[1] "time 9763.4 ETC 11052.9 mins"
[1] "time 9775.0 ETC 11500.0 mins"
[1] "time 9784.9 ETC 10578.3 mins"
[1] "time 9799.7 ETC 10315.5 mins"
[1] "time 9800.4 ETC 10889.3 mins"
[1] "time 9807.1 ETC 10698.6 mins"
[1] "time 9812.3 ETC 11004.5 mins"
[1] "time 9815.3 ETC 10905.9 mins"
[1] "time 9829.9 ETC 10922.2 mins"
[1] "time 9848.4 ETC 11363.6 mins"
[1] "time 9860.6 ETC 10757.0 mins"
[1] "time 9869.6 ETC 10966.2 mins"
[1] "time 9873.2 ETC 11615.5 mins"
[1] "time 9873.6 ETC 10040.9 mins"
[1] "time 9876.2 ETC 11619.0 mins"
[1] "time 9876.7 ETC 11506.9 mins"
[1] "time 9886.6 ETC 11746.4 mins"
[1] "time 9887.4 ETC 11299.9 mins"
[1] "time 9888.0 ETC 11089.4 mins"
[1] "time 9890.9 ETC 11303.9 mins"
[1] "time 9905.5 ETC 11540.4 mins"
[1] "time 9912.7 ETC 10620.7 mins"
[1] "time 9924.6 ETC 10356.1 mins"
[1] "time 9927.7 ETC 10929.5 mins"
[1] "time 9932.0 ETC 10737.3 mins"
[1] "time 9941.7 ETC 11046.3 mins"
[1] "time 9948.9 ETC 10953.0 mins"
[1] "time 9954.5 ETC 10959.1 mins"
[1] "time 9986.1 ETC 11412.7 mins"
[1] "time 9986.4 ETC 10796.1 mins"
[1] "time 9990.7 ETC 10074.6 mins"
[1] "time 10000.2 ETC 11009.4 mins"
[1] "100000 burn-in iterations in 10002.5 mins"
[1] "time 10007.2 ETC 11658.9 mins"
[1] "time 10009.5 ETC 11661.6 mins"
[1] "time 10013.2 ETC 11553.7 mins"
[1] "time 10013.7 ETC 11126.3 mins"
[1] "time 10016.0 ETC 11338.8 mins"
[1] "time 10027.1 ETC 11351.4 mins"
[1] "time 10030.1 ETC 11800.1 mins"
[1] "time 10037.2 ETC 11581.4 mins"
[1] "time 10040.3 ETC 10662.3 mins"
[1] "time 10050.0 ETC 10396.5 mins"
[1] "time 10054.0 ETC 10968.0 mins"
[1] "time 10057.0 ETC 10775.4 mins"
[1] "time 10071.2 ETC 11087.6 mins"
[1] "time 10079.8 ETC 10996.1 mins"
[1] "time 10084.0 ETC 11000.7 mins"
[1] "time 10108.7 ETC 10108.7 mins"
compute sample.chain time: 
 user.self 606474.23
 sys.self 69.032
 elapsed 606524.776
 user.child 0
 sys.child 0
[1] "time 10113.6 ETC 10836.0 mins"
[1] "time 10124.5 ETC 11461.7 mins"
[1] "time 10131.6 ETC 11052.6 mins"
[1] "time 10139.7 ETC 11163.0 mins"
[1] "time 10141.6 ETC 12049.4 mins"
[1] "time 10142.2 ETC 11702.6 mins"
[1] "time 10144.1 ETC 11704.8 mins"
[1] "time 10144.3 ETC 11376.8 mins"
[1] "time 10149.6 ETC 11599.6 mins"
[1] "time 10163.2 ETC 11398.0 mins"
[1] "time 10168.8 ETC 11621.5 mins"
[1] "time 10169.1 ETC 10704.3 mins"
[1] "time 10174.1 ETC 11853.3 mins"
[1] "time 10174.4 ETC 10435.3 mins"
[1] "time 10180.5 ETC 11005.9 mins"
[1] "time 10181.4 ETC 10812.1 mins"
[1] "time 10200.3 ETC 11127.6 mins"
[1] "time 10205.8 ETC 11033.3 mins"
[1] "time 10220.3 ETC 11049.0 mins"
[1] "time 10241.8 ETC 10876.2 mins"
[1] "time 10264.1 ETC 11511.2 mins"
[1] "time 10264.4 ETC 11096.7 mins"
[1] "time 10268.3 ETC 11201.8 mins"
[1] "time 10272.9 ETC 11414.3 mins"
[1] "time 10277.4 ETC 11745.6 mins"
[1] "time 10279.8 ETC 12093.8 mins"
[1] "time 10280.0 ETC 11748.6 mins"
[1] "time 10287.2 ETC 11645.9 mins"
[1] "time 10299.1 ETC 10746.9 mins"
[1] "time 10299.4 ETC 11443.8 mins"
[1] "time 10300.1 ETC 10474.7 mins"
[1] "time 10300.8 ETC 11661.3 mins"
[1] "time 10306.3 ETC 10848.7 mins"
[1] "time 10309.4 ETC 11045.8 mins"
[1] "time 10317.9 ETC 11905.3 mins"
[1] "time 10331.4 ETC 11169.1 mins"
[1] "time 10332.7 ETC 11070.7 mins"
[1] "time 10357.5 ETC 11097.3 mins"
[1] "time 10370.4 ETC 10916.2 mins"
[1] "time 10396.9 ETC 11239.9 mins"
[1] "time 10397.8 ETC 11140.5 mins"
[1] "time 10402.1 ETC 11451.8 mins"
[1] "time 10403.7 ETC 11559.7 mins"
[1] "time 10414.0 ETC 11789.5 mins"
[1] "time 10415.6 ETC 11791.2 mins"
[1] "time 10418.1 ETC 12137.6 mins"
[1] "time 10425.5 ETC 11692.2 mins"
[1] "time 10426.2 ETC 10513.8 mins"
[1] "time 10429.7 ETC 10789.3 mins"
[1] "time 10430.9 ETC 10884.4 mins"
[1] "time 10433.3 ETC 11700.9 mins"
[1] "time 10436.2 ETC 11489.4 mins"
[1] "time 10438.4 ETC 11085.1 mins"
[1] "time 10459.0 ETC 11106.9 mins"
[1] "time 10461.9 ETC 11956.4 mins"
[1] "time 10463.0 ETC 11210.4 mins"
[1] "time 10495.0 ETC 11145.1 mins"
[1] "time 10498.4 ETC 10954.8 mins"
[1] "time 10526.2 ETC 11278.1 mins"
[1] "time 10531.4 ETC 11488.8 mins"
[1] "time 10532.9 ETC 11185.4 mins"
[1] "time 10544.8 ETC 11609.0 mins"
[1] "time 10552.4 ETC 11834.4 mins"
[1] "time 10552.8 ETC 10552.8 mins"
compute sample.chain time: 
 user.self 633113.487
 sys.self 74.315
 elapsed 633168.574
 user.child 0
 sys.child 0
[1] "time 10553.9 ETC 11836.1 mins"
[1] "time 10555.6 ETC 10919.6 mins"
[1] "time 10556.4 ETC 12180.4 mins"
[1] "time 10561.2 ETC 10832.0 mins"
[1] "time 10565.2 ETC 11739.1 mins"
[1] "time 10566.3 ETC 11740.3 mins"
[1] "time 10567.0 ETC 11123.2 mins"
[1] "time 10573.6 ETC 11534.9 mins"
[1] "time 10584.3 ETC 11141.4 mins"
[1] "time 10597.1 ETC 11253.5 mins"
[1] "time 10606.0 ETC 12006.8 mins"
[1] "time 10626.4 ETC 10992.8 mins"
[1] "time 10633.3 ETC 11192.9 mins"
[1] "time 10655.8 ETC 11315.9 mins"
[1] "time 10660.8 ETC 11525.2 mins"
[1] "time 10669.4 ETC 11230.9 mins"
[1] "time 10681.3 ETC 10955.1 mins"
[1] "time 10686.3 ETC 11657.8 mins"
[1] "time 10691.5 ETC 11879.5 mins"
[1] "time 10691.9 ETC 11879.9 mins"
[1] "time 10694.0 ETC 12221.7 mins"
[1] "time 10694.4 ETC 10875.6 mins"
[1] "time 10695.7 ETC 11160.7 mins"
[1] "time 10699.3 ETC 11779.0 mins"
[1] "time 10705.2 ETC 11785.5 mins"
[1] "time 10710.7 ETC 11176.3 mins"
[1] "time 10711.0 ETC 11579.5 mins"
[1] "time 10730.3 ETC 11295.0 mins"
[1] "time 10750.1 ETC 12056.2 mins"
[1] "time 10754.1 ETC 11029.8 mins"
[1] "time 10772.0 ETC 11240.3 mins"
[1] "time 10785.4 ETC 11353.0 mins"
[1] "time 10789.9 ETC 11560.6 mins"
[1] "time 10805.2 ETC 11275.0 mins"
[1] "time 10808.0 ETC 10991.2 mins"
[1] "time 10825.2 ETC 11198.5 mins"
[1] "time 10827.2 ETC 11705.1 mins"
[1] "time 10828.2 ETC 10919.2 mins"
[1] "time 10829.6 ETC 11922.5 mins"
[1] "time 10831.7 ETC 12262.3 mins"
[1] "time 10831.8 ETC 11816.5 mins"
[1] "time 10833.5 ETC 11926.8 mins"
[1] "time 10838.1 ETC 11211.8 mins"
[1] "time 10846.3 ETC 11832.4 mins"
[1] "time 10849.1 ETC 11624.1 mins"
[1] "time 10865.0 ETC 11337.4 mins"
[1] "time 10883.2 ETC 11067.7 mins"
[1] "time 10894.5 ETC 12105.0 mins"
[1] "time 10910.0 ETC 11286.2 mins"
[1] "time 10915.0 ETC 11389.6 mins"
[1] "time 10919.2 ETC 11595.7 mins"
[1] "time 10934.2 ETC 11026.1 mins"
[1] "time 10940.5 ETC 11317.8 mins"
[1] "time 10955.0 ETC 11235.9 mins"
[1] "time 10963.2 ETC 10963.2 mins"
compute sample.chain time: 
 user.self 657737.815
 sys.self 70.806
 elapsed 657790.614
 user.child 0
 sys.child 0
[1] "time 10964.0 ETC 11853.0 mins"
[1] "time 10966.6 ETC 11247.8 mins"
[1] "time 10967.8 ETC 11964.9 mins"
[1] "time 10969.0 ETC 11752.5 mins"
[1] "time 10969.6 ETC 12302.4 mins"
[1] "time 10977.3 ETC 11975.2 mins"
[1] "time 10987.1 ETC 11878.0 mins"
[1] "time 10988.4 ETC 11669.1 mins"
[1] "time 11000.1 ETC 11379.4 mins"
[1] "time 11013.1 ETC 11105.7 mins"
[1] "time 11038.5 ETC 12152.5 mins"
[1] "time 11045.2 ETC 11426.0 mins"
[1] "time 11048.1 ETC 11331.4 mins"
[1] "time 11050.1 ETC 11631.7 mins"
[1] "time 11062.3 ETC 11062.3 mins"
compute sample.chain time: 
 user.self 663583.799
 sys.self 71.536
 elapsed 663741.076
 user.child 0
 sys.child 0
[1] "time 11075.8 ETC 11359.8 mins"
[1] "time 11085.8 ETC 11273.7 mins"
[1] "time 11094.8 ETC 11282.8 mins"
[1] "time 11097.3 ETC 11889.9 mins"
[1] "time 11106.7 ETC 12007.3 mins"
[1] "time 11107.0 ETC 12341.1 mins"
[1] "time 11110.8 ETC 11799.1 mins"
[1] "time 11120.2 ETC 12021.8 mins"
[1] "time 11128.1 ETC 11713.8 mins"
[1] "time 11128.8 ETC 11923.7 mins"
[1] "time 11134.3 ETC 11419.8 mins"
[1] "time 11143.4 ETC 11143.4 mins"
compute sample.chain time: 
 user.self 668552.416
 sys.self 72.118
 elapsed 668605.602
 user.child 0
 sys.child 0
[1] "time 11176.0 ETC 11462.6 mins"
[1] "time 11180.3 ETC 11666.4 mins"
[1] "time 11182.6 ETC 12199.2 mins"
[1] "time 11185.9 ETC 11375.5 mins"
[1] "time 11211.4 ETC 11401.4 mins"
[1] "time 11216.7 ETC 11311.0 mins"
[1] "time 11223.1 ETC 11317.4 mins"
[1] "time 11229.8 ETC 11925.4 mins"
[1] "time 11245.3 ETC 12380.2 mins"
[1] "time 11247.3 ETC 12050.7 mins"
[1] "time 11252.7 ETC 11844.9 mins"
[1] "time 11262.8 ETC 12067.2 mins"
[1] "time 11267.9 ETC 11757.8 mins"
[1] "time 11268.3 ETC 11459.3 mins"
[1] "time 11271.0 ETC 11969.2 mins"
[1] "time 11306.4 ETC 11498.0 mins"
[1] "time 11310.3 ETC 11700.3 mins"
[1] "time 11323.7 ETC 11418.8 mins"
[1] "time 11327.7 ETC 12246.1 mins"
[1] "time 11347.7 ETC 11443.1 mins"
[1] "time 11348.9 ETC 11348.9 mins"
compute sample.chain time: 
 user.self 680885.343
 sys.self 73.056
 elapsed 680937.037
 user.child 0
 sys.child 0
[1] "time 11352.5 ETC 11352.5 mins"
compute sample.chain time: 
 user.self 681077.92
 sys.self 69.259
 elapsed 681150.066
 user.child 0
 sys.child 0
[1] "time 11363.6 ETC 11961.7 mins"
[1] "time 11384.7 ETC 12419.7 mins"
[1] "time 11388.6 ETC 12094.1 mins"
[1] "time 11395.9 ETC 11891.4 mins"
[1] "time 11402.6 ETC 11498.4 mins"
[1] "time 11405.5 ETC 12112.0 mins"
[1] "time 11407.8 ETC 11801.2 mins"
[1] "time 11413.6 ETC 12014.3 mins"
[1] "time 11437.4 ETC 11533.5 mins"
[1] "time 11440.8 ETC 11734.2 mins"
[1] "time 11462.5 ETC 11462.5 mins"
compute sample.chain time: 
 user.self 687691.315
 sys.self 77.116
 elapsed 687750.455
 user.child 0
 sys.child 0
[1] "time 11473.0 ETC 12292.5 mins"
[1] "time 11483.2 ETC 11483.2 mins"
compute sample.chain time: 
 user.self 688932.475
 sys.self 78.231
 elapsed 688993.127
 user.child 0
 sys.child 0
[1] "time 11497.7 ETC 11997.6 mins"
[1] "time 11523.4 ETC 12457.7 mins"
[1] "time 11531.5 ETC 12138.4 mins"
[1] "time 11536.3 ETC 11536.3 mins"
compute sample.chain time: 
 user.self 692128.303
 sys.self 72.057
 elapsed 692178.888
 user.child 0
 sys.child 0
[1] "time 11540.0 ETC 11938.0 mins"
[1] "time 11547.4 ETC 11843.5 mins"
[1] "time 11549.9 ETC 12157.8 mins"
[1] "time 11557.2 ETC 12059.6 mins"
[1] "time 11569.1 ETC 11569.1 mins"
compute sample.chain time: 
 user.self 694099.54
 sys.self 71.347
 elapsed 694150.003
 user.child 0
 sys.child 0
[1] "time 11571.0 ETC 11767.1 mins"
[1] "time 11618.3 ETC 12338.0 mins"
[1] "time 11632.6 ETC 12033.7 mins"
[1] "time 11663.2 ETC 12496.3 mins"
[1] "time 11673.9 ETC 12181.5 mins"
[1] "time 11684.4 ETC 11984.0 mins"
[1] "time 11688.2 ETC 11886.3 mins"
[1] "time 11695.2 ETC 12203.7 mins"
[1] "time 11701.0 ETC 11799.3 mins"
[1] "time 11701.4 ETC 12104.9 mins"
[1] "time 11764.8 ETC 12384.0 mins"
[1] "time 11767.9 ETC 12069.6 mins"
[1] "time 11802.2 ETC 12533.3 mins"
[1] "time 11817.2 ETC 12224.7 mins"
[1] "time 11828.8 ETC 11928.2 mins"
[1] "time 11829.4 ETC 12029.9 mins"
[1] "time 11832.7 ETC 11832.7 mins"
compute sample.chain time: 
 user.self 709803.945
 sys.self 72.67
 elapsed 709962.64
 user.child 0
 sys.child 0
[1] "time 11841.2 ETC 12249.5 mins"
[1] "time 11846.5 ETC 12150.2 mins"
[1] "time 11903.4 ETC 12105.2 mins"
[1] "time 11910.5 ETC 12428.4 mins"
[1] "time 11941.4 ETC 12569.9 mins"
[1] "time 11960.2 ETC 12266.9 mins"
[1] "time 11970.2 ETC 11970.2 mins"
compute sample.chain time: 
 user.self 718155.659
 sys.self 74.184
 elapsed 718210.886
 user.child 0
 sys.child 0
[1] "time 11973.7 ETC 12074.3 mins"
[1] "time 11989.4 ETC 12296.8 mins"
[1] "time 11990.4 ETC 12193.7 mins"
[1] "time 12039.4 ETC 12140.6 mins"
[1] "time 12056.7 ETC 12472.4 mins"
[1] "time 12081.1 ETC 12606.4 mins"
[1] "time 12103.4 ETC 12308.6 mins"
[1] "time 12119.0 ETC 12119.0 mins"
compute sample.chain time: 
 user.self 727089.354
 sys.self 74.754
 elapsed 727142.271
 user.child 0
 sys.child 0
[1] "time 12135.0 ETC 12236.9 mins"
[1] "time 12138.4 ETC 12344.1 mins"
[1] "time 12176.0 ETC 12176.0 mins"
compute sample.chain time: 
 user.self 730500.053
 sys.self 78.35
 elapsed 730561
 user.child 0
 sys.child 0
[1] "time 12201.8 ETC 12514.7 mins"
[1] "time 12221.8 ETC 12643.3 mins"
[1] "time 12246.9 ETC 12349.9 mins"
[1] "time 12281.7 ETC 12281.7 mins"
compute sample.chain time: 
 user.self 736828.19
 sys.self 75.455
 elapsed 736905.136
 user.child 0
 sys.child 0
[1] "time 12287.5 ETC 12390.8 mins"
[1] "time 12347.0 ETC 12556.2 mins"
[1] "time 12362.5 ETC 12679.5 mins"
[1] "time 12390.3 ETC 12390.3 mins"
compute sample.chain time: 
 user.self 743359.951
 sys.self 79.646
 elapsed 743416.744
 user.child 0
 sys.child 0
[1] "time 12436.3 ETC 12436.3 mins"
compute sample.chain time: 
 user.self 746125.771
 sys.self 75.948
 elapsed 746178.532
 user.child 0
 sys.child 0
[1] "time 12491.9 ETC 12596.9 mins"
[1] "time 12503.4 ETC 12715.3 mins"
[1] "time 12637.1 ETC 12637.1 mins"
compute sample.chain time: 
 user.self 758163.106
 sys.self 86.171
 elapsed 758227.535
 user.child 0
 sys.child 0
[1] "time 12645.0 ETC 12751.3 mins"
[1] "time 12785.9 ETC 12785.9 mins"
compute sample.chain time: 
 user.self 767091.263
 sys.self 81.069
 elapsed 767152.352
 user.child 0
 sys.child 0
Reading input catalog file ./SBS/input/Realistic/ground.truth.syn.catalog.csv
calling hdp_extract_components 2022-07-01 18:50:45
hdp_extract_components time: 
 user.self 26430.023
 sys.self 694.267
 elapsed 27123.519
 user.child 0
 sys.child 0
calling hdpx::comp_categ_distn 2022-07-02 02:22:49
Calling hdpx::comp_dp_distn 2022-07-02 02:22:49
Using existing out.dir SBS/raw_results/4e_SBS_NR_hdp_gamma_beta_20/Realistic/seed.310111
Writing HDP diagnostics
Writing signatures
Writing exposures
