Loading required package: ICAMS
Loading required package: hdpx
Loading required package: mSigHdp


===========================================


Begin running mSigHdp on data set 10k using seed 200437...



===========================================


190 samples in SP.Syn.Breast-AdenoCA
60 samples in SP.Syn.ColoRect-AdenoCA
94 samples in SP.Syn.Eso-AdenoCA
142 samples in SP.Syn.Kidney-RCC
319 samples in SP.Syn.Liver-HCC
35 samples in SP.Syn.Lung-AdenoCA
113 samples in SP.Syn.Ovary-AdenoCA
105 samples in SP.Syn.Skin-Melanoma
61 samples in SP.Syn.Stomach-AdenoCA
190 samples in SP.Syn.Breast-AdenoCA
60 samples in SP.Syn.ColoRect-AdenoCA
94 samples in SP.Syn.Eso-AdenoCA
142 samples in SP.Syn.Kidney-RCC
319 samples in SP.Syn.Liver-HCC
35 samples in SP.Syn.Lung-AdenoCA
113 samples in SP.Syn.Ovary-AdenoCA
105 samples in SP.Syn.Skin-Melanoma
61 samples in SP.Syn.Stomach-AdenoCA
190 samples in SP.Syn.Breast-AdenoCA
60 samples in SP.Syn.ColoRect-AdenoCA
94 samples in SP.Syn.Eso-AdenoCA
142 samples in SP.Syn.Kidney-RCC
319 samples in SP.Syn.Liver-HCC
35 samples in SP.Syn.Lung-AdenoCA
113 samples in SP.Syn.Ovary-AdenoCA
105 samples in SP.Syn.Skin-Melanoma
61 samples in SP.Syn.Stomach-AdenoCA
190 samples in SP.Syn.Breast-AdenoCA
60 samples in SP.Syn.ColoRect-AdenoCA
94 samples in SP.Syn.Eso-AdenoCA
142 samples in SP.Syn.Kidney-RCC
319 samples in SP.Syn.Liver-HCC
35 samples in SP.Syn.Lung-AdenoCA
113 samples in SP.Syn.Ovary-AdenoCA
105 samples in SP.Syn.Skin-Melanoma
61 samples in SP.Syn.Stomach-AdenoCA
190 samples in SP.Syn.Breast-AdenoCA
60 samples in SP.Syn.ColoRect-AdenoCA
94 samples in SP.Syn.Eso-AdenoCA
142 samples in SP.Syn.Kidney-RCC
319 samples in SP.Syn.Liver-HCC
35 samples in SP.Syn.Lung-AdenoCA
113 samples in SP.Syn.Ovary-AdenoCA
105 samples in SP.Syn.Skin-Melanoma
61 samples in SP.Syn.Stomach-AdenoCA
190 samples in SP.Syn.Breast-AdenoCA
60 samples in SP.Syn.ColoRect-AdenoCA
94 samples in SP.Syn.Eso-AdenoCA
142 samples in SP.Syn.Kidney-RCC
319 samples in SP.Syn.Liver-HCC
35 samples in SP.Syn.Lung-AdenoCA
113 samples in SP.Syn.Ovary-AdenoCA
105 samples in SP.Syn.Skin-Melanoma
61 samples in SP.Syn.Stomach-AdenoCA
190 samples in SP.Syn.Breast-AdenoCA
60 samples in SP.Syn.ColoRect-AdenoCA
94 samples in SP.Syn.Eso-AdenoCA
142 samples in SP.Syn.Kidney-RCC
319 samples in SP.Syn.Liver-HCC
35 samples in SP.Syn.Lung-AdenoCA
113 samples in SP.Syn.Ovary-AdenoCA
105 samples in SP.Syn.Skin-Melanoma
61 samples in SP.Syn.Stomach-AdenoCA
190 samples in SP.Syn.Breast-AdenoCA
60 samples in SP.Syn.ColoRect-AdenoCA
94 samples in SP.Syn.Eso-AdenoCA
142 samples in SP.Syn.Kidney-RCC
319 samples in SP.Syn.Liver-HCC
35 samples in SP.Syn.Lung-AdenoCA
113 samples in SP.Syn.Ovary-AdenoCA
105 samples in SP.Syn.Skin-Melanoma
61 samples in SP.Syn.Stomach-AdenoCA
190 samples in SP.Syn.Breast-AdenoCA
60 samples in SP.Syn.ColoRect-AdenoCA
94 samples in SP.Syn.Eso-AdenoCA
142 samples in SP.Syn.Kidney-RCC
319 samples in SP.Syn.Liver-HCC
35 samples in SP.Syn.Lung-AdenoCA
113 samples in SP.Syn.Ovary-AdenoCA
105 samples in SP.Syn.Skin-Melanoma
61 samples in SP.Syn.Stomach-AdenoCA
190 samples in SP.Syn.Breast-AdenoCA
60 samples in SP.Syn.ColoRect-AdenoCA
94 samples in SP.Syn.Eso-AdenoCA
142 samples in SP.Syn.Kidney-RCC
319 samples in SP.Syn.Liver-HCC
35 samples in SP.Syn.Lung-AdenoCA
113 samples in SP.Syn.Ovary-AdenoCA
105 samples in SP.Syn.Skin-Melanoma
61 samples in SP.Syn.Stomach-AdenoCA
190 samples in SP.Syn.Breast-AdenoCA
60 samples in SP.Syn.ColoRect-AdenoCA
94 samples in SP.Syn.Eso-AdenoCA
142 samples in SP.Syn.Kidney-RCC
319 samples in SP.Syn.Liver-HCC
35 samples in SP.Syn.Lung-AdenoCA
113 samples in SP.Syn.Ovary-AdenoCA
105 samples in SP.Syn.Skin-Melanoma
61 samples in SP.Syn.Stomach-AdenoCA
190 samples in SP.Syn.Breast-AdenoCA
60 samples in SP.Syn.ColoRect-AdenoCA
94 samples in SP.Syn.Eso-AdenoCA
142 samples in SP.Syn.Kidney-RCC
319 samples in SP.Syn.Liver-HCC
35 samples in SP.Syn.Lung-AdenoCA
113 samples in SP.Syn.Ovary-AdenoCA
105 samples in SP.Syn.Skin-Melanoma
61 samples in SP.Syn.Stomach-AdenoCA
190 samples in SP.Syn.Breast-AdenoCA
60 samples in SP.Syn.ColoRect-AdenoCA
94 samples in SP.Syn.Eso-AdenoCA
190 samples in SP.Syn.Breast-AdenoCA
142 samples in SP.Syn.Kidney-RCC
60 samples in SP.Syn.ColoRect-AdenoCA
319 samples in SP.Syn.Liver-HCC
94 samples in SP.Syn.Eso-AdenoCA
35 samples in SP.Syn.Lung-AdenoCA
142 samples in SP.Syn.Kidney-RCC
113 samples in SP.Syn.Ovary-AdenoCA
319 samples in SP.Syn.Liver-HCC
105 samples in SP.Syn.Skin-Melanoma
61 samples in SP.Syn.Stomach-AdenoCA
35 samples in SP.Syn.Lung-AdenoCA
113 samples in SP.Syn.Ovary-AdenoCA
105 samples in SP.Syn.Skin-Melanoma
61 samples in SP.Syn.Stomach-AdenoCA
190 samples in SP.Syn.Breast-AdenoCA
60 samples in SP.Syn.ColoRect-AdenoCA
94 samples in SP.Syn.Eso-AdenoCA
142 samples in SP.Syn.Kidney-RCC
319 samples in SP.Syn.Liver-HCC
35 samples in SP.Syn.Lung-AdenoCA
113 samples in SP.Syn.Ovary-AdenoCA
105 samples in SP.Syn.Skin-Melanoma
61 samples in SP.Syn.Stomach-AdenoCA
190 samples in SP.Syn.Breast-AdenoCA
60 samples in SP.Syn.ColoRect-AdenoCA
94 samples in SP.Syn.Eso-AdenoCA
142 samples in SP.Syn.Kidney-RCC
319 samples in SP.Syn.Liver-HCC
35 samples in SP.Syn.Lung-AdenoCA
113 samples in SP.Syn.Ovary-AdenoCA
105 samples in SP.Syn.Skin-Melanoma
61 samples in SP.Syn.Stomach-AdenoCA
190 samples in SP.Syn.Breast-AdenoCA
60 samples in SP.Syn.ColoRect-AdenoCA
94 samples in SP.Syn.Eso-AdenoCA
142 samples in SP.Syn.Kidney-RCC
319 samples in SP.Syn.Liver-HCC
35 samples in SP.Syn.Lung-AdenoCA
113 samples in SP.Syn.Ovary-AdenoCA
105 samples in SP.Syn.Skin-Melanoma
61 samples in SP.Syn.Stomach-AdenoCA
190 samples in SP.Syn.Breast-AdenoCA
60 samples in SP.Syn.ColoRect-AdenoCA
94 samples in SP.Syn.Eso-AdenoCA
142 samples in SP.Syn.Kidney-RCC
319 samples in SP.Syn.Liver-HCC
35 samples in SP.Syn.Lung-AdenoCA
113 samples in SP.Syn.Ovary-AdenoCA
105 samples in SP.Syn.Skin-Melanoma
61 samples in SP.Syn.Stomach-AdenoCA
190 samples in SP.Syn.Breast-AdenoCA
60 samples in SP.Syn.ColoRect-AdenoCA
94 samples in SP.Syn.Eso-AdenoCA
142 samples in SP.Syn.Kidney-RCC
319 samples in SP.Syn.Liver-HCC
35 samples in SP.Syn.Lung-AdenoCA
113 samples in SP.Syn.Ovary-AdenoCA
105 samples in SP.Syn.Skin-Melanoma
61 samples in SP.Syn.Stomach-AdenoCA
190 samples in SP.Syn.Breast-AdenoCA
60 samples in SP.Syn.ColoRect-AdenoCA
94 samples in SP.Syn.Eso-AdenoCA
142 samples in SP.Syn.Kidney-RCC
319 samples in SP.Syn.Liver-HCC
35 samples in SP.Syn.Lung-AdenoCA
113 samples in SP.Syn.Ovary-AdenoCA
105 samples in SP.Syn.Skin-Melanoma
61 samples in SP.Syn.Stomach-AdenoCA


===========================================


Begin running mSigHdp on data set 10k using seed 310111...



===========================================


190 samples in SP.Syn.Breast-AdenoCA
60 samples in SP.Syn.ColoRect-AdenoCA
94 samples in SP.Syn.Eso-AdenoCA
142 samples in SP.Syn.Kidney-RCC
319 samples in SP.Syn.Liver-HCC
35 samples in SP.Syn.Lung-AdenoCA
113 samples in SP.Syn.Ovary-AdenoCA
105 samples in SP.Syn.Skin-Melanoma
61 samples in SP.Syn.Stomach-AdenoCA
190 samples in SP.Syn.Breast-AdenoCA
60 samples in SP.Syn.ColoRect-AdenoCA
94 samples in SP.Syn.Eso-AdenoCA
142 samples in SP.Syn.Kidney-RCC
319 samples in SP.Syn.Liver-HCC
35 samples in SP.Syn.Lung-AdenoCA
113 samples in SP.Syn.Ovary-AdenoCA
105 samples in SP.Syn.Skin-Melanoma
61 samples in SP.Syn.Stomach-AdenoCA
190 samples in SP.Syn.Breast-AdenoCA
60 samples in SP.Syn.ColoRect-AdenoCA
94 samples in SP.Syn.Eso-AdenoCA
142 samples in SP.Syn.Kidney-RCC
319 samples in SP.Syn.Liver-HCC
35 samples in SP.Syn.Lung-AdenoCA
113 samples in SP.Syn.Ovary-AdenoCA
105 samples in SP.Syn.Skin-Melanoma
61 samples in SP.Syn.Stomach-AdenoCA
190 samples in SP.Syn.Breast-AdenoCA
60 samples in SP.Syn.ColoRect-AdenoCA
94 samples in SP.Syn.Eso-AdenoCA
142 samples in SP.Syn.Kidney-RCC
319 samples in SP.Syn.Liver-HCC
35 samples in SP.Syn.Lung-AdenoCA
113 samples in SP.Syn.Ovary-AdenoCA
105 samples in SP.Syn.Skin-Melanoma
61 samples in SP.Syn.Stomach-AdenoCA
190 samples in SP.Syn.Breast-AdenoCA
60 samples in SP.Syn.ColoRect-AdenoCA
94 samples in SP.Syn.Eso-AdenoCA
142 samples in SP.Syn.Kidney-RCC
319 samples in SP.Syn.Liver-HCC
35 samples in SP.Syn.Lung-AdenoCA
113 samples in SP.Syn.Ovary-AdenoCA
105 samples in SP.Syn.Skin-Melanoma
61 samples in SP.Syn.Stomach-AdenoCA
190 samples in SP.Syn.Breast-AdenoCA
60 samples in SP.Syn.ColoRect-AdenoCA
94 samples in SP.Syn.Eso-AdenoCA
142 samples in SP.Syn.Kidney-RCC
319 samples in SP.Syn.Liver-HCC
35 samples in SP.Syn.Lung-AdenoCA
113 samples in SP.Syn.Ovary-AdenoCA
105 samples in SP.Syn.Skin-Melanoma
61 samples in SP.Syn.Stomach-AdenoCA
190 samples in SP.Syn.Breast-AdenoCA
60 samples in SP.Syn.ColoRect-AdenoCA
94 samples in SP.Syn.Eso-AdenoCA
142 samples in SP.Syn.Kidney-RCC
319 samples in SP.Syn.Liver-HCC
35 samples in SP.Syn.Lung-AdenoCA
113 samples in SP.Syn.Ovary-AdenoCA
105 samples in SP.Syn.Skin-Melanoma
61 samples in SP.Syn.Stomach-AdenoCA
190 samples in SP.Syn.Breast-AdenoCA
60 samples in SP.Syn.ColoRect-AdenoCA
94 samples in SP.Syn.Eso-AdenoCA
142 samples in SP.Syn.Kidney-RCC
319 samples in SP.Syn.Liver-HCC
35 samples in SP.Syn.Lung-AdenoCA
113 samples in SP.Syn.Ovary-AdenoCA
105 samples in SP.Syn.Skin-Melanoma
61 samples in SP.Syn.Stomach-AdenoCA
190 samples in SP.Syn.Breast-AdenoCA
60 samples in SP.Syn.ColoRect-AdenoCA
94 samples in SP.Syn.Eso-AdenoCA
142 samples in SP.Syn.Kidney-RCC
319 samples in SP.Syn.Liver-HCC
35 samples in SP.Syn.Lung-AdenoCA
113 samples in SP.Syn.Ovary-AdenoCA
105 samples in SP.Syn.Skin-Melanoma
61 samples in SP.Syn.Stomach-AdenoCA
190 samples in SP.Syn.Breast-AdenoCA
60 samples in SP.Syn.ColoRect-AdenoCA
94 samples in SP.Syn.Eso-AdenoCA
142 samples in SP.Syn.Kidney-RCC
319 samples in SP.Syn.Liver-HCC
35 samples in SP.Syn.Lung-AdenoCA
113 samples in SP.Syn.Ovary-AdenoCA
105 samples in SP.Syn.Skin-Melanoma
61 samples in SP.Syn.Stomach-AdenoCA
190 samples in SP.Syn.Breast-AdenoCA
60 samples in SP.Syn.ColoRect-AdenoCA
94 samples in SP.Syn.Eso-AdenoCA
142 samples in SP.Syn.Kidney-RCC
319 samples in SP.Syn.Liver-HCC
35 samples in SP.Syn.Lung-AdenoCA
113 samples in SP.Syn.Ovary-AdenoCA
105 samples in SP.Syn.Skin-Melanoma
190 samples in SP.Syn.Breast-AdenoCA
60 samples in SP.Syn.ColoRect-AdenoCA
94 samples in SP.Syn.Eso-AdenoCA
142 samples in SP.Syn.Kidney-RCC
319 samples in SP.Syn.Liver-HCC
35 samples in SP.Syn.Lung-AdenoCA
113 samples in SP.Syn.Ovary-AdenoCA
61 samples in SP.Syn.Stomach-AdenoCA
105 samples in SP.Syn.Skin-Melanoma
61 samples in SP.Syn.Stomach-AdenoCA
190 samples in SP.Syn.Breast-AdenoCA
60 samples in SP.Syn.ColoRect-AdenoCA
94 samples in SP.Syn.Eso-AdenoCA
142 samples in SP.Syn.Kidney-RCC
319 samples in SP.Syn.Liver-HCC
35 samples in SP.Syn.Lung-AdenoCA
113 samples in SP.Syn.Ovary-AdenoCA
105 samples in SP.Syn.Skin-Melanoma
190 samples in SP.Syn.Breast-AdenoCA
60 samples in SP.Syn.ColoRect-AdenoCA
94 samples in SP.Syn.Eso-AdenoCA
142 samples in SP.Syn.Kidney-RCC
319 samples in SP.Syn.Liver-HCC
61 samples in SP.Syn.Stomach-AdenoCA
35 samples in SP.Syn.Lung-AdenoCA
113 samples in SP.Syn.Ovary-AdenoCA
105 samples in SP.Syn.Skin-Melanoma
61 samples in SP.Syn.Stomach-AdenoCA
190 samples in SP.Syn.Breast-AdenoCA
60 samples in SP.Syn.ColoRect-AdenoCA
94 samples in SP.Syn.Eso-AdenoCA
142 samples in SP.Syn.Kidney-RCC
319 samples in SP.Syn.Liver-HCC
35 samples in SP.Syn.Lung-AdenoCA
113 samples in SP.Syn.Ovary-AdenoCA
105 samples in SP.Syn.Skin-Melanoma
61 samples in SP.Syn.Stomach-AdenoCA
190 samples in SP.Syn.Breast-AdenoCA
60 samples in SP.Syn.ColoRect-AdenoCA
94 samples in SP.Syn.Eso-AdenoCA
142 samples in SP.Syn.Kidney-RCC
319 samples in SP.Syn.Liver-HCC
35 samples in SP.Syn.Lung-AdenoCA
113 samples in SP.Syn.Ovary-AdenoCA
105 samples in SP.Syn.Skin-Melanoma
61 samples in SP.Syn.Stomach-AdenoCA
190 samples in SP.Syn.Breast-AdenoCA
60 samples in SP.Syn.ColoRect-AdenoCA
94 samples in SP.Syn.Eso-AdenoCA
142 samples in SP.Syn.Kidney-RCC
319 samples in SP.Syn.Liver-HCC
35 samples in SP.Syn.Lung-AdenoCA
113 samples in SP.Syn.Ovary-AdenoCA
105 samples in SP.Syn.Skin-Melanoma
61 samples in SP.Syn.Stomach-AdenoCA
190 samples in SP.Syn.Breast-AdenoCA
60 samples in SP.Syn.ColoRect-AdenoCA
94 samples in SP.Syn.Eso-AdenoCA
142 samples in SP.Syn.Kidney-RCC
319 samples in SP.Syn.Liver-HCC
35 samples in SP.Syn.Lung-AdenoCA
113 samples in SP.Syn.Ovary-AdenoCA
105 samples in SP.Syn.Skin-Melanoma
61 samples in SP.Syn.Stomach-AdenoCA
190 samples in SP.Syn.Breast-AdenoCA
60 samples in SP.Syn.ColoRect-AdenoCA
94 samples in SP.Syn.Eso-AdenoCA
142 samples in SP.Syn.Kidney-RCC
319 samples in SP.Syn.Liver-HCC
35 samples in SP.Syn.Lung-AdenoCA
113 samples in SP.Syn.Ovary-AdenoCA
105 samples in SP.Syn.Skin-Melanoma
61 samples in SP.Syn.Stomach-AdenoCA
190 samples in SP.Syn.Breast-AdenoCA
60 samples in SP.Syn.ColoRect-AdenoCA
94 samples in SP.Syn.Eso-AdenoCA
142 samples in SP.Syn.Kidney-RCC
319 samples in SP.Syn.Liver-HCC
35 samples in SP.Syn.Lung-AdenoCA
113 samples in SP.Syn.Ovary-AdenoCA
105 samples in SP.Syn.Skin-Melanoma
61 samples in SP.Syn.Stomach-AdenoCA


===========================================


Begin running mSigHdp on data set 10k using seed 528401...



===========================================


190 samples in SP.Syn.Breast-AdenoCA
60 samples in SP.Syn.ColoRect-AdenoCA
94 samples in SP.Syn.Eso-AdenoCA
142 samples in SP.Syn.Kidney-RCC
319 samples in SP.Syn.Liver-HCC
35 samples in SP.Syn.Lung-AdenoCA
113 samples in SP.Syn.Ovary-AdenoCA
105 samples in SP.Syn.Skin-Melanoma
61 samples in SP.Syn.Stomach-AdenoCA
190 samples in SP.Syn.Breast-AdenoCA
60 samples in SP.Syn.ColoRect-AdenoCA
94 samples in SP.Syn.Eso-AdenoCA
142 samples in SP.Syn.Kidney-RCC
319 samples in SP.Syn.Liver-HCC
35 samples in SP.Syn.Lung-AdenoCA
113 samples in SP.Syn.Ovary-AdenoCA
105 samples in SP.Syn.Skin-Melanoma
61 samples in SP.Syn.Stomach-AdenoCA
190 samples in SP.Syn.Breast-AdenoCA
60 samples in SP.Syn.ColoRect-AdenoCA
94 samples in SP.Syn.Eso-AdenoCA
142 samples in SP.Syn.Kidney-RCC
319 samples in SP.Syn.Liver-HCC
35 samples in SP.Syn.Lung-AdenoCA
113 samples in SP.Syn.Ovary-AdenoCA
105 samples in SP.Syn.Skin-Melanoma
61 samples in SP.Syn.Stomach-AdenoCA
190 samples in SP.Syn.Breast-AdenoCA
60 samples in SP.Syn.ColoRect-AdenoCA
94 samples in SP.Syn.Eso-AdenoCA
142 samples in SP.Syn.Kidney-RCC
319 samples in SP.Syn.Liver-HCC
35 samples in SP.Syn.Lung-AdenoCA
113 samples in SP.Syn.Ovary-AdenoCA
105 samples in SP.Syn.Skin-Melanoma
61 samples in SP.Syn.Stomach-AdenoCA
190 samples in SP.Syn.Breast-AdenoCA
60 samples in SP.Syn.ColoRect-AdenoCA
94 samples in SP.Syn.Eso-AdenoCA
142 samples in SP.Syn.Kidney-RCC
319 samples in SP.Syn.Liver-HCC
35 samples in SP.Syn.Lung-AdenoCA
113 samples in SP.Syn.Ovary-AdenoCA
105 samples in SP.Syn.Skin-Melanoma
61 samples in SP.Syn.Stomach-AdenoCA
190 samples in SP.Syn.Breast-AdenoCA
60 samples in SP.Syn.ColoRect-AdenoCA
94 samples in SP.Syn.Eso-AdenoCA
142 samples in SP.Syn.Kidney-RCC
319 samples in SP.Syn.Liver-HCC
35 samples in SP.Syn.Lung-AdenoCA
113 samples in SP.Syn.Ovary-AdenoCA
105 samples in SP.Syn.Skin-Melanoma
61 samples in SP.Syn.Stomach-AdenoCA
190 samples in SP.Syn.Breast-AdenoCA
60 samples in SP.Syn.ColoRect-AdenoCA
94 samples in SP.Syn.Eso-AdenoCA
142 samples in SP.Syn.Kidney-RCC
319 samples in SP.Syn.Liver-HCC
35 samples in SP.Syn.Lung-AdenoCA
113 samples in SP.Syn.Ovary-AdenoCA
105 samples in SP.Syn.Skin-Melanoma
61 samples in SP.Syn.Stomach-AdenoCA
190 samples in SP.Syn.Breast-AdenoCA
60 samples in SP.Syn.ColoRect-AdenoCA
94 samples in SP.Syn.Eso-AdenoCA
142 samples in SP.Syn.Kidney-RCC
319 samples in SP.Syn.Liver-HCC
35 samples in SP.Syn.Lung-AdenoCA
113 samples in SP.Syn.Ovary-AdenoCA
105 samples in SP.Syn.Skin-Melanoma
61 samples in SP.Syn.Stomach-AdenoCA
190 samples in SP.Syn.Breast-AdenoCA
60 samples in SP.Syn.ColoRect-AdenoCA
94 samples in SP.Syn.Eso-AdenoCA
142 samples in SP.Syn.Kidney-RCC
319 samples in SP.Syn.Liver-HCC
190 samples in SP.Syn.Breast-AdenoCA
60 samples in SP.Syn.ColoRect-AdenoCA
94 samples in SP.Syn.Eso-AdenoCA
142 samples in SP.Syn.Kidney-RCC
319 samples in SP.Syn.Liver-HCC
35 samples in SP.Syn.Lung-AdenoCA
113 samples in SP.Syn.Ovary-AdenoCA
105 samples in SP.Syn.Skin-Melanoma
61 samples in SP.Syn.Stomach-AdenoCA
35 samples in SP.Syn.Lung-AdenoCA
113 samples in SP.Syn.Ovary-AdenoCA
105 samples in SP.Syn.Skin-Melanoma
61 samples in SP.Syn.Stomach-AdenoCA
190 samples in SP.Syn.Breast-AdenoCA
60 samples in SP.Syn.ColoRect-AdenoCA
94 samples in SP.Syn.Eso-AdenoCA
142 samples in SP.Syn.Kidney-RCC
319 samples in SP.Syn.Liver-HCC
35 samples in SP.Syn.Lung-AdenoCA
113 samples in SP.Syn.Ovary-AdenoCA
105 samples in SP.Syn.Skin-Melanoma
61 samples in SP.Syn.Stomach-AdenoCA
190 samples in SP.Syn.Breast-AdenoCA
60 samples in SP.Syn.ColoRect-AdenoCA
94 samples in SP.Syn.Eso-AdenoCA
142 samples in SP.Syn.Kidney-RCC
319 samples in SP.Syn.Liver-HCC
35 samples in SP.Syn.Lung-AdenoCA
113 samples in SP.Syn.Ovary-AdenoCA
105 samples in SP.Syn.Skin-Melanoma
190 samples in SP.Syn.Breast-AdenoCA
60 samples in SP.Syn.ColoRect-AdenoCA
94 samples in SP.Syn.Eso-AdenoCA
142 samples in SP.Syn.Kidney-RCC
319 samples in SP.Syn.Liver-HCC
35 samples in SP.Syn.Lung-AdenoCA
113 samples in SP.Syn.Ovary-AdenoCA
61 samples in SP.Syn.Stomach-AdenoCA
105 samples in SP.Syn.Skin-Melanoma
61 samples in SP.Syn.Stomach-AdenoCA
190 samples in SP.Syn.Breast-AdenoCA
60 samples in SP.Syn.ColoRect-AdenoCA
94 samples in SP.Syn.Eso-AdenoCA
190 samples in SP.Syn.Breast-AdenoCA
142 samples in SP.Syn.Kidney-RCC
60 samples in SP.Syn.ColoRect-AdenoCA
319 samples in SP.Syn.Liver-HCC
94 samples in SP.Syn.Eso-AdenoCA
35 samples in SP.Syn.Lung-AdenoCA
113 samples in SP.Syn.Ovary-AdenoCA
142 samples in SP.Syn.Kidney-RCC
105 samples in SP.Syn.Skin-Melanoma
319 samples in SP.Syn.Liver-HCC
35 samples in SP.Syn.Lung-AdenoCA
113 samples in SP.Syn.Ovary-AdenoCA
61 samples in SP.Syn.Stomach-AdenoCA
105 samples in SP.Syn.Skin-Melanoma
61 samples in SP.Syn.Stomach-AdenoCA
190 samples in SP.Syn.Breast-AdenoCA
60 samples in SP.Syn.ColoRect-AdenoCA
94 samples in SP.Syn.Eso-AdenoCA
142 samples in SP.Syn.Kidney-RCC
190 samples in SP.Syn.Breast-AdenoCA
319 samples in SP.Syn.Liver-HCC
60 samples in SP.Syn.ColoRect-AdenoCA
35 samples in SP.Syn.Lung-AdenoCA
94 samples in SP.Syn.Eso-AdenoCA
113 samples in SP.Syn.Ovary-AdenoCA
142 samples in SP.Syn.Kidney-RCC
105 samples in SP.Syn.Skin-Melanoma
319 samples in SP.Syn.Liver-HCC
35 samples in SP.Syn.Lung-AdenoCA
61 samples in SP.Syn.Stomach-AdenoCA
113 samples in SP.Syn.Ovary-AdenoCA
105 samples in SP.Syn.Skin-Melanoma
61 samples in SP.Syn.Stomach-AdenoCA
190 samples in SP.Syn.Breast-AdenoCA
60 samples in SP.Syn.ColoRect-AdenoCA
94 samples in SP.Syn.Eso-AdenoCA
142 samples in SP.Syn.Kidney-RCC
319 samples in SP.Syn.Liver-HCC
35 samples in SP.Syn.Lung-AdenoCA
113 samples in SP.Syn.Ovary-AdenoCA
105 samples in SP.Syn.Skin-Melanoma
61 samples in SP.Syn.Stomach-AdenoCA
190 samples in SP.Syn.Breast-AdenoCA
60 samples in SP.Syn.ColoRect-AdenoCA
94 samples in SP.Syn.Eso-AdenoCA
142 samples in SP.Syn.Kidney-RCC
319 samples in SP.Syn.Liver-HCC
35 samples in SP.Syn.Lung-AdenoCA
113 samples in SP.Syn.Ovary-AdenoCA
105 samples in SP.Syn.Skin-Melanoma
61 samples in SP.Syn.Stomach-AdenoCA
190 samples in SP.Syn.Breast-AdenoCA
60 samples in SP.Syn.ColoRect-AdenoCA
94 samples in SP.Syn.Eso-AdenoCA
142 samples in SP.Syn.Kidney-RCC
319 samples in SP.Syn.Liver-HCC
35 samples in SP.Syn.Lung-AdenoCA
113 samples in SP.Syn.Ovary-AdenoCA
105 samples in SP.Syn.Skin-Melanoma
61 samples in SP.Syn.Stomach-AdenoCA


===========================================


Begin running mSigHdp on data set 10k using seed 1076753...



===========================================


190 samples in SP.Syn.Breast-AdenoCA
60 samples in SP.Syn.ColoRect-AdenoCA
94 samples in SP.Syn.Eso-AdenoCA
142 samples in SP.Syn.Kidney-RCC
319 samples in SP.Syn.Liver-HCC
35 samples in SP.Syn.Lung-AdenoCA
113 samples in SP.Syn.Ovary-AdenoCA
105 samples in SP.Syn.Skin-Melanoma
61 samples in SP.Syn.Stomach-AdenoCA
190 samples in SP.Syn.Breast-AdenoCA
60 samples in SP.Syn.ColoRect-AdenoCA
94 samples in SP.Syn.Eso-AdenoCA
142 samples in SP.Syn.Kidney-RCC
319 samples in SP.Syn.Liver-HCC
35 samples in SP.Syn.Lung-AdenoCA
113 samples in SP.Syn.Ovary-AdenoCA
105 samples in SP.Syn.Skin-Melanoma
61 samples in SP.Syn.Stomach-AdenoCA
190 samples in SP.Syn.Breast-AdenoCA
60 samples in SP.Syn.ColoRect-AdenoCA
94 samples in SP.Syn.Eso-AdenoCA
142 samples in SP.Syn.Kidney-RCC
319 samples in SP.Syn.Liver-HCC
35 samples in SP.Syn.Lung-AdenoCA
113 samples in SP.Syn.Ovary-AdenoCA
105 samples in SP.Syn.Skin-Melanoma
61 samples in SP.Syn.Stomach-AdenoCA
190 samples in SP.Syn.Breast-AdenoCA
60 samples in SP.Syn.ColoRect-AdenoCA
94 samples in SP.Syn.Eso-AdenoCA
142 samples in SP.Syn.Kidney-RCC
319 samples in SP.Syn.Liver-HCC
35 samples in SP.Syn.Lung-AdenoCA
113 samples in SP.Syn.Ovary-AdenoCA
105 samples in SP.Syn.Skin-Melanoma
61 samples in SP.Syn.Stomach-AdenoCA
190 samples in SP.Syn.Breast-AdenoCA
60 samples in SP.Syn.ColoRect-AdenoCA
94 samples in SP.Syn.Eso-AdenoCA
142 samples in SP.Syn.Kidney-RCC
319 samples in SP.Syn.Liver-HCC
35 samples in SP.Syn.Lung-AdenoCA
113 samples in SP.Syn.Ovary-AdenoCA
105 samples in SP.Syn.Skin-Melanoma
61 samples in SP.Syn.Stomach-AdenoCA
190 samples in SP.Syn.Breast-AdenoCA
60 samples in SP.Syn.ColoRect-AdenoCA
94 samples in SP.Syn.Eso-AdenoCA
142 samples in SP.Syn.Kidney-RCC
319 samples in SP.Syn.Liver-HCC
35 samples in SP.Syn.Lung-AdenoCA
113 samples in SP.Syn.Ovary-AdenoCA
105 samples in SP.Syn.Skin-Melanoma
61 samples in SP.Syn.Stomach-AdenoCA
190 samples in SP.Syn.Breast-AdenoCA
60 samples in SP.Syn.ColoRect-AdenoCA
94 samples in SP.Syn.Eso-AdenoCA
142 samples in SP.Syn.Kidney-RCC
319 samples in SP.Syn.Liver-HCC
35 samples in SP.Syn.Lung-AdenoCA
113 samples in SP.Syn.Ovary-AdenoCA
105 samples in SP.Syn.Skin-Melanoma
61 samples in SP.Syn.Stomach-AdenoCA
190 samples in SP.Syn.Breast-AdenoCA
60 samples in SP.Syn.ColoRect-AdenoCA
94 samples in SP.Syn.Eso-AdenoCA
142 samples in SP.Syn.Kidney-RCC
319 samples in SP.Syn.Liver-HCC
35 samples in SP.Syn.Lung-AdenoCA
113 samples in SP.Syn.Ovary-AdenoCA
105 samples in SP.Syn.Skin-Melanoma
61 samples in SP.Syn.Stomach-AdenoCA
190 samples in SP.Syn.Breast-AdenoCA
60 samples in SP.Syn.ColoRect-AdenoCA
94 samples in SP.Syn.Eso-AdenoCA
142 samples in SP.Syn.Kidney-RCC
319 samples in SP.Syn.Liver-HCC
35 samples in SP.Syn.Lung-AdenoCA
113 samples in SP.Syn.Ovary-AdenoCA
105 samples in SP.Syn.Skin-Melanoma
61 samples in SP.Syn.Stomach-AdenoCA
190 samples in SP.Syn.Breast-AdenoCA
60 samples in SP.Syn.ColoRect-AdenoCA
94 samples in SP.Syn.Eso-AdenoCA
142 samples in SP.Syn.Kidney-RCC
319 samples in SP.Syn.Liver-HCC
35 samples in SP.Syn.Lung-AdenoCA
113 samples in SP.Syn.Ovary-AdenoCA
105 samples in SP.Syn.Skin-Melanoma
61 samples in SP.Syn.Stomach-AdenoCA
190 samples in SP.Syn.Breast-AdenoCA
60 samples in SP.Syn.ColoRect-AdenoCA
94 samples in SP.Syn.Eso-AdenoCA
142 samples in SP.Syn.Kidney-RCC
319 samples in SP.Syn.Liver-HCC
35 samples in SP.Syn.Lung-AdenoCA
113 samples in SP.Syn.Ovary-AdenoCA
105 samples in SP.Syn.Skin-Melanoma
61 samples in SP.Syn.Stomach-AdenoCA
190 samples in SP.Syn.Breast-AdenoCA
60 samples in SP.Syn.ColoRect-AdenoCA
94 samples in SP.Syn.Eso-AdenoCA
142 samples in SP.Syn.Kidney-RCC
319 samples in SP.Syn.Liver-HCC
35 samples in SP.Syn.Lung-AdenoCA
113 samples in SP.Syn.Ovary-AdenoCA
105 samples in SP.Syn.Skin-Melanoma
61 samples in SP.Syn.Stomach-AdenoCA
190 samples in SP.Syn.Breast-AdenoCA
60 samples in SP.Syn.ColoRect-AdenoCA
94 samples in SP.Syn.Eso-AdenoCA
142 samples in SP.Syn.Kidney-RCC
319 samples in SP.Syn.Liver-HCC
35 samples in SP.Syn.Lung-AdenoCA
113 samples in SP.Syn.Ovary-AdenoCA
105 samples in SP.Syn.Skin-Melanoma
61 samples in SP.Syn.Stomach-AdenoCA
190 samples in SP.Syn.Breast-AdenoCA
60 samples in SP.Syn.ColoRect-AdenoCA
94 samples in SP.Syn.Eso-AdenoCA
142 samples in SP.Syn.Kidney-RCC
319 samples in SP.Syn.Liver-HCC
35 samples in SP.Syn.Lung-AdenoCA
113 samples in SP.Syn.Ovary-AdenoCA
105 samples in SP.Syn.Skin-Melanoma
61 samples in SP.Syn.Stomach-AdenoCA
190 samples in SP.Syn.Breast-AdenoCA
60 samples in SP.Syn.ColoRect-AdenoCA
94 samples in SP.Syn.Eso-AdenoCA
142 samples in SP.Syn.Kidney-RCC
319 samples in SP.Syn.Liver-HCC
35 samples in SP.Syn.Lung-AdenoCA
113 samples in SP.Syn.Ovary-AdenoCA
105 samples in SP.Syn.Skin-Melanoma
61 samples in SP.Syn.Stomach-AdenoCA
190 samples in SP.Syn.Breast-AdenoCA
60 samples in SP.Syn.ColoRect-AdenoCA
94 samples in SP.Syn.Eso-AdenoCA
142 samples in SP.Syn.Kidney-RCC
319 samples in SP.Syn.Liver-HCC
35 samples in SP.Syn.Lung-AdenoCA
113 samples in SP.Syn.Ovary-AdenoCA
105 samples in SP.Syn.Skin-Melanoma
61 samples in SP.Syn.Stomach-AdenoCA
190 samples in SP.Syn.Breast-AdenoCA
60 samples in SP.Syn.ColoRect-AdenoCA
94 samples in SP.Syn.Eso-AdenoCA
142 samples in SP.Syn.Kidney-RCC
319 samples in SP.Syn.Liver-HCC
35 samples in SP.Syn.Lung-AdenoCA
113 samples in SP.Syn.Ovary-AdenoCA
105 samples in SP.Syn.Skin-Melanoma
61 samples in SP.Syn.Stomach-AdenoCA
190 samples in SP.Syn.Breast-AdenoCA
60 samples in SP.Syn.ColoRect-AdenoCA
94 samples in SP.Syn.Eso-AdenoCA
142 samples in SP.Syn.Kidney-RCC
319 samples in SP.Syn.Liver-HCC
35 samples in SP.Syn.Lung-AdenoCA
113 samples in SP.Syn.Ovary-AdenoCA
105 samples in SP.Syn.Skin-Melanoma
61 samples in SP.Syn.Stomach-AdenoCA
190 samples in SP.Syn.Breast-AdenoCA
60 samples in SP.Syn.ColoRect-AdenoCA
94 samples in SP.Syn.Eso-AdenoCA
142 samples in SP.Syn.Kidney-RCC
319 samples in SP.Syn.Liver-HCC
35 samples in SP.Syn.Lung-AdenoCA
113 samples in SP.Syn.Ovary-AdenoCA
105 samples in SP.Syn.Skin-Melanoma
61 samples in SP.Syn.Stomach-AdenoCA
190 samples in SP.Syn.Breast-AdenoCA
60 samples in SP.Syn.ColoRect-AdenoCA
94 samples in SP.Syn.Eso-AdenoCA
142 samples in SP.Syn.Kidney-RCC
319 samples in SP.Syn.Liver-HCC
35 samples in SP.Syn.Lung-AdenoCA
113 samples in SP.Syn.Ovary-AdenoCA
105 samples in SP.Syn.Skin-Melanoma
61 samples in SP.Syn.Stomach-AdenoCA
