Loading required package: ICAMS
Loading required package: hdpx
Loading required package: mSigHdp
args: 200437


===========================================


Begin running mSigHdp on data set Noiseless using seed 200437...



===========================================


60 samples in SP.Syn.Breast-AdenoCA
60 samples in SP.Syn.ColoRect-AdenoCA
60 samples in SP.Syn.Eso-AdenoCA
60 samples in SP.Syn.Kidney-RCC
60 samples in SP.Syn.Liver-HCC
60 samples in SP.Syn.Lung-AdenoCA
60 samples in SP.Syn.Ovary-AdenoCA
60 samples in SP.Syn.Skin-Melanoma
60 samples in SP.Syn.Stomach-AdenoCA
60 samples in SP.Syn.Breast-AdenoCA
60 samples in SP.Syn.ColoRect-AdenoCA
60 samples in SP.Syn.Eso-AdenoCA
60 samples in SP.Syn.Kidney-RCC
60 samples in SP.Syn.Liver-HCC
60 samples in SP.Syn.Lung-AdenoCA
60 samples in SP.Syn.Ovary-AdenoCA
60 samples in SP.Syn.Skin-Melanoma
60 samples in SP.Syn.Stomach-AdenoCA
60 samples in SP.Syn.Breast-AdenoCA
60 samples in SP.Syn.ColoRect-AdenoCA
60 samples in SP.Syn.Eso-AdenoCA
60 samples in SP.Syn.Kidney-RCC
60 samples in SP.Syn.Liver-HCC
60 samples in SP.Syn.Lung-AdenoCA
60 samples in SP.Syn.Ovary-AdenoCA
60 samples in SP.Syn.Skin-Melanoma
60 samples in SP.Syn.Stomach-AdenoCA
60 samples in SP.Syn.Breast-AdenoCA
60 samples in SP.Syn.ColoRect-AdenoCA
60 samples in SP.Syn.Eso-AdenoCA
60 samples in SP.Syn.Kidney-RCC
60 samples in SP.Syn.Liver-HCC
60 samples in SP.Syn.Lung-AdenoCA
60 samples in SP.Syn.Ovary-AdenoCA
60 samples in SP.Syn.Skin-Melanoma
60 samples in SP.Syn.Stomach-AdenoCA
60 samples in SP.Syn.Breast-AdenoCA
60 samples in SP.Syn.ColoRect-AdenoCA
60 samples in SP.Syn.Eso-AdenoCA
60 samples in SP.Syn.Kidney-RCC
60 samples in SP.Syn.Liver-HCC
60 samples in SP.Syn.Lung-AdenoCA
60 samples in SP.Syn.Ovary-AdenoCA
60 samples in SP.Syn.Skin-Melanoma
60 samples in SP.Syn.Stomach-AdenoCA
60 samples in SP.Syn.Breast-AdenoCA
60 samples in SP.Syn.ColoRect-AdenoCA
60 samples in SP.Syn.Eso-AdenoCA
60 samples in SP.Syn.Kidney-RCC
60 samples in SP.Syn.Liver-HCC
60 samples in SP.Syn.Lung-AdenoCA
60 samples in SP.Syn.Ovary-AdenoCA
60 samples in SP.Syn.Skin-Melanoma
60 samples in SP.Syn.Stomach-AdenoCA
60 samples in SP.Syn.Breast-AdenoCA
60 samples in SP.Syn.ColoRect-AdenoCA
60 samples in SP.Syn.Eso-AdenoCA
60 samples in SP.Syn.Kidney-RCC
60 samples in SP.Syn.Liver-HCC
60 samples in SP.Syn.Lung-AdenoCA
60 samples in SP.Syn.Ovary-AdenoCA
60 samples in SP.Syn.Skin-Melanoma
60 samples in SP.Syn.Stomach-AdenoCA
60 samples in SP.Syn.Breast-AdenoCA
60 samples in SP.Syn.ColoRect-AdenoCA
60 samples in SP.Syn.Eso-AdenoCA
60 samples in SP.Syn.Kidney-RCC
60 samples in SP.Syn.Liver-HCC
60 samples in SP.Syn.Lung-AdenoCA
60 samples in SP.Syn.Ovary-AdenoCA
60 samples in SP.Syn.Skin-Melanoma
60 samples in SP.Syn.Stomach-AdenoCA
60 samples in SP.Syn.Breast-AdenoCA
60 samples in SP.Syn.ColoRect-AdenoCA
60 samples in SP.Syn.Eso-AdenoCA
60 samples in SP.Syn.Kidney-RCC
60 samples in SP.Syn.Liver-HCC
60 samples in SP.Syn.Lung-AdenoCA
60 samples in SP.Syn.Ovary-AdenoCA
60 samples in SP.Syn.Skin-Melanoma
60 samples in SP.Syn.Stomach-AdenoCA
60 samples in SP.Syn.Breast-AdenoCA
60 samples in SP.Syn.ColoRect-AdenoCA
60 samples in SP.Syn.Eso-AdenoCA
60 samples in SP.Syn.Kidney-RCC
60 samples in SP.Syn.Liver-HCC
60 samples in SP.Syn.Lung-AdenoCA
60 samples in SP.Syn.Ovary-AdenoCA
60 samples in SP.Syn.Skin-Melanoma
60 samples in SP.Syn.Stomach-AdenoCA
60 samples in SP.Syn.Breast-AdenoCA
60 samples in SP.Syn.ColoRect-AdenoCA
60 samples in SP.Syn.Eso-AdenoCA
60 samples in SP.Syn.Kidney-RCC
60 samples in SP.Syn.Liver-HCC
60 samples in SP.Syn.Lung-AdenoCA
60 samples in SP.Syn.Ovary-AdenoCA
60 samples in SP.Syn.Skin-Melanoma
60 samples in SP.Syn.Stomach-AdenoCA
60 samples in SP.Syn.Breast-AdenoCA
60 samples in SP.Syn.ColoRect-AdenoCA
60 samples in SP.Syn.Eso-AdenoCA
60 samples in SP.Syn.Kidney-RCC
60 samples in SP.Syn.Liver-HCC
60 samples in SP.Syn.Lung-AdenoCA
60 samples in SP.Syn.Ovary-AdenoCA
60 samples in SP.Syn.Skin-Melanoma
60 samples in SP.Syn.Stomach-AdenoCA
60 samples in SP.Syn.Breast-AdenoCA
60 samples in SP.Syn.ColoRect-AdenoCA
60 samples in SP.Syn.Eso-AdenoCA
60 samples in SP.Syn.Kidney-RCC
60 samples in SP.Syn.Liver-HCC
60 samples in SP.Syn.Lung-AdenoCA
60 samples in SP.Syn.Ovary-AdenoCA
60 samples in SP.Syn.Skin-Melanoma
60 samples in SP.Syn.Stomach-AdenoCA
60 samples in SP.Syn.Breast-AdenoCA
60 samples in SP.Syn.ColoRect-AdenoCA
60 samples in SP.Syn.Eso-AdenoCA
60 samples in SP.Syn.Kidney-RCC
60 samples in SP.Syn.Liver-HCC
60 samples in SP.Syn.Lung-AdenoCA
60 samples in SP.Syn.Ovary-AdenoCA
60 samples in SP.Syn.Skin-Melanoma
60 samples in SP.Syn.Stomach-AdenoCA
60 samples in SP.Syn.Breast-AdenoCA
60 samples in SP.Syn.ColoRect-AdenoCA
60 samples in SP.Syn.Eso-AdenoCA
60 samples in SP.Syn.Kidney-RCC
60 samples in SP.Syn.Liver-HCC
60 samples in SP.Syn.Lung-AdenoCA
60 samples in SP.Syn.Ovary-AdenoCA
60 samples in SP.Syn.Skin-Melanoma
60 samples in SP.Syn.Stomach-AdenoCA
60 samples in SP.Syn.Breast-AdenoCA
60 samples in SP.Syn.ColoRect-AdenoCA
60 samples in SP.Syn.Eso-AdenoCA
60 samples in SP.Syn.Kidney-RCC
60 samples in SP.Syn.Liver-HCC
60 samples in SP.Syn.Lung-AdenoCA
60 samples in SP.Syn.Ovary-AdenoCA
60 samples in SP.Syn.Skin-Melanoma
60 samples in SP.Syn.Stomach-AdenoCA
60 samples in SP.Syn.Breast-AdenoCA
60 samples in SP.Syn.ColoRect-AdenoCA
60 samples in SP.Syn.Eso-AdenoCA
60 samples in SP.Syn.Kidney-RCC
60 samples in SP.Syn.Liver-HCC
60 samples in SP.Syn.Lung-AdenoCA
60 samples in SP.Syn.Ovary-AdenoCA
60 samples in SP.Syn.Skin-Melanoma
60 samples in SP.Syn.Stomach-AdenoCA
60 samples in SP.Syn.Breast-AdenoCA
60 samples in SP.Syn.ColoRect-AdenoCA
60 samples in SP.Syn.Eso-AdenoCA
60 samples in SP.Syn.Kidney-RCC
60 samples in SP.Syn.Liver-HCC
60 samples in SP.Syn.Lung-AdenoCA
60 samples in SP.Syn.Ovary-AdenoCA
60 samples in SP.Syn.Skin-Melanoma
60 samples in SP.Syn.Stomach-AdenoCA
60 samples in SP.Syn.Breast-AdenoCA
60 samples in SP.Syn.ColoRect-AdenoCA
60 samples in SP.Syn.Eso-AdenoCA
60 samples in SP.Syn.Kidney-RCC
60 samples in SP.Syn.Liver-HCC
60 samples in SP.Syn.Lung-AdenoCA
60 samples in SP.Syn.Ovary-AdenoCA
60 samples in SP.Syn.Skin-Melanoma
60 samples in SP.Syn.Stomach-AdenoCA
60 samples in SP.Syn.Breast-AdenoCA
60 samples in SP.Syn.ColoRect-AdenoCA
60 samples in SP.Syn.Eso-AdenoCA
60 samples in SP.Syn.Kidney-RCC
60 samples in SP.Syn.Liver-HCC
60 samples in SP.Syn.Lung-AdenoCA
60 samples in SP.Syn.Ovary-AdenoCA
60 samples in SP.Syn.Skin-Melanoma
60 samples in SP.Syn.Stomach-AdenoCA


===========================================


Begin running mSigHdp on data set Moderate using seed 200437...



===========================================


60 samples in SP.Syn.Breast-AdenoCA
60 samples in SP.Syn.ColoRect-AdenoCA
60 samples in SP.Syn.Eso-AdenoCA
60 samples in SP.Syn.Kidney-RCC
60 samples in SP.Syn.Liver-HCC
60 samples in SP.Syn.Lung-AdenoCA
60 samples in SP.Syn.Ovary-AdenoCA
60 samples in SP.Syn.Skin-Melanoma
60 samples in SP.Syn.Stomach-AdenoCA
60 samples in SP.Syn.Breast-AdenoCA
60 samples in SP.Syn.ColoRect-AdenoCA
60 samples in SP.Syn.Eso-AdenoCA
60 samples in SP.Syn.Kidney-RCC
60 samples in SP.Syn.Liver-HCC
60 samples in SP.Syn.Lung-AdenoCA
60 samples in SP.Syn.Ovary-AdenoCA
60 samples in SP.Syn.Skin-Melanoma
60 samples in SP.Syn.Stomach-AdenoCA
60 samples in SP.Syn.Breast-AdenoCA
60 samples in SP.Syn.ColoRect-AdenoCA
60 samples in SP.Syn.Eso-AdenoCA
60 samples in SP.Syn.Kidney-RCC
60 samples in SP.Syn.Liver-HCC
60 samples in SP.Syn.Lung-AdenoCA
60 samples in SP.Syn.Ovary-AdenoCA
60 samples in SP.Syn.Skin-Melanoma
60 samples in SP.Syn.Stomach-AdenoCA
60 samples in SP.Syn.Breast-AdenoCA
60 samples in SP.Syn.ColoRect-AdenoCA
60 samples in SP.Syn.Eso-AdenoCA
60 samples in SP.Syn.Kidney-RCC
60 samples in SP.Syn.Liver-HCC
60 samples in SP.Syn.Lung-AdenoCA
60 samples in SP.Syn.Ovary-AdenoCA
60 samples in SP.Syn.Skin-Melanoma
60 samples in SP.Syn.Stomach-AdenoCA
60 samples in SP.Syn.Breast-AdenoCA
60 samples in SP.Syn.ColoRect-AdenoCA
60 samples in SP.Syn.Eso-AdenoCA
60 samples in SP.Syn.Kidney-RCC
60 samples in SP.Syn.Liver-HCC
60 samples in SP.Syn.Lung-AdenoCA
60 samples in SP.Syn.Ovary-AdenoCA
60 samples in SP.Syn.Skin-Melanoma
60 samples in SP.Syn.Stomach-AdenoCA
60 samples in SP.Syn.Breast-AdenoCA
60 samples in SP.Syn.ColoRect-AdenoCA
60 samples in SP.Syn.Eso-AdenoCA
60 samples in SP.Syn.Kidney-RCC
60 samples in SP.Syn.Liver-HCC
60 samples in SP.Syn.Lung-AdenoCA
60 samples in SP.Syn.Ovary-AdenoCA
60 samples in SP.Syn.Skin-Melanoma
60 samples in SP.Syn.Stomach-AdenoCA
60 samples in SP.Syn.Breast-AdenoCA
60 samples in SP.Syn.ColoRect-AdenoCA
60 samples in SP.Syn.Eso-AdenoCA
60 samples in SP.Syn.Kidney-RCC
60 samples in SP.Syn.Liver-HCC
60 samples in SP.Syn.Lung-AdenoCA
60 samples in SP.Syn.Ovary-AdenoCA
60 samples in SP.Syn.Skin-Melanoma
60 samples in SP.Syn.Stomach-AdenoCA
60 samples in SP.Syn.Breast-AdenoCA
60 samples in SP.Syn.ColoRect-AdenoCA
60 samples in SP.Syn.Eso-AdenoCA
60 samples in SP.Syn.Kidney-RCC
60 samples in SP.Syn.Liver-HCC
60 samples in SP.Syn.Lung-AdenoCA
60 samples in SP.Syn.Ovary-AdenoCA
60 samples in SP.Syn.Skin-Melanoma
60 samples in SP.Syn.Stomach-AdenoCA
60 samples in SP.Syn.Breast-AdenoCA
60 samples in SP.Syn.ColoRect-AdenoCA
60 samples in SP.Syn.Eso-AdenoCA
60 samples in SP.Syn.Kidney-RCC
60 samples in SP.Syn.Liver-HCC
60 samples in SP.Syn.Lung-AdenoCA
60 samples in SP.Syn.Ovary-AdenoCA
60 samples in SP.Syn.Skin-Melanoma
60 samples in SP.Syn.Stomach-AdenoCA
60 samples in SP.Syn.Breast-AdenoCA
60 samples in SP.Syn.ColoRect-AdenoCA
60 samples in SP.Syn.Eso-AdenoCA
60 samples in SP.Syn.Kidney-RCC
60 samples in SP.Syn.Liver-HCC
60 samples in SP.Syn.Lung-AdenoCA
60 samples in SP.Syn.Ovary-AdenoCA
60 samples in SP.Syn.Skin-Melanoma
60 samples in SP.Syn.Stomach-AdenoCA
60 samples in SP.Syn.Breast-AdenoCA
60 samples in SP.Syn.ColoRect-AdenoCA
60 samples in SP.Syn.Eso-AdenoCA
60 samples in SP.Syn.Kidney-RCC
60 samples in SP.Syn.Liver-HCC
60 samples in SP.Syn.Lung-AdenoCA
60 samples in SP.Syn.Ovary-AdenoCA
60 samples in SP.Syn.Skin-Melanoma
60 samples in SP.Syn.Stomach-AdenoCA
60 samples in SP.Syn.Breast-AdenoCA
60 samples in SP.Syn.ColoRect-AdenoCA
60 samples in SP.Syn.Eso-AdenoCA
60 samples in SP.Syn.Kidney-RCC
60 samples in SP.Syn.Liver-HCC
60 samples in SP.Syn.Lung-AdenoCA
60 samples in SP.Syn.Ovary-AdenoCA
60 samples in SP.Syn.Skin-Melanoma
60 samples in SP.Syn.Stomach-AdenoCA
60 samples in SP.Syn.Breast-AdenoCA
60 samples in SP.Syn.ColoRect-AdenoCA
60 samples in SP.Syn.Eso-AdenoCA
60 samples in SP.Syn.Kidney-RCC
60 samples in SP.Syn.Liver-HCC
60 samples in SP.Syn.Lung-AdenoCA
60 samples in SP.Syn.Ovary-AdenoCA
60 samples in SP.Syn.Skin-Melanoma
60 samples in SP.Syn.Stomach-AdenoCA
60 samples in SP.Syn.Breast-AdenoCA
60 samples in SP.Syn.ColoRect-AdenoCA
60 samples in SP.Syn.Eso-AdenoCA
60 samples in SP.Syn.Kidney-RCC
60 samples in SP.Syn.Liver-HCC
60 samples in SP.Syn.Lung-AdenoCA
60 samples in SP.Syn.Ovary-AdenoCA
60 samples in SP.Syn.Skin-Melanoma
60 samples in SP.Syn.Stomach-AdenoCA
60 samples in SP.Syn.Breast-AdenoCA
60 samples in SP.Syn.ColoRect-AdenoCA
60 samples in SP.Syn.Eso-AdenoCA
60 samples in SP.Syn.Kidney-RCC
60 samples in SP.Syn.Liver-HCC
60 samples in SP.Syn.Lung-AdenoCA
60 samples in SP.Syn.Ovary-AdenoCA
60 samples in SP.Syn.Skin-Melanoma
60 samples in SP.Syn.Stomach-AdenoCA
60 samples in SP.Syn.Breast-AdenoCA
60 samples in SP.Syn.ColoRect-AdenoCA
60 samples in SP.Syn.Eso-AdenoCA
60 samples in SP.Syn.Kidney-RCC
60 samples in SP.Syn.Liver-HCC
60 samples in SP.Syn.Lung-AdenoCA
60 samples in SP.Syn.Ovary-AdenoCA
60 samples in SP.Syn.Skin-Melanoma
60 samples in SP.Syn.Stomach-AdenoCA
60 samples in SP.Syn.Breast-AdenoCA
60 samples in SP.Syn.ColoRect-AdenoCA
60 samples in SP.Syn.Eso-AdenoCA
60 samples in SP.Syn.Kidney-RCC
60 samples in SP.Syn.Liver-HCC
60 samples in SP.Syn.Lung-AdenoCA
60 samples in SP.Syn.Ovary-AdenoCA
60 samples in SP.Syn.Skin-Melanoma
60 samples in SP.Syn.Stomach-AdenoCA
60 samples in SP.Syn.Breast-AdenoCA
60 samples in SP.Syn.ColoRect-AdenoCA
60 samples in SP.Syn.Eso-AdenoCA
60 samples in SP.Syn.Kidney-RCC
60 samples in SP.Syn.Liver-HCC
60 samples in SP.Syn.Lung-AdenoCA
60 samples in SP.Syn.Ovary-AdenoCA
60 samples in SP.Syn.Skin-Melanoma
60 samples in SP.Syn.Stomach-AdenoCA
60 samples in SP.Syn.Breast-AdenoCA
60 samples in SP.Syn.ColoRect-AdenoCA
60 samples in SP.Syn.Eso-AdenoCA
60 samples in SP.Syn.Kidney-RCC
60 samples in SP.Syn.Liver-HCC
60 samples in SP.Syn.Lung-AdenoCA
60 samples in SP.Syn.Ovary-AdenoCA
60 samples in SP.Syn.Skin-Melanoma
60 samples in SP.Syn.Stomach-AdenoCA
60 samples in SP.Syn.Breast-AdenoCA
60 samples in SP.Syn.ColoRect-AdenoCA
60 samples in SP.Syn.Eso-AdenoCA
60 samples in SP.Syn.Kidney-RCC
60 samples in SP.Syn.Liver-HCC
60 samples in SP.Syn.Lung-AdenoCA
60 samples in SP.Syn.Ovary-AdenoCA
60 samples in SP.Syn.Skin-Melanoma
60 samples in SP.Syn.Stomach-AdenoCA
