Loading required package: ICAMS
Loading required package: SynSigRun


===========================================


Begin running SignatureAnalyzer on data set Realistic using seed 145879...



===========================================


Error in RunSignatureAnalyzerOnFile(input.catalog = input.catalog, out.dir = out.dir,  : 
  ./SBS_2/raw_results/SignatureAnalyzer.results/Realistic/seed.145879/sa.run.1 already exits
Calls: system.time ... SignatureAnalyzerOneRun -> RunSignatureAnalyzerOnFile
In addition: Warning message:
In SynSigRun::SAMultiRunOneCatalog(num.runs = 20, signatureanalyzer.code.dir = SA_path,  :
  ./SBS_2/raw_results/SignatureAnalyzer.results/Realistic/seed.145879exists, overwriting
Timing stopped at: 0.162 0.035 0.337
Execution halted
Loading required package: ICAMS
Loading required package: SynSigRun
args: 200437


===========================================


Begin running SignatureAnalyzer on data set Realistic using seed 200437...



===========================================



 BestSignatureAnalyzerResult vector of K:
 sa.run.1 sa.run.10 sa.run.11 sa.run.12 sa.run.13 sa.run.14 sa.run.15 sa.run.16 
       60        62        63        62        63        61        61        61 
sa.run.17 sa.run.18 sa.run.19  sa.run.2 sa.run.20  sa.run.3  sa.run.4  sa.run.5 
       62        63        62        62        60        62        63        63 
 sa.run.6  sa.run.7  sa.run.8  sa.run.9 
       61        61        63        63 



 BestSignatureAnalyzerResult vector of evidence:
 sa.run.1 sa.run.10 sa.run.11 sa.run.12 sa.run.13 sa.run.14 sa.run.15 sa.run.16 
 85522.02  86848.22  85527.19  87167.70  89232.66  85161.64  87467.47  88064.88 
sa.run.17 sa.run.18 sa.run.19  sa.run.2 sa.run.20  sa.run.3  sa.run.4  sa.run.5 
 86639.22  91093.91  87297.83  87484.06  85830.91  88512.62  87393.12  88873.28 
 sa.run.6  sa.run.7  sa.run.8  sa.run.9 
 85241.13  84822.46  87920.03  89485.67 



 BestSignatureAnalyzerResult  most common numbers of extracted signatures: 63 


 BestSignatureAnalyzerResult evidences for most common Ks:
sa.run.11 sa.run.13 sa.run.18  sa.run.4  sa.run.5  sa.run.8  sa.run.9 
 85527.19  89232.66  91093.91  87393.12  88873.28  87920.03  89485.67 




===========================================


Begin running SignatureAnalyzer on data set Noiseless using seed 200437...



===========================================



 BestSignatureAnalyzerResult vector of K:
 sa.run.1 sa.run.10 sa.run.11 sa.run.12 sa.run.13 sa.run.14 sa.run.15 sa.run.16 
       25        25        25        25        25        25        25        25 
sa.run.17 sa.run.18 sa.run.19  sa.run.2 sa.run.20  sa.run.3  sa.run.4  sa.run.5 
       25        25        25        26        25        25        25        25 
 sa.run.6  sa.run.7  sa.run.8  sa.run.9 
       26        25        25        25 



 BestSignatureAnalyzerResult vector of evidence:
 sa.run.1 sa.run.10 sa.run.11 sa.run.12 sa.run.13 sa.run.14 sa.run.15 sa.run.16 
-60639.49 -60640.95 -60640.88 -60636.84 -60641.77 -60641.92 -60637.52 -60635.65 
sa.run.17 sa.run.18 sa.run.19  sa.run.2 sa.run.20  sa.run.3  sa.run.4  sa.run.5 
-60638.40 -60640.58 -60624.73 -59231.17 -60583.16 -60638.61 -60609.43 -60634.98 
 sa.run.6  sa.run.7  sa.run.8  sa.run.9 
-59236.46 -60641.78 -60578.32 -60632.50 



 BestSignatureAnalyzerResult  most common numbers of extracted signatures: 25 


 BestSignatureAnalyzerResult evidences for most common Ks:
 sa.run.1 sa.run.10 sa.run.11 sa.run.12 sa.run.13 sa.run.14 sa.run.15 sa.run.16 
-60639.49 -60640.95 -60640.88 -60636.84 -60641.77 -60641.92 -60637.52 -60635.65 
sa.run.17 sa.run.18 sa.run.19 sa.run.20  sa.run.3  sa.run.4  sa.run.5  sa.run.7 
-60638.40 -60640.58 -60624.73 -60583.16 -60638.61 -60609.43 -60634.98 -60641.78 
 sa.run.8  sa.run.9 
-60578.32 -60632.50 


