Loading required package: ICAMS
Loading required package: SynSigRun


===========================================


Begin running SignatureAnalyzer on data set Realistic using seed 145879...



===========================================


Error in RunSignatureAnalyzerOnFile(input.catalog = input.catalog, out.dir = out.dir,  : 
  ./SBS_2/raw_results/SignatureAnalyzer.results/Realistic/seed.145879/sa.run.1 already exits
Calls: system.time ... SignatureAnalyzerOneRun -> RunSignatureAnalyzerOnFile
In addition: Warning message:
In SynSigRun::SAMultiRunOneCatalog(num.runs = 20, signatureanalyzer.code.dir = SA_path,  :
  ./SBS_2/raw_results/SignatureAnalyzer.results/Realistic/seed.145879exists, overwriting
Timing stopped at: 0.165 0.021 0.252
Execution halted
Loading required package: ICAMS
Loading required package: SynSigRun
args: 310111


===========================================


Begin running SignatureAnalyzer on data set Realistic using seed 310111...



===========================================



 BestSignatureAnalyzerResult vector of K:
 sa.run.1 sa.run.10 sa.run.11 sa.run.12 sa.run.13 sa.run.14 sa.run.15 sa.run.16 
       62        60        62        63        62        61        62        63 
sa.run.17 sa.run.18 sa.run.19  sa.run.2 sa.run.20  sa.run.3  sa.run.4  sa.run.5 
       62        63        64        60        62        62        62        63 
 sa.run.6  sa.run.7  sa.run.8  sa.run.9 
       63        63        61        64 



 BestSignatureAnalyzerResult vector of evidence:
 sa.run.1 sa.run.10 sa.run.11 sa.run.12 sa.run.13 sa.run.14 sa.run.15 sa.run.16 
 88741.91  85945.97  87428.17  89377.09  88955.90  87087.35  87066.02  88428.72 
sa.run.17 sa.run.18 sa.run.19  sa.run.2 sa.run.20  sa.run.3  sa.run.4  sa.run.5 
 87607.10  87744.37  88723.19  85298.05  86827.78  87224.41  87285.01  90923.27 
 sa.run.6  sa.run.7  sa.run.8  sa.run.9 
 89161.10  89493.46  86786.43  89356.34 



 BestSignatureAnalyzerResult  most common numbers of extracted signatures: 62 


 BestSignatureAnalyzerResult evidences for most common Ks:
 sa.run.1 sa.run.11 sa.run.13 sa.run.15 sa.run.17 sa.run.20  sa.run.3  sa.run.4 
 88741.91  87428.17  88955.90  87066.02  87607.10  86827.78  87224.41  87285.01 




===========================================


Begin running SignatureAnalyzer on data set Noiseless using seed 310111...



===========================================



 BestSignatureAnalyzerResult vector of K:
 sa.run.1 sa.run.10 sa.run.11 sa.run.12 sa.run.13 sa.run.14 sa.run.15 sa.run.16 
       25        25        26        25        25        25        25        26 
sa.run.17 sa.run.18 sa.run.19  sa.run.2 sa.run.20  sa.run.3  sa.run.4  sa.run.5 
       25        25        25        26        25        25        25        25 
 sa.run.6  sa.run.7  sa.run.8  sa.run.9 
       25        25        25        25 



 BestSignatureAnalyzerResult vector of evidence:
 sa.run.1 sa.run.10 sa.run.11 sa.run.12 sa.run.13 sa.run.14 sa.run.15 sa.run.16 
-60575.68 -60638.41 -59236.41 -60641.02 -60639.09 -60575.92 -60641.06 -59236.48 
sa.run.17 sa.run.18 sa.run.19  sa.run.2 sa.run.20  sa.run.3  sa.run.4  sa.run.5 
-60638.30 -60629.48 -60637.69 -59239.39 -60641.46 -60632.66 -60639.17 -60637.54 
 sa.run.6  sa.run.7  sa.run.8  sa.run.9 
-60577.32 -60629.83 -60638.71 -60641.38 



 BestSignatureAnalyzerResult  most common numbers of extracted signatures: 25 


 BestSignatureAnalyzerResult evidences for most common Ks:
 sa.run.1 sa.run.10 sa.run.12 sa.run.13 sa.run.14 sa.run.15 sa.run.17 sa.run.18 
-60575.68 -60638.41 -60641.02 -60639.09 -60575.92 -60641.06 -60638.30 -60629.48 
sa.run.19 sa.run.20  sa.run.3  sa.run.4  sa.run.5  sa.run.6  sa.run.7  sa.run.8 
-60637.69 -60641.46 -60632.66 -60639.17 -60637.54 -60577.32 -60629.83 -60638.71 
 sa.run.9 
-60641.38 


