2022-06-22 21:45:49 running /apps/spack/opt/spack/linux-centos7-x86_64_v3/gcc-10.2.0/r-4.1.1-stoazpgh6taoehgncsokzcsmoxesfjdu/rlib/R/bin/exec/R --no-echo --no-restore --file=SBS/code/4e_SBS_NR_hdp_gamma_beta_20.R --args SBS/raw_results/4e_SBS_NR_hdp_gamma_beta_20 1076753
2022-06-22 21:45:49 running on seed 1076753
hdpx version 0.1.5.99
mSigHdp version 0.0.0.9019
Loading required package: ICAMS
Loading required package: hdpx
This is /data/rozen/home/gmssgr/R/x86_64-pc-linux-gnu-library/4.1 and hdpx v0.1.5.0099
Loading required package: mSigHdp
2022-06-22 21:45:56 starting analyses; output in subdir of SBS/raw_results/4e_SBS_NR_hdp_gamma_beta_20
2022-06-22 21:45:56SBS/raw_results/4e_SBS_NR_hdp_gamma_beta_20 already exists
2022-06-22 21:45:56 putting results in SBS/raw_results/4e_SBS_NR_hdp_gamma_beta_20/Realistic/seed.1076753
2022-06-22 21:45:56 seed_in_use=1076753


===========================================


Begin running mSigHdp on data set Realistic using seed 1076753...



===========================================


Runing run.setup.and.posterior on 2076753
Reading input catalog file ./SBS/input/Realistic/ground.truth.syn.catalog.csv
Runing run.setup.and.posterior on 3076753
Reading input catalog file ./SBS/input/Realistic/ground.truth.syn.catalog.csv
Runing run.setup.and.posterior on 4076753
Reading input catalog file ./SBS/input/Realistic/ground.truth.syn.catalog.csv
Runing run.setup.and.posterior on 5076753
Reading input catalog file ./SBS/input/Realistic/ground.truth.syn.catalog.csv
Runing run.setup.and.posterior on 6076753
Reading input catalog file ./SBS/input/Realistic/ground.truth.syn.catalog.csv
Runing run.setup.and.posterior on 7076753
Reading input catalog file ./SBS/input/Realistic/ground.truth.syn.catalog.csv
Runing run.setup.and.posterior on 8076753
Reading input catalog file ./SBS/input/Realistic/ground.truth.syn.catalog.csv
Runing run.setup.and.posterior on 9076753
Reading input catalog file ./SBS/input/Realistic/ground.truth.syn.catalog.csv
Guessed number of signatures (= Dirichlet process data clusters) = 46
Runing run.setup.and.posterior on 10076753
Reading input catalog file ./SBS/input/Realistic/ground.truth.syn.catalog.csv
0 1 1 1 1 1 1 1 1 1 2 2 2 2 2 2 2 2 2 2 2 2 2 2 2 2 2 2 2 2 2 2 2 2 2 2 2 2 2 2 2 2 2 2 2 2 2 2 2 2 2 2 2 2 2 2 2 2 2 2 2 2 2 2 2 2 2 2 2 2 3 3 3 3 3 3 3 3 3 3 3 3 3 3 3 3 3 3 3 3 3 3 3 3 3 3 3 3 3 3 3 3 3 3 3 3 3 3 3 3 3 3 3 3 3 3 3 3 3 3 3 3 3 3 3 3 3 3 3 3 4 4 4 4 4 4 4 4 4 4 4 4 4 4 4 4 4 4 4 4 4 4 4 4 4 4 4 4 4 4 4 4 4 4 4 4 4 4 4 4 4 4 4 4 4 4 4 4 4 4 4 4 4 4 4 4 4 4 4 4 5 5 5 5 5 5 5 5 5 5 5 5 5 5 5 5 5 5 5 5 5 5 5 5 5 5 5 5 5 5 5 5 5 5 5 5 5 5 5 5 5 5 5 5 5 5 5 5 5 5 5 5 5 5 5 5 5 5 5 5 6 6 6 6 6 6 6 6 6 6 6 6 6 6 6 6 6 6 6 6 6 6 6 6 6 6 6 6 6 6 6 6 6 6 6 6 6 6 6 6 6 6 6 6 6 6 6 6 6 6 6 6 6 6 6 6 6 6 6 6 7 7 7 7 7 7 7 7 7 7 7 7 7 7 7 7 7 7 7 7 7 7 7 7 7 7 7 7 7 7 7 7 7 7 7 7 7 7 7 7 7 7 7 7 7 7 7 7 7 7 7 7 7 7 7 7 7 7 7 7 8 8 8 8 8 8 8 8 8 8 8 8 8 8 8 8 8 8 8 8 8 8 8 8 8 8 8 8 8 8 8 8 8 8 8 8 8 8 8 8 8 8 8 8 8 8 8 8 8 8 8 8 8 8 8 8 8 8 8 8 9 9 9 9 9 9 9 9 9 9 9 9 9 9 9 9 9 9 9 9 9 9 9 9 9 9 9 9 9 9 9 9 9 9 9 9 9 9 9 9 9 9 9 9 9 9 9 9 9 9 9 9 9 9 9 9 9 9 9 9 10 10 10 10 10 10 10 10 10 10 10 10 10 10 10 10 10 10 10 10 10 10 10 10 10 10 10 10 10 10 10 10 10 10 10 10 10 10 10 10 10 10 10 10 10 10 10 10 10 10 10 10 10 10 10 10 10 10 10 10 
calling hdp_init 2022-06-22 21:45:56
Guessed number of signatures (= Dirichlet process data clusters) = 46
Runing run.setup.and.posterior on 11076753
Reading input catalog file ./SBS/input/Realistic/ground.truth.syn.catalog.csv
0 1 1 1 1 1 1 1 1 1 2 2 2 2 2 2 2 2 2 2 2 2 2 2 2 2 2 2 2 2 2 2 2 2 2 2 2 2 2 2 2 2 2 2 2 2 2 2 2 2 2 2 2 2 2 2 2 2 2 2 2 2 2 2 2 2 2 2 2 2 3 3 3 3 3 3 3 3 3 3 3 3 3 3 3 3 3 3 3 3 3 3 3 3 3 3 3 3 3 3 3 3 3 3 3 3 3 3 3 3 3 3 3 3 3 3 3 3 3 3 3 3 3 3 3 3 3 3 3 3 4 4 4 4 4 4 4 4 4 4 4 4 4 4 4 4 4 4 4 4 4 4 4 4 4 4 4 4 4 4 4 4 4 4 4 4 4 4 4 4 4 4 4 4 4 4 4 4 4 4 4 4 4 4 4 4 4 4 4 4 5 5 5 5 5 5 5 5 5 5 5 5 5 5 5 5 5 5 5 5 5 5 5 5 5 5 5 5 5 5 5 5 5 5 5 5 5 5 5 5 5 5 5 5 5 5 5 5 5 5 5 Guessed number of signatures (= Dirichlet process data clusters) = 46
5 5 5 5 5 5 5 5 5 6 6 6 6 6 6 6 6 6 6 6 6 6 6 6 6 6 6 6 6 6 6 6 6 6 6 6 6 6 6 6 6 6 6 6 6 6 6 6 6 6 6 6 6 6 6 6 6 6 6 6 6 6 6 6 6 6 6 6 6 7 7 7 7 7 7 7 7 7 7 7 7 7 7 7 7 7 7 7 7 7 7 7 7 7 7 7 7 7 7 7 7 7 7 7 7 7 7 7 7 7 7 7 7 7 7 7 7 7 7 7 7 7 7 7 7 7 7 7 7 8 8 8 8 8 8 8 8 8 8 8 8 8 8 8 8 8 8 8 8 8 8 8 8 8 8 8 8 8 8 8 8 8 8 8 8 8 8 8 8 8 8 8 8 8 8 8 8 8 8 8 8 8 8 8 8 8 8 8 8 9 9 9 9 9 9 9 9 9 9 9 9 9 9 9 9 9 9 9 9 9 9 9 9 9 9 9 9 9 9 9 9 9 9 9 9 9 9 9 9 9 9 9 9 9 9 9 9 9 9 9 9 9 9 9 9 9 9 9 9 10 10 10 10 10 10 10 10 10 10 10 10 10 10 10 10 10 10 10 10 10 10 10 10 10 10 10 10 10 10 10 10 10 10 10 10 10 10 10 10 10 10 10 10 10 10 10 10 10 10 10 10 10 10 10 10 10 10 10 10 
calling hdp_init 2022-06-22 21:45:56
0 1 1 1 1 1 1 1 1 1 2 2 2 2 2 2 2 2 2 2 2 2 2 2 2 2 2 2 2 2 2 2 2 2 2 2 2 2 2 2 2 2 2 2 2 2 2 2 2 2 2 2 2 2 2 2 2 2 2 2 2 Guessed number of signatures (= Dirichlet process data clusters) = 46
2 2 2 2 2 2 2 2 2 3 3 3 3 3 3 3 3 3 3 3 3 3 3 3 3 3 3 3 3 3 3 3 3 3 3 3 3 3 3 3 3 3 3 3 3 3 3 3 3 3 3 3 3 3 3 3 3 3 3 3 3 3 3 3 3 3 3 3 3 4 4 4 4 4 4 4 4 4 4 4 4 4 4 4 4 4 4 4 4 4 4 4 4 4 4 4 4 4 4 4 4 4 4 4 4 4 4 4 4 4 4 4 4 4 4 4 4 4 4 4 4 4 4 4 4 4 4 4 4 5 5 5 5 5 5 5 5 5 5 5 5 5 5 5 5 5 5 5 5 5 5 5 5 5 5 5 5 5 5 5 5 5 5 5 5 5 5 5 5 5 5 5 5 5 5 5 5 5 5 5 5 5 5 5 5 5 5 5 5 6 6 6 6 6 6 6 6 6 6 6 6 6 6 6 6 6 6 6 6 6 6 6 6 6 6 6 6 6 6 6 6 6 6 6 6 6 6 6 6 6 6 6 6 6 6 6 6 6 6 6 6 6 6 6 6 6 6 6 6 7 7 7 7 7 7 7 7 7 7 7 7 7 7 7 7 7 7 7 7 7 7 7 7 7 7 7 7 7 7 7 7 7 7 7 7 7 7 7 7 7 7 7Runing run.setup.and.posterior on 12076753
 7 7 7 7 7 7 7 7 7 7 7 7 7 7 7 7 7 8 8 8 8 8 8 8 8 8 8 8 8 8 8 8 8 8 8 8 8 8 8 8 8 8 8 8 8 8 8 8 8 8 8 8 8 8 8 8 8 8 8 8 8 8 8 8 8 8 8 8 8 8 8 8 8 8 8 8 8 9 9 9 9 9 9 9 9 9 9 9 9 9 9 9 9 9 9 9 9 9 9 9 9 9 9 9 9 9 9 9 9 9 9 9 9 9 9 9 9 9 9 9 9 9 9 9 9 9 9 9 9 9 9 9 9 9 9 9 9 10 10 10 10 10 10 10 10 10 10 10 10 10 10 10 10 10 10 10 10 10 10 10 10 10 10 10 10 10 10 10 10 10 10 10 10 10 10 10 10 10 10 10 10 10 10 10 10 10 10 10 10 10 10 10 10 10 10 10 10 
Guessed number of signatures (= Dirichlet process data clusters) = 46
calling hdp_init 2022-06-22 21:45:56
Reading input catalog file ./SBS/input/Realistic/ground.truth.syn.catalog.csv
0 1 1 1 1 1 1 1 1 1 2 2 2 2 2 2 2 2 2 2 2 2 2 2 2 2 2 2 2 2 2 2 2 2 2 2 2 2 2 2 2 2 2 2 2 2 2 2 2 2 2 2 2 2 2 2 2 2 2 2 2 2 2 2 2 2 2 2 2 2 3 3 3 3 3 3 3 3 3 3 3 3 3 3 3 3 3 3 3 3 3 3 3 3 3 3 3 3 3 3 3 3 3 3 3 3 3 3 3 3 3 3 3 3 3 3 3 3 3 3 3 3 3 3 3 3 3 3 3 3 4 4 4 4 4 4 4 4 4 4 4 4 4 4 4 4 4 4 4 4 4 4 4 4 4 4 4 4 4 4 4 4 4 4 4 4 4 4 4 4 4 4 4 4 4 4 4 4 4 4 4 4 4 4 4 4 4 4 4 4 5 5 5 5 5 5 5 5 5 5 5 5 5 5 5 5 5 5 5 5 5 5 5 5 5 5 5 5 5 5 5 5 5 5 5 5 5 5 5 5 5 5 5 5 5 5 5 5 5 5 5 5 5 5 5 5 5 5 5 5 6 6 6 6 6 6 6 6 6 6 6 6 6 6 6 6 6 6 6 6 6 6 6 6 6 6 6 6 6 6 6 6 6 6 6 6 6 6 6 60  6 16  16  16  16  16  16  16  16  16  26  26  26  26  26  26  26  26  26  26  27  27  27  27  27  27  72  72  72  72  72  27  27  27  27  27  27  27  27  27  27  27  7 27  27  27  27  27  27  27  2 72  72  72  27  27  27  27  2 72  72  72  7 27  27  27  27  27  27  27  27  27  37  37  37  37  37  37  3 73  73  73  73  83  83  83  83  83  83  38  38  38  38  38  83  83  8 38  38  38  38  38  38  38  38  38  38  38  38  38  38  38  38  38  38  38  38  38  83  83  83  8 38  83  83  83  83  38  38  38  38  38  38  38  48  48  48  48  4 84  84  48  48  48  49  49  49  49  49  49  49  4 94  49  49  49  49  49  49  49  49  49  49  49  94  94  9 49  49  94  49  4 9 4 94  94  94  49  49  49  49  9 49  49  49  9 49  49  49  49  49  49  49  94  9 49  49  49  49  59  59  59  95  95  95  95  95  105  105  105  105  105  105  105  105  105  105 Guessed number of signatures (= Dirichlet process data clusters) = 46
 105  105  105  105  105  105  105  105  105  105  105  510  510  510  510  510  510  510  510  105  105  105  105  105  105  105  105  105  105  510  510  510  510  510  510  5 105  105  105  105  105  105  106  106  106  106  106  106  106  106  106  
6 6 6 6 6 6 6 6 6 6 6 6 6 6 6 6 6 6 6 6 6 6 6 6 6 6 6 6 6 6 6 6 6 6 6 6 6 6 6 6 6 6 6 6 6 6 6 6 6 6 6 7 7 7 7 7 7 7 7 7 7 7 7 7 7 7 7 7 7 7 7 7 7 7 7 7 7 7 7 7 7 7 7 7 7 7 7 7 7 7 7 7 7 7 7 7 7 7 7 7 7 7 7 7 7 7 7 7 7 7 7 8 8 8 8 8 8 8 8 8 8 8 8 8 8 8 8 8 8 8 8 8 8 8 8 8 8 8 8 8 8 8 8 8 8 8 8 8 8 8 8 8 8 8 8 8 8 8 8 8 8 8 8 8 8 8 8 8 8 8 calling hdp_init 2022-06-22 21:45:56
8 9 9 9 9 9 9 9 9 Runing run.setup.and.posterior on 13076753
9 9 9 9 9 9 9 9 9 9 9 9 9 9 9 9 9 9 9 9 9 9 9 9 9 9 9 9 9 9 9 9 9 9 9 9 9 9 9 9 9 9 9 9 9 9 9 9 9 9 9 9 10 10 10 10 10 10 10 10 10 10 10 10 10 10 10 10 10 10 10 10 10 10 10 10 10 10 10 10 10 10 10 10 10 10 10 10 10 10 10 10 10 10 10 10 10 10 10 10 10 10 10 10 10 10 10 10 10 10 10 10 
calling hdp_init 2022-06-22 21:45:56
Reading input catalog file ./SBS/input/Realistic/ground.truth.syn.catalog.csv
0 1 1 1 1 1 1 1 1 1 2 2 2 2 2 2 2 2 2 2 2 2 2 2 2 2 2 2 2 2 2 2 2 2 2 2 2 2 2 2 2 2 2 2 2 2 2 2 2 2 2 2 2 2 2 2 2 2 2 2 2 2 2 2 2 2 2 2 2 2 3 3 3 3 3 3 3 3 3 3 3 3 3 3 3 3 3 3 3 3 3 3 3 3 3 3 3 3 3 3 3 3 3 3 3 3 3 3 3 3 3 3 3 3 3 3 3 3 3 3 3 3 3 3 3 3 3 3 3 3 4 4 4 4 4 4 4 4 4 4 4 4 4 4 4 4 4 4 4 4 4 4 4 4 4 4 4 4 4 4 4 4 4 4 4 4 4 4 4 4 4 4 4 4 4 4 4 4 4 4 4 4 4 4 4 4 4 4 4 4 5 5 5 5 5 5 5 5 5 5 5 5 5 5 5 5 5 5 5 5 5 5 5 5 5 5 5 5 5 5 5 5 5 5 5 5 5 5 5 5 5 5 5 5 5 5 5 5 5 5 5 5 5 5 5 5 5 5 5 5 6 6 6 6 6 6 6 6 6 6 6 6 6 6 6 6 6 6 6 6 6 6 6 6 6 6 6 6 6 6 6 6 6 6 6 6 6 6 6 6 6 6 6 6 6 6 6 6 6 6 6 6 6 6 6 6 6 6 6 6 7 7 7 7 7 7 7 7 7 7 7 7 7 7 7 7 7 7 7 7 7 7 7 7 7 7 7 7 7 7 7 7 7 7 7 7 7 7 7 7 7 7 7 7 7 7 7 7 7 7 7 7 7 7 7 7 7 7 7 7 8 8 8 8 8 8 8 8 8 8 8 8 8 8 8 8 8 8 8 8 8 8 8 8 8 8 8 8 8 8 8 8 8 8 8 8 8 8 8 8 8 8 8 8 8 8 8 8 8 8 8 8 8 8 8 8 8 8 8 8 9 9 9 9 9 9 9 9 9 9 9 9 9 9 9 9 9 9 9 9 9 9 9 9 9 9 9 9 9 9 9 9 9 9 9 9 9 9 9 9 9 9 9 9 9 9 9 9 9 9 9 9 9 9 9 9 9 9 9 9 10 10 10 10 10 10 10 10 10 10 10 10 10 10 10 10 10 10 10 10 10 10 10 10 10 10 10 10 10 10 10 10 10 10 10 10 10 10 10 10 10 10 10 10 10 10 10 10 10 10 10 10 10 10 10 10 10 10 10 10 
calling hdp_init 2022-06-22 21:45:56
Guessed number of signatures (= Dirichlet process data clusters) = 46
Runing run.setup.and.posterior on 14076753
0 1 1 1 1 1 1 1 1 1 2 2 2 2 2 2 2 2 2 2 2 2 2 2 2 2 2 2 2 2 2 2 2 2 2 2 2 2 2 2 2 2 2 2 2 2 2 2 2 2 2 2 2 2 2 2 2 2 2 2 2 2 2 2 2 2 2 2 2 2 3 3 3 3 3 3 3 3 3 3 3 3 3 3 3 3 3 3 3 3 3 3 3 3 3 3 3 3 3 3 3 3 3 3 3 3 3 3 3 3 3 3 3 3 3 3 3 3 3 3 3 3 3 3 3 3 3 3 3 3 4 4 4 4 4 4 4 4 4 4 4 4 4 4 4 4 4 4 4 4 4 4 4 4 4 4 4 4 4 4 4 4 4 4 4 4 4 4 4 4 4 4 4 4 4 4 4 4 4 4 4 4 4 4 4 4 4 4 4 4 5 5 5 5 5 5 5 5 5 5 5 5 5 5 5 5 5 5 5 5 5 5 5 5 5 5 5 5 5 5 5 5 5 5 5 5 5 5 5 5 5 5 5 5 5 5 5 5 5 5 5 5 5 5 5 5 5 5 5 5 6 6 6 6 6 6 6 6 6 6 6 6 6 6 6 6 6 6 6 6 6 6 6 6 6 6 6 6 6 6 6 6 6 6 6 6 6 6 6 6 6 6 6 6 6 6 6 6 6 6 6 6 6 6 6 6 6 6 6 6 7 7 7 7 7 7 7 7 7 7 7 7 7 7 7 7 7 7 7 7 7 7 7 7 7 7 7 7 7 7 7 7 7 7 7 7 7 7 7 7 7 7 7 7 7 7 7 7 7 7 7 7 7 7 7 7 7 7 7 7 8 8 8 8 8 8 8 8 8 8 8 8 8 8 8 8 8 8 8 8 8 8 8 8 8 8 8 8 8 8 8 8 8 8 8 8 8 8 8 8 8 8 8 8 8 8 8 8 8 8 8 8 8 8 8 8 8 8 8 8 9 9 9 9 9 9 9 9 9 9 9 9 9 9 9 9 9 9 9 9 9 9 9 9 9 9 9 9 9 9 9 9 9 9 9 9 9 9 9 9 9 9 9 9 9 9 9 9 9 9 9 9 9 9 Reading input catalog file ./SBS/input/Realistic/ground.truth.syn.catalog.csv
9 9 9 9 9 9 10 10 10 10 10 10 10 10 10 10 10 10 10 10 10 10 10 10 10 10 10 10 10 10 10 10 10 10 10 10 10 10 10 10 10 10 10 10 10 10 10 10 10 10 10 10 10 10 10 10 10 10 10 10 10 10 10 10 10 10 
calling hdp_init 2022-06-22 21:45:56
Guessed number of signatures (= Dirichlet process data clusters) = 46
0 1 1 1 1 1 1 1 1 1 2 2 2 2 2 2 2 2 2 2 2 2 2 2 2 2 2 2 2 2 2 2 2 2 2 2 2 2 2 2 2 2 2 2 2 2 2 2 2 2 2 2 2 2 2 2 2 2 2 2 2 2 2 2 2 2 2 2 2 2 3 3 3 3 3 3 3 3 3 3 3 3 3 3 3 3 3 3 3 3 3 3 3 3 3 3 3 3 3 3 3 3 3 3 3 3 3 3 3 3 3 3 3 3 3 3 3 3 3 3 3 3 3 3 3 3 3 3 3 3 4 4 4 4 4 4 4 4 4 4 4 4 4 4 4 4 4 4 4 4 4 4 4 4 4 4 4 4 4 4 4 4 4 4 4 4 4 4 4 4 4 4 4 4 4 4 4 4 4 4 4 4 4 4 4 4 4 4 4 4 5 5 5 5 5 5 5 5 5 5 5 5 5 5 5 5 5 5 5 5 5 5 5 5 5 5 5 5 5 5 5 5 5 5 5 5 5 5 5 5 5 5 5 5 5 5 5 5 5 5 5 5 5 5 5 5 5 5 5 5 6 6 6 6 6 6 6 6 6 6 6 6 6 6 6 6 6 6 6 6 6 6 6 6 6 6 6 6 6 6 6 6 6 6 6 6 6 6 6 6 6 6 6 6 6 6 6 6 6 6 6 6 6 6 6 6 6 6 6 6 7 7 7 7 7 7 7 7 7 7 7 7 7 7 7 7 7 7 7 7 7 7 7 7 7 7 7 7 7 7 7 7 7 7 7 7 7 7 7 7 7 7 7 7 7 7 7 7 7 7 7 7 7 7 7 7 7 7 7 7 8 8 8 8 8 8 8 8 8 8 8 8 8 8 8 8 8 8 8 8 8 8 8 8 8 8 8 8 8 8 8 8 8 8 8 8 8 8 8 8 8 8 8 8 8 8 8 8 8 8 8 8 8 8 8 8 8 8 8 8 9 9 9 9 9 9 9 9 9 9 9 9 9 9 9 9 9 9 9 9 9 9 9 9 9 9 9 9 9 9 9 9 9 9 9 9 9 9 9 9 9 9 9 9 9 9 9 9 9 9 9 9 9 9 9 9 9 9 9 9 10 10 10 10 10 10 10 10 10 10 10 10 10 10 10 10 10 10 10 10 10 10 10 10 10 10 10 10 10 10 10 10 10 10 10 10 10 10 10 10 10 10 10 10 10 10 10 10 10 10 10 10 10 10 10 10 10 10 10 10 
calling hdp_init 2022-06-22 21:45:56
Guessed number of signatures (= Dirichlet process data clusters) = 46
0 1 1 1 1 1 1 1 1 1 2 2 2 2 2 2 2 2 2 2 2 2 2 2 2 2 2 2 2 2 2 2 2 2 2 2 2 2 2 2 2 2 2 2 2 2 2 2 2 2 2 2 2 2 2 2 2 2 2 2 2 2 2 2 2 2 2 2 2 2 3 3 3 3 3 3 3 3 3 3 3 3 3 3 3 3 3 3 3 3 3 3 3 3 3 3 3 3 3 3 3 3 3 3 3 3 3 3 3 3 3 3 3 3 3 3 3 3 3 3 3 3 3 3 3 3 3 3 3 3 4 4 4 4 4 4 4 4 4 4 4 4 4 4 4 4 4 4 4 4 4 4 4 4 4 4 4 4 4 4 4 4 4 4 4 4 4 4 4 4 4 4 4 4 4 4 4 4 4 4 4 4 4 4 4 4 4 4 4 4 5 5 5 5 5 5 5 5 5 5 5 5 5 5 5 5 5 5 5 5 5 5 5 5 5 5 5 5 5 5 5 5 5 5 5 5 5 5 5 5 5 5 5 5 5 5 5 5 5 5 5 5 5 5 5 5 5 5 5 5 6 6 6 6 6 6 6 6 6 6 6 6 6 6 6 6 6 6 6 6 6 6 6 6 6 6 6 6 6 6 6 6 6 6 6 6 6 6 6 6 6 6 6 6 6 6 6 6 6 6 6 6 6 6 6 6 6 6 6 6 7 7 7 7 7 7 7 7 7 7 7 7 7 7 7 7 7 7 7 7 7 7 7 7 7 7 7 7 7 7 7 7 7 7 7 7 7 7 7 7 7 7 7 7 7 7 7 7 7 7 7 7 7 7 7 7 7 7 7 7 8 8 8 8 8 8 8 8 8 8 8 8 8 8 8 8 8 8 8 8 8 8 8 8 8 8 8 8 8 8 8 8 8 8 8 8 8 8 8 8 8 8 8 8 8 8 8 8 8 8 8 8 8 8 8 8 8 8 8 8 9 9 9 9 9 9 9 9 9 9 9 9 9 9 9 9 9 9 9 9 9 9 9 9 9 9 9 9 9 9 9 9 9 9 9 9 9 9 9 9 9 9 9 9 9 9 9 9 9 9 9 9 9 9 9 9 9 9 9 9 10 10 10 10 10 10 10 10 10 10 10 10 10 10 10 10 10 10 10 10 10 10 10 10 10 10 10 10 10 10 10 10 10 10 10 10 10 10 10 10 10 10 10 10 10 10 10 10 10 10 10 10 10 10 10 10 10 10 10 10 
Guessed number of signatures (= Dirichlet process data clusters) = 46
calling hdp_init 2022-06-22 21:45:56
Runing run.setup.and.posterior on 16076753
Runing run.setup.and.posterior on 15076753
Reading input catalog file ./SBS/input/Realistic/ground.truth.syn.catalog.csv
0 1 1 1 1 1 1 1 1 1 2 2 2 2 2 2 2 2 2 2 2 2 2 2 2 2 2 2 2 2 2 2 2 2 2 2 2 2 2 2 2 2 2 2 2 2 2 2 2 2 2 2 2 2 2 2 2 2 2 2 2 2 2 2 2 2 2 2 2 2 3 Reading input catalog file ./SBS/input/Realistic/ground.truth.syn.catalog.csv
3 3 3 3 3 3 3 3 3 3 3 3 3 3 3 3 3 3 3 3 3 3 3 3 3 3 3 3 3 3 3 3 3 3 3 3 3 3 3 3 3 3 3 3 3 3 3 3 3 3 3 3 3 3 3 3 3 3 3 4 4 4 4 4 4 4 4 4 4 4 4 4 4 4 4 4 4 4 4 4 4 4 4 4 4 4 4 4 4 4 4 4 4 4 4 4 4 4 4 4 4 4 4 4 4 4 4 4 4 4 4 4 4 4 4 4 4 4 4 5 5 5 5 5 5 5 5 5 5 5 5 5 5 5 5 5 5 5 5 5 5 5 5 5 5 5 5 5 5 5 5 5 5 5 5 5 5 5 5 5 5 5 5 5 5 5 5 5 5 5 5 5 5 5 5 5 5 5 5 6 6 6 6 6 6 6 6 6 6 6 6 6 6 6 6 6 6 6 6 6 6 6 6 6 6 6 6 6 6 6 6 6 6 6 6 6 6 6 6 6 6 6 6 6 6 6 6 6 6 6 6 6 6 6 6 6 6 6 6 7 7 7 7 7 7 7 7 7 7 7 7 7 7 7 7 7 7 7 7 7 7 7 7 7 7 7 7 7 7 7 7 7 7 7 7 7 7 7 7 7 7 7 7 7 7 7 7 7 7 7 7 7 7 7 7 7 7 7 7 8 8 8 8 8 8 8 8 8 8 8 8 8 8 8 8 8 8 8 8 8 8 8 8 8 8 8 8 8 8 8 8 8 8 8 8 8 8 8 8 8 8 8 8 8 8 8 8 8 8 8 8 8 8 8 8 8 8 8 8 9 9 9 9 9 9 9 9 9 9 9 9 9 9 9 9 9 9 9 9 9 9 9 9 9 9 9 9 9 9 9 9 9 9 9 9 9 9 9 9 9 9 9 9 9 9 9 9 9 9 9 9 9 9 9 9 9 9 9 9 10 10 10 10 10 10 10 10 10 10 10 10 10 10 10 10 10 10 10 10 10 10 10 10 10 10 10 10 10 10 10 10 10 10 10 10 10 10 10 10 10 10 10 10 10 10 10 10 10 10 10 10 10 10 10 10 10 10 10 10 
calling hdp_init 2022-06-22 21:45:56
Guessed number of signatures (= Dirichlet process data clusters) = 46
Runing run.setup.and.posterior on 17076753
Reading input catalog file ./SBS/input/Realistic/ground.truth.syn.catalog.csv
Guessed number of signatures (= Dirichlet process data clusters) = 46
0 1 1 1 1 01  1 1 1 1 12  12  12  12  12  21  21  21  21  22  22  2 22  22  22  22  22  22  22  22  22  22  22  22  22  22  22  22  22  22  22  22  22  22  22  22  22  22  22  22  22  22  22  22  22  22  22  22  22  22  22  22  22  22  2 22  22  22  22  22  23  23  3 23  23  23  23  23  23  23  23  23  3 33  33  33  33  33  33  33  33  33  33  33  33  33  33  3 33  33  33  33  33  33  33  33  33  33  33  33  33  33  33  33  33  33  33  33  33  33  33  33  33  33  33  33  33  33  33  33  34  34  34  43  43  43  43  43  43  43  43  43  43  43  44  44  44  4Runing run.setup.and.posterior on 18076753
4  4 44  44  4 44  4 4 4 4 44  4 4 4 4 4 4 4 4 4 4 4 4 4 4 4 4 4 4 44  44  44  44  44  44  44  44  44  44  44  44  44  44  44  44  44  44  44  44  44  44  44  44  44  54  54  45  45  45  45  45  45  45  45  45  45  45  45  45  45  55  55  55  55  55  55  55  55  55  55  55  55  55  55  55  55  55  55  55  55  55  55  55  55  55  55  55  55  55  55  55  55  55  55  55  55  55  55  55  55  55  55  55  55  56  5Reading input catalog file ./SBS/input/Realistic/ground.truth.syn.catalog.csv
 5 5 5 5 5 5 5 5 5 5 5 5 5 5 6 6 6 6 6 6 6 6 6 6 6 6 6 6 6 6 6 6 6 6 6 6 6 6 6 6 6 6 6 6 6 6 6 6 6 6 6 6 6 6 6 6 6 6 6 6 6 6 6 6 6 6 6 6 6 6 6 6 6 6 7 7 7 7 7 7 7 7 7 7 7 7 7 7 7 7 7 7 7 7 7 7 7 7 7 7 7 7 7 7 7 7 7 7 7 7 7 7 7 7 7 7 7 7 7 7 7 7 7 7 7 7 7 7 7 7 7 7 7 7 8 8 8 8 8 8 8 8 8 8 8 8 8 8 8 8 8 8 8 8 8 8 8 8 8 8 8 8 8Guessed number of signatures (= Dirichlet process data clusters) = 46
 8 8 8 8 8 8 8 8 8 8 8 8 8 8 8 8 8 8 8 8 8 8 8 8 8 8 8 8 8 8 8 9 9 9 9 9 9 9 9 9 9 9 9 9 9 9 9 9 9 9 9 9 9 9 9 9 9 9 9 9 9 9 9 9 9 9 9 9 9 9 9 9 9 9 9 9 9 9 9 9 9 9 9 9 9 9 9 9 9 9 9 10 10 10 10 10 10 10 10 10 10 10 10 10 10 10 10 10 10 10 10 10 10 10 10 10 10 10 10 10 10 10 10 10 10 10 10 10 10 10 10 10 10 10 10 10 10 10 10 10 10 10 10 10 10 10 10 10 10 10 10 
calling hdp_init 2022-06-22 21:45:56
0 1 1 1 1 1 1 1 1 1 2 2 2 2 2 2 2 2 2 2 2 2 2 2 2 2 2 2 2 2 2 2 2 2 2 2 2 2 2 2 2 2 2 2 2 2 2 2 2 2 2 2 2 2 2 2 2 2 2 2 2 2 2 2 2 2 2 2 2 2 3 3 3 3 3 3 3 3 3 3 3 3 3 3 3 3 3 3 3 3 3 3 3 3 3 3 3 3 3 3 3 3 3 3 3 3 3 3 3 3 3 3 3 3 3 3 3 3 3 3 3 3 3 3 3 3 3 3 3 3 4 4 4 4 4 4 4 4 4 4 4 4 4 4 4 4 4 4 4 4 4 4 4 4 4 4 4 4 4 4 4 4 4 4 4 4 4 4 4 4 4 4 4 4 4 4 4 4 4 4 4 4 4 4 4 4 4 4 4 4 5 5 5 5 5 5 5 5 5 5 5 5 5 5 5 5 5 5 5 5 5 5 5 5 5 5 65  56  56  56  56  56  56  56  56  56  56  56  56  56  56  5 65  65  65  65  65  65  65  6 56  56  56  56  56  56  56  56  56  56  56  66  66  66  66  66  66  66  66  66  66  66  66  66  66  66  66  66  66  66  66  66  66  66  66  66  76  76  76  76  76  76  76  76  76  76  76  76  76  76  76  76  67  67  67  67  67  67  67  67  67  67  67  67  67  67  6 76  76  76  76  77  77  7 77  77  77  77  77  7 77  7 77  77  77  77  77  77  77  77  77  77  77  77  77  77  77  77  77  78  78  78  7 87  87  87  78  87  87  87  78  78  78  78  78  78  78  78  78  78  78  78  78  78  78  78  78  78  78  78  7 87  88  88  88  88  88  88  88  88  88  88  88  88  88  88  88  88  88  88  88  88  88  88  88  88  88  88  88  88  88  98  98  89  89  89  89  89  89  89  89  89  89  89  98  98  98  98  98  98  98  98  9 9 89  98  98  98  98  98  98  98  98  98  99  99  99  99  99  99  99  99  99  99  99  99  99  99  99  99  99  99  99  99  99  99  99  99  99  99  99  9 109  109  109  109  109  109  109  109  109  109  109  109  109  109  109  109  109  109  109  109  109  109  109  109  109  109  109  109  910  910  910  910  1010  1010  1010  1010  10 1010  1010  1010  1010  1010  1010  1010  1010  1010  1010  1010  1010  1010  1010  1010  1010  1010  1010  1010  1010  1010  1010  1010  1010  
10 10 10 10 10 10 10 10 10 10 10 10 10 10 10 10 10 10 10 10 10 10 10 10 10 10 10 10 10 10 10 
calling hdp_init 2022-06-22 21:45:56
calling hdp_init 2022-06-22 21:45:56
Guessed number of signatures (= Dirichlet process data clusters) = 46
0 Runing run.setup.and.posterior on 20076753
1 1 1 1 1 1 1 1 1 2 2 2 2 2 2 2 2 2 2 2 2 2 2 2 2 2 2 2 2 2 2 2 2 2 2 2 2 2 2 2 2 2 2 2 2 2 2 2 2 2 2 2 2 2 2 2 2 2 2 2 2 2 2 2 2 2 2 2 2 3 3 3 3 3 3 3 3 3 3 3 3 3 3 3 3 3 3 3 3 3 3 3 3 3 3 3 3 3 3 3 3 3 3 3 3 3 3 3 3 3 3 3 3 3 3 3 3 3 3 3 3 3 3 3 3 3 3 3 3 4 4 4 4 4 4 4 4 4 4 4 4 4 4 4 4 4 4 4 4 4 4 4 4 4 4 4 4 4 4 4 4 4 4 4 4 4 4 4 4 4 4 4 4 4 4 4 4 4 4 4 4 4 4 4 4 4 4 4 4 5 5 5 5 5 5 5 5 5 5 5 5 5 5 5 5 5 5 5 5 5 5 5 5 5 5 5 5 5 5 5 5 5 5 5 5 5 5 5 5 5 5 5 5 5 5 5 5 5 5 5 5 5 5 5 5 5 5 5 5 6 6 6 6 6 6 6 6 6 6 6 6 6 6 6 6 6 6 6 6 6 6 6 6 6 6 6 6 6 6 6 6 6 6 6 6 6 6 6 6 6 6 6 6 6 6 6 6 6 6 6 6 6 6 6 6 6 6 6 6 7 7 7 7 7 7 7 7 7 7 7 7 7 7 7 7 7 7 7 7 7 7 7 7 7 7 7 7 7 7 7 7 7 7 7 7 7 7 7 7 7 7 7 7 7 7 7 7 7 7 7 7 7 7 7 7 7 7 7 7 8 8 8 8 8 8 8 8 8 8 8 8 8 8 8 8 8 8 8 8 8 8 8 8 8 8 8 8 8 8 8 8 8 8 8 8 8 8 8 8 8 8 8 8 8 8 8 8 8 8 8 8 8 8 8 8 8 8 8 8 9 9 9 9 9 9 9 9 9 9 9 9 9 9 9 9 9 9 9 9 9 9 9 9 9 9 9 9 9 9 9 9 9 9 9 9 9 9 9 9 9 9 9 9 9 9 9 9 9 9 9 9 9 9 9 9 9 9 9 9 10 10 10 10 10 10 10 10 10 10 10 10 10 10 10 10 10 10 Reading input catalog file ./SBS/input/Realistic/ground.truth.syn.catalog.csv
10 10 10 10 10 10 10 10 10 10 10 10 10 10 10 10 10 10 10 10 10 10 10 10 10 10 10 10 10 10 10 10 10 10 10 10 10 10 10 10 10 10 
calling hdp_init 2022-06-22 21:45:56
Runing run.setup.and.posterior on 19076753
Reading input catalog file ./SBS/input/Realistic/ground.truth.syn.catalog.csv
Guessed number of signatures (= Dirichlet process data clusters) = 46
0 1 1 1 1 1 1 1 1 1 2 2 2 2 2 2 2 2 2 2 2 2 2 2 2 2 2 2 2 2 2 2 2 2 2 2 2 2 2 2 2 2 2 2 2 2 2 2 2 2 2 2 2 2 2 2 2 2 2 2 2 2 2 2 2 2 2 2 2 2 3 3 3 3 3 3 3 3 3 3 3 3 3 3 3 3 3 3 3 3 3 3 3 3 3 3 3 3 3 3 3 3 3 3 3 3 3 3 3 3 3 3 3 3 3 3 3 3 3 3 3 3 3 3 3 3 3 3 3 3 4 4 4 4 4 4 4 4 4 4 4 4 4 4 4 4 4 4 4 4 4 4 4 4 4 4 4 4 4 4 4 4 4 4 4 4 4 4 4 4 4 4 4 4 4 4 4 4 4 4 4 4 4 4 4 4 4 4 4 4 5 5 5 5 5 5 5 5 5 5 5 5 5 5 5 5 5 5 5 5 5 5 5 5 5 5 5 5 5 5 5 5 5 5 5 5 5 5 5 5 5 5 5 5 5 5 5 5 5 5 5 5 5 5 5 5 5 5 5 5 6 6 6 6 6 6 6 6 6 6 6 6 6 6 6 6 6 6 6 6 6 6 6 6 6 6 6 6 6 6 6 6 6 6 6 6 6 6 6 6 6 6 6 6 6 6 6 6 6 6 6 6 6 6 6 6 6 6 6 6 7 7 7 7 7 7 7 7 7 7 7 7 7 7 7 7 7 7 7 7 7 7 7 7 7 7 7 7 7 7 7 7 7 7 7 7 7 7 7 7 7 7 7 7 7 7 7 7 7 7 7 7 7 7 7 7 7 7 7 7 8 8 8 8 8 8 8 8 8 8 8 8 8 8 8 8 8 8 8 8 8 8 8 8 8 8 8 8 8 8 8 8 8 8 8 8 8 8 8 8 8 8 8 8 8 8 8 8 8 8 8 8 8 8 8 8 8 8 8 8 9 9 9 9 9 9 9 9 9 9 9 9 9 9 9 9 9 9 9 9 9 9 9 9 9 9 9 9 9 9 9 9 9 9 9 9 9 9 9 9 9 9 9 9 9 9 9 9 9 9 9 9 9 9 9 9 9 9 9 9 10 10 10 10 10 10 10 10 10 10 10 10 10 10 10 10 10 10 10 10 10 10 10 10 10 10 10 10 10 10 10 10 10 10 10 10 10 10 10 10 10 10 10 10 10 10 10 10 10 10 10 10 10 10 10 10 10 10 10 10 
calling hdp_init 2022-06-22 21:45:56
Runing run.setup.and.posterior on 21076753
Reading input catalog file ./SBS/input/Realistic/ground.truth.syn.catalog.csv
Guessed number of signatures (= Dirichlet process data clusters) = 46
0 1 1 1 1 1 1 1 1 1 2 2 2 2 2 2 2 2 2 2 2 2 2 2 2 2 2 2 2 2 2 2 2 2 2 2 2 2 2 2 2 2 2 2 2 2 2 2 2 2 2 2 2 2 2 2 2 2 2 2 2 2 2 2 2 2 2 2 2 2 3 3 3 3 3 3 3 3 3 3 3 3 3 3 3 3 3 3 3 3 3 3 3 3 3 3 3 3 3 3 3 3 3 3 3 3 3 3 3 3 3 3 3 3 3 3 3 3 3 3 3 3 3 3 3 3 3 3 3 3 4 4 4 4 4 4 4 4 4 4 4 4 4 4 4 4 4 4 4 4 4 4 4 4 4 4 4 4 4 4 4 4 4 4 4 4 4 4 4 4 4 4 4 4 4 4 4 4 4 4 4 4 4 4 4 4 4 4 4 4 5 5 5 5 5 5 5 5 5 5 5 5 5 5 5 5 5 5 5 5 5 5 5 5 5 5 5 5 5 5 5 5 5 5 5 5 5 5 5 5 5 5 5 5 5 5 5 5 5 5 5 5 5 5 5 5 5 5 5 5 6 6 6 6 6 6 6 6 6 6 6 6 6 6 6 6 6 6 6 6 6 6 6 6 6 6 6 6 6 6 6 6 6 6 6 6 6 6 6 6 6 6 6 6 6 6 6 6 6 6 6 6 6 6 6 6 6 6 6 6 7 7 7 7 7 7 7 7 7 7 7 7 7 7 7 7 7 7 7 7 7 7 7 7 7 7 7 7 7 7 7 7 7 7 7 7 7 7 7 7 7 7 7 7 7 7 7 7 7 7 7 7 7 7 7 7 7 7 7 7 8 8 8 8 8 8 8 8 8 8 8 8 8 8 8 8 8 8 8 8 8 8 8 8 8 8 8 8 8 8 8 8 8 8 8 8 8 8 8 8 8 8 8 8 8 8 8 8 8 8 8 8 8 8 8 8 8 8 8 8 9 9 9 9 9 9 9 9 9 9 9 9 9 9 9 9 9 9 9 9 9 9 9 9 9 9 9 9 9 9 9 9 9 9 9 9 9 9 9 9 9 9 9 9 9 9 9 9 9 9 9 9 9 9 9 9 9 9 9 9 10 10 10 10 10 10 10 10 10 10 10 10 10 10 10 10 10 10 10 10 10 10 10 10 10 10 10 10 10 10 10 10 10 10 10 10 10 10 10 10 10 10 10 10 10 10 10 10 10 10 10 10 10 10 10 10 10 10 10 10 
calling hdp_init 2022-06-22 21:45:56
Guessed number of signatures (= Dirichlet process data clusters) = 46
Guessed number of signatures (= Dirichlet process data clusters) = 46
0 1 1 1 1 1 1 1 1 1 2 2 2 2 2 2 2 2 2 2 2 2 2 2 2 2 2 2 2 2 2 2 2 2 2 2 2 2 2 2 2 2 2 2 2 2 2 2 2 2 2 2 2 2 2 2 2 2 2 2 2 2 2 2 2 2 2 2 2 2 3 3 3 3 3 3 3 3 3 3 3 3 3 3 3 3 3 3 3 3 3 3 3 3 3 3 3 3 3 3 3 3 3 3 3 3 3 3 3 3 3 3 3 3 3 3 3 3 3 3 3 3 3 3 3 3 3 3 3 3 4 4 4 4 4 4 4 4 4 4 4 4 4 4 4 4 4 4 4 4 4 4 4 4 4 4 4 4 4 4 4 4 4 4 4 4 4 4 4 4 4 4 4 4 4 4 4 4 4 4 4 4 4 4 4 4 4 4 4 4 5 5 5 5 5 5 5 5 5 5 5 5 5 5 5 5 5 5 5 5 5 5 5 5 5 5 5 5 5 5 5 5 5 5 5 5 5 5 5 5 5 5 5 5 5 5 5 5 5 5 5 5 5 5 5 5 5 5 5 5 6 6 6 6 6 6 6 6 6 6 6 6 6 6 6 6 6 6 6 6 6 6 6 6 6 6 6 6 6 6 6 6 6 6 6 6 6 6 6 6 6 6 6 6 6 6 6 6 6 6 6 6 6 6 6 6 6 6 6 6 7 7 7 7 7 7 7 7 7 7 7 7 7 7 7 7 7 7 7 7 7 7 7 7 7 7 7 7 7 7 7 7 7 7 7 7 7 7 7 7 7 7 7 7 7 7 7 7 7 7 7 7 7 7 7 7 7 7 7 7 8 8 8 8 8 8 8 8 8 8 8 8 8 8 8 8 8 8 8 8 8 8 8 8 8 8 8 8 8 8 8 8 8 8 8 8 8 8 8 8 8 8 8 8 8 8 8 8 8 8 8 8 8 8 8 8 8 8 8 8 9 9 9 9 9 9 9 9 9 9 9 9 9 9 9 9 9 9 9 9 9 9 9 9 9 9 9 9 9 9 9 9 9 9 9 9 9 9 9 9 9 9 9 9 9 9 9 9 9 9 9 9 9 9 9 9 9 9 9 9 10 10 10 10 10 10 10 10 10 10 10 10 10 10 10 10 10 10 10 10 10 10 10 10 10 10 10 10 10 10 10 10 10 10 10 10 10 10 10 10 10 10 10 10 10 10 10 10 10 10 10 10 10 10 10 10 10 10 10 10 
calling hdp_init 2022-06-22 21:45:57
Guessed number of signatures (= Dirichlet process data clusters) = 46
0 1 1 1 1 1 1 1 1 1 2 2 2 2 2 2 2 2 2 2 2 2 2 2 2 2 2 2 2 2 2 2 2 2 2 2 2 2 2 2 2 2 2 2 2 2 2 2 2 2 2 2 2 2 2 2 2 2 2 2 2 2 2 2 2 2 2 2 2 2 3 3 3 3 3 3 3 3 3 3 3 3 3 3 3 3 3 3 3 3 3 3 3 3 3 3 3 3 3 3 3 3 3 3 3 3 3 3 3 3 3 3 3 3 3 3 3 3 3 3 3 3 3 3 3 3 3 3 3 3 4 4 4 4 4 4 4 4 4 4 4 4 4 4 4 4 4 4 4 4 4 4 4 4 4 4 4 4 4 4 4 4 4 4 4 4 4 4 4 4 4 4 4 4 4 4 4 4 4 4 4 4 4 4 4 4 4 4 4 4 5 5 5 5 5 5 5 5 5 5 5 5 5 5 5 5 5 5 5 5 5 5 5 5 5 5 5 5 5 5 5 5 5 5 5 5 5 5 5 5 5 5 5 5 5 5 5 5 5 5 5 5 5 5 5 5 5 5 5 5 6 6 6 6 6 6 6 6 6 6 6 6 6 6 6 6 6 6 6 6 6 6 6 6 6 6 6 6 6 6 6 6 6 6 6 6 6 6 6 6 6 6 6 6 6 6 6 6 6 6 6 6 6 6 6 6 6 6 6 6 7 7 7 7 7 7 7 7 7 7 7 7 7 7 7 7 7 7 7 7 7 7 7 7 7 7 7 7 7 7 7 7 7 7 7 7 7 7 7 7 7 7 7 7 7 7 7 7 7 7 7 7 7 7 7 7 7 7 7 7 8 8 8 8 8 8 8 8 8 8 8 8 8 8 8 8 8 8 8 8 8 8 8 8 8 8 8 8 8 8 8 8 8 8 8 8 8 8 8 8 8 8 8 8 8 8 8 8 8 8 8 8 8 8 8 8 8 8 8 8 9 9 9 9 9 9 9 9 9 9 9 9 9 9 9 9 9 9 9 9 9 9 9 9 9 9 9 9 9 9 9 9 9 9 9 9 9 9 9 9 9 9 9 9 9 9 9 9 9 9 9 9 9 9 9 9 9 9 9 9 10 10 10 10 10 10 10 10 10 10 10 10 10 10 10 10 10 10 10 10 10 10 10 10 10 10 10 10 10 10 10 10 10 10 10 10 10 10 10 10 10 10 10 10 10 10 10 10 10 10 10 10 10 10 10 10 10 10 10 10 
calling hdp_init 2022-06-22 21:45:57
0 1 1 1 1 1 1 1 1 1 2 2 2 2 2 2 2 2 2 2 2 2 2 2 2 2 2 2 2 2 2 2 2 2 2 2 2 2 2 2 2 2 2 2 2 2 2 2 2 2 2 2 2 2 2 2 2 2 2 2 2 2 2 2 2 2 2 2 2 2 3 3 3 3 3 3 3 3 3 3 3 3 3 3 3 3 3 3 3 3 3 3 3 3 3 3 3 3 3 3 3 3 3 3 3 3 3 3 3 3 3 3 3 3 3 3 3 3 3 3 3 3 3 3 3 3 3 3 3 3 4 4 4 4 4 4 4 4 4 4 4 4 4 4 4 4 4 4 4 4 4 4 4 4 4 4 4 4 4 4 4 4 4 4 4 4 4 4 4 4 4 4 4 4 4 4 4 4 4 4 4 4 4 4 4 4 4 4 4 4 5 5 5 5 5 5 5 5 5 5 5 5 5 5 5 5 5 5 5 5 5 5 5 5 5 5 5 5 5 5 5 5 5 5 5 5 5 5 5 5 5 5 5 5 5 5 5 5 5 5 5 5 5 5 5 5 5 5 5 5 6 6 6 6 6 6 6 6 6 6 6 6 6 6 6 6 6 6 6 6 6 6 6 6 6 6 6 6 6 6 6 6 6 6 6 6 6 6 6 6 6 6 6 6 6 6 6 6 6 6 6 6 6 6 6 6 6 6 6 6 7 7 7 7 7 7 7 7 7 7 7 7 7 7 7 7 7 7 7 7 7 7 7 7 7 7 7 7 7 7 7 7 7 7 7 7 7 7 7 7 7 7 7 7 7 7 7 7 7 7 7 7 7 7 7 7 7 7 7 7 8 8 8 8 8 8 8 8 8 8 8 8 8 8 8 8 8 8 8 8 8 8 8 8 8 8 8 8 8 8 8 8 8 8 8 8 8 8 8 8 8 8 8 8 8 8 8 8 8 8 8 8 8 8 8 8 8 8 8 8 9 9 9 9 9 9 9 9 9 9 9 9 9 9 9 9 9 9 9 9 9 9 9 9 9 9 9 9 9 9 9 9 9 9 9 9 9 9 9 9 9 9 9 9 9 9 9 9 9 9 9 9 9 9 9 9 9 9 9 9 10 10 10 10 10 10 10 10 10 10 10 10 10 10 10 10 10 10 10 10 10 10 10 10 10 10 10 10 10 10 10 10 10 10 10 10 10 10 10 10 10 10 10 10 10 10 10 10 10 10 10 10 10 10 10 10 10 10 10 10 
calling hdp_init 2022-06-22 21:45:57
Guessed number of signatures (= Dirichlet process data clusters) = 46
0 1 1 1 1 1 1 1 1 1 2 2 2 2 2 2 2 2 2 2 2 2 2 2 2 2 2 2 2 2 2 2 2 2 2 2 2 2 2 2 2 2 2 2 2 2 2 2 2 2 2 2 2 2 2 2 2 2 2 2 2 2 2 2 2 2 2 2 2 2 3 3 3 3 3 3 3 3 3 3 3 3 3 3 3 3 3 3 3 3 3 3 3 3 3 3 3 3 3 3 3 3 3 3 3 3 3 3 3 3 3 3 3 3 3 3 3 3 3 3 3 3 3 3 3 3 3 3 3 3 4 4 4 4 4 4 4 4 4 4 4 4 4 4 4 4 4 4 4 4 4 4 4 4 4 4 4 4 4 4 4 4 4 4 4 4 4 4 4 4 4 4 4 4 4 4 4 4 4 4 4 4 4 4 4 4 4 4 4 4 5 5 5 5 5 5 5 5 5 5 5 5 5 5 5 5 5 5 5 5 5 5 5 5 5 5 5 5 5 5 5 5 5 5 5 5 5 5 5 5 5 5 5 5 5 5 5 5 5 5 5 5 5 5 5 5 5 5 5 5 6 6 6 6 6 6 6 6 6 6 6 6 6 6 6 6 6 6 6 6 6 6 6 6 6 6 6 6 6 6 6 6 6 6 6 6 6 6 6 6 6 6 6 6 6 6 6 6 6 6 6 6 6 6 6 6 6 6 6 6 7 7 7 7 7 7 7 7 7 7 7 7 7 7 7 7 7 7 7 7 7 7 7 7 7 7 7 7 7 7 7 7 7 7 7 7 7 7 7 7 7 7 7 7 7 7 7 7 7 7 7 7 7 7 7 7 7 7 7 7 8 8 8 8 8 8 8 8 8 8 8 8 8 8 8 8 8 8 8 8 8 8 8 8 8 8 8 8 8 8 8 8 8 8 8 8 8 8 8 8 8 8 8 8 8 8 8 8 8 8 8 8 8 8 8 8 8 8 8 8 9 9 9 9 9 9 9 9 9 9 9 9 9 9 9 9 9 9 9 9 9 9 9 9 9 9 9 9 9 9 9 9 9 9 9 9 9 9 9 9 9 9 9 9 9 9 9 9 9 9 9 9 9 9 9 9 9 9 9 9 10 10 10 10 10 10 10 10 10 10 10 10 10 10 10 10 10 10 10 10 10 10 10 10 10 10 10 10 10 10 10 10 10 10 10 10 10 10 10 10 10 10 10 10 10 10 10 10 10 10 10 10 10 10 10 10 10 10 10 10 
calling hdp_init 2022-06-22 21:45:57
calling hdp_setdata 2022-06-22 21:45:57
calling hdp_setdata 2022-06-22 21:45:57
calling hdp_setdata 2022-06-22 21:45:57
calling hdp_setdata 2022-06-22 21:45:57
calling hdp_setdata 2022-06-22 21:45:57
calling hdp_setdata 2022-06-22 21:45:57
calling hdp_setdata 2022-06-22 21:45:57
calling hdp_setdata 2022-06-22 21:45:57
calling hdp_setdata 2022-06-22 21:45:57
calling hdp_setdata 2022-06-22 21:45:57
calling hdp_setdata 2022-06-22 21:45:57
calling hdp_setdata 2022-06-22 21:45:57
calling hdp_setdata 2022-06-22 21:45:57
calling hdp_setdata 2022-06-22 21:45:57
calling hdp_setdata 2022-06-22 21:45:57
calling hdp_setdata 2022-06-22 21:45:57
calling hdp_setdata 2022-06-22 21:45:57
calling hdp_setdata 2022-06-22 21:45:57
calling hdp_setdata 2022-06-22 21:45:57
calling hdp_setdata 2022-06-22 21:45:57
calling dp_activate 2022-06-22 21:45:58
calling dp_activate 2022-06-22 21:45:58
calling dp_activate 2022-06-22 21:45:58
calling dp_activate 2022-06-22 21:45:58
calling dp_activate 2022-06-22 21:45:58
calling dp_activate 2022-06-22 21:45:58
calling dp_activate 2022-06-22 21:45:58
calling dp_activate 2022-06-22 21:45:58
calling dp_activate 2022-06-22 21:45:58
calling dp_activate 2022-06-22 21:45:58
calling dp_activate 2022-06-22 21:45:58
calling dp_activate 2022-06-22 21:45:58
calling dp_activate 2022-06-22 21:45:58
calling dp_activate 2022-06-22 21:45:58
calling dp_activate 2022-06-22 21:45:58
calling dp_activate 2022-06-22 21:45:58
calling dp_activate 2022-06-22 21:45:59
calling dp_activate 2022-06-22 21:45:59
calling dp_activate 2022-06-22 21:45:59
calling dp_activate 2022-06-22 21:45:59
calling hdp_posterior, seed = 8076753 2022-06-22 21:46:03
calling hdp_posterior, seed = 6076753 2022-06-22 21:46:03
calling hdp_posterior, seed = 11076753 2022-06-22 21:46:03
calling hdp_posterior, seed = 2076753 2022-06-22 21:46:03
calling hdp_posterior, seed = 9076753 2022-06-22 21:46:03
calling hdp_posterior, seed = 7076753 2022-06-22 21:46:03
calling hdp_posterior, seed = 5076753 2022-06-22 21:46:03
calling hdp_posterior, seed = 4076753 2022-06-22 21:46:03
calling hdp_posterior, seed = 16076753 2022-06-22 21:46:03
calling hdp_posterior, seed = 13076753 2022-06-22 21:46:03
calling hdp_posterior, seed = 17076753 2022-06-22 21:46:03
calling hdp_posterior, seed = 18076753 2022-06-22 21:46:03
calling hdp_posterior, seed = 14076753 2022-06-22 21:46:03
calling hdp_posterior, seed = 20076753 2022-06-22 21:46:03
calling hdp_posterior, seed = 21076753 2022-06-22 21:46:03
calling hdp_posterior, seed = 10076753 2022-06-22 21:46:04
calling hdp_posterior, seed = 15076753 2022-06-22 21:46:08
calling hdp_posterior, seed = 12076753 2022-06-22 21:46:08
calling hdp_posterior, seed = 19076753 2022-06-22 21:46:08
calling hdp_posterior, seed = 3076753 2022-06-22 21:46:08
[1] "100000 burn-in iterations in 8152.6 mins"
[1] "time 8275.4 ETC 9832.2 mins"
[1] "time 8399.1 ETC 9881.3 mins"
[1] "100000 burn-in iterations in 8506.9 mins"
[1] "time 8522.6 ETC 9929.2 mins"
[1] "100000 burn-in iterations in 8545.6 mins"
[1] "100000 burn-in iterations in 8546.8 mins"
[1] "time 8625.9 ETC 10248.6 mins"
[1] "100000 burn-in iterations in 8641.6 mins"
[1] "time 8647.0 ETC 9977.3 mins"
[1] "time 8670.0 ETC 10301.0 mins"
[1] "time 8674.1 ETC 10305.8 mins"
[1] "time 8746.2 ETC 10289.7 mins"
[1] "100000 burn-in iterations in 8748.9 mins"
[1] "time 8756.8 ETC 10404.1 mins"
[1] "time 8772.8 ETC 10026.1 mins"
[1] "time 8794.9 ETC 10346.9 mins"
[1] "time 8802.9 ETC 10356.4 mins"
[1] "100000 burn-in iterations in 8803.0 mins"
[1] "100000 burn-in iterations in 8857.2 mins"
[1] "time 8867.0 ETC 10330.5 mins"
[1] "time 8872.3 ETC 10541.4 mins"
[1] "time 8872.4 ETC 10438.1 mins"
[1] "time 8900.2 ETC 10075.6 mins"
[1] "time 8920.4 ETC 10392.7 mins"
[1] "100000 burn-in iterations in 8922.1 mins"
[1] "time 8923.0 ETC 10601.6 mins"
[1] "time 8932.0 ETC 10406.2 mins"
[1] "time 8985.7 ETC 10676.1 mins"
[1] "time 8987.3 ETC 10370.0 mins"
[1] "time 8988.7 ETC 10472.3 mins"
[1] "time 8996.8 ETC 10584.4 mins"
[1] "100000 burn-in iterations in 9006.8 mins"
[1] "100000 burn-in iterations in 9019.9 mins"
[1] "time 9029.5 ETC 10126.5 mins"
[1] "100000 burn-in iterations in 9033.8 mins"
[1] "time 9043.4 ETC 10639.3 mins"
[1] "time 9047.6 ETC 10439.5 mins"
[1] "time 9053.3 ETC 10756.3 mins"
[1] "time 9061.6 ETC 10455.6 mins"
[1] "time 9105.9 ETC 10506.8 mins"
[1] "time 9107.2 ETC 10408.3 mins"
[1] "time 9115.5 ETC 10724.1 mins"
[1] "time 9122.6 ETC 10628.3 mins"
[1] "time 9134.7 ETC 10853.1 mins"
[1] "100000 burn-in iterations in 9142.7 mins"
[1] "time 9151.8 ETC 10873.5 mins"
[1] "time 9159.8 ETC 10177.6 mins"
[1] "time 9161.7 ETC 10885.2 mins"
[1] "time 9164.6 ETC 10677.2 mins"
[1] "time 9176.4 ETC 10487.3 mins"
[1] "100000 burn-in iterations in 9180.8 mins"
[1] "time 9185.7 ETC 10806.7 mins"
[1] "time 9190.8 ETC 10503.7 mins"
[1] "time 9223.6 ETC 10541.2 mins"
[1] "time 9227.8 ETC 10446.6 mins"
[1] "time 9245.7 ETC 10771.7 mins"
[1] "time 9248.9 ETC 10671.8 mins"
[1] "time 9269.1 ETC 11012.8 mins"
[1] "time 9275.6 ETC 10912.4 mins"
[1] "time 9283.6 ETC 10921.9 mins"
[1] "time 9289.6 ETC 10227.1 mins"
[1] "time 9291.5 ETC 10931.2 mins"
[1] "time 9305.3 ETC 10736.9 mins"
[1] "time 9306.9 ETC 10536.1 mins"
[1] "time 9309.3 ETC 11060.5 mins"
[1] "time 9318.7 ETC 10856.7 mins"
[1] "time 9319.4 ETC 10550.3 mins"
[1] "time 9342.4 ETC 10576.3 mins"
[1] "time 9375.6 ETC 10715.0 mins"
[1] "time 9376.9 ETC 10819.5 mins"
[1] "time 9377.0 ETC 10516.3 mins"
[1] "time 9396.1 ETC 11054.3 mins"
[1] "time 9416.4 ETC 10970.5 mins"
[1] "time 9420.3 ETC 10276.7 mins"
[1] "time 9421.5 ETC 10976.5 mins"
[1] "time 9437.8 ETC 11103.3 mins"
[1] "time 9439.3 ETC 10586.1 mins"
[1] "time 9448.3 ETC 10596.2 mins"
[1] "time 9451.1 ETC 10905.1 mins"
[1] "time 9457.7 ETC 10808.8 mins"
[1] "time 9461.7 ETC 10611.3 mins"
[1] "100000 burn-in iterations in 9471.1 mins"
[1] "100000 burn-in iterations in 9472.5 mins"
[1] "100000 burn-in iterations in 9481.7 mins"
[1] "time 9500.1 ETC 10555.7 mins"
[1] "time 9502.3 ETC 10757.3 mins"
[1] "time 9502.6 ETC 11071.0 mins"
[1] "time 9508.8 ETC 10867.2 mins"
[1] "time 9523.5 ETC 11095.3 mins"
[1] "time 9550.1 ETC 11019.3 mins"
[1] "time 9550.5 ETC 10324.8 mins"
[1] "time 9550.8 ETC 11020.2 mins"
[1] "time 9565.9 ETC 11144.7 mins"
[1] "time 9571.6 ETC 10635.1 mins"
[1] "time 9577.2 ETC 10641.3 mins"
[1] "time 9579.7 ETC 10644.1 mins"
[1] "time 9583.6 ETC 10952.7 mins"
[1] "time 9605.1 ETC 11412.0 mins"
[1] "time 9606.1 ETC 11413.2 mins"
[1] "time 9612.1 ETC 11420.3 mins"
[1] "time 9622.5 ETC 10893.4 mins"
[1] "time 9629.0 ETC 10798.8 mins"
[1] "time 9640.4 ETC 11123.6 mins"
[1] "time 9642.4 ETC 10916.0 mins"
[1] "time 9650.8 ETC 11135.5 mins"
[1] "time 9650.8 ETC 10624.8 mins"
[1] "time 9680.3 ETC 10371.8 mins"
[1] "time 9681.1 ETC 11064.1 mins"
[1] "time 9683.7 ETC 11067.1 mins"
[1] "time 9694.9 ETC 11186.5 mins"
[1] "time 9697.5 ETC 10676.2 mins"
[1] "time 9703.9 ETC 10683.2 mins"
[1] "time 9706.6 ETC 10686.2 mins"
[1] "100000 burn-in iterations in 9713.6 mins"
[1] "time 9716.6 ETC 10999.9 mins"
[1] "time 9739.3 ETC 11458.0 mins"
[1] "time 9741.1 ETC 11460.1 mins"
[1] "time 9743.1 ETC 11462.5 mins"
[1] "time 9746.1 ETC 10930.2 mins"
[1] "time 9757.8 ETC 10842.0 mins"
[1] "time 9770.5 ETC 11166.3 mins"
[1] "time 9775.6 ETC 10664.3 mins"
[1] "time 9776.5 ETC 10964.3 mins"
[1] "time 9778.0 ETC 11174.8 mins"
[1] "time 9810.7 ETC 10418.5 mins"
[1] "time 9813.5 ETC 11109.7 mins"
[1] "time 9817.0 ETC 10709.5 mins"
[1] "time 9818.8 ETC 11115.6 mins"
[1] "time 9824.4 ETC 11227.9 mins"
[1] "time 9836.9 ETC 10731.2 mins"
[1] "time 9838.5 ETC 10732.9 mins"
[1] "time 9849.7 ETC 11046.4 mins"
[1] "time 9852.6 ETC 11706.1 mins"
[1] "time 9870.4 ETC 10967.1 mins"
[1] "time 9873.7 ETC 11503.3 mins"
[1] "time 9874.3 ETC 11504.0 mins"
[1] "time 9878.0 ETC 11508.4 mins"
[1] "time 9887.9 ETC 10885.8 mins"
[1] "time 9901.1 ETC 10703.8 mins"
[1] "time 9901.1 ETC 11208.8 mins"
[1] "time 9905.7 ETC 11214.0 mins"
[1] "time 9912.5 ETC 11013.8 mins"
[1] "100000 burn-in iterations in 9921.5 mins"
[1] "time 9938.5 ETC 10744.4 mins"
[1] "time 9940.9 ETC 10464.1 mins"
[1] "time 9947.7 ETC 11156.3 mins"
[1] "time 9953.6 ETC 11162.9 mins"
[1] "time 9953.9 ETC 11268.6 mins"
[1] "time 9968.3 ETC 10776.6 mins"
[1] "time 9972.8 ETC 10781.4 mins"
[1] "100000 burn-in iterations in 9975.5 mins"
[1] "time 9983.1 ETC 11092.4 mins"
[1] "time 9991.8 ETC 11755.1 mins"
[1] "time 9995.0 ETC 11003.7 mins"
[1] "time 10005.9 ETC 11545.3 mins"
[1] "time 10008.8 ETC 11548.6 mins"
[1] "time 10015.4 ETC 11556.2 mins"
[1] "time 10018.3 ETC 10929.1 mins"
[1] "time 10027.2 ETC 10743.4 mins"
[1] "time 10032.5 ETC 11251.4 mins"
[1] "time 10033.0 ETC 11252.0 mins"
[1] "time 10047.9 ETC 11061.9 mins"
[1] "time 10055.6 ETC 11947.3 mins"
[1] "time 10060.1 ETC 10778.7 mins"
[1] "time 10071.2 ETC 10509.1 mins"
[1] "time 10083.8 ETC 11204.2 mins"
[1] "time 10084.0 ETC 11309.2 mins"
[1] "time 10088.5 ETC 11209.4 mins"
[1] "time 10100.9 ETC 10822.4 mins"
[1] "time 10106.8 ETC 10828.7 mins"
[1] "time 10111.2 ETC 12013.3 mins"
[1] "time 10118.5 ETC 11139.7 mins"
[1] "time 10119.9 ETC 11039.9 mins"
[1] "time 10132.8 ETC 11805.2 mins"
[1] "time 10138.6 ETC 11586.9 mins"
[1] "time 10143.9 ETC 11593.0 mins"
[1] "time 10148.2 ETC 10971.1 mins"
[1] "time 10152.0 ETC 10780.9 mins"
[1] "time 10152.4 ETC 11602.8 mins"
[1] "time 10160.9 ETC 11289.9 mins"
[1] "time 10163.2 ETC 11292.5 mins"
[1] "time 10181.9 ETC 10812.6 mins"
[1] "time 10183.8 ETC 11109.6 mins"
[1] "time 10190.4 ETC 11988.7 mins"
[1] "time 10201.5 ETC 10553.3 mins"
[1] "time 10216.1 ETC 11351.2 mins"
[1] "time 10221.2 ETC 11252.7 mins"
[1] "time 10223.8 ETC 11255.5 mins"
[1] "time 10233.7 ETC 10867.7 mins"
[1] "time 10240.9 ETC 10875.3 mins"
[1] "time 10245.5 ETC 11076.3 mins"
[1] "time 10247.8 ETC 12056.2 mins"
[1] "time 10254.0 ETC 11186.2 mins"
[1] "time 10271.1 ETC 11627.7 mins"
[1] "time 10274.8 ETC 11855.5 mins"
[1] "time 10277.8 ETC 10818.8 mins"
[1] "time 10278.8 ETC 11013.0 mins"
[1] "time 10282.0 ETC 11640.0 mins"
[1] "time 10288.8 ETC 11327.1 mins"
[1] "time 10289.1 ETC 11648.0 mins"
[1] "time 10295.2 ETC 11334.2 mins"
[1] "time 10304.6 ETC 10847.0 mins"
[1] "time 10320.8 ETC 11157.7 mins"
[1] "time 10326.2 ETC 12030.6 mins"
[1] "time 10332.8 ETC 10597.8 mins"
[1] "time 10348.5 ETC 11392.8 mins"
[1] "time 10359.1 ETC 11300.8 mins"
[1] "time 10359.7 ETC 11301.5 mins"
[1] "time 10368.6 ETC 10914.3 mins"
[1] "time 10371.7 ETC 11112.5 mins"
[1] "time 10374.4 ETC 10920.4 mins"
[1] "time 10385.2 ETC 12099.3 mins"
[1] "time 10389.6 ETC 11232.0 mins"
[1] "time 10403.6 ETC 10856.0 mins"
[1] "time 10405.0 ETC 11669.2 mins"
[1] "time 10410.0 ETC 11054.8 mins"
[1] "time 10416.6 ETC 11904.7 mins"
[1] "time 10417.3 ETC 11364.3 mins"
[1] "time 10419.7 ETC 11685.7 mins"
[1] "time 10426.9 ETC 11374.8 mins"
[1] "time 10427.0 ETC 11693.8 mins"
[1] "time 10428.9 ETC 10882.4 mins"
[1] "time 10459.0 ETC 11206.1 mins"
[1] "time 10462.8 ETC 12072.4 mins"
[1] "time 10464.7 ETC 10642.1 mins"
[1] "time 10481.5 ETC 11434.4 mins"
[1] "time 10495.2 ETC 11346.2 mins"
[1] "time 10498.1 ETC 11148.4 mins"
[1] "time 10498.3 ETC 11349.5 mins"
[1] "time 10502.0 ETC 10958.6 mins"
[1] "time 10508.9 ETC 10965.8 mins"
[1] "time 10523.8 ETC 12142.9 mins"
[1] "time 10525.4 ETC 11277.2 mins"
[1] "time 10529.5 ETC 10892.5 mins"
[1] "time 10540.3 ETC 11711.4 mins"
[1] "time 10541.2 ETC 11096.1 mins"
[1] "time 10546.1 ETC 11401.2 mins"
[1] "time 10555.0 ETC 10918.9 mins"
[1] "time 10557.9 ETC 11952.4 mins"
[1] "time 10559.1 ETC 11415.2 mins"
[1] "time 10559.2 ETC 11732.5 mins"
[1] "time 10563.6 ETC 11737.3 mins"
[1] "time 10598.3 ETC 11254.8 mins"
[1] "time 10598.3 ETC 10687.4 mins"
[1] "time 10599.3 ETC 12113.5 mins"
[1] "time 10615.3 ETC 11475.9 mins"
[1] "time 10625.0 ETC 11184.2 mins"
[1] "time 10633.1 ETC 11392.6 mins"
[1] "time 10635.3 ETC 11002.1 mins"
[1] "time 10637.5 ETC 11397.3 mins"
[1] "time 10644.2 ETC 11011.3 mins"
[1] "time 10655.8 ETC 10929.0 mins"
[1] "time 10661.1 ETC 11321.6 mins"
[1] "time 10662.0 ETC 12185.1 mins"
[1] "time 10673.0 ETC 11137.0 mins"
[1] "time 10675.0 ETC 11437.5 mins"
[1] "time 10676.6 ETC 11754.1 mins"
[1] "time 10681.5 ETC 10955.4 mins"
[1] "time 10693.1 ETC 11456.9 mins"
[1] "time 10697.6 ETC 11777.2 mins"
[1] "time 10700.0 ETC 12000.0 mins"
[1] "time 10700.9 ETC 11780.8 mins"
[1] "time 10731.5 ETC 10731.5 mins"
compute sample.chain time: 
 user.self 643805.912
 sys.self 68.61
 elapsed 643893.308
 user.child 0
 sys.child 0
[1] "time 10736.0 ETC 12154.0 mins"
[1] "time 10737.6 ETC 11302.8 mins"
[1] "time 10749.0 ETC 11516.7 mins"
[1] "time 10752.1 ETC 11219.5 mins"
[1] "time 10769.3 ETC 11045.5 mins"
[1] "time 10771.1 ETC 11438.3 mins"
[1] "time 10776.3 ETC 11443.8 mins"
[1] "time 10780.8 ETC 11057.2 mins"
[1] "time 10783.5 ETC 10966.3 mins"
[1] "time 10797.5 ETC 11365.7 mins"
[1] "time 10801.1 ETC 12227.6 mins"
[1] "time 10804.4 ETC 11473.7 mins"
[1] "time 10805.0 ETC 11177.5 mins"
[1] "time 10808.8 ETC 10992.0 mins"
[1] "time 10812.9 ETC 11795.9 mins"
[1] "time 10828.3 ETC 11499.0 mins"
[1] "time 10837.0 ETC 11822.2 mins"
[1] "time 10838.5 ETC 11823.8 mins"
[1] "time 10842.7 ETC 12047.4 mins"
[1] "time 10873.2 ETC 12194.3 mins"
[1] "time 10876.2 ETC 11349.1 mins"
[1] "time 10879.5 ETC 11254.7 mins"
[1] "time 10882.3 ETC 11556.5 mins"
[1] "time 10902.6 ETC 11087.4 mins"
[1] "time 10911.1 ETC 11485.3 mins"
[1] "time 10912.4 ETC 11004.1 mins"
[1] "time 10914.9 ETC 11489.3 mins"
[1] "time 10918.6 ETC 11103.7 mins"
[1] "time 10934.0 ETC 11509.5 mins"
[1] "time 10934.8 ETC 11410.2 mins"
[1] "time 10936.7 ETC 11217.2 mins"
[1] "time 10937.5 ETC 11029.4 mins"
[1] "time 10939.9 ETC 12269.0 mins"
[1] "time 10949.7 ETC 11837.5 mins"
[1] "time 10963.6 ETC 11540.7 mins"
[1] "time 10977.1 ETC 11867.1 mins"
[1] "time 10977.4 ETC 11867.4 mins"
[1] "time 10985.4 ETC 12094.0 mins"
[1] "time 11006.8 ETC 11289.0 mins"
[1] "time 11011.4 ETC 12234.9 mins"
[1] "time 11015.1 ETC 11395.0 mins"
[1] "time 11015.6 ETC 11595.4 mins"
[1] "time 11037.8 ETC 11130.5 mins"
[1] "time 11042.3 ETC 11042.3 mins"
compute sample.chain time: 
 user.self 659200.441
 sys.self 70.125
 elapsed 662540.212
 user.child 0
 sys.child 0
[1] "time 11052.5 ETC 11533.1 mins"
[1] "time 11053.3 ETC 11533.8 mins"
[1] "time 11057.5 ETC 11150.5 mins"
[1] "time 11064.2 ETC 11545.2 mins"
[1] "time 11066.4 ETC 11066.4 mins"
compute sample.chain time: 
 user.self 663886.842
 sys.self 68.003
 elapsed 663987.878
 user.child 0
 sys.child 0
[1] "time 11068.9 ETC 11256.5 mins"
[1] "time 11072.6 ETC 11454.4 mins"
[1] "time 11078.8 ETC 12309.8 mins"
[1] "time 11086.5 ETC 11878.4 mins"
[1] "time 11099.6 ETC 11582.2 mins"
[1] "time 11116.3 ETC 11910.4 mins"
[1] "time 11118.1 ETC 11912.3 mins"
[1] "time 11129.7 ETC 12141.5 mins"
[1] "time 11135.2 ETC 11323.9 mins"
[1] "time 11150.0 ETC 12275.2 mins"
[1] "time 11150.0 ETC 11634.8 mins"
[1] "time 11153.9 ETC 11439.9 mins"
[1] "time 11173.5 ETC 11173.5 mins"
compute sample.chain time: 
 user.self 670322.605
 sys.self 66.66
 elapsed 670408.628
 user.child 0
 sys.child 0
[1] "time 11191.5 ETC 11577.4 mins"
[1] "time 11194.4 ETC 11580.4 mins"
[1] "time 11194.4 ETC 11580.4 mins"
[1] "time 11195.5 ETC 11195.5 mins"
compute sample.chain time: 
 user.self 671639.292
 sys.self 69.827
 elapsed 671730.304
 user.child 0
 sys.child 0
[1] "time 11201.8 ETC 11295.9 mins"
[1] "time 11210.3 ETC 11497.7 mins"
[1] "time 11221.3 ETC 12353.7 mins"
[1] "time 11225.6 ETC 11921.0 mins"
[1] "time 11237.0 ETC 11624.5 mins"
[1] "time 11255.9 ETC 11953.2 mins"
[1] "time 11259.8 ETC 11957.3 mins"
[1] "time 11264.0 ETC 11358.6 mins"
[1] "time 11273.9 ETC 12188.0 mins"
[1] "time 11286.0 ETC 11675.1 mins"
[1] "time 11288.2 ETC 12314.4 mins"
[1] "time 11292.9 ETC 11484.3 mins"
[1] "time 11326.3 ETC 11616.7 mins"
[1] "time 11331.0 ETC 11621.5 mins"
[1] "time 11334.6 ETC 11334.6 mins"
compute sample.chain time: 
 user.self 679983.874
 sys.self 70.55
 elapsed 680078.539
 user.child 0
 sys.child 0
[1] "time 11336.9 ETC 11627.6 mins"
[1] "time 11349.5 ETC 11541.9 mins"
[1] "time 11362.4 ETC 12395.3 mins"
[1] "time 11364.6 ETC 11962.7 mins"
[1] "time 11374.8 ETC 11666.5 mins"
[1] "time 11393.9 ETC 11393.9 mins"
compute sample.chain time: 
 user.self 677481.078
 sys.self 68.97
 elapsed 683637.324
 user.child 0
 sys.child 0
[1] "time 11395.3 ETC 11995.1 mins"
[1] "time 11403.6 ETC 12003.8 mins"
[1] "time 11419.7 ETC 12235.4 mins"
[1] "time 11422.5 ETC 11715.4 mins"
[1] "time 11425.8 ETC 12352.3 mins"
[1] "time 11434.2 ETC 11530.3 mins"
[1] "time 11458.9 ETC 11653.1 mins"
[1] "time 11471.3 ETC 11665.7 mins"
[1] "time 11481.0 ETC 11675.6 mins"
[1] "time 11488.7 ETC 11585.3 mins"
[1] "time 11503.4 ETC 12436.1 mins"
[1] "time 11505.0 ETC 12005.2 mins"
[1] "time 11513.4 ETC 11708.6 mins"
[1] "time 11536.1 ETC 12037.7 mins"
[1] "time 11547.3 ETC 12049.4 mins"
[1] "time 11559.6 ETC 11755.5 mins"
[1] "time 11564.1 ETC 12390.1 mins"
[1] "time 11566.2 ETC 12282.7 mins"
[1] "time 11577.9 ETC 11577.9 mins"
compute sample.chain time: 
 user.self 693510.846
 sys.self 70.645
 elapsed 694677.878
 user.child 0
 sys.child 0
[1] "time 11591.4 ETC 11688.9 mins"
[1] "time 11612.9 ETC 11710.4 mins"
[1] "time 11625.2 ETC 11722.9 mins"
[1] "time 11628.2 ETC 11628.2 mins"
compute sample.chain time: 
 user.self 697596.589
 sys.self 73.912
 elapsed 697691.577
 user.child 0
 sys.child 0
[1] "time 11643.7 ETC 12475.4 mins"
[1] "time 11645.7 ETC 12047.3 mins"
[1] "time 11651.7 ETC 11749.6 mins"
[1] "time 11678.0 ETC 12080.7 mins"
[1] "time 11692.3 ETC 12095.5 mins"
[1] "time 11697.5 ETC 11795.8 mins"
[1] "time 11703.1 ETC 12428.1 mins"
[1] "time 11711.9 ETC 12328.4 mins"
[1] "time 11725.8 ETC 11725.8 mins"
compute sample.chain time: 
 user.self 702752.417
 sys.self 69.321
 elapsed 703549.343
 user.child 0
 sys.child 0
[1] "time 11755.5 ETC 11755.5 mins"
compute sample.chain time: 
 user.self 705240.455
 sys.self 71.261
 elapsed 705331.707
 user.child 0
 sys.child 0
[1] "time 11769.9 ETC 11769.9 mins"
compute sample.chain time: 
 user.self 706101.876
 sys.self 73.696
 elapsed 706196.906
 user.child 0
 sys.child 0
[1] "time 11784.4 ETC 12514.4 mins"
[1] "time 11785.9 ETC 12088.2 mins"
[1] "time 11790.5 ETC 11790.5 mins"
compute sample.chain time: 
 user.self 700267.52
 sys.self 73.246
 elapsed 707431.906
 user.child 0
 sys.child 0
[1] "time 11819.3 ETC 12122.4 mins"
[1] "time 11836.3 ETC 11836.3 mins"
compute sample.chain time: 
 user.self 710086.709
 sys.self 72.084
 elapsed 710180.501
 user.child 0
 sys.child 0
[1] "time 11837.9 ETC 12141.4 mins"
[1] "time 11841.4 ETC 12464.7 mins"
[1] "time 11857.0 ETC 12372.5 mins"
[1] "time 11924.8 ETC 12552.5 mins"
[1] "time 11926.9 ETC 12129.0 mins"
[1] "time 11961.8 ETC 12164.5 mins"
[1] "time 11979.7 ETC 12500.6 mins"
[1] "time 11983.3 ETC 12186.4 mins"
[1] "time 12002.3 ETC 12416.1 mins"
[1] "time 12065.4 ETC 12590.0 mins"
[1] "time 12066.6 ETC 12168.0 mins"
[1] "time 12104.6 ETC 12206.3 mins"
[1] "time 12118.8 ETC 12536.7 mins"
[1] "time 12127.9 ETC 12229.8 mins"
[1] "time 12147.9 ETC 12459.4 mins"
[1] "time 12206.3 ETC 12627.2 mins"
[1] "time 12207.2 ETC 12207.2 mins"
compute sample.chain time: 
 user.self 730162.478
 sys.self 76.748
 elapsed 732433.195
 user.child 0
 sys.child 0
[1] "time 12247.7 ETC 12247.7 mins"
compute sample.chain time: 
 user.self 734766.865
 sys.self 77.021
 elapsed 734865.298
 user.child 0
 sys.child 0
[1] "time 12260.5 ETC 12574.9 mins"
[1] "time 12272.6 ETC 12272.6 mins"
compute sample.chain time: 
 user.self 736266.954
 sys.self 73.005
 elapsed 736360.61
 user.child 0
 sys.child 0
[1] "time 12292.3 ETC 12500.7 mins"
[1] "time 12347.8 ETC 12664.4 mins"
[1] "time 12403.0 ETC 12613.2 mins"
[1] "time 12437.6 ETC 12542.2 mins"
[1] "time 12489.6 ETC 12701.3 mins"
[1] "time 12546.1 ETC 12651.5 mins"
[1] "time 12582.8 ETC 12582.8 mins"
compute sample.chain time: 
 user.self 753543.809
 sys.self 78.004
 elapsed 754970.905
 user.child 0
 sys.child 0
[1] "time 12631.4 ETC 12737.5 mins"
[1] "time 12690.3 ETC 12690.3 mins"
compute sample.chain time: 
 user.self 761249.175
 sys.self 79.585
 elapsed 761420.649
 user.child 0
 sys.child 0
[1] "time 12774.4 ETC 12774.4 mins"
compute sample.chain time: 
 user.self 760934.554
 sys.self 78.339
 elapsed 766465.171
 user.child 0
 sys.child 0
Reading input catalog file ./SBS/input/Realistic/ground.truth.syn.catalog.csv
calling hdp_extract_components 2022-07-01 18:40:37
hdp_extract_components time: 
 user.self 24789.244
 sys.self 548.546
 elapsed 25339.321
 user.child 0
 sys.child 0
calling hdpx::comp_categ_distn 2022-07-02 01:42:57
Calling hdpx::comp_dp_distn 2022-07-02 01:42:57
Using existing out.dir SBS/raw_results/4e_SBS_NR_hdp_gamma_beta_20/Realistic/seed.1076753
Writing HDP diagnostics
Writing signatures
Writing exposures
