2022-06-22 21:45:47 running /apps/spack/opt/spack/linux-centos7-x86_64_v3/gcc-10.2.0/r-4.1.1-stoazpgh6taoehgncsokzcsmoxesfjdu/rlib/R/bin/exec/R --no-echo --no-restore --file=SBS/code/4e_SBS_NR_hdp_gamma_beta_20.R --args SBS/raw_results/4e_SBS_NR_hdp_gamma_beta_20 200437
2022-06-22 21:45:47 running on seed 200437
hdpx version 0.1.5.99
mSigHdp version 0.0.0.9019
Loading required package: ICAMS
Loading required package: hdpx
This is /data/rozen/home/gmssgr/R/x86_64-pc-linux-gnu-library/4.1 and hdpx v0.1.5.0099
Loading required package: mSigHdp
2022-06-22 21:45:53 starting analyses; output in subdir of SBS/raw_results/4e_SBS_NR_hdp_gamma_beta_20
2022-06-22 21:45:53SBS/raw_results/4e_SBS_NR_hdp_gamma_beta_20 already exists
2022-06-22 21:45:53 putting results in SBS/raw_results/4e_SBS_NR_hdp_gamma_beta_20/Realistic/seed.200437
2022-06-22 21:45:53 seed_in_use=200437


===========================================


Begin running mSigHdp on data set Realistic using seed 200437...



===========================================


Runing run.setup.and.posterior on 1200437
Reading input catalog file ./SBS/input/Realistic/ground.truth.syn.catalog.csv
Runing run.setup.and.posterior on 2200437
Reading input catalog file ./SBS/input/Realistic/ground.truth.syn.catalog.csv
Runing run.setup.and.posterior on 3200437
Reading input catalog file ./SBS/input/Realistic/ground.truth.syn.catalog.csv
Runing run.setup.and.posterior on 4200437
Reading input catalog file ./SBS/input/Realistic/ground.truth.syn.catalog.csv
Runing run.setup.and.posterior on 5200437
Reading input catalog file ./SBS/input/Realistic/ground.truth.syn.catalog.csv
Runing run.setup.and.posterior on 6200437
Guessed number of signatures (= Dirichlet process data clusters) = 46
Reading input catalog file ./SBS/input/Realistic/ground.truth.syn.catalog.csv
0 1 1 1 1 1 1 1 1 1 2 2 2 2 2 2 2 2 2 2 2 2 2 2 2 2 2 2 2 2 2 2 2 2 2 2 2 2 2 2 2 2 2 2 2 2 2 2 2 2 2 2 2 2 2 2 2 2 2 2 2 2 2 2 2 2 2 2 2 2 3 3 3 3 3 3 3 3 3 3 3 3 3 3 3 3 3 3 3 3 3 3 3 3 3 3 3 3 3 3 3 3 3 3 3 3 3 3 3 3 3 3 3 3 3 3 3 3 3 3 3 3 3 3 3 3 3 3 3 3 4 4 4 4 4 4 4 4 4 4 4 4 4 4 4 4 4 4 4 4 4 4 4 4 4 4 4 4 4 4 4 4 4 4 4 4 4 4 4 4 4 4 4 4 4 4 4 4 4 4 4 4 4 4 4 4 4 4 4 4 5 5 5 5 5 5 5 5 5 5 5 5 5 5 5 5 5 5 5 5 5 5 5 5 5 5 5 5 5 5 5 5 5 5 5 5 5 5 5 5 5 5 5 5 5 5 5 5 5 5 5 5 5 5 5 5 5 5 5 5 6 6 6 6 6 6 6 6 6 6 6 6 6 6 6 6 6 6 6 6 6 6 6 6 6 6 6 6 6 6 6 6 6 6 6 6 6 6 6 6 6 6 6 6 6 6 6 6 6 6 6 6 6 6 6 6 6 6 6 6 7 7 7 7 7 7 7 7 7 7 7 7 7 7 7 7 7 7 7 7 7 7 7 7 7 7 7 7 7 7 7 7 7 7 7 7 7 7 7 7 7 7 7 7 7 7 7 7 7 7 7 7 7 7 7 7 7 7 7 7 8 8 8 8 8 8 8 8 8 8 8 8 8 8 8 8 8 8 8 8 8 8 8 8 8 8 8 8 8 8 8 8 8 8 8 8 8 8 8 8 8 8 8 8 8 8 8 8 8 8 8 8 8 8 8 8 8 8 8 8 9 9 9 9 9 9 9 9 9 9 9 9 9 9 9 9 9 9 9 9 9 9 9 9 9 9 9 9 9 9 9 9 9 9 9 9 9 9 9 9 9 9 9 9 9 9 9 9 9 9 9 9 9 9 9 9 9 9 9 9 10 10 10 10 10 10 10 10 10 10 10 10 10 10 10 10 10 10 10 10 10 10 10 10 10 10 10 10 10 10 10 10 10 10 10 10 10 10 10 10 10 10 10 10 10 10 10 10 10 10 10 10 10 10 10 10 10 10 10 10 
calling hdp_init 2022-06-22 21:45:54
Guessed number of signatures (= Dirichlet process data clusters) = 46
Runing run.setup.and.posterior on 7200437
Reading input catalog file ./SBS/input/Realistic/ground.truth.syn.catalog.csv
0 1 1 1 1 1 1 1 1 1 2 2 2 2 2 2 2 2 2 2 2 2 2 2 2 2 2 2 2 2 2 2 2 2 2 2 2 2 2 2 2 2 2 2 2 2 2 2 2 2 2 2 2 2 2 2 2 2 2 2 2 2 2 2 2 2 2 2 2 2 3 3 3 3 3 3 3 3 3 3 3 3 3 3 3 3 3 3 3 3 3 3 3 3 3 3 3 3 3 3 3 3 3 3 3 3 3 3 3 3 3 3 3 3 3 3 3 3 3 3 3 3 3 3 3 3 3 3 3 3 4 4 4 4 4 4 4 4 4 4 4 4 4 4 4 4 4 4 4 4 4 4 4 4 4 4 4 4 4 4 4 4 4 4 4 4 4 4 4 4 4 4 4 4 4 4 4 4 4 4 4 4 4 4 4 4 4 4 4 4 5 5 5 5 5 5 5 5 5 5 5 5 5 5 5 5 5 5 5 5 5 5 5 5 5 5 5 5 5 5 5 5 5 5 5 5 5 5 5 5 5 5 5 5 5 5 5 5 5 5 5 5 5 5 5 5 5 5 5 5 6 6 6 6 6 6 6 6 6 6 6 6 6 6 6 6 6 6 6 6 6 6 6 6 6 6 6 6 6 6 6 6 6 6 6 6 6 6 6 6 6 6 6 6 6 6 6 6 6 6 6 6 6 6 6 6 6 6 6 6 7 7 7 7 7 7 7 7 7 7 7 7 7 7 7 7 7 7 7 7 7 7 7 7 7 7 7 7 7 7 7 7 7 7 7 7 7 7 7 7 7 7 7 7 7 7 7 7 7 7 7 7 7 7 7 7 7 7 7 7 8 8 8 8 8 8 8 8 8 8 8 8 8 8 8 8 8 8 8 8 8 8 8 8 8 8 8 8 8 8 8 8 8 8 8 8 8 8 8 8 8 8 8 8 8 8 8 8 8 8 8 8 8 8 8 8 8 8 8 8 9 9 9 9 9 9 9 9 9 9 9 9 9 9 9 9 9 9 9 9 9 9 9 9 9 9 9 9 9 9 9 9 9 9 9 9 9 9 9 9 9 9 9 9 9 9 9 9 9 9 9 9 9 9 9 9 9 9 9 9 10 10 10 10 10 10 10 10 10 10 10 10 10 10 10 10 10 10 10 10 10 10 10 10 10 10 10 10 10 10 10 10 10 10 10 10 10 10 10 10 10 10 10 10 10 10 10 10 10 10 10 10 10 10 10 10 10 10 10 10 
calling hdp_init 2022-06-22 21:45:54
Runing run.setup.and.posterior on 8200437
Reading input catalog file ./SBS/input/Realistic/ground.truth.syn.catalog.csv
Guessed number of signatures (= Dirichlet process data clusters) = 46
0 1 1 1 1 1 1 1 1 1 2 2 2 2 2 2 2 2 2 2 2 2 2 2 2 2 2 2 2 2 2 2 2 2 2 2 2 2 2 2 2 2 2 2 2 2 2 2 2 2 2 2 2 2 2 2 2 2 2 2 2 2 2 2 2 2 2 2 2 2 3 3 3 3 3 3 3 3 3 3 3 3 3 3 3 3 3 3 3 3 3 3 3 3 3 3 3 3 3 3 3 3 3 3 3 3 3 3 3 3 3 3 3 3 3 3 3 3 3 3 3 3 3 3 3 3 3 3 3 3 4 4 4 4 4 4 4 4 4 4 4 4 4 4 4 4 4 4 4 4 4 4 4 4 4 4 4 4 4 4 4 4 4 4 4 4 4 4 4 4 4 4 4 4 4 4 4 4 4 4 4 4 4 4 4 4 4 4 4 4 5 5 5 5 5 5 5 5 5 5 5 5 5 5 5 5 5 5 5 5 5 5 5 5 5 5 5 5 5 5 5 5 5 5 5 5 5 5 5 5 5 5 5 5 5 5 5 5 5 5 5 5 5 5 5 5 5 5 5 5 6 6 6 6 6 6 6 6 6 6 6 6 6 6 6 6 6 6 6 6 6 6 6 6 6 6 6 6 6 6 6 6 6 6 6 6 6 6 6 6 6 6 6 6 6 6 6 6 6 6 6 6 6 6 6 6 6 6 6 6 7 7 7 7 7 7 7 7 7 7 7 7 7 7 7 7 7 7 7 7 7 7 7 7 7 7 7 7 7 7 7 7 7 7 7 7 7 7 7 7 7 7 7 7 7 7 7 7 7 7 7 7 7 7 7 7 7 7 7 7 8 8 8 8 8 8 8 8 8 8 8 8 8 8 8 8 8 8 8 8 8 8 8 8 8 8 8 8 8 8 8 8 8 8 8 8 8 8 8 8 8 8 8 8 8 8 8 8 8 8 8 8 8 8 8 8 8 8 8 8 9 9 9 9 9 9 9 9 9 9 9 9 9 9 9 9 9 9 9 9 9 9 9 9 9 9 9 9 9 9 9 9 9 9 9 9 9 9 9 9 9 9 9 9 9 9 9 9 9 9 9 9 9 9 9 9 9 9 9 9 10 10 10 10 10 10 10 10 10 10 10 10 10 10 10 10 10 10 10 10 10 10 10 10 10 10 10 10 10 10 10 10 10 10 10 10 10 10 10 10 10 10 10 10 10 10 10 10 10 10 10 10 10 10 10 10 10 10 10 10 
calling hdp_init 2022-06-22 21:45:54
Guessed number of signatures (= Dirichlet process data clusters) = 46
Runing run.setup.and.posterior on 9200437
Reading input catalog file ./SBS/input/Realistic/ground.truth.syn.catalog.csv
0 1 1 1 1 1 1 1 1 1 2 2 2 2 2 2 2 2 2 2 2 2 2 2 2 2 2 2 2 2 2 2 2 2 2 2 2 2 2 2 2 2 2 2 2 2 2 2 2 2 2 2 2 2 2 2 2 2 2 2 2 2 2 2 2 2 2 2 2 2 3 3 3 3 3 3 3 3 3 3 3 3 3 3 3 3 3 3 3 3 3 3 3 3 3 3 3 3 3 3 3 3 3 3 3 3 3 3 3 3 3 3 3 3 3 3 3 3 3 3 3 3 3 3 3 3 3 3 3 3 4 4 4 4 4 4 4 4 4 4 4 4 4 4 4 4 4 4 4 4 4 4 4 4 4 4 4 4 4 4 4 4 4 4 4 4 4 4 4 4 4 4 4 4 4 4 4 4 4 4 4 4 4 4 4 4 4 4 4 4 5 5 5 5 5 5 5 5 5 5 5 5 5 5 5 5 5 5 5 5 5 5 5 5 5 5 5 5 5 5 5 5 5 5 5 5 5 5 5 5 5 5 5 5 5 5 5 5 5 5 5 5 5 5 5 5 5 5 5 5 6 6 6 6 6 6 6 6 6 6 6 6 6 6 6 6 6 6 6 6 6 6 6 6 6 6 6 6 6 6 6 6 6 6 6 6 6 6 6 6 6 6 6 6 6 6 6 6 6 6 6 6 6 6 6 6 6 6 6 6 7 7 7 7 7 7 7 7 7 7 7 7 7 7 7 7 7 7 7 7 7 7 7 7 7 7 7 7 7 7 7 7 7 7 7 7 7 7 7 7 7 7 7 7 7 7 7 7 7 7 7 7 7 7 7 7 7 7 7 7 8 8 8 8 8 8 8 8 8 8 8 8 8 8 8 8 8 8 8 8 8 8 8 8 8 8 8 8 8 8 8 8 8 8 8 8 8 8 8 8 8 8 8 8 8 8 8 8 8 8 8 8 8 8 8 8 8 8 8 8 9 9 9 9 9 9 9 9 9 9 9 9 9 9 9 9 9 9 9 9 9 9 9 9 9 9 9 9 9 9 9 9 9 9 9 9 9 9 9 9 9 9 9 9 9 9 9 9 9 9 9 9 9 9 9 9 9 9 9 9 10 10 10 10 10 10 10 10 10 10 10 10 10 10 10 10 10 10 10 10 10 10 10 10 10 10 10 10 10 10 10 10 10 10 10 10 10 10 10 10 10 10 10 10 10 10 10 10 10 10 10 10 10 10 10 10 10 10 10 10 
calling hdp_init 2022-06-22 21:45:54
Guessed number of signatures (= Dirichlet process data clusters) = 46
Runing run.setup.and.posterior on 10200437
Reading input catalog file ./SBS/input/Realistic/ground.truth.syn.catalog.csv
0 1 1 1 1 1 1 1 1 1 2 2 2 2 2 2 2 2 2 2 2 2 2 2 2 2 2 2 2 2 2 2 2 2 2 2 2 2 2 2 2 2 2 2 2 2 2 2 2 2 2 2 2 2 2 2 2 2 2 2 2 2 2 2 2 2 2 2 2 2 3 3 3 3 3 3 3 3 3 3 3 3 3 3 3 3 3 3 3 3 3 3 3 3 3 3 3 3 3 3 3 3 3 3 3 3 3 3 3 3 3 3 3 3 3 3 3 3 3 3 3 3 3 3 3 3 3 3 3 3 4 4 4 4 4 4 4 4 4 4 4 4 4 4 4 4 4 4 4 4 4 4 4 4 4 4 4 4 4 4 4 4 4 4 4 4 4 4 4 4 4 4 4 4 4 4 4 4 4 4 4 4 4 4 4 4 4 4 4 4 5 5 5 5 5 5 5 5 5 5 5 5 5 5 5 5 5 5 5 5 5 5 5 5 5 5 5 5 5 5 5 5 5 5 5 5 5 5 5 5 5 5 5 5 5 5 5 5 5 5 5 5 5 5 5 5 5 5 5 5 6 6 6 6 6 6 6 6 6 6 6 6 6 6 6 6 6 6 6 6 6 6 6 6 6 6 6 6 6 6 6 6 6 6 6 6 6 6 6 6 6 6 6 6 6 6 6 6 6 6 6 6 6 6 6 6 6 6 6 6 7 7 7 7 7 7 7 7 7 7 7 7 7 7 7 7 7 7 7 7 7 7 7 7 7 7 7 7 7 7 7 7 7 7 7 7 7 7 7 7 7 7 7 7 7 7 7 7 7 7 7 7 7 7 7 7 7 7 7 7 8 8 8 8 8 8 8 8 8 8 8 8 8 8 8 8 8 8 8 8 8 8 8 8 8 8 8 8 8 8 8 8 8 8 8 8 8 8 8 8 8 8 8 8 8 8 8 8 8 8 8 8 8 8 8 8 8 8 8 8 9 9 9 9 9 9 9 9 9 9 9 9 9 9 9 9 9 9 9 9 9 9 9 9 9 9 9 9 9 9 9 9 9 9 9 9 9 9 9 9 9 9 9 9 9 9 9 9 9 9 9 9 9 9 9 9 9 9 9 9 10 10 10 10 10 10 10 10 10 10 10 10 10 10 10 10 10 10 10 10 10 10 10 10 10 10 10 10 10 10 10 10 10 10 10 10 10 10 10 10 10 10 10 10 10 10 10 10 10 10 10 10 10 10 10 10 10 10 10 10 
calling hdp_init 2022-06-22 21:45:54
Guessed number of signatures (= Dirichlet process data clusters) = 46
Runing run.setup.and.posterior on 11200437
Reading input catalog file ./SBS/input/Realistic/ground.truth.syn.catalog.csv
0 1 1 1 1 1 1 1 1 1 2 2 2 2 2 2 2 2 2 2 2 2 2 2 2 2 2 2 2 2 2 2 2 2 2 2 2 2 2 2 2 2 2 2 2 2 2 2 2 2 2 2 2 2 2 2 2 2 2 2 2 2 2 2 2 2 2 2 2 2 3 3 3 3 3 3 3 3 3 3 3 3 3 3 3 3 3 3 3 3 3 3 3 3 3 3 3 3 3 3 3 3 3 3 3 3 3 3 3 3 3 3 3 3 3 3 3 3 3 3 3 3 3 3 3 3 3 3 3 3 4 4 4 4 4 4 4 4 4 4 4 4 4 4 4 4 4 4 4 4 4 4 4 4 4 4 4 4 4 4 4 4 4 4 4 4 4 4 4 4 4 4 4 4 4 4 4 4 4 4 4 4 4 4 4 4 4 4 4 4 5 5 5 5 5 5 5 5 5 5 5 5 5 5 5 5 5 5 5 5 5 5 5 5 5 5 5 5 5 5 5 5 5 5 5 5 5 5 5 5 5 5 5 5 5 5 5 5 5 5 5 5 5 5 5 5 5 5 5 5 6 6 6 6 6 6 6 6 6 6 6 6 6 6 6 6 6 6 6 6 6 6 6 6 6 6 6 6 6 6 6 6 6 6 6 6 6 6 6 6 6 6 6 6 6 6 6 6 6 6 6 6 6 6 6 6 6 6 6 6 7 7 7 7 7 7 7 7 7 7 7 7 7 7 7 7 7 7 7 7 7 7 7 7 7 7 7 7 7 7 7 7 7 7 7 7 7 7 7 7 7 7 7 7 7 7 7 7 7 7 7 7 7 7 7 7 7 7 7 7 8 8 8 8 8 8 8 8 8 8 8 8 8 8 8 8 8 8 8 8 8 8 8 8 8 8 8 8 8 8 8 8 8 8 8 8 8 8 8 8 8 8 8 8 8 8 8 8 8 8 8 8 8 8 8 8 8 8 8 8 9 9 9 9 9 9 9 9 9 9 9 9 9 9 9 9 9 9 9 9 9 9 9 9 9 9 9 9 9 9 9 9 9 9 9 9 9 9 9 9 9 9 9 9 9 9 9 9 9 9 9 9 9 9 9 9 9 9 9 9 10 10 10 10 10 10 10 10 10 10 10 10 10 10 10 10 10 10 10 10 10 10 10 10 10 10 10 10 10 10 10 10 10 10 10 10 10 10 10 10 10 10 10 10 10 10 10 10 10 10 10 10 10 10 10 10 10 10 10 10 
calling hdp_init 2022-06-22 21:45:54
Guessed number of signatures (= Dirichlet process data clusters) = 46
Runing run.setup.and.posterior on 12200437
Reading input catalog file ./SBS/input/Realistic/ground.truth.syn.catalog.csv
0 1 1 1 1 1 1 1 1 1 2 2 2 2 2 2 2 2 2 2 2 2 2 2 2 2 2 2 2 2 2 2 2 2 2 2 2 2 2 2 2 2 2 2 2 2 2 2 2 2 2 2 2 2 2 2 2 2 2 2 2 2 2 2 2 2 2 2 2 2 3 3 3 3 3 3 3 3 3 3 3 3 3 3 3 3 3 3 3 3 3 3 3 3 3 3 3 3 3 3 3 3 3 3 3 3 3 3 3 3 3 3 3 3 3 3 3 3 3 3 3 3 3 3 3 3 3 3 3 3 4 4 4 4 4 4 4 4 4 4 4 4 4 4 4 4 4 4 4 4 4 4 4 4 4 4 4 4 4 4 4 4 4 4 4 4 4 4 4 4 4 4 4 4 4 4 4 4 4 4 4 4 4 4 4 4 4 4 4 4 5 5 5 5 5 5 5 5 5 5 5 5 5 5 5 5 5 5 5 5 5 5 5 5 5 5 5 5 5 5 5 5 5 5 5 5 5 5 5 5 5 5 5 5 5 5 5 5 5 5 5 5 5 5 5 5 5 5 5 5 6 6 6 6 6 6 6 6 6 6 6 6 6 6 6 6 6 6 6 6 6 6 6 6 6 6 6 6 6 6 6 6 6 6 6 6 6 6 6 6 6 6 6 6 6 6 6 6 6 6 6 6 6 6 6 6 6 6 6 6 7 7 7 7 7 7 7 7 7 7 7 7 7 7 7 7 7 7 7 7 7 7 7 7 7 7 7 7 7 7 7 7 7 7 7 7 7 7 7 7 7 7 7 7 7 7 7 7 7 7 7 7 7 7 7 7 7 7 7 7 8 8 8 8 8 8 8 8 8 8 8 8 8 8 8 8 8 8 8 8 8 8 8 8 8 8 8 8 8 8 8 8 8 8 8 8 8 8 8 8 8 8 8 8 8 8 8 8 8 8 8 8 8 8 8 8 8 8 8 8 9 9 9 9 9 9 9 9 9 9 9 9 9 9 9 9 9 9 9 9 9 9 9 9 9 9 9 9 9 9 9 9 9 9 9 9 9 9 9 9 9 9 9 9 9 9 9 9 9 9 9 9 9 9 9 9 9 9 9 9 10 10 10 10 10 10 10 10 10 10 10 10 10 10 10 10 10 10 10 10 10 10 10 10 10 10 10 10 10 10 10 10 10 10 10 10 10 10 10 10 10 10 10 10 10 10 10 10 10 10 10 10 10 10 10 10 10 10 10 10 
calling hdp_init 2022-06-22 21:45:54
Guessed number of signatures (= Dirichlet process data clusters) = 46
0 1 1 1 1 1 1 1 1 1 2 2 2 2 2 2 2 2 2 2 2 2 2 2 2 2 2 2 2 2 2 2 2 2 2 2 2 2 2 2 2 2 2 2 2 2 2 2 2 2 2 2 2 2 2 2 2 2 2 2 2 2 2 2 2 2 2 2 2 2 3 3 3 3 3 3 3 3 3 3 3 3 3 3 3 3 3 3 3 3 3 3 3 3 3 3 3 3 3 3 3 3 3 3 3 3 3 3 3 3 3 3 3 3 3 3 3 3 3 3 3 3 3 3 3 3 3 3 3 3 4 4 4 4 4 4 4 4 4 4 4 4 4 4 4 4 4 4 4 4 4 4 4 4 4 4 4 4 4 4 4 4 4 4 4 4 4 4 4 4 4 4 4 4 4 4 4 4 4 4 4 4 4 4 4 4 4 4 4 4 5 5 5 5 5 5 5 5 5 5 5 5 5 5 5 5 5 5 5 5 5 5 5 5 5 5 5 5 5 5 5 5 5 5 5 5 5 5 5 5 5 5 5 5 5 5 5 5 5 5 5 5 5 5 5 5 5 5 5 5 6 6 6 6 6 6 6 6 6 6 6 6 6 6 6 6 6 6 6 6 6 6 6 6 6 6 6 6 6 6 6 6 6 6 6 6 6 6 6 6 6 6 6 6 6 6 6 6 6 6 6 6 6 6 6 6 6 6 6 6 7 7 7 7 7 7 7 7 7 7 7 7 7 7 7 7 7 7 7 7 7 7 7 7 7 7 7 7 7 7 7 7 7 7 7 7 7 7 7 7 7 7 7 7 7 7 7 7 7 7 7 7 7 7 7 7 7 7 7 7 8 8 8 8 8 8 8 8 8 8 8 8 8 8 8 8 8 8 8 8 8 8 8 8 8 8 8 8 8 8 8 8 8 8 8 8 8 8 8 8 8 8 8 8 8 8 8 8 8 8 8 8 8 8 8 8 8 8 8 8 9 9 9 9 9 9 9 9 9 9 9 9 9 9 9 9 9 9 9 9 9 9 9 9 9 9 9 9 9 9 9 9 9 9 9 9 9 9 9 9 9 9 9 9 9 9 9 9 9 9 9 9 9 9 9 9 9 9 9 9 10 10 10 10 10 10 10 10 10 10 10 10 10 10 10 10 10 10 10 10 10 10 10 10 10 10 10 10 10 10 10 10 10 10 10 10 10 10 10 10 10 10 10 10 10 10 10 10 10 10 10 10 10 10 10 10 10 10 10 10 
calling hdp_init 2022-06-22 21:45:54
Guessed number of signatures (= Dirichlet process data clusters) = 46
Runing run.setup.and.posterior on 13200437
Reading input catalog file ./SBS/input/Realistic/ground.truth.syn.catalog.csv
0 1 1 1 1 1 1 1 1 1 2 2 2 2 2 2 2 2 2 2 2 2 2 2 2 2 2 2 2 2 2 2 2 2 2 2 2 2 2 2 2 2 2 2 2 2 2 2 2 2 2 2 2 2 2 2 2 2 2 2 2 2 2 2 2 2 2 2 2 2 3 3 3 3 3 3 3 3 3 3 3 3 3 3 3 3 3 3 3 3 3 3 3 3 3 3 3 3 3 3 3 3 3 3 3 3 3 3 3 3 3 3 3 3 3 3 3 3 3 3 3 3 3 3 3 3 3 3 3 3 4 4 4 4 4 4 4 4 4 4 4 4 4 4 4 4 4 4 4 4 4 4 4 Runing run.setup.and.posterior on 14200437
4 4 4 4 4 4 4 4 4 4 4 4 4 4 4 4 4 4 4 4 4 4 4 4 4 4 4 4 4 4 4 4 4 4 4 4 4 5 5 5 5 5 5 5 5 5 5 5 5 5 5 5 5 5 5 5 5 5 5 5 5 5 5 5 5 5 5 5 5 5 5 5 5 5 5 5 5 5 5 5 5 5 5 5 5 5 5 5 5 5 5 5 5 5 5 5 5 6 6 6 6 6 6 6 6 6 6 6 6 6 6 6 6 6 6 6 6 6 6 6 6 6 6 6 6 6 6 6 6 6 6 6 6 6 6 6 6 6 6 6 6 6 6 6 6 6 6 6 6 6 6 6 6 6 6 6 6 7 7 7 7 7 7 7 7 7 7 7 7 7 7 7 7 7 7 7 7 7 7 7 7 7 7 7 7 7 7 7 7 7 7 7 7 7 7 7 7 7 7 7 7 7 7 7 7 7 7 7 7 7 7 7 7 7 7 7 7 8 8 8 8 8 8 8 8 8 8 8 8 8 8 8 8 8 8 8 8 8 8 8 8 8 8 8 8 8 8 8 8 8 8 8 8 8 8 8 8 8 8 8 8 8 8 8 8 8 8 8 8 8 8 8 8 8 8 8 8 9 9 9 9 9 9 9 9 9 9 9 9 9 9 9 9 9 9 9 9 9 9 9 9 9 9 9 9 9 9 9 9 9 9 9 9 9 9 9 9 9 9 9 9 9 9 9 9 9 9 9 9 9 9 9 9 9 9 9 9 10 10 10 10 10 10 10 10 10 10 10 10 10 10 10 10 10 10 10 10 10 10 10 10 10 10 10 10 10 10 10 10 10 10 10 10 10 10 10 10 10 10 10 10 10 10 10 10 10 10 10 10 10 10 10 10 10 10 10 10 
Reading input catalog file ./SBS/input/Realistic/ground.truth.syn.catalog.csv
calling hdp_init 2022-06-22 21:45:54
Guessed number of signatures (= Dirichlet process data clusters) = 46
Runing run.setup.and.posterior on 15200437
0 1 1 1 1 1 1 1 1 1 2 2 2 2 2 2 2 2 2 2 2 2 2 2 2 2 2 2 2 2 2 2 2 2 2 2 2 2 2 2 2 2 2 2 2 2 2 2 2 2 2 2 2 2 2 2 2 2 2 2 2 2 2 2 2 2 2 2 2 2 3 3 3 3 3 3 3 3 3 3 3 3 3 3 3 3 3 3 3 3 3 3 3 3 3 3 3 3 3 3 3 3 3 3 3 3 3 3 3 3 3 3 3 3 3 3 3 3 3 3 3 3 3 3 3 3 3 3 3 3 4 4 4 4 4 4 4 4 4 4 4 4 4 4 4 4 4 4 4 4 4 4 4 4 4 4 4 4 4 4 4 4 4 4 4 4 4 4 4 4 4 4 4 4 4 4 4 4 4 4 4 4 4 4 4 4 4 4 4 4 5 5 5 5 5 5 5 5 5 5 5 5 5 5 5 5 5 5 5 5 5 5 5 5 5 5 5 5 5 5 5 5 5 5 5 5 5 5 5 5 5 5 5 5 5 5 5 5 5 5 5 5 5 5 5 5 5 5 5 5 6 6 6 6 6 6 6 6 6 6 6 6 6 6 6 6 6 6 6 6 6 6 6 6 6 6 6 6 6 6 6 6 6 6 6 6 6 6 6 6 6 6 6 6 6 6 6 6 6 6 6 6 6 6 6 6 6 6 6 6 7 7 7 7 7 7 7 7 7 7 7 7 7 7 7 7 7 7 7 7 7 7 7 7 7 7 7 7 7 7 7 7 7 7 7 7 7 7 7 7 7 7 7 7 7 7 7 7 7 7 7 7 7 7 7 7 7 7 7 7 8 8 8 8 8 8 8 8 8 8 8 8 8 8 8 8 8 8 8 8 8 8 8 8 8 8 8 8 8 8 8 8 8 8 8 8 8 8 8 8 8 8 8 8 8 8 8 8 8 8 8 8 8 8 8 8 8 8 8 8 9 9 9 9 9 9 9 9 9 9 9 9 9 9 9 9 9 9 9 9 9 9 9 9 9 9 9 9 9 9Guessed number of signatures (= Dirichlet process data clusters) = 46
 9 9 9 9 9 9 9 9 9 9 9 9 9 9 9 9 9 9 9 9 9 9 9 9 9 9 9 9 9 9 10 10 10 10 10 10 10 10 10 10 10 10 10 10 10 10 10 10 10 10 10 10 10 10 10 10 10 10 10 10 10 10 10 10 10 10 10 10 10 10 10 10 10 10 10 10 10 10 10 10 10 10 10 10 10 10 10 10 10 10 
Reading input catalog file ./SBS/input/Realistic/ground.truth.syn.catalog.csv
calling hdp_init 2022-06-22 21:45:54
0 1 1 1 1 1 1 1 1 1 2 2 2 2 2 2 2 2 2 2 2 2 2 2 2 2 2 2 2 2 2 2 2 2 2 2 2 2 2 2 2 2 2 2 2 2 2 2 2 2 2 2 2 2 2 2 2 2 2 2 2 2 2 2 2 2 2 2 2 2 3 3 3 3 3 3 3 3 3 3 3 3 3 3 3 3 3 3 3 3 3 3 3 3 3 3 3 3 3 3 3 3 3 3 3 3 3 3 3 3 3 3 3 3 3 3 3 3 3 3 3 3 3 3 3 3 3 3 3 3 4 4 4 4 4 4 4 4 4 4 4 4 4 4 4 4 4 4 4 4 4 4 4 4 4 4 4 4 4 4 4 4 4 4 4 4 4 4 4 4 4 4 4 4 4 4 4 4 4 4 4 4 4 4 4 4 4 4 4 4 5 5 5 5 5 5 5 5 5 5 5 5 5 5 5 5 5 5 5 5 5 5 5 5 5 5 5 5 5 5 5 5 5 5 5 5 5 5 5 5 5 5 5 5 5 5 5 5 5 5 5 5 5 5 5 5 5 5 5 5 6 6 6 6 6 6 6 6 6 6 6 6 6 6 6 6 6 6 6 6 6 6 6 6 6 6 6 6 6 6 6 6 6 6 6 6 6 6 6 6 6 6 6 6 6 6 6 6 6 6 6 6 6 6 6 6 6 6 6 6 7 7 7 7 7 7 7 7 7 7 7 7 7 7 7 7 7 7 7 7 7 7 7 7 7 7 7 7 7 7 7 7 7 7 7 7 7 7 7 7 7 7 7 7 7 7 7 7 7 7 7 7 7 7 7 7 7 7 7 7 8 8 8 8 8 8 8 8 8 8 8 8 8 8 8 8 8 8 8 8 8 8 8 8 8 8 8 8 8 8 8 8 8 8 8 8 8 8 8 8 8 8 8 8 8 8 8 8 8 8 8 8 8 8 8 8 8 8 8 8 9 9 9 9 9 9 9 9 9 9 9 9 9 9 9 9 9 9 9 9 9 9 9 9 9 9 9 9 9 9 9 9 9 9 9 9 9 9 9 9 9 9 9 9 9 9 9 9 9 9 9 9 9 9 9 9 9 9 9 9 10 10 10 10 10 10 10 10 10 10 10 10 10 10 10 10 10 10 10 10 10 10 10 10 10 10 10 10 10 10 10 10 10 10 10 10 10 10 10 10 10 10 10 10 10 10 10 10 10 10 10 10 10 10 10 10 10 10 10 10 
calling hdp_init 2022-06-22 21:45:54
Guessed number of signatures (= Dirichlet process data clusters) = 46
0 1 1 1 1 1 1 1 1 1 2 2 2 2 2 2 2 2 2 2 2 2 2 2 2 2 2 2 2 2 2 2 2 2 2 2 2 2 2 2 2 2 2 2 2 2 2 2 2 2 2 2 2 2 2 2 2 2 2 2 2 2 2 2 2 2 2 2 2 2 3 3 3 3 3 3 3 3 3 3 3 3 3 3 3 3 3 3 3 3 3 3 3 3 3 3 3 3 3 3 3 3 3 3 3 3 3 3 3 3 3 3 3 3 3 3 3 3 3 3 3 3 3 3 3 3 3 3 3 3 4 4 4 4 4 4 4 4 4 4 4 4 4 4 4 4 4 4 4 4 4 4 4 4 4 4 4 4 4 4 4 4 4 4 4 4 4 4 4 4 4 4 4 4 4 4 4 4 4 4 4 4 4 4 4 4 4 4 4 4 5 5 5 5 5 5 5 5 5 5 5 5 5 5 5 5 5 5 5 5 5 5 5 5 5 5 5 5 5 5 5 5 5 5 5 5 5 5 5 5 5 5 5 5 5 5 5 5 5 5 5 5 5 5 5 5 5 5 5 5 6 6 6 6 6 6 6 6 6 6 6 6 6 6 6 6 6 6 6 6 6 6 6 6 6 6 6 6 6 6 6 6 6 6 6 6 6 6 6 6 6 6 6 6 6 6 6 6 6 6 6 6 6 6 6 6 6 6 6 6 7 7 7 7 7 7 7 7 7 7 7 7 7 7 7 7 7 7 7 7 7 7 7 7 7 7 7 7 7 7 7 7 7 7 7 7 7 7 7 7 7 7 7 7 7 7 7 7 7 7 7 7 7 7 7 7 7 7 7 7 8 8 8 8 8 8 8 8 8 8 8 8 8 8 8 8 8 8 8 8 8 8 8 8 8 8 8 8 8 8 8 8 8 8 8 8 8 8 8 8 8 8 8 8 8 8 8 8 8 8 8 8 8 8 8 8 8 8 8 8 9 9 9 9 9 9 9 9 9 9 9 9 9 9 9 9 9 9 9 9 9 9 9 9 9 9 9 9 9 9 9 9 9 9 9 9 9 9 9 9 9 9 9 9 9 9 9 9 9 9 9 9 9 9 9 9 9 9 9 9 10 10 10 10 10 10 10 10 10 10 10 10 10 10 10 10 10 10 10 10 10 10 10 10 10 10 10 10 10 10 10 10 10 10 10 10 10 10 10 10 10 10 10 10 10 10 10 10 10 10 10 10 10 10 10 10 10 10 10 10 
calling hdp_init 2022-06-22 21:45:54
Runing run.setup.and.posterior on 17200437
Reading input catalog file ./SBS/input/Realistic/ground.truth.syn.catalog.csv
Runing run.setup.and.posterior on 16200437
Reading input catalog file ./SBS/input/Realistic/ground.truth.syn.catalog.csv
Runing run.setup.and.posterior on 18200437
Reading input catalog file ./SBS/input/Realistic/ground.truth.syn.catalog.csv
Guessed number of signatures (= Dirichlet process data clusters) = 46
0 1 1 1 1 1 1 1 1 1 2 2 2 2 2 2 2 2 2 2 2 2 2 2 2 2 2 2 2 2 2 2 2 2 2 2 2 2 2 2 2 2 2 2 2 2 2 2 2 2 2 2 2 2 2 2 2 2 2 2 2 2 2 2 2 2 2 2 2 2 3 3 3 3 3 3 3 3 3 3 3 3 3 3 3 3 3 3 3 3 3 3 3 3 3 3 3 3 3 3 3 3 3 3 3 3 3 3 3 3 3 3 3 3 3 3 3 3 3 3 3 3 3 3 3 3 3 3 3 3 4 4 4 4 4 4 4 4 4 4 4 4 4 4 4 4 4 4 4 4 4 4 4 4 4 4 4 4 4 4 4 4 4 4 4 4 4 4 4 4 4 4 4 4 4 4 4 4 4 4 4 4 4 4 4 4 4 4 4 4 5 5 5 5 5 5 5 5 5 5 5 5 5 5 5 5 5 5 5 5 5 5 5 5 5 5 5 5 5 5 5 5 5 5 5 5 5 5 5 5 5 5 5 5 5 5 5 5 5 5 5 5 5 5 5 5 5 5 5 5 6 6 6 6 6 6 6 6 6 6 6 6 6 6 6 6 6 6 6 6 6 6 6 6 6 6 6 6 6 6 6 6 6 6 6 6 6 6 6 6 6 6 6 6 6 6 6 6 6 6 6 6 6 6 6 6 6 6 6 6 7 7 7 7 7 7 7 7 7 7 7 7 7 7 7 7 7 7 7 7 7 7 7 7 7 7 7 7 7 7 7 7 7 7 7 7 7 7 7 7 7 7 7 7 7 7 7 7 7 7 7 7 7 7 7 7 7 7 7 7 8 8 8 8 8 8 8 8 8 8 8 8 8 8 8 8 8 8 8 8 8 8 8 8 8 8 8 8 8 8 8 8 8 8 8 8 8 8 8 8 8 8 8 8 8 8 8 8 8 8 8 8 8 8 8 8 8 8 8 8 9 9 9 9 9 9 9 9 9 9 9 9 9 9 9 9 9 9 9 9 9 9 9 9 9 9 9 9 9 9 9 9 9 9 9 9 9 9 9 9 9 9 9 9 9 9 9 9 9 9 9 9 9 9 9 9 9 9 9 9 10 10 10 10 10 10 10 10 10 10 10 10 10 10 10 10 10 10 10 10 10 10 10 10 10 10 10 10 10 10 10 10 10 10 10 10 10 10 10 10 10 10 10 10 10 10 10 10 10 10 10 10 10 10 10 10 10 10 10 10 
calling hdp_init 2022-06-22 21:45:54
Guessed number of signatures (= Dirichlet process data clusters) = 46
0 1 1 1 1 1 1 1 1 1 2 2 2 2 2 2 2 2 2 2 2 2 2 2 2 2 2 2 2 2 2 2 2 2 2 2 2 2 2 2 2 2 2 2 2 2 2 2 2 2 2 2 2 2 2 2 2 2 2 2 2 2 2 2 2 2 2 2 2 2 3 3 3 3 3 3 3 3 3 3 3 3 3 3 3 3 3 3 3 3 3 3 3 3 3 3 3 3 3 3 3 3 3 3 3 3 3 3 3 3 3 3 3 3 3 3 3 3 3 3 3 3 3 3 3 3 3 3 3 3 4 4 4 4 4 4 4 4 4 4 4 4 4 4 4 4 4 4 4 4 4 4 4 4 4 4 4 4 4 4 4 4 4 4 4 4 4 4 4 4 4 4 4 4 4 4 4 4 4 4 4 4 4 4 4 4 4 4 4 4 5 5 5 5 5 5 5 5 5 5 5 5 5 5 5 5 5 5 5 5 5 5 5 5 5 5 5 5 5 5 5 5 5 5 5 5 5 5 5 5 5 5 5 5 5 5 5 5 5 5 5 5 5 5 5 5 5 5 5 5 6 6 6 6 6 6 6 6 6 6 6 6 6 6 6 6 6 6 6 6 6 6 6 6 6 6 6 6 6 6 6 6 6 6 6 6 6 6 6 6 6 6 6 6 6 6 6 6 6 6 6 6 6 6 6 6 6 6 6 6 7 7 7 7 7 7 7 7 7 7 7 7 7 7 7 7 7 7 7 7 7 7 7 7 7 7 7 7 7 7 7 7 7 7 7 7 7 7 7 7 7 7 7 7 7 7 7 7 7 7 7 7 7 7 7 7 7 7 7 7 8 8 8 8 8 8 8 8 8 8 8 8 8 8 8 8 8 8 8 8 8 8 8 8 8 8 8 8 8 8 8 8 8 8 8 8 8 8 8 8 8 8 8 8 8 8 8 8 8 8 8 8 8 8 8 8 8 8 8 8 9 9 9 9 9 9 9 9 9 9 9 9 9 9 9 9 9 9 9 9 9 9 9 9 9 9 9 9 9 9 9 9 9 9 9 9 9 9 9 9 9 9 9 9 9 9 9 9 9 9 9 9 9 9 9 9 9 9 9 9 10 10 10 10 10 10 10 10 10 10 10 10 10 10 10 10 10 10 10 10 10 10 10 10 10 10 10 10 10 10 10 10 10 10 10 10 10 10 10 10 10 10 10 10 10 10 10 10 10 10 10 10 10 10 10 10 10 10 10 10 
calling hdp_init 2022-06-22 21:45:54
Runing run.setup.and.posterior on 20200437
Reading input catalog file ./SBS/input/Realistic/ground.truth.syn.catalog.csv
Runing run.setup.and.posterior on 19200437
Reading input catalog file ./SBS/input/Realistic/ground.truth.syn.catalog.csv
Guessed number of signatures (= Dirichlet process data clusters) = 46
0 1 1 1 1 1 1 1 1 1 2 2 2 2 2 2 2 2 2 2 2 2 2 2 2 2 2 2 2 2 2 2 2 2 2 2 2 2 2 2 2 2 2 2 2 2 2 2 2 2 2 2 2 2 2 2 2 2 2 2 2 2 2 2 2 2 2 2 2 2 3 3 3 3 3 3 3 3 3 3 3 3 3 3 3 3 3 3 3 3 3 3 3 3 3 3 3 3 3 3 3 3 3 3 3 3 3 3 3 3 3 3 3 3 3 3 3 3 3 3 3 3 3 3 3 3 3 3 3 3 4 4 4 4 4 4 4 4 4 4 4 4 4 4 4 4 4 4 4 4 4 4 4 4 4 4 4 4 4 4 4 4 4 4 4 4 4 4 4 4 4 4 4 4 4 4 4 4 4 4 4 4 4 4 4 4 4 4 4 4 5 5 5 5 5 5 5 5 5 5 5 5 5 5 5 5 5 5 5 5 5 5 5 5 5 5 5 5 5 5 5 5 5 5 5 5 5 5 5 5 5 5 5 5 5 5 5 5 5 5 5 5 5 5 5 5 5 5 5 5 6 6 6 6 6 6 6 6 6 6 6 6 6 6 6 6 6 6 6 6 6 6 6 6 6 6 6 6 6 6 6 6 6 6 6 6 6 6 6 6 6 6 6 6 6 6 6 6 6 6 6 6 6 6 6 6 6 6 6 6 7 7 7 7 7 7 7 7 7 7 7 7 7 7 7 7 7 7 7 7 7 7 7 7 7 7 7 7 7 7 7 7 7 7 7 7 7 7 7 7 7 7 7 7 7 7 7 7 7 7 7 7 7 7 7 7 7 7 7 7 8 8 8 8 8 8 8 8 8 8 8 8 8 8 8 8 8 8 8 8 8 8 8 8 8 8 8 8 8 8 8 8 8 8 8 8 8 8 8 8 8 8 8 8 8 8 8 8 8 8 8 8 8 8 8 8 8 8 8 8 9 9 9 9 9 9 9 9 9 9 9 9 9 9 9 9 9 9 9 9 9 9 9 9 9 9 9 9 9 9 9 9 9 9 9 9 9 9 9 9 9 9 9 9 9 9 9 9 9 9 9 9 9 9 9 9 9 9 9 9 10 10 10 10 10 10 10 10 10 10 10 10 10 10 10 10 10 10 10 10 10 10 10 10 10 10 10 10 10 10 10 10 10 10 10 10 10 10 10 10 10 10 10 10 10 10 10 10 10 10 10 10 10 10 10 10 10 10 10 10 
calling hdp_init 2022-06-22 21:45:54
Guessed number of signatures (= Dirichlet process data clusters) = 46
Guessed number of signatures (= Dirichlet process data clusters) = 46
0 1 1 1 1 1 1 1 1 1 2 2 2 2 2 2 2 2 2 2 2 2 2 2 2 2 2 2 2 2 2 2 2 2 2 2 2 2 2 2 2 2 2 2 2 2 2 2 2 2 2 2 2 2 2 2 2 2 2 2 2 2 2 2 2 2 2 2 2 2 3 3 3 3 3 3 3 3 3 3 3 3 3 3 3 3 3 3 3 3 3 3 3 3 3 3 3 3 3 3 3 3 3 3 3 3 3 3 3 3 3 3 3 3 3 3 3 3 3 3 3 3 3 3 3 3 3 3 3 3 4 4 4 4 4 4 4 4 4 4 4 4 4 4 4 4 4 4 4 4 4 4 4 4 4 4 4 4 4 4 4 4 4 4 4 4 4 4 4 4 4 4 4 4 4 4 4 4 4 4 4 4 4 4 4 4 4 4 4 4 5 5 5 5 5 5 5 5 5 5 5 5 5 5 5 5 5 5 5 5 5 5 5 5 5 5 5 5 5 5 5 5 5 5 5 5 5 5 5 5 5 5 5 5 5 5 5 5 5 5 5 5 5 5 5 5 5 5 5 5 6 6 6 6 6 6 6 6 6 6 6 6 6 6 6 6 6 6 6 6 6 6 6 6 6 6 6 6 6 6 6 6 6 6 6 06  6 6 16  16  16  16  16  16  16  16  16  26  26  26  26  26  26  26  26  26  26  26  26  26  27  27  27  27  27  27  27  27  27  27  27  27  27  27  27  27  27  27  27  27  27  27  27  27  27  27  27  27  27  27  27  27  27  27  27  27  27  27  27  27  27  27  27  27  27  27  27  37  37  37  37  37  37  37  37  37  37  37  37  37  3 83  83  83  83  83  83  83  83  83  83  83  83  83  83  83  83  83  83  83  83  83  83  83  83  83  83  83  83  83  83  83  83  83  83  83  83  83  83  83  83  83  83  83  83  83  83  84  84  84  84  84  84  84  84  84  84  84  84  84  84  94  94  94  94  94  94  94  94  94  94  94  94  94  94  94  94  94  94  94  94  94  94  94  94  94  94  94  94  94  94  94  94  94  94  94  94  94  94  94  94  94  94  94  94  94  94  95  95  95  95  95  95  95  95  95  95  95  95  95  95  105  105  105  105  105  105  105  105  105  105  105  105  105  105  105  105  105  105  105  105  105  105  105  105  105  105  105  105  105  105  105  105  105  105  105  105  105  105  105  105  105  105  105  105  105  105  106  106  106  106  106  106  106  106  106  106  106  106  106  106  
6 6 6 6 6 6 6 6 6 6 6 6 6 6 6 6 6 6 6 6 6 6 6 6 6 6 6 6 6 6 6 6 6 6 6 6 6 6 6 6 6 6 6 6 6 6 7 7 7 7 7 7 7 7 7 7 7 7 7 7 7 7 7 7 7 7 7 7 7 7 7 7 7 7 7 7 7 7 7 7 7 7 7 7 7 7 7 7 7 7 7 7 7 7 7 7 7 7 7 7 7 7 7 7 7 7 8 8 8 8 8 8 8 8 8 8 8 8 8 8 8 8 8 8 8 8 8 8 8 8 8 8 8 8 8 8 8 8 8 8 8 8 8 8 8 8 8 8 8 8 8 8 8 8 8 8 8 8 8 8 8 8 8 8 8 8 9 9 9 9 9 9 9 9 9 9 9 9 9 9 9 9 9 9 9 9 9calling hdp_init 2022-06-22 21:45:54
 9 9 9 9 9 9 9 9 9 9 9 9 9 9 9 9 9 9 9 9 9 9 9 9 9 9 9 9 9 9 9 9 9 9 9 9 9 9 9 10 10 10 10 10 10 10 10 10 10 10 10 10 10 10 10 10 10 10 10 10 10 10 10 10 10 10 10 10 10 10 10 10 10 10 10 10 10 10 10 10 10 10 10 10 10 10 10 10 10 10 10 10 10 10 10 10 10 10 10 
calling hdp_init 2022-06-22 21:45:54
Guessed number of signatures (= Dirichlet process data clusters) = 46
0 1 1 1 1 1 1 1 1 1 2 2 2 2 2 2 2 2 2 2 2 2 2 2 2 2 2 2 2 2 2 2 2 2 2 2 2 2 2 2 2 2 2 2 2 2 2 2 2 2 2 2 2 2 2 2 2 2 2 2 2 2 2 2 2 2 2 2 2 2 3 3 3 3 3 3 3 3 3 3 3 3 3 3 3 3 3 3 3 3 3 3 3 3 3 3 3 3 3 3 3 3 3 3 3 3 3 3 3 3 3 3 3 3 3 3 3 3 3 3 3 3 3 3 3 3 3 3 3 3 4 4 4 4 4 4 4 4 4 4 4 4 4 4 4 4 4 4 4 4 4 4 4 4 4 4 4 4 4 4 4 4 4 4 4 4 4 4 4 4 4 4 4 4 4 4 4 4 4 4 4 4 4 4 4 4 4 4 4 4 5 5 5 5 5 5 5 5 5 5 5 5 5 5 5 5 5 5 5 5 5 5 5 5 5 5 5 5 5 5 5 5 5 5 5 5 5 5 5 5 5 5 5 5 5 5 5 5 5 5 5 5 5 5 5 5 5 5 5 5 6 6 6 6 6 6 6 6 6 6 6 6 6 6 6 6 6 6 6 6 6 6 6 6 6 6 6 6 6 6 6 6 6 6 6 6 6 6 6 6 6 6 6 6 6 6 6 6 6 6 6 6 6 6 6 6 6 6 6 6 7 7 7 7 7 7 7 7 7 7 7 7 7 7 7 7 7 7 7 7 7 7 7 7 7 7 7 7 7 7 7 7 7 7 7 7 7 7 7 7 7 7 7 7 7 7 7 7 7 7 7 7 7 7 7 7 7 7 7 7 8 8 8 8 8 8 8 8 8 8 8 8 8 8 8 8 8 8 8 8 8 8 8 8 8 8 8 8 8 8 8 8 8 8 8 8 8 8 8 8 8 8 8 8 8 8 8 8 8 8 8 8 8 8 8 8 8 8 8 8 9 9 9 9 9 9 9 9 9 9 9 9 9 9 9 9 9 9 9 9 9 9 9 9 9 9 9 9 9 9 9 9 9 9 9 9 9 9 9 9 9 9 9 9 9 9 9 9 9 9 9 9 9 9 9 9 9 9 9 9 10 10 10 10 10 10 10 10 10 10 10 10 10 10 10 10 10 10 10 10 10 10 10 10 10 10 10 10 10 10 10 10 10 10 10 10 10 10 10 10 10 10 10 10 10 10 10 10 10 10 10 10 10 10 10 10 10 10 10 10 
calling hdp_init 2022-06-22 21:45:54
Guessed number of signatures (= Dirichlet process data clusters) = 46
0 1 1 1 1 1 1 1 1 1 2 2 2 2 2 2 2 2 2 2 2 2 2 2 2 2 2 2 2 2 2 2 2 2 2 2 2 2 2 2 2 2 2 2 2 2 2 2 2 2 2 2 2 2 2 2 2 2 2 2 2 2 2 2 2 2 2 2 2 2 3 3 3 3 3 3 3 3 3 3 3 3 3 3 3 3 3 3 3 3 3 3 3 3 3 3 3 3 3 3 3 3 3 3 3 3 3 3 3 3 3 3 3 3 3 3 3 3 3 3 3 3 3 3 3 3 3 3 3 3 4 4 4 4 4 4 4 4 4 4 4 4 4 4 4 4 4 4 4 4 4 4 4 4 4 4 4 4 4 4 4 4 4 4 4 4 4 4 4 4 4 4 4 4 4 4 4 4 4 4 4 4 4 4 4 4 4 4 4 4 5 5 5 5 5 5 5 5 5 5 5 5 5 5 5 5 5 5 5 5 5 5 5 5 5 5 5 5 5 5 5 5 5 5 5 5 5 5 5 5 5 5 5 5 5 5 5 5 5 5 5 5 5 5 5 5 5 5 5 5 6 6 6 6 6 6 6 6 6 6 6 6 6 6 6 6 6 6 6 6 6 6 6 6 6 6 6 6 6 6 6 6 6 6 6 6 6 6 6 6 6 6 6 6 6 6 6 6 6 6 6 6 6 6 6 6 6 6 6 6 7 7 7 7 7 7 7 7 7 7 7 7 7 7 7 7 7 7 7 7 7 7 7 7 7 7 7 7 7 7 7 7 7 7 7 7 7 7 7 7 7 7 7 7 7 7 7 7 7 7 7 7 7 7 7 7 7 7 7 7 8 8 8 8 8 8 8 8 8 8 8 8 8 8 8 8 8 8 8 8 8 8 8 8 8 8 8 8 8 8 8 8 8 8 8 8 8 8 8 8 8 8 8 8 8 8 8 8 8 8 8 8 8 8 8 8 8 8 8 8 9 9 9 9 9 9 9 9 9 9 9 9 9 9 9 9 9 9 9 9 9 9 9 9 9 9 9 9 9 9 9 9 9 9 9 9 9 9 9 9 9 9 9 9 9 9 9 9 9 9 9 9 9 9 9 9 9 9 9 9 10 10 10 10 10 10 10 10 10 10 10 10 10 10 10 10 10 10 10 10 10 10 10 10 10 10 10 10 10 10 10 10 10 10 10 10 10 10 10 10 10 10 10 10 10 10 10 10 10 10 10 10 10 10 10 10 10 10 10 10 
calling hdp_init 2022-06-22 21:45:54
Guessed number of signatures (= Dirichlet process data clusters) = 46
0 1 1 1 1 1 1 1 1 1 2 2 2 2 2 2 2 2 2 2 2 2 2 2 2 2 2 2 2 2 2 2 2 2 2 2 2 2 2 2 2 2 2 2 2 2 2 2 2 2 2 2 2 2 2 2 2 2 2 2 2 2 2 2 2 2 2 2 2 2 3 3 3 3 3 3 3 3 3 3 3 3 3 3 3 3 3 3 3 3 3 3 3 3 3 3 3 3 3 3 3 3 3 3 3 3 3 3 3 3 3 3 3 3 3 3 3 3 3 3 3 3 3 3 3 3 3 3 3 3 4 4 4 4 4 4 4 4 4 4 4 4 4 4 4 4 4 4 4 4 4 4 4 4 4 4 4 4 4 4 4 4 4 4 4 4 4 4 4 4 4 4 4 4 4 4 4 4 4 4 4 4 4 4 4 4 4 4 4 4 5 5 5 5 5 5 5 5 5 5 5 5 5 5 5 5 5 5 5 5 5 5 5 5 5 5 5 5 5 5 5 5 5 5 5 5 5 5 5 5 5 5 5 5 5 5 5 5 5 5 5 5 5 5 5 5 5 5 5 5 6 6 6 6 6 6 6 6 6 6 6 6 6 6 6 6 6 6 6 6 6 6 6 6 6 6 6 6 6 6 6 6 6 6 6 6 6 6 6 6 6 6 6 6 6 6 6 6 6 6 6 6 6 6 6 6 6 6 6 6 7 7 7 7 7 7 7 7 7 7 7 7 7 7 7 7 7 7 7 7 7 7 7 7 7 7 7 7 7 7 7 7 7 7 7 7 7 7 7 7 7 7 7 7 7 7 7 7 7 7 7 7 7 7 7 7 7 7 7 7 8 8 8 8 8 8 8 8 8 8 8 8 8 8 8 8 8 8 8 8 8 8 8 8 8 8 8 8 8 8 8 8 8 8 8 8 8 8 8 8 8 8 8 8 8 8 8 8 8 8 8 8 8 8 8 8 8 8 8 8 9 9 9 9 9 9 9 9 9 9 9 9 9 9 9 9 9 9 9 9 9 9 9 9 9 9 9 9 9 9 9 9 9 9 9 9 9 9 9 9 9 9 9 9 9 9 9 9 9 9 9 9 9 9 9 9 9 9 9 9 10 10 10 10 10 10 10 10 10 10 10 10 10 10 10 10 10 10 10 10 10 10 10 10 10 10 10 10 10 10 10 10 10 10 10 10 10 10 10 10 10 10 10 10 10 10 10 10 10 10 10 10 10 10 10 10 10 10 10 10 
calling hdp_init 2022-06-22 21:45:54
calling hdp_setdata 2022-06-22 21:45:54
calling hdp_setdata 2022-06-22 21:45:54
calling hdp_setdata 2022-06-22 21:45:54
calling hdp_setdata 2022-06-22 21:45:54
calling hdp_setdata 2022-06-22 21:45:54
calling hdp_setdata 2022-06-22 21:45:54
calling hdp_setdata 2022-06-22 21:45:54
calling hdp_setdata 2022-06-22 21:45:54
calling hdp_setdata 2022-06-22 21:45:54
calling hdp_setdata 2022-06-22 21:45:54
calling hdp_setdata 2022-06-22 21:45:54
calling hdp_setdata 2022-06-22 21:45:54
calling hdp_setdata 2022-06-22 21:45:54
calling hdp_setdata 2022-06-22 21:45:54
calling hdp_setdata 2022-06-22 21:45:54
calling hdp_setdata 2022-06-22 21:45:54
calling hdp_setdata 2022-06-22 21:45:54
calling hdp_setdata 2022-06-22 21:45:55
calling hdp_setdata 2022-06-22 21:45:55
calling hdp_setdata 2022-06-22 21:45:55
calling dp_activate 2022-06-22 21:45:55
calling dp_activate 2022-06-22 21:45:55
calling dp_activate 2022-06-22 21:45:55
calling dp_activate 2022-06-22 21:45:55
calling dp_activate 2022-06-22 21:45:55
calling dp_activate 2022-06-22 21:45:55
calling dp_activate 2022-06-22 21:45:55
calling dp_activate 2022-06-22 21:45:55
calling dp_activate 2022-06-22 21:45:55
calling dp_activate 2022-06-22 21:45:56
calling dp_activate 2022-06-22 21:45:56
calling dp_activate 2022-06-22 21:45:56
calling dp_activate 2022-06-22 21:45:56
calling dp_activate 2022-06-22 21:45:56
calling dp_activate 2022-06-22 21:45:57
calling dp_activate 2022-06-22 21:45:57
calling dp_activate 2022-06-22 21:45:57
calling dp_activate 2022-06-22 21:45:57
calling dp_activate 2022-06-22 21:45:57
calling dp_activate 2022-06-22 21:45:57
calling hdp_posterior, seed = 7200437 2022-06-22 21:46:00
calling hdp_posterior, seed = 3200437 2022-06-22 21:46:00
calling hdp_posterior, seed = 6200437 2022-06-22 21:46:01
calling hdp_posterior, seed = 9200437 2022-06-22 21:46:01
calling hdp_posterior, seed = 12200437 2022-06-22 21:46:01
calling hdp_posterior, seed = 5200437 2022-06-22 21:46:01
calling hdp_posterior, seed = 11200437 2022-06-22 21:46:01
calling hdp_posterior, seed = 8200437 2022-06-22 21:46:01
calling hdp_posterior, seed = 15200437 2022-06-22 21:46:01
calling hdp_posterior, seed = 2200437 2022-06-22 21:46:01
calling hdp_posterior, seed = 18200437 2022-06-22 21:46:01
calling hdp_posterior, seed = 14200437 2022-06-22 21:46:01
calling hdp_posterior, seed = 20200437 2022-06-22 21:46:01
calling hdp_posterior, seed = 17200437 2022-06-22 21:46:01
calling hdp_posterior, seed = 4200437 2022-06-22 21:46:06
calling hdp_posterior, seed = 1200437 2022-06-22 21:46:06
calling hdp_posterior, seed = 10200437 2022-06-22 21:46:07
calling hdp_posterior, seed = 13200437 2022-06-22 21:46:07
calling hdp_posterior, seed = 16200437 2022-06-22 21:46:07
calling hdp_posterior, seed = 19200437 2022-06-22 21:46:07
[1] "100000 burn-in iterations in 8559.1 mins"
[1] "100000 burn-in iterations in 8605.7 mins"
[1] "time 8681.8 ETC 10315.0 mins"
[1] "100000 burn-in iterations in 8702.5 mins"
[1] "time 8725.6 ETC 10367.0 mins"
[1] "time 8805.4 ETC 10359.3 mins"
[1] "time 8823.4 ETC 10483.2 mins"
[1] "time 8846.7 ETC 10407.9 mins"
[1] "100000 burn-in iterations in 8869.5 mins"
[1] "100000 burn-in iterations in 8875.9 mins"
[1] "100000 burn-in iterations in 8903.5 mins"
[1] "time 8929.5 ETC 10403.3 mins"
[1] "time 8944.9 ETC 10523.4 mins"
[1] "time 8969.1 ETC 10449.4 mins"
[1] "time 8990.5 ETC 10681.8 mins"
[1] "time 9002.7 ETC 10696.3 mins"
[1] "100000 burn-in iterations in 9018.7 mins"
[1] "100000 burn-in iterations in 9028.5 mins"
[1] "100000 burn-in iterations in 9029.4 mins"
[1] "time 9029.5 ETC 10728.2 mins"
[1] "100000 burn-in iterations in 9035.8 mins"
[1] "time 9053.7 ETC 10446.5 mins"
[1] "100000 burn-in iterations in 9056.4 mins"
[1] "time 9067.9 ETC 10564.5 mins"
[1] "100000 burn-in iterations in 9088.8 mins"
[1] "time 9092.1 ETC 10490.9 mins"
[1] "time 9112.2 ETC 10720.2 mins"
[1] "time 9130.1 ETC 10741.2 mins"
[1] "time 9150.5 ETC 10871.8 mins"
[1] "time 9155.8 ETC 10878.2 mins"
[1] "time 9158.3 ETC 10774.4 mins"
[1] "time 9164.2 ETC 10888.2 mins"
[1] "time 9177.5 ETC 10488.5 mins"
[1] "time 9189.1 ETC 10917.8 mins"
[1] "time 9192.5 ETC 10606.8 mins"
[1] "time 9215.1 ETC 10531.5 mins"
[1] "time 9216.3 ETC 10950.1 mins"
[1] "time 9217.0 ETC 10950.9 mins"
[1] "time 9234.2 ETC 10758.3 mins"
[1] "100000 burn-in iterations in 9239.8 mins"
[1] "time 9258.7 ETC 10786.9 mins"
[1] "time 9283.4 ETC 10921.6 mins"
[1] "time 9284.7 ETC 10923.2 mins"
[1] "time 9287.6 ETC 10820.5 mins"
[1] "time 9301.5 ETC 10530.0 mins"
[1] "time 9304.0 ETC 10945.9 mins"
[1] "time 9318.0 ETC 10649.1 mins"
[1] "time 9326.1 ETC 10971.9 mins"
[1] "time 9344.7 ETC 10993.8 mins"
[1] "time 9353.6 ETC 10589.0 mins"
[1] "time 9353.8 ETC 11004.5 mins"
[1] "time 9356.2 ETC 10795.7 mins"
[1] "time 9373.2 ETC 11136.4 mins"
[1] "time 9387.4 ETC 10831.6 mins"
[1] "time 9414.2 ETC 10968.0 mins"
[1] "time 9416.3 ETC 10970.4 mins"
[1] "time 9416.5 ETC 10865.2 mins"
[1] "time 9425.7 ETC 10570.8 mins"
[1] "time 9443.2 ETC 10690.4 mins"
[1] "time 9451.6 ETC 11011.5 mins"
[1] "100000 burn-in iterations in 9453.6 mins"
[1] "time 9465.4 ETC 11027.6 mins"
[1] "time 9474.5 ETC 11038.3 mins"
[1] "100000 burn-in iterations in 9475.7 mins"
[1] "100000 burn-in iterations in 9478.0 mins"
[1] "time 9478.1 ETC 10832.1 mins"
[1] "time 9497.3 ETC 11064.8 mins"
[1] "time 9501.4 ETC 11178.1 mins"
[1] "time 9503.8 ETC 10658.5 mins"
[1] "time 9516.0 ETC 10875.4 mins"
[1] "time 9545.2 ETC 11013.7 mins"
[1] "time 9545.8 ETC 10909.4 mins"
[1] "time 9549.6 ETC 11018.7 mins"
[1] "time 9550.5 ETC 10611.7 mins"
[1] "100000 burn-in iterations in 9556.2 mins"
[1] "100000 burn-in iterations in 9558.1 mins"
[1] "time 9568.6 ETC 10731.1 mins"
[1] "time 9584.7 ETC 11387.7 mins"
[1] "time 9601.2 ETC 10869.3 mins"
[1] "100000 burn-in iterations in 9603.8 mins"
[1] "time 9605.3 ETC 11083.0 mins"
[1] "time 9605.8 ETC 11083.6 mins"
[1] "time 9609.5 ETC 11417.2 mins"
[1] "time 9610.4 ETC 11418.3 mins"
[1] "time 9613.2 ETC 11092.2 mins"
[1] "time 9631.7 ETC 11221.4 mins"
[1] "time 9638.1 ETC 11120.9 mins"
[1] "time 9645.1 ETC 10919.0 mins"
[1] "time 9655.3 ETC 10728.2 mins"
[1] "time 9674.5 ETC 10650.8 mins"
[1] "time 9676.4 ETC 10954.4 mins"
[1] "time 9677.6 ETC 11060.1 mins"
[1] "time 9682.5 ETC 11503.9 mins"
[1] "time 9683.3 ETC 11066.6 mins"
[1] "time 9694.6 ETC 10771.8 mins"
[1] "time 9713.8 ETC 11541.2 mins"
[1] "time 9716.3 ETC 11431.0 mins"
[1] "time 9725.0 ETC 10906.6 mins"
[1] "time 9735.4 ETC 11126.1 mins"
[1] "time 9736.3 ETC 11567.9 mins"
[1] "time 9743.8 ETC 11463.3 mins"
[1] "time 9746.1 ETC 11466.0 mins"
[1] "time 9750.9 ETC 11143.9 mins"
[1] "time 9760.7 ETC 11155.1 mins"
[1] "time 9762.5 ETC 11264.5 mins"
[1] "time 9773.5 ETC 10961.0 mins"
[1] "time 9782.0 ETC 11179.4 mins"
[1] "time 9796.8 ETC 10785.5 mins"
[1] "time 9800.1 ETC 10691.0 mins"
[1] "time 9807.8 ETC 11538.6 mins"
[1] "time 9809.4 ETC 11001.2 mins"
[1] "time 9810.2 ETC 11105.9 mins"
[1] "time 9817.1 ETC 11113.6 mins"
[1] "time 9820.6 ETC 10811.7 mins"
[1] "time 9848.2 ETC 11473.6 mins"
[1] "time 9848.9 ETC 10943.2 mins"
[1] "time 9860.4 ETC 11600.4 mins"
[1] "time 9866.2 ETC 11169.2 mins"
[1] "100000 burn-in iterations in 9868.6 mins"
[1] "time 9868.9 ETC 11610.5 mins"
[1] "time 9876.6 ETC 11181.1 mins"
[1] "time 9879.8 ETC 11510.5 mins"
[1] "time 9887.8 ETC 11193.8 mins"
[1] "time 9891.3 ETC 11523.8 mins"
[1] "time 9894.2 ETC 11307.6 mins"
[1] "time 9902.3 ETC 11002.6 mins"
[1] "time 9925.5 ETC 10730.2 mins"
[1] "time 9925.6 ETC 11236.6 mins"
[1] "time 9934.2 ETC 11573.8 mins"
[1] "time 9942.0 ETC 10845.9 mins"
[1] "time 9942.8 ETC 11047.5 mins"
[1] "time 9943.2 ETC 11151.3 mins"
[1] "time 9948.1 ETC 10852.4 mins"
[1] "time 9951.5 ETC 11160.6 mins"
[1] "time 9972.6 ETC 10979.0 mins"
[1] "time 9980.5 ETC 11516.0 mins"
[1] "time 9998.3 ETC 11213.0 mins"
[1] "time 10001.2 ETC 11651.9 mins"
[1] "time 10002.4 ETC 11217.6 mins"
[1] "time 10012.1 ETC 11664.6 mins"
[1] "time 10013.3 ETC 11229.9 mins"
[1] "time 10016.5 ETC 11557.5 mins"
[1] "time 10024.7 ETC 11348.7 mins"
[1] "time 10026.2 ETC 11912.3 mins"
[1] "time 10031.1 ETC 11574.3 mins"
[1] "time 10032.3 ETC 11044.8 mins"
[1] "time 10052.1 ETC 10770.1 mins"
[1] "time 10056.8 ETC 11278.7 mins"
[1] "time 10063.1 ETC 11611.2 mins"
[1] "time 10072.1 ETC 10888.8 mins"
[1] "time 10076.3 ETC 10893.2 mins"
[1] "time 10076.4 ETC 11195.9 mins"
[1] "time 10077.8 ETC 11094.8 mins"
[1] "time 10086.4 ETC 11207.1 mins"
[1] "time 10096.4 ETC 11014.3 mins"
[1] "time 10113.9 ETC 11558.7 mins"
[1] "time 10129.2 ETC 11254.7 mins"
[1] "time 10132.0 ETC 11257.8 mins"
[1] "time 10134.3 ETC 11693.4 mins"
[1] "time 10138.6 ETC 11265.1 mins"
[1] "time 10149.0 ETC 11710.4 mins"
[1] "time 10153.1 ETC 11603.5 mins"
[1] "time 10157.2 ETC 11391.3 mins"
[1] "time 10162.7 ETC 11086.6 mins"
[1] "time 10163.9 ETC 11957.5 mins"
[1] "time 10168.8 ETC 11621.5 mins"
[1] "time 10178.2 ETC 10808.7 mins"
[1] "time 10188.5 ETC 11320.6 mins"
[1] "time 10191.6 ETC 11647.5 mins"
[1] "time 10202.1 ETC 10930.8 mins"
[1] "time 10205.2 ETC 10934.2 mins"
[1] "time 10209.8 ETC 11240.1 mins"
[1] "time 10213.0 ETC 11141.5 mins"
[1] "time 10220.3 ETC 11049.0 mins"
[1] "time 10221.1 ETC 11252.6 mins"
[1] "time 10248.2 ETC 11601.7 mins"
[1] "time 10257.1 ETC 11292.2 mins"
[1] "time 10264.7 ETC 11300.6 mins"
[1] "time 10266.2 ETC 11302.2 mins"
[1] "time 10267.4 ETC 11734.2 mins"
[1] "time 10285.7 ETC 11755.0 mins"
[1] "time 10289.7 ETC 11648.7 mins"
[1] "time 10291.1 ETC 11434.6 mins"
[1] "time 10294.7 ETC 11129.4 mins"
[1] "time 10302.4 ETC 12002.7 mins"
[1] "time 10304.4 ETC 10846.7 mins"
[1] "time 10307.3 ETC 11668.7 mins"
[1] "time 10320.6 ETC 11683.7 mins"
[1] "time 10321.2 ETC 11362.8 mins"
[1] "time 10332.4 ETC 10972.4 mins"
[1] "time 10333.3 ETC 10973.4 mins"
[1] "time 10343.3 ETC 11283.6 mins"
[1] "time 10345.8 ETC 11084.7 mins"
[1] "time 10348.8 ETC 11187.9 mins"
[1] "time 10355.6 ETC 11297.0 mins"
[1] "time 10382.9 ETC 11644.4 mins"
[1] "time 10386.3 ETC 11330.5 mins"
[1] "time 10392.6 ETC 11337.4 mins"
[1] "time 10400.3 ETC 11345.8 mins"
[1] "time 10401.3 ETC 11775.1 mins"
[1] "time 10423.3 ETC 11799.9 mins"
[1] "time 10424.5 ETC 11476.5 mins"
[1] "time 10425.9 ETC 11692.5 mins"
[1] "time 10427.2 ETC 11172.0 mins"
[1] "time 10431.7 ETC 10885.3 mins"
[1] "time 10442.6 ETC 12049.2 mins"
[1] "time 10446.3 ETC 11715.4 mins"
[1] "time 10450.0 ETC 11719.6 mins"
[1] "time 10454.0 ETC 11404.4 mins"
[1] "time 10461.4 ETC 11012.0 mins"
[1] "time 10463.2 ETC 11013.9 mins"
[1] "time 10472.5 ETC 11121.3 mins"
[1] "time 10476.7 ETC 11326.1 mins"
[1] "time 10485.1 ETC 11234.1 mins"
[1] "time 10490.3 ETC 11340.8 mins"
[1] "time 10516.3 ETC 11368.9 mins"
[1] "time 10517.1 ETC 11685.6 mins"
[1] "time 10520.3 ETC 11373.3 mins"
[1] "time 10535.1 ETC 11389.3 mins"
[1] "time 10536.9 ETC 11817.1 mins"
[1] "time 10559.9 ETC 11842.8 mins"
[1] "time 10559.9 ETC 10924.0 mins"
[1] "time 10561.5 ETC 11215.8 mins"
[1] "time 10562.0 ETC 11522.2 mins"
[1] "time 10562.5 ETC 11736.1 mins"
[1] "time 10579.8 ETC 11755.3 mins"
[1] "time 10584.8 ETC 12097.0 mins"
[1] "time 10586.1 ETC 11762.3 mins"
[1] "time 10586.7 ETC 11445.1 mins"
[1] "time 10591.2 ETC 11051.7 mins"
[1] "time 10595.4 ETC 11056.0 mins"
[1] "time 10599.3 ETC 11157.2 mins"
[1] "time 10610.5 ETC 11368.4 mins"
[1] "time 10623.3 ETC 11281.4 mins"
[1] "time 10626.5 ETC 11385.5 mins"
[1] "time 10647.0 ETC 11407.5 mins"
[1] "time 10648.3 ETC 11408.9 mins"
[1] "time 10651.0 ETC 11725.9 mins"
[1] "time 10670.7 ETC 11432.9 mins"
[1] "time 10674.1 ETC 11860.1 mins"
[1] "time 10689.2 ETC 10963.3 mins"
[1] "time 10695.8 ETC 11258.8 mins"
[1] "time 10697.5 ETC 11886.1 mins"
[1] "time 10698.9 ETC 11566.4 mins"
[1] "time 10699.1 ETC 11778.8 mins"
[1] "time 10709.3 ETC 11790.1 mins"
[1] "time 10720.5 ETC 11486.3 mins"
[1] "time 10721.8 ETC 11091.5 mins"
[1] "time 10725.1 ETC 11191.4 mins"
[1] "time 10725.2 ETC 11807.6 mins"
[1] "time 10727.3 ETC 12144.1 mins"
[1] "time 10727.6 ETC 11097.6 mins"
[1] "time 10745.8 ETC 11411.5 mins"
[1] "time 10762.2 ETC 11328.7 mins"
[1] "time 10763.8 ETC 11430.6 mins"
[1] "time 10777.9 ETC 11445.6 mins"
[1] "time 10778.3 ETC 11445.9 mins"
[1] "time 10785.2 ETC 11765.6 mins"
[1] "time 10806.4 ETC 11475.9 mins"
[1] "time 10812.1 ETC 11903.3 mins"
[1] "time 10819.2 ETC 11002.6 mins"
[1] "time 10830.1 ETC 11300.9 mins"
[1] "time 10835.6 ETC 11929.1 mins"
[1] "time 10836.1 ETC 11821.1 mins"
[1] "time 10837.5 ETC 11611.6 mins"
[1] "time 10839.2 ETC 11824.6 mins"
[1] "time 10851.5 ETC 11225.7 mins"
[1] "time 10852.9 ETC 11131.2 mins"
[1] "time 10855.6 ETC 11528.1 mins"
[1] "time 10860.8 ETC 11139.3 mins"
[1] "time 10864.8 ETC 11852.5 mins"
[1] "time 10869.6 ETC 12190.2 mins"
[1] "time 10881.1 ETC 11453.8 mins"
[1] "time 10900.4 ETC 11374.4 mins"
[1] "time 10902.8 ETC 11476.7 mins"
[1] "time 10907.7 ETC 11481.8 mins"
[1] "time 10910.0 ETC 11484.2 mins"
[1] "time 10919.9 ETC 11805.3 mins"
[1] "time 10942.8 ETC 11518.8 mins"
[1] "time 10950.1 ETC 11042.1 mins"
[1] "time 10950.4 ETC 11945.9 mins"
[1] "time 10965.9 ETC 11344.1 mins"
[1] "time 10970.3 ETC 11859.8 mins"
[1] "time 10973.6 ETC 11863.3 mins"
[1] "time 10974.8 ETC 11972.5 mins"
[1] "time 10975.7 ETC 11655.6 mins"
[1] "time 10978.5 ETC 11260.0 mins"
[1] "time 10984.6 ETC 11170.7 mins"
[1] "time 10990.2 ETC 11568.6 mins"
[1] "time 10994.6 ETC 11180.9 mins"
[1] "time 11004.2 ETC 11896.4 mins"
[1] "time 11011.7 ETC 12235.2 mins"
[1] "time 11016.5 ETC 11495.5 mins"
[1] "time 11038.7 ETC 11518.7 mins"
[1] "time 11039.3 ETC 11420.0 mins"
[1] "time 11042.5 ETC 11522.6 mins"
[1] "time 11042.9 ETC 11523.1 mins"
[1] "time 11056.1 ETC 11845.8 mins"
[1] "time 11079.5 ETC 11561.2 mins"
[1] "time 11082.5 ETC 11082.5 mins"
compute sample.chain time: 
 user.self 661816.385
 sys.self 84.298
 elapsed 664949.105
 user.child 0
 sys.child 0
[1] "time 11088.8 ETC 11987.9 mins"
[1] "time 11101.9 ETC 11894.9 mins"
[1] "time 11102.5 ETC 11387.2 mins"
[1] "time 11105.8 ETC 11294.1 mins"
[1] "time 11111.5 ETC 11905.1 mins"
[1] "time 11114.2 ETC 11699.2 mins"
[1] "time 11115.0 ETC 12016.2 mins"
[1] "time 11116.2 ETC 11209.6 mins"
[1] "time 11125.2 ETC 11608.9 mins"
[1] "time 11127.0 ETC 11220.5 mins"
[1] "time 11145.4 ETC 11941.5 mins"
[1] "time 11151.6 ETC 11536.2 mins"
[1] "time 11154.4 ETC 12280.1 mins"
[1] "time 11171.8 ETC 11557.0 mins"
[1] "time 11176.3 ETC 11561.7 mins"
[1] "time 11177.9 ETC 11464.5 mins"
[1] "time 11182.7 ETC 11568.3 mins"
[1] "time 11191.7 ETC 11885.0 mins"
[1] "time 11215.6 ETC 11602.3 mins"
[1] "time 11227.1 ETC 12029.0 mins"
[1] "time 11233.1 ETC 11327.5 mins"
[1] "time 11233.7 ETC 11929.6 mins"
[1] "time 11239.8 ETC 11430.3 mins"
[1] "time 11248.6 ETC 11248.6 mins"
compute sample.chain time: 
 user.self 673526.404
 sys.self 81.022
 elapsed 674917.502
 user.child 0
 sys.child 0
[1] "time 11249.4 ETC 11946.3 mins"
[1] "time 11252.0 ETC 11741.3 mins"
[1] "time 11255.1 ETC 12059.0 mins"
[1] "time 11259.9 ETC 11648.2 mins"
[1] "time 11261.0 ETC 11261.0 mins"
compute sample.chain time: 
 user.self 665766.099
 sys.self 80.804
 elapsed 675660.047
 user.child 0
 sys.child 0
[1] "time 11287.1 ETC 11986.3 mins"
[1] "time 11288.8 ETC 11578.3 mins"
[1] "time 11297.0 ETC 12324.0 mins"
[1] "time 11305.3 ETC 11595.2 mins"
[1] "time 11310.7 ETC 11600.8 mins"
[1] "time 11316.8 ETC 11508.6 mins"
[1] "time 11322.7 ETC 11613.0 mins"
[1] "time 11328.4 ETC 11924.7 mins"
[1] "time 11351.5 ETC 11642.6 mins"
[1] "time 11361.8 ETC 11361.8 mins"
compute sample.chain time: 
 user.self 679493.073
 sys.self 83.268
 elapsed 681708.112
 user.child 0
 sys.child 0
[1] "time 11365.0 ETC 11963.1 mins"
[1] "time 11366.3 ETC 12070.4 mins"
[1] "time 11377.9 ETC 11473.5 mins"
[1] "time 11388.3 ETC 11987.7 mins"
[1] "time 11390.1 ETC 11782.9 mins"
[1] "time 11394.3 ETC 11686.4 mins"
[1] "time 11395.5 ETC 12101.4 mins"
[1] "time 11427.4 ETC 11621.1 mins"
[1] "time 11428.0 ETC 12029.5 mins"
[1] "time 11438.5 ETC 11632.3 mins"
[1] "time 11438.9 ETC 12366.4 mins"
[1] "time 11447.5 ETC 11641.5 mins"
[1] "time 11456.8 ETC 11553.0 mins"
[1] "time 11463.2 ETC 11657.5 mins"
[1] "time 11466.1 ETC 11964.7 mins"
[1] "time 11487.7 ETC 11682.4 mins"
[1] "time 11499.0 ETC 11999.0 mins"
[1] "time 11506.6 ETC 12112.2 mins"
[1] "time 11516.6 ETC 11516.6 mins"
compute sample.chain time: 
 user.self 690903.721
 sys.self 84.195
 elapsed 690994.664
 user.child 0
 sys.child 0
[1] "time 11528.1 ETC 12029.3 mins"
[1] "time 11529.2 ETC 11824.8 mins"
[1] "time 11529.8 ETC 11725.2 mins"
[1] "time 11539.9 ETC 12147.3 mins"
[1] "time 11566.4 ETC 11663.6 mins"
[1] "time 11569.2 ETC 12072.2 mins"
[1] "time 11571.7 ETC 11668.9 mins"
[1] "time 11581.9 ETC 12409.2 mins"
[1] "time 11585.0 ETC 11682.3 mins"
[1] "time 11597.2 ETC 11597.2 mins"
compute sample.chain time: 
 user.self 695720.875
 sys.self 88.924
 elapsed 695830.298
 user.child 0
 sys.child 0
[1] "time 11603.7 ETC 12003.9 mins"
[1] "time 11604.4 ETC 11701.9 mins"
[1] "time 11624.6 ETC 11722.3 mins"
[1] "time 11634.0 ETC 12035.2 mins"
[1] "time 11647.0 ETC 12153.4 mins"
[1] "time 11665.5 ETC 11763.5 mins"
[1] "time 11668.0 ETC 12070.4 mins"
[1] "time 11669.0 ETC 11866.7 mins"
[1] "time 11684.0 ETC 12192.0 mins"
[1] "time 11704.5 ETC 11704.5 mins"
compute sample.chain time: 
 user.self 700651.192
 sys.self 85.703
 elapsed 702274.258
 user.child 0
 sys.child 0
[1] "time 11705.5 ETC 11705.5 mins"
compute sample.chain time: 
 user.self 686900.856
 sys.self 82.557
 elapsed 702333.58
 user.child 0
 sys.child 0
[1] "time 11710.1 ETC 12113.9 mins"
[1] "time 11723.9 ETC 11723.9 mins"
compute sample.chain time: 
 user.self 691307.282
 sys.self 82.599
 elapsed 703435.377
 user.child 0
 sys.child 0
[1] "time 11724.8 ETC 12451.1 mins"
[1] "time 11741.7 ETC 12042.7 mins"
[1] "time 11745.9 ETC 11745.9 mins"
compute sample.chain time: 
 user.self 704177.651
 sys.self 83.645
 elapsed 704756.595
 user.child 0
 sys.child 0
[1] "time 11761.6 ETC 11761.6 mins"
compute sample.chain time: 
 user.self 703841.689
 sys.self 86.072
 elapsed 705697.014
 user.child 0
 sys.child 0
[1] "time 11769.2 ETC 12071.0 mins"
[1] "time 11788.3 ETC 12194.8 mins"
[1] "time 11801.5 ETC 11801.5 mins"
compute sample.chain time: 
 user.self 691973.631
 sys.self 82.502
 elapsed 708088.69
 user.child 0
 sys.child 0
[1] "time 11808.6 ETC 11907.8 mins"
[1] "time 11809.2 ETC 12112.0 mins"
[1] "time 11828.0 ETC 12235.9 mins"
[1] "time 11852.2 ETC 12156.1 mins"
[1] "time 11868.5 ETC 12493.2 mins"
[1] "time 11880.1 ETC 12081.5 mins"
[1] "time 11905.3 ETC 12107.1 mins"
[1] "time 11930.3 ETC 12236.2 mins"
[1] "time 11947.4 ETC 11947.4 mins"
compute sample.chain time: 
 user.self 715372.988
 sys.self 88.491
 elapsed 716844.315
 user.child 0
 sys.child 0
[1] "time 11950.9 ETC 12153.5 mins"
[1] "time 11972.7 ETC 12279.7 mins"
[1] "time 11993.9 ETC 12197.2 mins"
[1] "time 12014.1 ETC 12536.4 mins"
[1] "time 12018.9 ETC 12119.9 mins"
[1] "time 12041.5 ETC 12142.7 mins"
[1] "time 12072.7 ETC 12277.3 mins"
[1] "time 12093.6 ETC 12195.2 mins"
[1] "time 12117.7 ETC 12323.1 mins"
[1] "time 12136.1 ETC 12238.1 mins"
[1] "time 12158.2 ETC 12158.2 mins"
compute sample.chain time: 
 user.self 725503.947
 sys.self 91.807
 elapsed 729492.318
 user.child 0
 sys.child 0
[1] "time 12160.6 ETC 12579.9 mins"
[1] "time 12178.5 ETC 12178.5 mins"
compute sample.chain time: 
 user.self 726480.18
 sys.self 95.71
 elapsed 730713.371
 user.child 0
 sys.child 0
[1] "time 12215.4 ETC 12318.1 mins"
[1] "time 12236.3 ETC 12236.3 mins"
compute sample.chain time: 
 user.self 733711.862
 sys.self 98.367
 elapsed 734178.209
 user.child 0
 sys.child 0
[1] "time 12263.4 ETC 12366.5 mins"
[1] "time 12278.3 ETC 12278.3 mins"
compute sample.chain time: 
 user.self 721498.598
 sys.self 95.61
 elapsed 736702.248
 user.child 0
 sys.child 0
[1] "time 12306.9 ETC 12622.4 mins"
[1] "time 12359.2 ETC 12359.2 mins"
compute sample.chain time: 
 user.self 736499.381
 sys.self 98.918
 elapsed 741553.463
 user.child 0
 sys.child 0
[1] "time 12410.4 ETC 12410.4 mins"
compute sample.chain time: 
 user.self 718832.734
 sys.self 99.847
 elapsed 744623.914
 user.child 0
 sys.child 0
[1] "time 12453.1 ETC 12664.1 mins"
[1] "time 12601.2 ETC 12707.1 mins"
[1] "time 12750.3 ETC 12750.3 mins"
compute sample.chain time: 
 user.self 760588.007
 sys.self 104.667
 elapsed 765020.731
 user.child 0
 sys.child 0
Reading input catalog file ./SBS/input/Realistic/ground.truth.syn.catalog.csv
calling hdp_extract_components 2022-07-01 18:16:30
hdp_extract_components time: 
 user.self 25672.785
 sys.self 755.021
 elapsed 26428.061
 user.child 0
 sys.child 0
calling hdpx::comp_categ_distn 2022-07-02 01:36:59
Calling hdpx::comp_dp_distn 2022-07-02 01:36:59
Using existing out.dir SBS/raw_results/4e_SBS_NR_hdp_gamma_beta_20/Realistic/seed.200437
Writing HDP diagnostics
Writing signatures
Writing exposures
