2022-06-22 21:46:29 running /apps/spack/opt/spack/linux-centos7-x86_64_v3/gcc-10.2.0/r-4.1.1-stoazpgh6taoehgncsokzcsmoxesfjdu/rlib/R/bin/exec/R --no-echo --no-restore --file=SBS/code/4e_SBS_NR_hdp_gamma_beta_20.R --args SBS/raw_results/4e_SBS_NR_hdp_gamma_beta_20 528401
2022-06-22 21:46:29 running on seed 528401
hdpx version 0.1.5.99
mSigHdp version 0.0.0.9019
Loading required package: ICAMS
Loading required package: hdpx
This is /data/rozen/home/gmssgr/R/x86_64-pc-linux-gnu-library/4.1 and hdpx v0.1.5.0099
Loading required package: mSigHdp
2022-06-22 21:46:35 starting analyses; output in subdir of SBS/raw_results/4e_SBS_NR_hdp_gamma_beta_20
2022-06-22 21:46:35SBS/raw_results/4e_SBS_NR_hdp_gamma_beta_20 already exists
2022-06-22 21:46:35 putting results in SBS/raw_results/4e_SBS_NR_hdp_gamma_beta_20/Realistic/seed.528401
2022-06-22 21:46:35 seed_in_use=528401


===========================================


Begin running mSigHdp on data set Realistic using seed 528401...



===========================================


Runing run.setup.and.posterior on 1528401
Reading input catalog file ./SBS/input/Realistic/ground.truth.syn.catalog.csv
Runing run.setup.and.posterior on 2528401
Reading input catalog file ./SBS/input/Realistic/ground.truth.syn.catalog.csv
Runing run.setup.and.posterior on 3528401
Reading input catalog file ./SBS/input/Realistic/ground.truth.syn.catalog.csv
Runing run.setup.and.posterior on 4528401
Reading input catalog file ./SBS/input/Realistic/ground.truth.syn.catalog.csv
Runing run.setup.and.posterior on 5528401
Reading input catalog file ./SBS/input/Realistic/ground.truth.syn.catalog.csv
Runing run.setup.and.posterior on 6528401
Reading input catalog file ./SBS/input/Realistic/ground.truth.syn.catalog.csv
Runing run.setup.and.posterior on 7528401
Reading input catalog file ./SBS/input/Realistic/ground.truth.syn.catalog.csv
Guessed number of signatures (= Dirichlet process data clusters) = 46
Guessed number of signatures (= Dirichlet process data clusters) = 46
0 1 1 1 1 1Runing run.setup.and.posterior on 8528401
 1 1 1 1 2 2 2 2 2 2 2 2 2 2 2 2 2 2 2 2 2 2 2 2 2 2 2 2 2 2 2 2 2 2 2 2 2 2 2 2 2 2 2 2 2 2 2 2 2 2 2 2 2 2 2 2 2 2 2 2 2 2 2 2 3 3 3 3 3 3 3 3 3 3 3 3 3 3 3 3 3 3 3 3 3 3 3 3 3 3 3 3 3 3 3 3 3 3 3 3 3 3 3 3 3 3 3 3 3 3 3 3 3 3 3 3 3 3 3 3 3 3 3 3 4 4 4 4 4 4 4 4 4 4 4 4 4 4 4 4 4 4 4 4 4 4 4 4 4 4 4 4 4 4 4 4 4 4 4 4 4 4 4 4 4 4 4 4 4 4 4 4 4 4 4 4 4 4 4 4 4 4 4 4 5 5 5 5 5 5 5 5 5 5 5 5 5 5 5 5 5 5 5 5 5 5 5 5 5 5 5 5 5 5 5 5 5 5 5 5 5 5 5 5 5 5 5 5 5 5 5 5 5 5 5 5 5 5 5 5 5 5 5 5 6 6 6 6 6 6 6 6 6 6 6 6 6 6 6 6 6 6 6 6 6 6 6 6 6 6 6 6 6 6 6 6 6 6 6 6 6 6 6 6 6 6 6 6 6 6 6 6 6 6 6 6 6 6 6 6 6 6 6 6 7 7 7 7 7 7 7 7 7 7 7 7 7 7 7 7 7 7 7 7 7 7 7 7 7 7 7 7 7 7 7 7 7 7 7 7 7 7 7 7 7 7 7 7 7 7 7 7 7 7 7 7 7 7 7 7 7 7 7 7 8 8 8 8 8 8 8 8 8 8 8 8 8 8 8 8 8 8 8 8 8 8 8 8 8 8 8 8 8 8 8 8 8 8 8 8 8 8 8 8 8 8 8 8 8 8 8 8 8 8 8 8 8 8 8 8 8 8 8 8 9 9 9 9 9 9 9 9 9 9 9 9 9 9 9 9 9 9 9 9 9 9 9 9 9 9 9 9 9 9 9 9 9 9 9 9 9 9 9 9 9 9 9 9 9 9 9 9 9 9 9 9 9 9 9 9 9 9 9 9 10 10 10 10 10 10 10 10 10 10 10 10 10 10 10 10 10 10 10 10 10 10 10 10 10 10 10 10 10 10 10 10 10 10 10Reading input catalog file ./SBS/input/Realistic/ground.truth.syn.catalog.csv
 10 10 10 10 10 10 10 10 10 10 10 10 10 10 10 10 10 10 10 10 10 10 10 10 10 
calling hdp_init 2022-06-22 21:46:36
0 1 1 1 1 1 1 1 1 1 2 2 2 2 2 2 2 2 2 2 2 2 2 2 2 2 2 2 2 2 2 2 2 2 2 2 2 2 2 2 2 2 2 2 2 2 2 2 2 2 2 2 2 2 2 2 2 2 2 2 2 2 2 2 2 2 2 2 2 2 3 3 3 3 3 3 3 3 3 3 3 3 3 3 3 3 3 3 3 3 3 3 3 3 3 3 3 3 3 3 3 3 3 3 3 3 3 3 3 3 3 3 3 3 3 3 3 3 3 3 3 3 3 3 3 3 3 3 3 3 4 4 4 4 4 4 4 4 4 4 4 4 4 4 4 4 4 4 4 4 4 4 4 4 4 4 4 4 4 4 4 4 4 4 4 4 4 4 4 4 4 4 4 4 4 4 4 4 4 4 4 4 4 4 4 4 4 4 4 4 5 5 5 5 5 5 5 5 5 5 5 5 5 5 5 5 5 5 5 5 5 5 5 5 5 5 5 5 5 5 5 5 5 5 5 5 5 5 5 5 5 5 5 5 5 5 5 5 5 5 5 5 5 5 5 5 5 5 5 5 6 6 6 6 6 6 6 6 6 6 6 6 6 6 6 6 6 6 6 6 6 6 6 6 6 6 6 6 6 6 6 6 6 6 6 6 6 6 6 6 6 6 6 6 6 6 6 6 6 6 6 6 6 6 6 6 6 6 6 6 7 7 7 7 7 7 7 7 7 7 7 7 7 7 7 7 7 7 7 7 7 7 7 7 7 7 7 7 7 7 7 7 7 7 7 7 7 7 7 7 7 7 7 7 7 7 7 7 7 7 7 7 7 7 7 7 7 7 7 7 8 8 8 8 8 8 8 8 8 8 8 8 8 8 8 8 8 8 8 8 8 8 8 8 8 8 8 8 8 8 8 8 8 8 8 8 8 8 8 8 8 8 8 8 8 8 8 8 8 8 8 8 8 8 8 8 8 8 8 8 9 9 9 9 9 9 9 9 9 9 9 9 9 9 9 9 9 9 9 9 9 9 9 9 9 9 9 9 9 9 9 9 9 9 9 9 9 9 9 9 9 9 9 9 9 9 9 9 9 9 9 9 9 9 9 9 9 9 9 9 10 10 10 10 10 10 10 10 10 10 10 10 10 10 10 10 10 10 10 10 10 10 10 10 10 10 10 10 10 10 10 10 10 10 10 10 10 10 10 10 10 10 10 10 10 10 10 10 10 10 10 10 10 10 10 10 10 10 10 10 
calling hdp_init 2022-06-22 21:46:36
Guessed number of signatures (= Dirichlet process data clusters) = 46
Runing run.setup.and.posterior on 9528401
Reading input catalog file ./SBS/input/Realistic/ground.truth.syn.catalog.csv
0 1Guessed number of signatures (= Dirichlet process data clusters) = 46
 1 1 1 1 1 1 1 1 2 2 2 2 2 2 2 2 2 2 2 2 2 2 2 2 2 2 2 2 2 2 2 2 2 2 2 2 2 2 2 2 2 2 2 2 2 2 2 2 2 2 2 2 2 2 2 2 2 2 2 2 2 2 2 2 2 2 2 2 3 3 3 3 3 3 3 3 3 3 3 3 3 3 3 3 3 3 3 3 3 3 3 3 3 3 3 3 3 3 3 3 3 3 3 3 3 3 3 3 3 3 3 3 3 3 3 3 3 3 3 3 3 3 3 3 3 3 3 3 4 4 4 4 4 4 4 4 4 4 4 4 4 4 4 4 4 4 4 4 4 4 4 4 4 4 4 4 4 4 4 4 4 4 4 4 4 4 4 4 4 4 4 4 4 4 4 4 4 4 4 4 4 4 4 4 4 4 4 4 5 5 5 5 5 5 5 5 5 5 5 5 5 5 5 5 5 5 5 5 5 5 5 5 5 5 5 5 5 5 5 5 5 5 5 5 5 5 5 5 5 5 5 5 5 5 5 5 5 5 5 5 5 5 5 5 5 5 5 5 6 6 6 6 6 6 6 6 6 6 6 6 6 6 6 6 6 6 6 6 6 6 6 6 6 6 6 6 6 6 6 6 6 6 6 6 6 6 6 6 6 6 6 6 6 6 6 6 6 6 6 6 6 6 6 6 6 6 6 6 7 7 7 7 7 7 7 7 7 7 7 7 7 7 7 7 7 7 7 7 7 7 7 7 7 7 7 7 7 7 7 7 7 7 7 7 7 7 7 7 7 7 7 7 7 7 7 7 7 7 7 7 7 7 7 7 7 7 7 7 8 8 8 8 8 8 8 8 8 8 8 8 8 8 8 8 8 8 8 8 8 8 8 8 8 8 8 8 8 8 8 8 8 8 8 8 8 8 8 8 8 8 8 8 8 8 8 8 8 8 8 8 8 8 8 8 8 8 8 8 9 9 9 9 9 9 9 9 9 9 9 9 9 9 9 9 9 9 9 9 9 9 9 9 9 9 9 9 9 9 9 9 9 9 9 9 9 9 9 9 9 9 9 9 9 9 9 9 9 9 9 9 9 9 9 9 9 9 9 9 10 10 10 10 10 10 10 10 10 10 10 10 10 10 10 10 10 10 10 10 10 10 10 10 10 10 10 10 10 10 10 10 10 10 10 10 10 10 10 10 10 10 10 10 10 10 10 10 10 10 10 10 10 10 10 10 10 10 10 10 
calling hdp_init 2022-06-22 21:46:36
0 1 1 1 1 1 1 1 1 1 2 2 2 2 2 2 2 2 2 2 2 2 2 2 2 2 2 2 2 2 2 2 2 2 2 2 2 2 2 2 2 2 2 2 2 2 2 2 2 2 2 2 2 2 2 2 2 2 2 2 2 2 2 2 2 2 2 2 2 2 3 3 3 3 3 3 3 3 3 3 3 3 3 3 3 3 3 3 3 3 3 3 3 3 3 3 3 3 3 3 3 3 3 3 3 3 3 3 3 3 3 3 3 3 3 3 3 3 3 3 3 3 3 3 3 3 3 3 3 3 4 4 4 4 4 4 4 4 4 4 4 4 4 4 4 4 4 4 4 4 4 4 4 4 4 4 4 4 4 4 4 4 4 4 4 4 4 4 4 4 4 4 4 4 4 4 4 4 4 4 4 4 4 4 4 4 4 4 4 4 5 5 5 5 5 5 5 5 5 5 5 5 5 5 5 5 5 5 5 5 5 5 5 5 5 5 5 5 5 5 5 5 5 5 5 5 5 5 5 5 5 5 5 5 5 5 5 5 5 5 5 5 5 5 5 5 5 5 5 5 6 6 6 6 6 6 6 6 6 6 6 6 6 6 6 6 6 6 6 6 6 6 6 6 6 6 6 6 6 6 6 6 6 6 6 6 6 6 6 6 6 6 6 6 6 6 6 6 6 6 6 6 6 6 6 6 6 6 6 6 7 7 7 7 7 7 7 7 7 7 7 7 7 7 7 7 7 7 7 7 7 7 7 7 7 7 7 7 7 7 7 7 7 7 7 7 7 7 7 7 7 7 7 7 7 7 7 7 7 7 7 7 7 7 7 7 7 7 7 7 8 8 8 8 8 8 8 8 8 8 8 8 8 8 8 8 8 8 8 8 8 8 8 8 8 8 8 8 8 8 8 8 8 8 8 8 8 8 8 8 8 8 8 8 8 8 8 8 8 8 8 8 8 8 8 8 8 8 8 8 9 9 9 9 9 9 9 9 9 9 9 9 9 9 9 9 9 9 9 9 9 9 9 9 9 9 9 9 9 9 9 9 9 9 9 9 9 9 9 9 9 9 9 9 9 9 9 9 9 9 9 9 9 9 9 9 9 9 9 9 10 10 10 10 10 10 10 10 10 10 10 10 10 10 10 10 10 10 10 10 10 10 10 10 10 10 10 10 10 10 10 10 10 10 10 10 10 10 10 10 10 10 10 10 10 10 10 10 10 10 10 10 10 10 10 10 10 10 10 10 
calling hdp_init 2022-06-22 21:46:36
Runing run.setup.and.posterior on 10528401
Reading input catalog file ./SBS/input/Realistic/ground.truth.syn.catalog.csv
Guessed number of signatures (= Dirichlet process data clusters) = 46
0 1 1 1 1 1 1 1 1 1 2 2 2 2 2 2 2 2 2 2 2 2 2 2 2 2 2 2 2 2 2 2 2 2 2 2 2 2 2 2 2 2 2 2 2 2 2 2 2 2 2 2 2 2 2 2 2 2 2 2 2 2 2 2 2 2 2 2 2 2 3 3 3 3 3 3 3 3 3 3 3 3 3 3 3 3 3 3 3 3 3 3 3 3 3 3 3 3 3 3 3 3 3 3 3 3 3 3 3 3 3 3 3 3 3 3 3 3 3 3 3 3 3 3 3 3 3 3 3 3 4 4 4 4 4 4 4 4 4 4 4 4 4 4 4 4 4 4 4 4 4 4 4 4 4 4 4 4 4 4 4 4 4 4 4 4 4 4 4 4 4 4 4 4 4 4 4 4 4 4 4 4 4 4 4 4 4 4 4 4 5 5 5 5 5 5 5 5 5 5 5 5 5 5 5 5 5 5 5 5 5 5 5 5 5 5 5 5 5 5 5 5 5 5 5 5 5 5 5 5 5 5 5 5 5 5 5 5 5 5 5 5 5 5 5 5 5 5 5 5 6 6 6 6 6 6 6 6 6 6 6 6 6 6 6 6 6 6 6 6 6 6 6 6 6 6 6 6 6 6 6 6 6 6 6 6 6 6 6 6 6 6 6 6 6 6 6 6 6 6 6 6 6 6 6 6 6 6 6 6 7 7 7 7 7 7 7 7 7 7 7 7 7 7 7 7 7 7 7 7 7 7 7 7 7 7 7 7 7 7 7 7 7 7 7 7 7 7 7 7 7 7 7 7 7 7 7 7 7 7 7 7 7 7 7 7 7 7 7 7 8 8 8 8 8 8 8 8 8 8 8 8 8 8 8 8 8 8 8 8 8 8 8 8 8 8 8 8 8 8 8 8 8 8 8 8 8 8 8 8 8 8 8 8 8 8 8 8 8 8 8 8 8 8 8 8 8 8 8 8 9 9 9 9 9 9 9 9 9 9 9 9 9 9 9 9 9 9 9 9 9 9 9 9 9 9 9 9 9 9 9 9 9 9 9 9 9 9 9 9 9 9 9 9 9 9 9 9 9 9 9 9 9 9 9 9 9 9 9 9 10 10 10 10 10 10 10 10 10 10 10 10 10 10 10 10 10 10 10 10 10 10 10 10 10 10 10 10 10 10 10 10 10 10 10 10 10 10 10 10 10 10 10 10 10 10 10 10 10 10 10 10 10 10 10 10 10 10 10 10 
calling hdp_init 2022-06-22 21:46:36
Runing run.setup.and.posterior on 11528401
Guessed number of signatures (= Dirichlet process data clusters) = 46
Reading input catalog file ./SBS/input/Realistic/ground.truth.syn.catalog.csv
0 1 1 1 1 1 1 1 1 1 2 2 2 2 2 2 2 2 2 2 2 2 2 2 2 2 2 2 2 2 2 2 2 2 2 2 2 2 2 2 2 2 2 2 2 2 2 2 2 2 2 2 2 2 2 2 2 2 2 2 2 2 2 2 2 2 2 2 2 2 3 3 3 3 3 3 3 3 3 3 3 3 3 3 3 3 3 3 3 3 3 3 3 3 3 3 3 3 3 3 3 3 3 3 3 3 3 3 3 3 3 3 3 3 3 3 3 3 3 3 3 3 3 3 3 3 3 3 3 3 4 4 4 4 4 4 4 4 4 4 4 4 4 4 4 4 4 4 4 4 4 4 4 4 4 4 4 4 4 4 4 4 4 4 4 4 4 4 4 4 4 4 4 4 4 4 4 4 4 4 4 4 4 4 4 4 4 4 4 4 5 5 5 5 5 5 5 5 5 5 5 5 5 5 5 5 5 5 5 5 5 5 5 5 5 5 5 5 5 5 5 5 5 5 5 5 5 5 5 5 5 5 5 5 5 5 5 5 5 5 5 5 5 5 5 5 5 5 5 5 6 6 6 6 6 6 6 6 6 6 6 6 6 6 6 6 6 6 6 6 6 6 6 6 6 6 6 6 6 6 6 6 6 6 6 6 6 6 6 6 6 6 6 6 6 6 6 6 6 6 6 6 6 6 6 6 6 6 6 6 7 7 7 7 7 7 7 7 7 7 7 7 7 7 7 7 7 7 7 7 7 7 7 7 7 7 7 7 7 7 7 7 7 7 7 7 7 7 7 7 7 7 7 7 7 7 7 7 7 7 7 7 7 7 7 7 7 7 7 7 8 8 8 8 8 8 8 8 8 8 8 8 8 8 8 8 8 8 8 8 8 8 8 8 8 8 8 8 8 8 8 8 8 8 8 8 8 8 8 8 8 8 8 8 8 8 8 8 8 8 8 8 8 8 8 8 8 8 8 8 9 9 9 9 9 9 9 9 9 9 9 9 9 9 9 9 9 9 9 9 9 9 9 9 9 9 9 9 9 9 9 9 9 9 9 9 9 9 9 9 9 9 9 9 9 9 9 9 9 9 9 9 9 9 9 9 9 9 9 9 10 10 10 10 10 10 10 10 10 10 10 10 10 10 10 10 10 10 10 10 10 10 10 10 10 10 10 10 10 10 10 10 10 10 10 10 10 10 10 10 10 10 10 10 10 10 10 10 10 10 10 10 10 10 10 10 10 10 10 10 
calling hdp_init 2022-06-22 21:46:36
Guessed number of signatures (= Dirichlet process data clusters) = 46
Runing run.setup.and.posterior on 12528401
Reading input catalog file ./SBS/input/Realistic/ground.truth.syn.catalog.csv
0 1 1 1 1 1 1 1 1 1 2 2 2 2 2 2 2 2 2 2 2 2 2 2 2 2 2 2 2 2 2 2 2 2 2 2 2 2 2 2 2 2 2 2 2 2 2 2 2 2 2 2 2 2 2 2 2 2 2 2 2 2 2 2 2 2 2 2 2 2 3 3 3 3 3 3 3 3 3 3 3 3 3 3 3 3 3 3 3 3 3 3 3 3 3 3 3 3 3 3 3 3 3 3 3 3 3 3 3 3 3 3 3 3 3 3 3 3 3 3 3 3 3 3 3 3 3 3 3 3 4 4 4 4 4 4 4 4 4 4 4 4 4 4 4 4 4 4 4 4 4 4 4 4 4 4 4 4 4 4 4 4 4 4 4 4 4 4 4 4 4 4 4 4 4 4 4 4 4 4 4 4 4 4 4 4 4 4 4 4 5 5 5 5 5 5 5 5 5 5 5 5 5 5 5 5 5 5 5 5 5 5 5 5 5 5 5 5 5 5 5 5 5 5 5 5 5 5 5 5 5 5 5 5 5 5 5 5 5 5 5 5 5 5 5 5 5 5 5 5 6 6 6 6 6 6 6 6 6 6 6 6 6 6 6 6 6 6 6 6 6 6 6 6 6 6 6 6 6 6 6 6 6 6 6 6 6 6 6 6 6 6 6 6 6 6 6 6 6 6 6 6 6 6 6 6 6 6 6 6 7 7 7 7 7 7 7 7 7 7 7 7 7 7 7 7 7 7 7 7 7 7 7 7 7 7 7 7 7 7 7 7 7 7 7 7 7 7 7 7 7 7 7 7 7 7 7 7 7 7 7 7 7 7 7 7 7 7 7 7 8 8 8 8 8 8 8 8 8 8 8 8 8 8 8 8 8 8 8 8 8 8 8 8 8 8 8 8 8 8 8 8 8 8 8 8 8 8 8 8 8 8 8 8 8 8 8 8 8 8 8 8 8 8 8 8 8 8 8 8 9 9 9 9 9 9 9 9 9 9 9 9 9 9 9 9 9 9 9 9 9 9 9 9 9 9 9 9 9 9 9 9 9 9 9 9 9 9 9 9 9 9 9 9 9 9 9 9 9 9 9 9 9 9 9 9 9 9 9 9 10 10 10 10 10 10 10 10 10 10 10 10 10 10 10 10 10 10 10 10 10 10 10 10 10 10 10 10 10 10 10 10 10 10 10 10 10 10 10 10 10 10 10 10 10 10 10 10 10 10 10 10 10 10 10 10 10 10 10 10 
calling hdp_init 2022-06-22 21:46:36
Guessed number of signatures (= Dirichlet process data clusters) = 46
Runing run.setup.and.posterior on 13528401
Reading input catalog file ./SBS/input/Realistic/ground.truth.syn.catalog.csv
0 1 1 1 1 1 1 1 1 1 2 2 2 2 2 2 2 2 2 2 2 2 2 2 2 2 2 2 2 2 2 2 2 2 2 2 2 2 2 2 2 2 2 2 2 2 2 2 2 2 2 2 2 2 2 2 2 2 2 2 2 2 2 2 2 2 2 2 2 2 3 3 3 3 3 3 3 3 3 3 3 3 3 3 3 3 3 3 3 3 3 3 3 3 3 3 3 3 3 3 3 3 3 3 3 3 3 3 3 3 3 3 3 3 3 3 3 3 3 3 3 3 3 3 3 3 3 3 3 3 4 4 4 4 4 4 4 4 4 4 4 4 4 4 4 4 4 4 4 4 4 4 4 4 4 4 4 4 4 4 4 4 4 4 4 4 4 4 4 4 4 4 4 4 4 4 4 4 4 4 4 4 4 4 4 4 4 4 4 4 5 5 5 5 5 5 5 5 5 5 5 5 5 5 5 5 5 5 5 5 5 5 5 5 5 5 5 5 5 5 5 5 5 5 5 5 5 5 5 5 5 5 5 5 5 5 5 5 5 5 5 5 5 5 5 5 5 5 5 5 6 6 6 6 6 6 6 6 6 6 6 6 6 6 6 6 6 6 6 6 6 6 6 6 6 6 6 6 6 6 6 6 6 6 6 6 6 6 6 6 6 6 6 6 6 6 6 6 6 6 6 6 6 6 6 6 6 6 6 6 7 7 7 7 7 7 7 7 7 7 7 7 7 7 7 7 7 7 7 7 7 7 Guessed number of signatures (= Dirichlet process data clusters) = 46
7 7 7 7 7 7 7 7 7 7 7 7 7 7 7 7 7 7 7 7 7 7 7 7 7 7 7 7 7 7 7 7 7 7 7 7 7 7 8 8 8 8 8 8 8 8 8 8 8 8 8 8 8 8 8 8 8 8 8 8 8 8 8 8 8 8 8 8 8 8 8 8 8 8 8 8 8 8 8 8 8 8 8 8 8 8 8 8 8 8 8 8 8 8 8 8 8 8 9 9 9 9 9 9 9 9 9 9 9 9 9 9 9 9 9 9 9 9 9 9 9 9 9 9 9 9 9 9 9 9 9 9 9 9 9 9 9 9 9 9 9 9 9 9 9 9 9 9 9 9 9 9 9 9 9 9 9 9 10 10 10 10 10 10 10 10 10 10 10 10 10 10 10 10 10 10 10 10 10 10 10 10 10 10 10 10 10 10 10 10 10 10 10 10 10 10 10 10 10 10 10 10 10 10 10 10 10 10 10 10 10 10 10 10 10 10 10 10 
calling hdp_init 2022-06-22 21:46:36
0 1 1 1 1 1 1 1 1 1 2 2 2 2 2 2 2 2 2 2 2 2 2 2 2 2 2 2 2 2 2 2 2 2 2 2 2 2 2 2 2 2 2 2 2 2 2 2 2 2 2 2 2 2 2 2 2 2 2 2 2 2 2 2 2 2 2 2 2 2 3 3 3 3 3 3 3 3 3 3 3 3 3 3 3 3 3 3 3 3 3 3 3 3 3 3 3 3 3 3 3 3 3 3 3 3 3 3 3 3 3 3 3 3 3 3 3 3 3 3 3 3 3 3 3 3 3 3 3 3 4 4 4 4 4 4 4 4 4 4 4 4 4 4 4 4 4 4 4 4 4 4 4 4 4 4 4 4 4 4 4 4 4 4 4 4 4 4 4 4 4 4 4 4 4 4 4 4 4 4 4 4 4 4 4 4 4 4 4 4 5 5 5 5 5 5 5 5 5 5 5 5 5 5 5 5 5 5 5 5 5 5 5 5 5 5 5 5 5 5 5 5 5 5 5 5 5 5 5 5 5 5 5 5 5 5 5 5 5 5 5 5 5 5 5 5 5 5 5 5 6 6 6 6 6 6 6 6 6 6 6 6 6 6 6 6 6 6 6 6 6 6 6 6 6 6 6 6 6 6 6 6 6 6 6 6 6 6 6 6 6 6 6 6 6 6 6 6 6 6 6 6 6 6 6 6 6 6 6 6 7 7 7 7 7 7 7 7 7 7 7 7 7 7 7 7 7 7 7 7 7 7 7 7 7 7 7 7 7 7 7 7 7 7 7 7 7 7 7 7 7 7 7 7 7 7 7 7 7 7 7 7 7 7 7 7 7 7 7 7 8 8 8 8 8 8 8 8 8 8 8 8 8 8 8 8 8 8 8 8 8 8 8 8 8 8 8 8 8 8 8 8 8 8 8 8 8 8 8 8 8 8 8 8 8 8 8 8 8 8 8 8 8 8 8 8 8 8 8 8 9 9 9 9 9 9 9 9 9 9 9 9 9 9 9 9 9 9 9 9 9 9 9 9 9 9 9 9 9 9 9 9 9 9 9 9 9 9 9 9 9 9 9 9 9 9 9 9 9 9 9 9 9 9 9 9 9 9 9 9 10 10 10 10 10 10 10 10 10 10 10 10 10 10 10 10 10 10 10 10 10 10 10 10 10 10 10 10 10 10 10 10 10 10 10 10 10 10 10 10 10 10 10 10 10 10 10 10 10 10 10 10 10 10 10 10 10 10 10 10 
calling hdp_init 2022-06-22 21:46:36
Guessed number of signatures (= Dirichlet process data clusters) = 46
Runing run.setup.and.posterior on 14528401
0 1 1 1 1 1 1 1 1 1 2 2 2 2 2 2 2 2 2 2 2 2 2 2 2 2 2 2 2 2 2 2 2 2 2 2 2 2 2 2 2 2 2 2 2 2 2 2 2 2 2 2 2 2 2 2 2 2 2 2 2 2 2 2 2 2 2 2 2 2 3 3 3 3 3 3 3 3 3 3 3 3 3 3 3 3 3 3 3 3 3 3 3 3 3 3 3 3 3 3 3 3 3 3 3 3 3 3 3 3 3 3 3 3 3 3 3 3 3 3 3 3 3 3 3 3 3 3 3 3 4 4 4 4 4 4 4 4 4 4 4 4 4 4 4 4 4 4 4 4 4 4 4 4 4 4 4 4 4 4 4 4 4 4 4 4 4 4 4 4 4 4 4 4 4 4 4 4 4 4 4 4 4 4 4 4 4 4 4 4 5 5 5 5 5 5 5 5 5 5 5 5 5 5 5 5 5 5 5 5 5 5 5 5 5 5 5 5 5 5 5 5 5 5 5 5 5 5 5 5 5 5 5 5 5 5 5 5 5 5 5 5 5 5 5 5 5 5 5 5 6 6 6 6 6 6 6 6 6 6 6 6 6 6 6 6 6 6 6 6 6 6 6 6 6 6 6 6 6 6 6 6 6 6 6 6 6 6 6 6 6 6 6 6 6 6 6 6 6 6 6 6 6 6 6 6 6 6 6 6 7 7 7 7 7 7 7 7 7 7 7 7 7 7 7 7 7 7 7 7 7 7 7 7 7 7 7 7 7 7 7 7 7 7 7 7 7 7 7 7 7 7 7 7 7 7 7 7 7 7 7 7 7 7 7 7 7 7 7 7 8 8 8 8 8 8 8 8 8 8 8 8 8 8 8 8 8 8 8 8 8 8 8 8 8 8 8 8 8 8 8 8 8 8 8 8 8 8 8 8 8 8 8 8 8 8 8 8 8 8 8 8 8 8 8 8 8 8 8 8 9 9 9 9 9 9 9 9 9 9 9 9 9 9 9 9 9 9 9 9 9 9 9 9 9 9 9 9 9 9 9 9 9 9 9 9 9 9 9 9 9 9 9 9 9 9 9 9 9 9 9 9 9 9 9 9 9 9 9 9 10 10 10 10 10 10 10 10 10 10 10 10 10 10 10 10 10 10 10 10 10 10 10 10 10 10 10 10 10 10 10 10 10 10 10 10 10 10 10 10 10 10 10 10 10 10 10Runing run.setup.and.posterior on 15528401
 10 10 10 10 10 10 10 10 10 10 10 10 10 
Reading input catalog file ./SBS/input/Realistic/ground.truth.syn.catalog.csv
calling hdp_init 2022-06-22 21:46:36
Reading input catalog file ./SBS/input/Realistic/ground.truth.syn.catalog.csv
Guessed number of signatures (= Dirichlet process data clusters) = 46
0 1 1 1 1 1 1 1 1 1 2 2 2 2 2 2 2 2 2 2 2 2 2 2 2 2 2 2 2 2 2 2 2 2 2 2 2 2 2 2 2 2 2 2 2 2 2 2 2 2 2 2 2 2 2 2 2 2 2 2 2 2 2 2 2 2 2 2 2 2 3 3 3 3 3 3 3 3 3 3 3 3 3 3 3 3 3 3 3 3 3 3 3 3 3 3 3 3 3 3 3 3 3 3 3 3 3 3 3 3 3 3 3 3 3 3 3 3 3 3 3 3 3 3 3 3 3 3 3 3 4 4 4 4 4 4 4 4 4 4 4 4 4 4 4 4 4 4 4 4 4 4 4 4 4 4 4 4 4 4 4 4 4 4 4 4 4 4 4 4 4 4 4 4 4 4 4 4 4 4 4 4 4 4 4 4 4 4 4 4 5 5 5 5 5 5 5 5 5 5 5 5 5 5 5 5 5 5 5 5 5 5 5 5 5 5 5 5 5 5 5 5 5 5 5 5 5 5 5 5 5 5 5 5 5 5 5 5 5 5 5 5 5 5 5 5 5 5 5 5 6 6 6 6 6 6 6 6 6 6 6 6 6 6 6 6 6 6 6 6 6 6 6 6 6 6 6 6 6 6 6 6 6 6 6 6 6 6 6 6 6 6 6 6 6 6 6 6 6 6 6 6 6 6 6 6 6 6 6 6 7 7 7 7 7 7 7 7 7 7 7 7 7 7 7 7 7 7 7 7 7 7 7 7 7 7 7 7 7 7 7 7 7 7 7 7 7 7 7 7 7 7 7 7 7 7 7 7 7 7 7 7 7 7 7 7 7 7 7 7 8 8 8 8 8 8 8 8 8 8 8 8 8 8 8 8 8 8 8 8 8 8 8 8 8 8 8 8 8 8 8 8 8 8 8 8 8 8 8 8 8 8 8 8 8 8 8 8 8 8 8 8 8 8 8 8 8 8 8 8 9 9 9 9 9 9 9 9 9 9 9 9 9 9 9 9 9 9 9 9 9 9 9 9 9 9 9 9 9 9 9 9 9 9 9 9 9 9 9 9 9 9 9 9 9 9 9 9 9 9 9 9 9 9 9 9 9 9 9 9 10 10 10 10 10 10 10 10 10 10 10 10 10 10 10 10 10 10 10 10 10 10 10 10 10 10 10 10 10 10 10 10 10 10 10 10 10 10 10 10 10 10 10 10 10 10 10 10 10 10 10 10 10 10 10 10 10 10 10 10 
calling hdp_init 2022-06-22 21:46:36
Guessed number of signatures (= Dirichlet process data clusters) = 46
0 1 1 1 1 1 1 1 1 1 2 2 2 2 2 2 2 2 2 2 2 2 2 2 2 2 2 2 2 2 2 2 2 2 2 2 2 2 2 2 2 2 2 2 2 2 2 2 2 2 2 2 2 2 2 2 2 2 2 2 2 2 2 2 2 2 2 2 2 2 3 3 3 3 3 3 3 3 3 3 3 3 3 3 3 3 3 3 3 3 3 3 3 3 3 3 3 3 3 3 3 3 3 3 3 3 3 3 3 3 3 3 3 3 3 3 3 3 3 3 3 3 3 3 3 3 3 3 3 3 4 4 4 4 4 4 4 4 4 4 4 4 4 4 4 4 4 4 4 4 4 4 4 4 4 4 4 4 4 4 4 4 4 4 4 4 4 4 4 4 4 4 4 4 4 4 4 4 4 4 4 4 4 4 4 4 4 4 4 4 5 5 5 5 5 5 5 5 5 5 5 5 5 5 5 5 5 5 5 5 5 5 5 5 5 5 5 5 5 5 5 5 5 5 5 5 5 5 5 5 5 5 5 5 5 5 5 5 5 5 5 5 5 5 5 5 5 5 5 5 6 6 6 6 6 6 6 6 6 6 6 6 6 6 6 6 6 6 6 6 6 6 6 6 6 6 6 6 6 6 6 6 6 6 6 6 6 6 6 6 6 6 6 6 6 6 6 6 6 6 6 6 6 6 6 6 6 6 6 6 7 7 7 7 7 7 7 7 7 7 7 7 7 7 7 7 7 7 7 7 7 7 7 7 7 7 7 7 7 7 7 7 7 7 7 7 7 7 7 7 7 7 7 7 7 7 7 7 7 7 7 7 7 7 7 7 7 7 7 7 8 8 8 8 8 8 8 8 8 8 8 8 8 8 8 8 8 8 8 8 8 8 8 8 8 8 8 8 8 8 8 8 8 8 8 8 8 8 8 8 8 8 8 8 8 8 8 8 8 8 8 8 8 8 8 8 8 8 8 8 9 9 9 9 9 9 9 9 9 9 9 9 9 9 9 9 9 9 9 9 9 9 9 9 9 9 9 9 9 9 9 9 9 9 9 9 9 9 9 9 9 9 9 9 9 9 9 9 9 9 9 9 9 9 9 9 9 9 9 9 10 10 10 10 10 10 10 10 10 10 10 10 10 10 10 10 10 10 10 10 10 10 10 10 10 10 10 10 10 10 10 10 10 10 10 10 10 10 10 10 10 10 10 10 10 10 10 10 10 10 10 10 10 10 10 10 10 10 10 10 
calling hdp_init 2022-06-22 21:46:36
Runing run.setup.and.posterior on 17528401
Reading input catalog file ./SBS/input/Realistic/ground.truth.syn.catalog.csv
Runing run.setup.and.posterior on 16528401
Reading input catalog file ./SBS/input/Realistic/ground.truth.syn.catalog.csv
Runing run.setup.and.posterior on 18528401
Reading input catalog file ./SBS/input/Realistic/ground.truth.syn.catalog.csv
Guessed number of signatures (= Dirichlet process data clusters) = 46
Guessed number of signatures (= Dirichlet process data clusters) = 46
Runing run.setup.and.posterior on 19528401
0 Runing run.setup.and.posterior on 20528401
1 1 1 1 Guessed number of signatures (= Dirichlet process data clusters) = 46
1 1 1 1 1 2 2 2 2 2 2 2 2 2 2 2 2 2 2 2 2 2 2 2 2 2 2 2 2 2 2 2 2 2 2 2 2 2 2 2 2 2 2 2 2 2 2 2 2 2 2 2 2 2 2 2 2 2 2 2 2 2 2 2 2 3 3 3 3 3 3 3 3 3 3 3 3 3 3 3 3 3 3 3 3 3 3 3 3 3 3 3 3 3 3 3 3 3 3 3 3 3 3 3 3 3 3 3 3 3 3 3 3 3 3 3 3 3 3 3 3 3 3 3 3 4 4 4 4 4 4 4 4 4 4 4 4 4 4 4 4 4 4 4 4 4 4 4 4 4 4 4 4 4 4 4 4 4 4 4 4 4 4 4 4 4 4 4 4 4 4 4 4 4 4 4 4 4 4 4 4 4 4 4 4 5 5 5 5 5 5 5 5 5 5 5 5 5 5 5 5 5 5 5 5 5 5 5 5 5 5 5 5 5 5 5 5 5 5 5 5 5 5 5 5 5 5 5 5 5 5 5 5 5 5 5 5 5 5 5 5 5 5 5 5 6 6 6 6 6 6 6 6 6 6 6 6 6 6 6 6 6 6 6 6 6 6 6 6 6 6 6 6 6 6 6 6 6 6 6 6 6 6 6 6 6 6 6 6 6 6 6 6 6 6 6 6 6 6 6 6 6 6 6 6 7 7 7 7 7 7 7 7 7 7 7 7 7 7 7 7 7 7 7 7 7 7 7 7 7 7 7 7 7 7 7 7 7 7 7 7 7 7 7 7 7 7 7 7 7 7 7 7 7 7 7 7 7 7 7 7 7 7 7 7 8 8 8 8 8 8 8 8 8 8 8 8 8 8 8 8 8 8 8 8 8 8 8 8 8 8 8 8 8 8 8 8 8 8 8 8 8 8 8 8 8 8 8 8 8 8 8 8 8 8 8 8 8 8 8 8 8 8 8 8 9 9 9 9 9 9 9 9 9 9 9 9 9 9 9 9 9 9 9 9 9 9 9 9 9 9 9 9 9 9 9 9 9 9 9 9 9 9 9 9 9 9 9 9 9 9 9 9 9 9 9 9 9 9 9 9 9 9 9 9 10 10 10 10 10 10 10 10 10 10 10 10 10 10 10 10 10 10 10 10 10 10 10 10 10 10 10 10 10 10 10 10 10 10 10 10 10 10 10 10 10 10 10 10 10 10 10 10 10 10 10 10 10 10 10 10 10 10 10 10 
Reading input catalog file ./SBS/input/Realistic/ground.truth.syn.catalog.csv
Reading input catalog file ./SBS/input/Realistic/ground.truth.syn.catalog.csv
calling hdp_init 2022-06-22 21:46:36
Guessed number of signatures (= Dirichlet process data clusters) = 46
Guessed number of signatures (= Dirichlet process data clusters) = 46
0 01 1  1 1 01  1 11  1 11  111   111   111   21 2 2  21  121   21 2  22 2  22 2  22  2 22  2 2 22  2 2 22  2 22  22  22  2 22  122   122   222   222   222   222   222   222   222   22  22  2 22  2 2 2 22  22  22  2 2 22  2 22  2 2 222   222   22 22   222   222   222   222   222   222   222   222   222   222   222   222   222   222   222   232   232   232   232   233   233   233   233   233   233   233   233   33  33  3 33  3 33  233   233   233   233   233   233   233   233   33 3  33 3  33 3  3 33 3  33  33 3  3 33 3  33 3  33 3  3 323   323   33 3  33 3  33 3  33 3 3  33 3  33 3  33 3 3  33 3  33 4  34 4  4 34  4 34 4  34 4  43 4  4 32 43 4  43 4  4 3 4 2 3 4 2 3 4 2 3 4 2 3 4 2 4 4 2 4 4 2 4 4 2 4 4 24   44 2 4 4 2 44 4  4 44 4  44 4 4  44  4 4 44   442   44 3 4 4 3 44 4  4 44 4  44  4 44   443  44 4  44 4  4 4  434   434   44 4  44  4 44  4 4 4 54 5  54  4 54  5 54  54 4  54 5  54  4 45  4 4 5 43 5 4 3 54 5  54  5 5 4 5 4 4 54  5 5 45  4 45  55 5 5  55  5 5 5 55 5  55 5  55  5 55   553  55 5  55 5  55  5 55  5 5 5 5  55 5  5 5 5 5 55  5 5 55  55 5  55 5  5 5 55 5  55 5  5 53 55 5  55  5 55   653   653  65 5  56  56 6  5 6 3 5 6 3 5 6 3 56 5  56  6 56  5 5 65  6 6 56  5 5 6 5 6 6 56  5 6 66  6 6 6 66 6  66 6  6 6 6 6 66  6 6 6 6 6 6 66  6 6 66   663   663  66 6  66 6  66 6  66 6  66  6 66   663  66  6 6 6 6 6 66 6  66 6  66  6 6 6 66 6  66 6  6 7 6 67  67 7  67 6  67  7 76   763   763   763   763  76 6  6 7 6 6 7 67 7  67 6  6 7 6 3 77 7  77  7 77  7 7 7 77 7  77 7  7 7 7 7 7 7 7 3 77 7  77  7 77  77 7  77 7  7 7 7 7 77  7 7 7 7  737   737   737   737   737   737   77 7  77 7  77 7  77  7 77  377  37 7  3 8 8 38  3 83  3 83  3 83  3 83  38  83  3 83  3 83  87 7  78  8 87  8 8 78  7 7 78  7 78  78  7 7 7 8 78 8  87  7 87   873  87 7  87 8  87  8 88  8 8 8 88 8  88 8  88 8  88  8 88   883   883   883   883   883   883  88 8  88 8  88  8 8 8 88 8  88  8 88  8 8 8 8  88 8  8 83 98 9  89 8  98 9  89 8  89  9 89  8 8 98  9 9 8 9 8 8 98  98 8  89  89   983   983  98 8  98 9  9 8  98 9  89  9 9 8 98 9  99 9  9 9 9 9 99  9 9 9 99 9  99 9  9 939   99 9  99  9 9 99  9 9 9 9 9 9 99  9 9 9 99 9  9 9 9 9 99  9 9 99  9 109  3910   910  10 9 10 10 9 10 9 9 10 9 10 109  3109   109 9  9 10 910 10  910 9  9 109 9  109 10  10 94 109 10  910 9  9 10  910 9  109 10  109  10 10 9 109 9  109 10  109  10 10 9 1010  10 104 1010 10  1010  10 10 10 1010 10  1010 10 010 10   10 4101   4110   410 1 10  41 10  41 10  4110   4110   410 1  4101  10 410   4 410 10  
10 10 10 10 10 10 10 10 10 10 10 10 10 10 10 10 10 10 10 10 10 10 10 10 10 10 10 10 10 10 10 10 10 10 10 10 10 10 10 10 10 10 10 10 10 10 10 10 10 
calling hdp_init 2022-06-22 21:46:36
calling hdp_init 2022-06-22 21:46:36
Guessed number of signatures (= Dirichlet process data clusters) = 46
 4 4 24  24  24  24  24  24  24  24  24  24  24  24  24  24  24  24  24  24  24  24  24  24  24  24  24  24  24  24  24  24  24  24  24  24  24  24  24  24  24  24  24  24  24  24  2 52  52  52  52  25  25  25  25  25  25  25  25  25  25  25  35  35  35  35  35  35  35  35  35  35  35  35  35  35  35  35  35  35  35  35  35  35  35  35  35  35  3 53  53  53  53  53  53  53  53  53  53  53  53  53  53  53  53  53  53  53  63  63  63  63  63  63  63  63  63  63  63  63  63  63  64  64  64  64  64  64  64  64  64  64  64  64  64  64  64  64  64  64  64  64  64  64  64  64  64  64  64  64  64  64  64  64  64  64  64  64  64  64  64  64  64  64  64  64  64  64  74  74  74  74  74  74  74  74  47  47  47  47  47  47  57  57  57  57  57  57  57  57  57  57  57  57  57  57  57  57  57  57  57  57  57  57  57  57  57  57  57  57  57  5 75  5 5 5 5 5 5 5 5 5 5 5 5 5 5 5 5 5 5 5 5 57 5 5 5 5 5  5 5 5 6 6 67  6 76  67  76  6 76  67  76  67  76  6 76  67  76  67  6 76  76  6Guessed number of signatures (= Dirichlet process data clusters) = 46
8  68 8 8 8 8 8  6 6 6 6 6 68  6 86  6 86  68  6 86  68  6 86  68  6 86  68  86  68  6 86  68  86  68  86  6 86  68  86  68  86  68  86  6 87  78  7 87  78  7 87  78  87  78  87  7 87  78  87  7 87  78  7 87  78  7 87  78  87  78  87  78  87  78  7 87  78  87  78  87  79  7 97  79  97  7 97  97  79  97  79  97  7 97  79  7 97  79  97  7 79  7 97  97  89  9 89  8 98  89  98  8 98  89  9 89  8 98  89  98  89  98  8 98  8 98  89  98  89  98  89  98  98  89  98  89  98  89  8Guessed number of signatures (= Dirichlet process data clusters) = 46
 98  98  98  98  98  98  98  98  98  98  98  98  98  108  108  108  108  108  108  108  108  108  108  108  108  108  108  109  109  109  109  109  109  109  109  109  109  109  109  109  109  109  109  109  109  109  109  109  109  109  109  109  109  109  109  109  109  109  109  109  109  109  109  109  109  109  109  109  109  109  109  109  109  
9 9 9 9 9 9 9 9 9 9 9 9 9 9 10 10 10 10 10 10 10 10 10 10 10 10 10 10 10 10 10 10 10 10 10 10 10 10 10 10 10 10 10 10 10 10 10 10 10 10 10 10 10 10 10 10 10 10 10 10 10 10 10 10 10 10 10 10 10 10 10 10 10 10 
calling hdp_init 2022-06-22 21:46:36
calling hdp_init 2022-06-22 21:46:36
00  011   111   111   111   11 1 1 1  11  12  12  12  12  22  22  22  22  22  22  22  22  22  22  22  22  22  22  22  22  22  22  22  22  22  22  22  22  22  22  22  22  22  22  22  22  22  22  22  22  22  22  22  22  22  22  22  22  22  22  22  22  22  22  22  22  22  22  22  22  2 3 2 3 2 3 2 3 3 3 3 3 33  33  33  33  33  33  33  33  33  33  33  33  33  33  33  33  33  33  33  33  33  33  33  33  33  33  33  33  33  33  33  33  33  33  33  33  33  33  33  33  33  33  33  33  33  33  33  33  33  33  33  33  33  33  34  34  34  34  44  44  44  44  44  44  44  44  44  44  44  44  44  44  44  44  44  44  44  44  44  44  44  44  44  44  44  44  44  44  44  44  44  44  44  44  44  44  44  44  44  44  44  44  44  44  44  44  44  44  44  44  44  44  44  44  45  45  45  45  55  55  55  55  55  55  55  55  55  55  55  55  55  55  55  55  55  55  55  55  55  55  55  55  55  55  55  55  55  55  55  55  55  55  55  55  55  55  55  55  55  55  55  55  55  55  55  55  55  55  55  55  55  55  55  55  56  56  56  56  66  66  66  66  66  66  66  66  66  66  66  66  66  66  66  66  66  66  66  66  66  66  66  66  66  66  66  66  66  66  66  66  66  66  66  66  66  66  66  66  66  66  66  66  66  66  66  66  66  66  66  66  66  66  66  66  67  67  67  67  77  77  77  77  77  77  77  77  77  77  77  77  77  77  77  77  77  77  77  77  77  77  77  77  77  77  77  77  77  77  77  77  77  77  77  77  77  77  77  77  77  77  77  77  77  77  77  77  77  77  77  77  77  77  77  77  7 8 7 8 7 8 78  88  88  88  88  88  88  88  88  88  88  88  88  88  88  88  88  88  88  88  88  88  88  88  88  88  88  88  88  88  88  88  88  88  88  88  88  88  88  88  88  88  88  88  88  88  88  88  88  88  88  88  88  88  88  88  88  89  89  89  89  99  99  99  99  99  99  99  99  99  99  99  99  99  99  99  99  99  99  99  99  99  99  99  99  99  99  99  99  99  99  99  99  99  99  99  99  99  99  99  99  99  99  99  99  99  99  99  99  99  99  99  99  99  99  99  99  9 109  109  109  1010  1010  1010  1010  1010  1010  1010  1010  1010  1010  1010  1010  1010  1010  1010  1010  1010  1010  1010  1010  1010  1010  1010  1010  1010  1010  1010  1010  1010  1010  1010  1010  1010  1010  1010  1010  1010  1010  1010  1010  1010  1010  1010  1010  1010  1010  1010  1010  1010  1010  1010  1010  1010  1010  1010  1010  1010  
10 10 10 
calling hdp_init 2022-06-22 21:46:36
calling hdp_init 2022-06-22 21:46:36
1 1 1 1 1 2 2 2 2 2 2 2 2 2 2 2 2 2 2 2 2 2 2 2 2 2 2 2 2 2 2 2 2 2 2 2 2 2 2 2 2 2 2 2 2 2 2 2 2 2 2 2 2 2 2 2 2 2 2 2 2 2 2 2 2 3 3 3 3 3 3 3 3 3 3 3 3 3 3 3 3 3 3 3 3 3 3 3 3 3 3 3 3 3 3 3 3 3 3 3 3 3 3 3 3 3 3 3 3 3 3 3 3 3 3 3 3 3 3 3 3 3 3 3 3 4 4 4 4 4 4 4 4 4 4 4 4 4 4 4 4 4 4 4 4 4 4 4 4 4 4 4 4 4 4 4 4 4 4 4 4 4 4 4 4 4 4 4 4 4 4 4 4 4 4 4 4 4 4 4 4 4 4 4 4 5 5 5 5 5 5 5 5 5 5 5 5 5 5 5 5 5 5 5 5 5 5 5 5 5 5 5 5 5 5 5 5 5 5 5 5 5 5 5 5 5 5 5 5 5 5 5 5 5 5 5 5 5 5 5 5 5 5 5 5 6 6 6 6 6 6 6 6 6 6 6 6 6 6 6 6 6 6 6 6 6 6 6 6 6 6 6 6 6 6 6 6 6 6 6 6 6 6 6 6 6 6 6 6 6 6 6 6 6 6 6 6 6 6 6 6 6 6 6 6 7 7 7 7 7 7 7 7 7 7 7 7 7 7 7 7 7 7 7 7 7 7 7 7 7 7 7 7 7 7 7 7 7 7 7 7 7 7 7 7 7 7 7 7 7 7 7 7 7 7 7 7 7 7 7 7 7 7 7 7 8 8 8 8 8 8 8 8 8 8 8 8 8 8 8 8 8 8 8 8 8 8 8 8 8 8 8 8 8 8 8 8 8 8 8 8 8 8 8 8 8 8 8 8 8 8 8 8 8 8 8 8 8 8 8 8 8 8 8 8 9 9 9 9 9 9 9 9 9 9 9 9 9 9 9 9 9 9 9 9 9 9 9 9 9 9 9 9 9 9 9 9 9 9 9 9 9 9 9 9 9 9 9 9 9 9 9 9 9 9 9 9 9 9 9 9 9 9 9 9 10 10 10 10 10 10 10 10 10 10 10 10 10 10 10 10 10 10 10 10 10 10 10 10 10 10 10 10 10 10 10 10 10 10 10 10 10 10 10 10 10 10 10 10 10 10 10 10 10 10 10 10 10 10 10 10 10 10 10 10 
calling hdp_init 2022-06-22 21:46:36
calling hdp_setdata 2022-06-22 21:46:36
calling hdp_setdata 2022-06-22 21:46:36
calling hdp_setdata 2022-06-22 21:46:36
calling hdp_setdata 2022-06-22 21:46:36
calling hdp_setdata 2022-06-22 21:46:36
calling hdp_setdata 2022-06-22 21:46:36
calling hdp_setdata 2022-06-22 21:46:36
calling hdp_setdata 2022-06-22 21:46:36
calling hdp_setdata 2022-06-22 21:46:36
calling hdp_setdata 2022-06-22 21:46:36
calling hdp_setdata 2022-06-22 21:46:36
calling hdp_setdata 2022-06-22 21:46:36
calling hdp_setdata 2022-06-22 21:46:36
calling hdp_setdata 2022-06-22 21:46:36
calling hdp_setdata 2022-06-22 21:46:36
calling hdp_setdata 2022-06-22 21:46:36
calling hdp_setdata 2022-06-22 21:46:36
calling hdp_setdata 2022-06-22 21:46:36
calling hdp_setdata 2022-06-22 21:46:36
calling hdp_setdata 2022-06-22 21:46:36
calling dp_activate 2022-06-22 21:46:37
calling dp_activate 2022-06-22 21:46:37
calling dp_activate 2022-06-22 21:46:37
calling dp_activate 2022-06-22 21:46:37
calling dp_activate 2022-06-22 21:46:37
calling dp_activate 2022-06-22 21:46:37
calling dp_activate 2022-06-22 21:46:37
calling dp_activate 2022-06-22 21:46:37
calling dp_activate 2022-06-22 21:46:37
calling dp_activate 2022-06-22 21:46:37
calling dp_activate 2022-06-22 21:46:37
calling dp_activate 2022-06-22 21:46:37
calling dp_activate 2022-06-22 21:46:37
calling dp_activate 2022-06-22 21:46:37
calling dp_activate 2022-06-22 21:46:37
calling dp_activate 2022-06-22 21:46:37
calling dp_activate 2022-06-22 21:46:37
calling dp_activate 2022-06-22 21:46:38
calling dp_activate 2022-06-22 21:46:39
calling dp_activate 2022-06-22 21:46:39
calling hdp_posterior, seed = 7528401 2022-06-22 21:46:42
calling hdp_posterior, seed = 4528401 2022-06-22 21:46:42
calling hdp_posterior, seed = 6528401 2022-06-22 21:46:42
calling hdp_posterior, seed = 2528401 2022-06-22 21:46:42
calling hdp_posterior, seed = 3528401 2022-06-22 21:46:43
calling hdp_posterior, seed = 9528401 2022-06-22 21:46:43
calling hdp_posterior, seed = 18528401 2022-06-22 21:46:43
calling hdp_posterior, seed = 5528401 2022-06-22 21:46:43
calling hdp_posterior, seed = 14528401 2022-06-22 21:46:43
calling hdp_posterior, seed = 12528401 2022-06-22 21:46:43
calling hdp_posterior, seed = 13528401 2022-06-22 21:46:43
calling hdp_posterior, seed = 11528401 2022-06-22 21:46:43
calling hdp_posterior, seed = 17528401 2022-06-22 21:46:43
calling hdp_posterior, seed = 19528401 2022-06-22 21:46:43
calling hdp_posterior, seed = 15528401 2022-06-22 21:46:43
calling hdp_posterior, seed = 20528401 2022-06-22 21:46:43
calling hdp_posterior, seed = 8528401 2022-06-22 21:46:43
calling hdp_posterior, seed = 10528401 2022-06-22 21:46:43
calling hdp_posterior, seed = 1528401 2022-06-22 21:46:48
calling hdp_posterior, seed = 16528401 2022-06-22 21:46:48
[1] "100000 burn-in iterations in 8340.1 mins"
[1] "time 8460.6 ETC 10052.2 mins"
[1] "100000 burn-in iterations in 8544.1 mins"
[1] "time 8581.8 ETC 10096.2 mins"
[1] "time 8661.7 ETC 10291.2 mins"
[1] "time 8703.2 ETC 10139.7 mins"
[1] "100000 burn-in iterations in 8731.4 mins"
[1] "time 8779.0 ETC 10328.3 mins"
[1] "time 8824.6 ETC 10182.2 mins"
[1] "100000 burn-in iterations in 8841.5 mins"
[1] "time 8853.1 ETC 10518.6 mins"
[1] "100000 burn-in iterations in 8881.6 mins"
[1] "time 8895.8 ETC 10364.1 mins"
[1] "100000 burn-in iterations in 8927.7 mins"
[1] "time 8946.6 ETC 10224.7 mins"
[1] "time 8966.8 ETC 10653.7 mins"
[1] "time 8975.1 ETC 10559.0 mins"
[1] "time 9006.4 ETC 10700.7 mins"
[1] "time 9012.4 ETC 10398.9 mins"
[1] "100000 burn-in iterations in 9019.0 mins"
[1] "time 9053.7 ETC 10756.8 mins"
[1] "100000 burn-in iterations in 9057.8 mins"
[1] "time 9069.7 ETC 10267.6 mins"
[1] "time 9092.5 ETC 10697.1 mins"
[1] "time 9098.6 ETC 10600.3 mins"
[1] "time 9130.2 ETC 10434.5 mins"
[1] "time 9132.3 ETC 10743.9 mins"
[1] "time 9146.4 ETC 10867.0 mins"
[1] "100000 burn-in iterations in 9171.7 mins"
[1] "time 9180.5 ETC 10800.5 mins"
[1] "time 9186.8 ETC 10915.0 mins"
[1] "time 9192.4 ETC 10309.3 mins"
[1] "100000 burn-in iterations in 9194.1 mins"
[1] "time 9218.5 ETC 10740.1 mins"
[1] "time 9222.5 ETC 10641.3 mins"
[1] "time 9249.1 ETC 10470.7 mins"
[1] "time 9258.8 ETC 10786.9 mins"
[1] "time 9274.5 ETC 10911.1 mins"
[1] "time 9299.9 ETC 11049.3 mins"
[1] "time 9308.5 ETC 10844.8 mins"
[1] "time 9316.1 ETC 10960.1 mins"
[1] "time 9316.2 ETC 10351.4 mins"
[1] "time 9323.5 ETC 11077.4 mins"
[1] "time 9344.5 ETC 10782.1 mins"
[1] "time 9346.0 ETC 10681.1 mins"
[1] "time 9368.1 ETC 10506.3 mins"
[1] "time 9385.2 ETC 10829.0 mins"
[1] "time 9403.1 ETC 10955.1 mins"
[1] "time 9429.4 ETC 11093.4 mins"
[1] "time 9436.8 ETC 10888.6 mins"
[1] "time 9441.1 ETC 10393.9 mins"
[1] "time 9446.4 ETC 11005.6 mins"
[1] "time 9453.9 ETC 11122.2 mins"
[1] "100000 burn-in iterations in 9462.2 mins"
[1] "time 9469.5 ETC 10720.2 mins"
[1] "time 9472.5 ETC 10825.7 mins"
[1] "time 9487.5 ETC 10541.6 mins"
[1] "time 9514.3 ETC 10873.5 mins"
[1] "time 9531.4 ETC 10997.8 mins"
[1] "100000 burn-in iterations in 9548.4 mins"
[1] "100000 burn-in iterations in 9554.5 mins"
[1] "time 9560.4 ETC 11138.3 mins"
[1] "time 9566.5 ETC 10436.1 mins"
[1] "time 9566.5 ETC 10933.1 mins"
[1] "time 9577.0 ETC 11050.4 mins"
[1] "time 9583.6 ETC 11165.3 mins"
[1] "time 9592.6 ETC 10758.1 mins"
[1] "100000 burn-in iterations in 9593.7 mins"
[1] "time 9598.7 ETC 11404.4 mins"
[1] "time 9600.4 ETC 10868.4 mins"
[1] "time 9607.0 ETC 10576.5 mins"
[1] "100000 burn-in iterations in 9629.1 mins"
[1] "100000 burn-in iterations in 9633.5 mins"
[1] "time 9644.3 ETC 10918.1 mins"
[1] "time 9660.1 ETC 11040.1 mins"
[1] "100000 burn-in iterations in 9670.1 mins"
[1] "time 9685.2 ETC 11507.1 mins"
[1] "time 9692.7 ETC 11183.9 mins"
[1] "time 9693.5 ETC 10479.4 mins"
[1] "time 9696.1 ETC 11520.1 mins"
[1] "time 9698.1 ETC 10979.0 mins"
[1] "time 9708.2 ETC 11095.1 mins"
[1] "time 9714.6 ETC 11209.1 mins"
[1] "time 9716.1 ETC 10795.6 mins"
[1] "time 9726.9 ETC 10611.1 mins"
[1] "time 9726.9 ETC 11556.7 mins"
[1] "time 9729.5 ETC 10911.6 mins"
[1] "time 9735.9 ETC 11454.0 mins"
[1] "time 9763.8 ETC 11600.5 mins"
[1] "time 9767.0 ETC 11604.3 mins"
[1] "time 9775.3 ETC 10962.9 mins"
[1] "time 9788.6 ETC 11081.4 mins"
[1] "time 9808.8 ETC 11654.0 mins"
[1] "time 9820.9 ETC 10522.4 mins"
[1] "time 9822.1 ETC 11555.4 mins"
[1] "time 9823.9 ETC 11227.3 mins"
[1] "time 9829.9 ETC 11024.2 mins"
[1] "time 9838.4 ETC 11574.6 mins"
[1] "time 9838.8 ETC 11138.2 mins"
[1] "time 9840.7 ETC 10833.8 mins"
[1] "time 9845.3 ETC 11251.8 mins"
[1] "time 9847.7 ETC 10646.2 mins"
[1] "time 9859.7 ETC 10955.3 mins"
[1] "time 9859.9 ETC 11599.9 mins"
[1] "time 9873.7 ETC 11503.4 mins"
[1] "time 9898.8 ETC 11645.6 mins"
[1] "time 9900.1 ETC 11647.2 mins"
[1] "time 9906.2 ETC 11006.9 mins"
[1] "time 9916.5 ETC 11121.4 mins"
[1] "time 9947.3 ETC 11702.7 mins"
[1] "time 9949.7 ETC 10566.1 mins"
[1] "time 9955.5 ETC 11270.4 mins"
[1] "time 9959.7 ETC 11603.6 mins"
[1] "time 9962.6 ETC 11069.6 mins"
[1] "time 9966.4 ETC 10872.4 mins"
[1] "time 9969.3 ETC 10681.4 mins"
[1] "time 9970.3 ETC 11181.6 mins"
[1] "time 9977.1 ETC 11294.8 mins"
[1] "time 9981.1 ETC 11628.5 mins"
[1] "time 9991.4 ETC 10999.7 mins"
[1] "time 9994.4 ETC 11643.9 mins"
[1] "time 10012.3 ETC 11552.6 mins"
[1] "100000 burn-in iterations in 10015.3 mins"
[1] "time 10034.3 ETC 11690.5 mins"
[1] "time 10034.3 ETC 11690.5 mins"
[1] "time 10037.3 ETC 11050.3 mins"
[1] "time 10044.3 ETC 11160.3 mins"
[1] "time 10079.7 ETC 10610.2 mins"
[1] "100000 burn-in iterations in 10079.7 mins"
[1] "time 10087.1 ETC 11751.9 mins"
[1] "time 10087.5 ETC 11313.1 mins"
[1] "time 10092.1 ETC 10717.3 mins"
[1] "time 10092.2 ETC 10910.5 mins"
[1] "time 10095.8 ETC 11114.6 mins"
[1] "time 10098.6 ETC 11652.2 mins"
[1] "time 10103.8 ETC 11226.4 mins"
[1] "time 10109.2 ETC 11337.4 mins"
[1] "time 10122.6 ETC 11042.8 mins"
[1] "time 10123.7 ETC 11681.2 mins"
[1] "time 10130.5 ETC 11689.0 mins"
[1] "time 10150.6 ETC 12060.2 mins"
[1] "time 10151.3 ETC 11601.4 mins"
[1] "time 10169.6 ETC 11734.2 mins"
[1] "time 10169.7 ETC 11734.2 mins"
[1] "time 10169.9 ETC 11094.5 mins"
[1] "time 10172.4 ETC 11199.0 mins"
[1] "time 10209.7 ETC 10653.6 mins"
[1] "time 10216.0 ETC 10753.7 mins"
[1] "time 10219.1 ETC 10949.1 mins"
[1] "time 10221.9 ETC 11357.6 mins"
[1] "time 10225.3 ETC 12148.9 mins"
[1] "time 10228.3 ETC 11801.9 mins"
[1] "time 10230.7 ETC 11160.8 mins"
[1] "time 10237.3 ETC 11270.5 mins"
[1] "time 10238.7 ETC 11701.4 mins"
[1] "time 10241.3 ETC 11379.2 mins"
[1] "time 10253.7 ETC 11085.1 mins"
[1] "time 10265.3 ETC 11731.8 mins"
[1] "time 10266.8 ETC 11733.5 mins"
[1] "time 10285.5 ETC 12100.6 mins"
[1] "time 10291.5 ETC 11650.8 mins"
[1] "time 10300.5 ETC 11236.9 mins"
[1] "time 10303.5 ETC 11138.9 mins"
[1] "time 10305.2 ETC 11777.4 mins"
[1] "time 10306.1 ETC 11778.4 mins"
[1] "time 10339.7 ETC 10696.2 mins"
[1] "time 10340.0 ETC 10789.6 mins"
[1] "time 10347.7 ETC 10988.7 mins"
[1] "time 10355.9 ETC 11401.0 mins"
[1] "time 10364.4 ETC 11204.8 mins"
[1] "time 10368.9 ETC 11850.1 mins"
[1] "time 10370.6 ETC 11313.3 mins"
[1] "time 10372.7 ETC 12203.2 mins"
[1] "time 10375.0 ETC 11422.0 mins"
[1] "time 10378.0 ETC 11748.6 mins"
[1] "time 10385.7 ETC 11127.5 mins"
[1] "time 10402.1 ETC 11775.9 mins"
[1] "time 10407.6 ETC 11782.2 mins"
[1] "time 10421.1 ETC 12141.1 mins"
[1] "time 10428.1 ETC 11273.7 mins"
[1] "time 10432.5 ETC 11700.0 mins"
[1] "time 10438.0 ETC 11183.5 mins"
[1] "time 10441.6 ETC 11820.7 mins"
[1] "time 10444.9 ETC 11824.4 mins"
[1] "time 10464.7 ETC 10825.5 mins"
[1] "time 10469.3 ETC 10737.7 mins"
[1] "time 10476.6 ETC 11028.0 mins"
[1] "time 10490.2 ETC 11443.9 mins"
[1] "time 10500.5 ETC 11250.5 mins"
[1] "time 10504.0 ETC 11355.7 mins"
[1] "time 10509.8 ETC 11465.2 mins"
[1] "time 10510.3 ETC 11898.4 mins"
[1] "time 10516.8 ETC 11168.3 mins"
[1] "time 10517.2 ETC 11795.0 mins"
[1] "time 10521.9 ETC 12258.6 mins"
[1] "time 10538.7 ETC 11819.1 mins"
[1] "time 10551.4 ETC 11833.3 mins"
[1] "time 10555.2 ETC 12179.1 mins"
[1] "time 10556.2 ETC 11310.2 mins"
[1] "100000 burn-in iterations in 10565.7 mins"
[1] "time 10573.4 ETC 11748.2 mins"
[1] "time 10573.6 ETC 11228.6 mins"
[1] "time 10578.0 ETC 11863.2 mins"
[1] "time 10583.5 ETC 11869.4 mins"
[1] "time 10589.6 ETC 10861.2 mins"
[1] "time 10599.4 ETC 10779.1 mins"
[1] "time 10606.4 ETC 11067.5 mins"
[1] "time 10624.7 ETC 11486.1 mins"
[1] "time 10637.5 ETC 11296.5 mins"
[1] "time 10637.9 ETC 11397.8 mins"
[1] "time 10645.4 ETC 11508.5 mins"
[1] "time 10648.7 ETC 11209.2 mins"
[1] "time 10652.8 ETC 11947.1 mins"
[1] "time 10657.3 ETC 11841.4 mins"
[1] "time 10672.2 ETC 12314.1 mins"
[1] "time 10675.9 ETC 11862.1 mins"
[1] "time 10684.5 ETC 11346.4 mins"
[1] "time 10690.2 ETC 12217.4 mins"
[1] "time 10695.7 ETC 11884.1 mins"
[1] "time 10709.0 ETC 11272.7 mins"
[1] "time 10711.0 ETC 12726.0 mins"
[1] "time 10714.7 ETC 11796.0 mins"
[1] "time 10715.3 ETC 11905.8 mins"
[1] "time 10716.0 ETC 10897.6 mins"
[1] "time 10723.2 ETC 11914.7 mins"
[1] "time 10730.0 ETC 10820.2 mins"
[1] "time 10737.3 ETC 11107.6 mins"
[1] "time 10758.8 ETC 11527.3 mins"
[1] "time 10772.8 ETC 11440.1 mins"
[1] "time 10775.7 ETC 11342.9 mins"
[1] "time 10780.9 ETC 11249.6 mins"
[1] "time 10781.2 ETC 11551.3 mins"
[1] "time 10794.6 ETC 11994.0 mins"
[1] "time 10798.4 ETC 11888.2 mins"
[1] "time 10813.7 ETC 11905.0 mins"
[1] "time 10814.4 ETC 11383.5 mins"
[1] "time 10823.7 ETC 12369.9 mins"
[1] "time 10824.9 ETC 12254.6 mins"
[1] "time 10842.1 ETC 11936.3 mins"
[1] "time 10844.3 ETC 10935.4 mins"
[1] "time 10845.7 ETC 11317.2 mins"
[1] "time 10854.4 ETC 11949.8 mins"
[1] "time 10856.7 ETC 11843.7 mins"
[1] "time 10857.2 ETC 12773.2 mins"
[1] "time 10860.9 ETC 10860.9 mins"
compute sample.chain time: 
 user.self 651516.289
 sys.self 69.519
 elapsed 651656.259
 user.child 0
 sys.child 0
[1] "time 10863.4 ETC 11959.7 mins"
[1] "time 10869.4 ETC 11148.1 mins"
[1] "time 10892.7 ETC 11567.5 mins"
[1] "time 10908.6 ETC 11482.8 mins"
[1] "time 10913.1 ETC 11289.4 mins"
[1] "time 10913.5 ETC 11388.0 mins"
[1] "time 10917.9 ETC 11594.2 mins"
[1] "time 10937.0 ETC 12040.7 mins"
[1] "time 10940.8 ETC 11935.5 mins"
[1] "time 10945.1 ETC 11421.0 mins"
[1] "time 10951.6 ETC 11947.2 mins"
[1] "time 10959.6 ETC 12291.1 mins"
[1] "time 10972.0 ETC 10972.0 mins"
compute sample.chain time: 
 user.self 658113.741
 sys.self 68.659
 elapsed 658320.049
 user.child 0
 sys.child 0
[1] "time 10974.7 ETC 12424.2 mins"
[1] "time 10983.6 ETC 11362.3 mins"
[1] "time 10988.5 ETC 11987.5 mins"
[1] "time 10993.2 ETC 11992.6 mins"
[1] "time 10997.7 ETC 11889.4 mins"
[1] "time 11002.5 ETC 11189.0 mins"
[1] "time 11003.2 ETC 12819.2 mins"
[1] "time 11003.2 ETC 12003.5 mins"
[1] "time 11026.4 ETC 11606.8 mins"
[1] "time 11044.0 ETC 11524.2 mins"
[1] "time 11046.7 ETC 11330.0 mins"
[1] "time 11051.5 ETC 11432.6 mins"
[1] "time 11055.4 ETC 11637.2 mins"
[1] "time 11077.1 ETC 11459.1 mins"
[1] "time 11080.2 ETC 12087.5 mins"
[1] "time 11083.9 ETC 11982.6 mins"
[1] "time 11090.2 ETC 11989.4 mins"
[1] "time 11095.0 ETC 12327.8 mins"
[1] "time 11122.1 ETC 11407.2 mins"
[1] "time 11125.3 ETC 12476.9 mins"
[1] "time 11132.7 ETC 12035.4 mins"
[1] "time 11134.7 ETC 11228.2 mins"
[1] "time 11135.5 ETC 12038.4 mins"
[1] "time 11138.9 ETC 11934.6 mins"
[1] "time 11142.3 ETC 12045.8 mins"
[1] "time 11150.5 ETC 12866.0 mins"
[1] "time 11160.5 ETC 11645.7 mins"
[1] "time 11180.1 ETC 11565.6 mins"
[1] "time 11181.4 ETC 11370.9 mins"
[1] "time 11189.4 ETC 11476.3 mins"
[1] "time 11193.3 ETC 11680.0 mins"
[1] "time 11209.8 ETC 11497.2 mins"
[1] "time 11224.6 ETC 12134.7 mins"
[1] "time 11228.0 ETC 12030.0 mins"
[1] "time 11229.2 ETC 12031.3 mins"
[1] "time 11230.2 ETC 12363.6 mins"
[1] "time 11261.1 ETC 11452.0 mins"
[1] "time 11269.3 ETC 11269.3 mins"
compute sample.chain time: 
 user.self 676022.795
 sys.self 64.393
 elapsed 676156.53
 user.child 0
 sys.child 0
[1] "time 11272.2 ETC 12077.3 mins"
[1] "time 11277.3 ETC 12530.3 mins"
[1] "time 11281.2 ETC 11980.0 mins"
[1] "time 11281.6 ETC 12087.5 mins"
[1] "time 11282.6 ETC 12088.5 mins"
[1] "time 11295.2 ETC 11684.7 mins"
[1] "time 11297.8 ETC 12911.8 mins"
[1] "time 11316.1 ETC 11606.2 mins"
[1] "time 11318.3 ETC 11413.4 mins"
[1] "time 11327.1 ETC 11519.1 mins"
[1] "time 11332.3 ETC 11723.1 mins"
[1] "time 11342.3 ETC 11534.5 mins"
[1] "time 11365.3 ETC 12398.5 mins"
[1] "time 11368.3 ETC 12072.5 mins"
[1] "time 11369.4 ETC 12181.5 mins"
[1] "time 11371.4 ETC 12075.9 mins"
[1] "time 11400.4 ETC 11496.2 mins"
[1] "time 11412.6 ETC 12119.5 mins"
[1] "time 11421.9 ETC 12129.4 mins"
[1] "time 11424.7 ETC 12026.0 mins"
[1] "time 11428.5 ETC 12581.8 mins"
[1] "time 11429.7 ETC 11722.8 mins"
[1] "time 11430.2 ETC 12138.3 mins"
[1] "time 11446.0 ETC 12957.8 mins"
[1] "time 11453.4 ETC 11647.5 mins"
[1] "time 11454.7 ETC 11454.7 mins"
compute sample.chain time: 
 user.self 687004.134
 sys.self 69.865
 elapsed 687284.742
 user.child 0
 sys.child 0
[1] "time 11466.2 ETC 11562.6 mins"
[1] "time 11472.6 ETC 11766.8 mins"
[1] "time 11474.7 ETC 11571.1 mins"
[1] "time 11502.0 ETC 12434.6 mins"
[1] "time 11508.6 ETC 12114.3 mins"
[1] "time 11515.1 ETC 12228.4 mins"
[1] "time 11515.2 ETC 12121.2 mins"
[1] "time 11540.8 ETC 11540.8 mins"
compute sample.chain time: 
 user.self 692302.678
 sys.self 71.243
 elapsed 692448.323
 user.child 0
 sys.child 0
[1] "time 11552.7 ETC 12160.7 mins"
[1] "time 11562.3 ETC 12170.8 mins"
[1] "time 11563.8 ETC 11759.8 mins"
[1] "time 11569.4 ETC 12072.4 mins"
[1] "time 11577.9 ETC 12187.3 mins"
[1] "time 11579.8 ETC 12632.5 mins"
[1] "time 11591.3 ETC 11688.7 mins"
[1] "time 11593.2 ETC 13001.7 mins"
[1] "time 11605.6 ETC 11605.6 mins"
compute sample.chain time: 
 user.self 696192.491
 sys.self 70.587
 elapsed 696334.407
 user.child 0
 sys.child 0
[1] "time 11606.9 ETC 11606.9 mins"
compute sample.chain time: 
 user.self 696271.809
 sys.self 69.489
 elapsed 696412.664
 user.child 0
 sys.child 0
[1] "time 11613.0 ETC 11809.9 mins"
[1] "time 11639.2 ETC 12470.6 mins"
[1] "time 11648.8 ETC 12155.3 mins"
[1] "time 11660.4 ETC 12274.1 mins"
[1] "time 11660.5 ETC 12167.5 mins"
[1] "time 11692.4 ETC 12200.8 mins"
[1] "time 11698.3 ETC 11796.6 mins"
[1] "time 11704.1 ETC 12213.0 mins"
[1] "time 11713.9 ETC 12117.8 mins"
[1] "time 11725.3 ETC 12235.1 mins"
[1] "time 11728.6 ETC 11728.6 mins"
compute sample.chain time: 
 user.self 703572.773
 sys.self 68.625
 elapsed 703716.558
 user.child 0
 sys.child 0
[1] "time 11732.2 ETC 12683.4 mins"
[1] "time 11740.5 ETC 13045.0 mins"
[1] "time 11753.5 ETC 11852.3 mins"
[1] "time 11776.7 ETC 12506.2 mins"
[1] "time 11789.7 ETC 12196.2 mins"
[1] "time 11806.1 ETC 12213.2 mins"
[1] "time 11807.2 ETC 12320.5 mins"
[1] "time 11832.3 ETC 12240.3 mins"
[1] "time 11834.9 ETC 11834.9 mins"
compute sample.chain time: 
 user.self 709946.662
 sys.self 72.681
 elapsed 710092.783
 user.child 0
 sys.child 0
[1] "time 11846.4 ETC 12254.9 mins"
[1] "time 11858.9 ETC 12163.0 mins"
[1] "time 11872.8 ETC 12282.2 mins"
[1] "time 11884.5 ETC 12733.4 mins"
[1] "time 11888.4 ETC 13088.2 mins"
[1] "time 11895.3 ETC 11895.3 mins"
compute sample.chain time: 
 user.self 713568.839
 sys.self 76.833
 elapsed 713719.996
 user.child 0
 sys.child 0
[1] "time 11914.8 ETC 12541.9 mins"
[1] "time 11931.6 ETC 12237.5 mins"
[1] "time 11953.2 ETC 12259.7 mins"
[1] "time 11953.9 ETC 12366.1 mins"
[1] "time 11972.2 ETC 12279.2 mins"
[1] "time 11988.7 ETC 12296.1 mins"
[1] "time 12005.0 ETC 12208.5 mins"
[1] "time 12020.4 ETC 12328.6 mins"
[1] "time 12037.0 ETC 13131.3 mins"
[1] "time 12038.2 ETC 12783.9 mins"
[1] "time 12053.1 ETC 12577.1 mins"
[1] "time 12073.9 ETC 12278.5 mins"
[1] "time 12100.3 ETC 12410.5 mins"
[1] "time 12100.7 ETC 12305.8 mins"
[1] "time 12113.5 ETC 12318.9 mins"
[1] "time 12130.9 ETC 12336.5 mins"
[1] "time 12150.9 ETC 12253.0 mins"
[1] "time 12167.8 ETC 12374.0 mins"
[1] "time 12185.4 ETC 13173.4 mins"
[1] "time 12192.3 ETC 12612.7 mins"
[1] "time 12193.3 ETC 12835.0 mins"
[1] "time 12216.1 ETC 12318.7 mins"
[1] "time 12247.7 ETC 12455.3 mins"
[1] "time 12249.0 ETC 12352.0 mins"
[1] "time 12254.8 ETC 12357.7 mins"
[1] "time 12275.4 ETC 12378.5 mins"
[1] "time 12296.7 ETC 12296.7 mins"
compute sample.chain time: 
 user.self 737654.45
 sys.self 74.597
 elapsed 737804.559
 user.child 0
 sys.child 0
[1] "time 12315.3 ETC 12418.7 mins"
[1] "time 12332.4 ETC 12648.6 mins"
[1] "time 12336.3 ETC 13217.5 mins"
[1] "time 12347.0 ETC 12883.8 mins"
[1] "time 12358.5 ETC 12358.5 mins"
compute sample.chain time: 
 user.self 741275.4
 sys.self 75.902
 elapsed 741511.749
 user.child 0
 sys.child 0
[1] "time 12395.8 ETC 12395.8 mins"
compute sample.chain time: 
 user.self 743592.609
 sys.self 76.883
 elapsed 743746.503
 user.child 0
 sys.child 0
[1] "time 12396.1 ETC 12500.3 mins"
[1] "time 12397.3 ETC 12397.3 mins"
compute sample.chain time: 
 user.self 743628.004
 sys.self 77.083
 elapsed 743840.412
 user.child 0
 sys.child 0
[1] "time 12420.2 ETC 12420.2 mins"
compute sample.chain time: 
 user.self 745060.013
 sys.self 77.017
 elapsed 745213.34
 user.child 0
 sys.child 0
[1] "time 12463.0 ETC 12463.0 mins"
compute sample.chain time: 
 user.self 747629.903
 sys.self 75.951
 elapsed 747782.775
 user.child 0
 sys.child 0
[1] "time 12473.2 ETC 12684.6 mins"
[1] "time 12487.6 ETC 13261.1 mins"
[1] "time 12502.3 ETC 12933.4 mins"
[1] "time 12545.1 ETC 12545.1 mins"
compute sample.chain time: 
 user.self 752551.414
 sys.self 78.713
 elapsed 752707.508
 user.child 0
 sys.child 0
[1] "time 12614.6 ETC 12720.6 mins"
[1] "time 12638.8 ETC 13304.0 mins"
[1] "time 12656.8 ETC 12981.4 mins"
[1] "time 12757.1 ETC 12757.1 mins"
compute sample.chain time: 
 user.self 765274.28
 sys.self 73.653
 elapsed 765426.338
 user.child 0
 sys.child 0
[1] "time 12790.0 ETC 13346.1 mins"
[1] "time 12812.2 ETC 13029.4 mins"
[1] "time 12941.3 ETC 13387.5 mins"
[1] "time 12966.7 ETC 13075.6 mins"
[1] "time 13091.5 ETC 13427.2 mins"
[1] "time 13121.9 ETC 13121.9 mins"
compute sample.chain time: 
 user.self 787146.53
 sys.self 84.495
 elapsed 787313.273
 user.child 0
 sys.child 0
[1] "time 13243.2 ETC 13467.6 mins"
[1] "time 13395.6 ETC 13508.1 mins"
[1] "time 13548.0 ETC 13548.0 mins"
compute sample.chain time: 
 user.self 812713.41
 sys.self 82.808
 elapsed 812881.583
 user.child 0
 sys.child 0
Reading input catalog file ./SBS/input/Realistic/ground.truth.syn.catalog.csv
calling hdp_extract_components 2022-07-02 07:34:53
hdp_extract_components time: 
 user.self 30250.419
 sys.self 730.973
 elapsed 30984.3940000001
 user.child 0
 sys.child 0
calling hdpx::comp_categ_distn 2022-07-02 16:11:17
Calling hdpx::comp_dp_distn 2022-07-02 16:11:17
Using existing out.dir SBS/raw_results/4e_SBS_NR_hdp_gamma_beta_20/Realistic/seed.528401
Writing HDP diagnostics
Writing signatures
Writing exposures
