Loading required package: ICAMS
Loading required package: hdpx
Loading required package: mSigHdp
args: 1076753


===========================================


Begin running mSigHdp on data set 1k using seed 1076753...



===========================================


30 samples in SP.Syn.Biliary-AdenoCA
190 samples in SP.Syn.Breast-AdenoCA
83 samples in SP.Syn.CNS-Medullo
60 samples in SP.Syn.ColoRect-AdenoCA
96 samples in SP.Syn.Eso-AdenoCA
55 samples in SP.Syn.Head-SCC
142 samples in SP.Syn.Kidney-RCC
319 samples in SP.Syn.Liver-HCC
35 samples in SP.Syn.Lung-AdenoCA
106 samples in SP.Syn.Lymph-BNHL
60 samples in SP.Syn.Lymph-CLL
113 samples in SP.Syn.Ovary-AdenoCA
238 samples in SP.Syn.Panc-AdenoCA
49 samples in SP.Syn.Panc-Endocrine
226 samples in SP.Syn.Prost-AdenoCA
105 samples in SP.Syn.Skin-Melanoma
61 samples in SP.Syn.Stomach-AdenoCA
51 samples in SP.Syn.Uterus-AdenoCA
30 samples in SP.Syn.Biliary-AdenoCA
190 samples in SP.Syn.Breast-AdenoCA
83 samples in SP.Syn.CNS-Medullo
60 samples in SP.Syn.ColoRect-AdenoCA
96 samples in SP.Syn.Eso-AdenoCA
55 samples in SP.Syn.Head-SCC
142 samples in SP.Syn.Kidney-RCC
319 samples in SP.Syn.Liver-HCC
35 samples in SP.Syn.Lung-AdenoCA
106 samples in SP.Syn.Lymph-BNHL
60 samples in SP.Syn.Lymph-CLL
113 samples in SP.Syn.Ovary-AdenoCA
238 samples in SP.Syn.Panc-AdenoCA
49 samples in SP.Syn.Panc-Endocrine
226 samples in SP.Syn.Prost-AdenoCA
105 samples in SP.Syn.Skin-Melanoma
61 samples in SP.Syn.Stomach-AdenoCA
51 samples in SP.Syn.Uterus-AdenoCA
30 samples in SP.Syn.Biliary-AdenoCA
190 samples in SP.Syn.Breast-AdenoCA
83 samples in SP.Syn.CNS-Medullo
60 samples in SP.Syn.ColoRect-AdenoCA
96 samples in SP.Syn.Eso-AdenoCA
55 samples in SP.Syn.Head-SCC
142 samples in SP.Syn.Kidney-RCC
319 samples in SP.Syn.Liver-HCC
35 samples in SP.Syn.Lung-AdenoCA
106 samples in SP.Syn.Lymph-BNHL
60 samples in SP.Syn.Lymph-CLL
113 samples in SP.Syn.Ovary-AdenoCA
238 samples in SP.Syn.Panc-AdenoCA
49 samples in SP.Syn.Panc-Endocrine
226 samples in SP.Syn.Prost-AdenoCA
105 samples in SP.Syn.Skin-Melanoma
61 samples in SP.Syn.Stomach-AdenoCA
51 samples in SP.Syn.Uterus-AdenoCA
30 samples in SP.Syn.Biliary-AdenoCA
190 samples in SP.Syn.Breast-AdenoCA
83 samples in SP.Syn.CNS-Medullo
60 samples in SP.Syn.ColoRect-AdenoCA
96 samples in SP.Syn.Eso-AdenoCA
55 samples in SP.Syn.Head-SCC
142 samples in SP.Syn.Kidney-RCC
319 samples in SP.Syn.Liver-HCC
35 samples in SP.Syn.Lung-AdenoCA
106 samples in SP.Syn.Lymph-BNHL
60 samples in SP.Syn.Lymph-CLL
113 samples in SP.Syn.Ovary-AdenoCA
238 samples in SP.Syn.Panc-AdenoCA
49 samples in SP.Syn.Panc-Endocrine
226 samples in SP.Syn.Prost-AdenoCA
105 samples in SP.Syn.Skin-Melanoma
61 samples in SP.Syn.Stomach-AdenoCA
51 samples in SP.Syn.Uterus-AdenoCA
30 samples in SP.Syn.Biliary-AdenoCA
190 samples in SP.Syn.Breast-AdenoCA
83 samples in SP.Syn.CNS-Medullo
60 samples in SP.Syn.ColoRect-AdenoCA
96 samples in SP.Syn.Eso-AdenoCA
55 samples in SP.Syn.Head-SCC
142 samples in SP.Syn.Kidney-RCC
319 samples in SP.Syn.Liver-HCC
35 samples in SP.Syn.Lung-AdenoCA
106 samples in SP.Syn.Lymph-BNHL
60 samples in SP.Syn.Lymph-CLL
113 samples in SP.Syn.Ovary-AdenoCA
238 samples in SP.Syn.Panc-AdenoCA
49 samples in SP.Syn.Panc-Endocrine
226 samples in SP.Syn.Prost-AdenoCA
105 samples in SP.Syn.Skin-Melanoma
61 samples in SP.Syn.Stomach-AdenoCA
51 samples in SP.Syn.Uterus-AdenoCA
30 samples in SP.Syn.Biliary-AdenoCA
190 samples in SP.Syn.Breast-AdenoCA
83 samples in SP.Syn.CNS-Medullo
60 samples in SP.Syn.ColoRect-AdenoCA
96 samples in SP.Syn.Eso-AdenoCA
55 samples in SP.Syn.Head-SCC
142 samples in SP.Syn.Kidney-RCC
319 samples in SP.Syn.Liver-HCC
35 samples in SP.Syn.Lung-AdenoCA
106 samples in SP.Syn.Lymph-BNHL
60 samples in SP.Syn.Lymph-CLL
113 samples in SP.Syn.Ovary-AdenoCA
238 samples in SP.Syn.Panc-AdenoCA
49 samples in SP.Syn.Panc-Endocrine
226 samples in SP.Syn.Prost-AdenoCA
105 samples in SP.Syn.Skin-Melanoma
61 samples in SP.Syn.Stomach-AdenoCA
51 samples in SP.Syn.Uterus-AdenoCA
30 samples in SP.Syn.Biliary-AdenoCA
190 samples in SP.Syn.Breast-AdenoCA
83 samples in SP.Syn.CNS-Medullo
60 samples in SP.Syn.ColoRect-AdenoCA
96 samples in SP.Syn.Eso-AdenoCA
55 samples in SP.Syn.Head-SCC
142 samples in SP.Syn.Kidney-RCC
319 samples in SP.Syn.Liver-HCC
35 samples in SP.Syn.Lung-AdenoCA
106 samples in SP.Syn.Lymph-BNHL
60 samples in SP.Syn.Lymph-CLL
113 samples in SP.Syn.Ovary-AdenoCA
238 samples in SP.Syn.Panc-AdenoCA
49 samples in SP.Syn.Panc-Endocrine
226 samples in SP.Syn.Prost-AdenoCA
105 samples in SP.Syn.Skin-Melanoma
61 samples in SP.Syn.Stomach-AdenoCA
51 samples in SP.Syn.Uterus-AdenoCA
30 samples in SP.Syn.Biliary-AdenoCA
190 samples in SP.Syn.Breast-AdenoCA
83 samples in SP.Syn.CNS-Medullo
60 samples in SP.Syn.ColoRect-AdenoCA
96 samples in SP.Syn.Eso-AdenoCA
55 samples in SP.Syn.Head-SCC
142 samples in SP.Syn.Kidney-RCC
319 samples in SP.Syn.Liver-HCC
35 samples in SP.Syn.Lung-AdenoCA
106 samples in SP.Syn.Lymph-BNHL
60 samples in SP.Syn.Lymph-CLL
113 samples in SP.Syn.Ovary-AdenoCA
238 samples in SP.Syn.Panc-AdenoCA
49 samples in SP.Syn.Panc-Endocrine
226 samples in SP.Syn.Prost-AdenoCA
105 samples in SP.Syn.Skin-Melanoma
61 samples in SP.Syn.Stomach-AdenoCA
51 samples in SP.Syn.Uterus-AdenoCA
30 samples in SP.Syn.Biliary-AdenoCA
190 samples in SP.Syn.Breast-AdenoCA
83 samples in SP.Syn.CNS-Medullo
60 samples in SP.Syn.ColoRect-AdenoCA
96 samples in SP.Syn.Eso-AdenoCA
55 samples in SP.Syn.Head-SCC
142 samples in SP.Syn.Kidney-RCC
319 samples in SP.Syn.Liver-HCC
35 samples in SP.Syn.Lung-AdenoCA
106 samples in SP.Syn.Lymph-BNHL
60 samples in SP.Syn.Lymph-CLL
113 samples in SP.Syn.Ovary-AdenoCA
238 samples in SP.Syn.Panc-AdenoCA
49 samples in SP.Syn.Panc-Endocrine
226 samples in SP.Syn.Prost-AdenoCA
105 samples in SP.Syn.Skin-Melanoma
61 samples in SP.Syn.Stomach-AdenoCA
51 samples in SP.Syn.Uterus-AdenoCA
30 samples in SP.Syn.Biliary-AdenoCA
190 samples in SP.Syn.Breast-AdenoCA
83 samples in SP.Syn.CNS-Medullo
60 samples in SP.Syn.ColoRect-AdenoCA
96 samples in SP.Syn.Eso-AdenoCA
55 samples in SP.Syn.Head-SCC
142 samples in SP.Syn.Kidney-RCC
319 samples in SP.Syn.Liver-HCC
35 samples in SP.Syn.Lung-AdenoCA
106 samples in SP.Syn.Lymph-BNHL
60 samples in SP.Syn.Lymph-CLL
113 samples in SP.Syn.Ovary-AdenoCA
238 samples in SP.Syn.Panc-AdenoCA
49 samples in SP.Syn.Panc-Endocrine
226 samples in SP.Syn.Prost-AdenoCA
105 samples in SP.Syn.Skin-Melanoma
61 samples in SP.Syn.Stomach-AdenoCA
51 samples in SP.Syn.Uterus-AdenoCA
30 samples in SP.Syn.Biliary-AdenoCA
190 samples in SP.Syn.Breast-AdenoCA
83 samples in SP.Syn.CNS-Medullo
60 samples in SP.Syn.ColoRect-AdenoCA
96 samples in SP.Syn.Eso-AdenoCA
55 samples in SP.Syn.Head-SCC
142 samples in SP.Syn.Kidney-RCC
319 samples in SP.Syn.Liver-HCC
35 samples in SP.Syn.Lung-AdenoCA
106 samples in SP.Syn.Lymph-BNHL
60 samples in SP.Syn.Lymph-CLL
113 samples in SP.Syn.Ovary-AdenoCA
238 samples in SP.Syn.Panc-AdenoCA
49 samples in SP.Syn.Panc-Endocrine
226 samples in SP.Syn.Prost-AdenoCA
105 samples in SP.Syn.Skin-Melanoma
61 samples in SP.Syn.Stomach-AdenoCA
51 samples in SP.Syn.Uterus-AdenoCA
30 samples in SP.Syn.Biliary-AdenoCA
190 samples in SP.Syn.Breast-AdenoCA
83 samples in SP.Syn.CNS-Medullo
60 samples in SP.Syn.ColoRect-AdenoCA
96 samples in SP.Syn.Eso-AdenoCA
55 samples in SP.Syn.Head-SCC
142 samples in SP.Syn.Kidney-RCC
319 samples in SP.Syn.Liver-HCC
35 samples in SP.Syn.Lung-AdenoCA
106 samples in SP.Syn.Lymph-BNHL
60 samples in SP.Syn.Lymph-CLL
113 samples in SP.Syn.Ovary-AdenoCA
238 samples in SP.Syn.Panc-AdenoCA
49 samples in SP.Syn.Panc-Endocrine
226 samples in SP.Syn.Prost-AdenoCA
105 samples in SP.Syn.Skin-Melanoma
61 samples in SP.Syn.Stomach-AdenoCA
51 samples in SP.Syn.Uterus-AdenoCA
30 samples in SP.Syn.Biliary-AdenoCA
190 samples in SP.Syn.Breast-AdenoCA
83 samples in SP.Syn.CNS-Medullo
60 samples in SP.Syn.ColoRect-AdenoCA
96 samples in SP.Syn.Eso-AdenoCA
55 samples in SP.Syn.Head-SCC
142 samples in SP.Syn.Kidney-RCC
319 samples in SP.Syn.Liver-HCC
35 samples in SP.Syn.Lung-AdenoCA
106 samples in SP.Syn.Lymph-BNHL
60 samples in SP.Syn.Lymph-CLL
113 samples in SP.Syn.Ovary-AdenoCA
238 samples in SP.Syn.Panc-AdenoCA
49 samples in SP.Syn.Panc-Endocrine
226 samples in SP.Syn.Prost-AdenoCA
105 samples in SP.Syn.Skin-Melanoma
61 samples in SP.Syn.Stomach-AdenoCA
51 samples in SP.Syn.Uterus-AdenoCA
30 samples in SP.Syn.Biliary-AdenoCA
190 samples in SP.Syn.Breast-AdenoCA
83 samples in SP.Syn.CNS-Medullo
60 samples in SP.Syn.ColoRect-AdenoCA
96 samples in SP.Syn.Eso-AdenoCA
55 samples in SP.Syn.Head-SCC
142 samples in SP.Syn.Kidney-RCC
319 samples in SP.Syn.Liver-HCC
35 samples in SP.Syn.Lung-AdenoCA
106 samples in SP.Syn.Lymph-BNHL
60 samples in SP.Syn.Lymph-CLL
113 samples in SP.Syn.Ovary-AdenoCA
238 samples in SP.Syn.Panc-AdenoCA
49 samples in SP.Syn.Panc-Endocrine
226 samples in SP.Syn.Prost-AdenoCA
105 samples in SP.Syn.Skin-Melanoma
61 samples in SP.Syn.Stomach-AdenoCA
51 samples in SP.Syn.Uterus-AdenoCA
30 samples in SP.Syn.Biliary-AdenoCA
190 samples in SP.Syn.Breast-AdenoCA
83 samples in SP.Syn.CNS-Medullo
60 samples in SP.Syn.ColoRect-AdenoCA
96 samples in SP.Syn.Eso-AdenoCA
55 samples in SP.Syn.Head-SCC
142 samples in SP.Syn.Kidney-RCC
319 samples in SP.Syn.Liver-HCC
35 samples in SP.Syn.Lung-AdenoCA
106 samples in SP.Syn.Lymph-BNHL
60 samples in SP.Syn.Lymph-CLL
113 samples in SP.Syn.Ovary-AdenoCA
238 samples in SP.Syn.Panc-AdenoCA
49 samples in SP.Syn.Panc-Endocrine
226 samples in SP.Syn.Prost-AdenoCA
105 samples in SP.Syn.Skin-Melanoma
61 samples in SP.Syn.Stomach-AdenoCA
51 samples in SP.Syn.Uterus-AdenoCA
30 samples in SP.Syn.Biliary-AdenoCA
190 samples in SP.Syn.Breast-AdenoCA
83 samples in SP.Syn.CNS-Medullo
60 samples in SP.Syn.ColoRect-AdenoCA
96 samples in SP.Syn.Eso-AdenoCA
55 samples in SP.Syn.Head-SCC
142 samples in SP.Syn.Kidney-RCC
319 samples in SP.Syn.Liver-HCC
35 samples in SP.Syn.Lung-AdenoCA
106 samples in SP.Syn.Lymph-BNHL
60 samples in SP.Syn.Lymph-CLL
113 samples in SP.Syn.Ovary-AdenoCA
238 samples in SP.Syn.Panc-AdenoCA
49 samples in SP.Syn.Panc-Endocrine
226 samples in SP.Syn.Prost-AdenoCA
105 samples in SP.Syn.Skin-Melanoma
61 samples in SP.Syn.Stomach-AdenoCA
51 samples in SP.Syn.Uterus-AdenoCA
30 samples in SP.Syn.Biliary-AdenoCA
190 samples in SP.Syn.Breast-AdenoCA
83 samples in SP.Syn.CNS-Medullo
60 samples in SP.Syn.ColoRect-AdenoCA
96 samples in SP.Syn.Eso-AdenoCA
55 samples in SP.Syn.Head-SCC
142 samples in SP.Syn.Kidney-RCC
319 samples in SP.Syn.Liver-HCC
35 samples in SP.Syn.Lung-AdenoCA
106 samples in SP.Syn.Lymph-BNHL
60 samples in SP.Syn.Lymph-CLL
113 samples in SP.Syn.Ovary-AdenoCA
238 samples in SP.Syn.Panc-AdenoCA
49 samples in SP.Syn.Panc-Endocrine
226 samples in SP.Syn.Prost-AdenoCA
105 samples in SP.Syn.Skin-Melanoma
61 samples in SP.Syn.Stomach-AdenoCA
51 samples in SP.Syn.Uterus-AdenoCA
30 samples in SP.Syn.Biliary-AdenoCA
190 samples in SP.Syn.Breast-AdenoCA
30 samples in SP.Syn.Biliary-AdenoCA
83 samples in SP.Syn.CNS-Medullo
190 samples in SP.Syn.Breast-AdenoCA
60 samples in SP.Syn.ColoRect-AdenoCA
83 samples in SP.Syn.CNS-Medullo
96 samples in SP.Syn.Eso-AdenoCA
60 samples in SP.Syn.ColoRect-AdenoCA
55 samples in SP.Syn.Head-SCC
96 samples in SP.Syn.Eso-AdenoCA
55 samples in SP.Syn.Head-SCC
142 samples in SP.Syn.Kidney-RCC
142 samples in SP.Syn.Kidney-RCC
319 samples in SP.Syn.Liver-HCC
319 samples in SP.Syn.Liver-HCC
35 samples in SP.Syn.Lung-AdenoCA
35 samples in SP.Syn.Lung-AdenoCA
106 samples in SP.Syn.Lymph-BNHL
106 samples in SP.Syn.Lymph-BNHL
60 samples in SP.Syn.Lymph-CLL
60 samples in SP.Syn.Lymph-CLL
113 samples in SP.Syn.Ovary-AdenoCA
113 samples in SP.Syn.Ovary-AdenoCA
238 samples in SP.Syn.Panc-AdenoCA
238 samples in SP.Syn.Panc-AdenoCA
49 samples in SP.Syn.Panc-Endocrine
49 samples in SP.Syn.Panc-Endocrine
226 samples in SP.Syn.Prost-AdenoCA
226 samples in SP.Syn.Prost-AdenoCA
105 samples in SP.Syn.Skin-Melanoma
105 samples in SP.Syn.Skin-Melanoma
61 samples in SP.Syn.Stomach-AdenoCA
61 samples in SP.Syn.Stomach-AdenoCA
51 samples in SP.Syn.Uterus-AdenoCA
51 samples in SP.Syn.Uterus-AdenoCA
30 samples in SP.Syn.Biliary-AdenoCA
190 samples in SP.Syn.Breast-AdenoCA
83 samples in SP.Syn.CNS-Medullo
60 samples in SP.Syn.ColoRect-AdenoCA
96 samples in SP.Syn.Eso-AdenoCA
55 samples in SP.Syn.Head-SCC
142 samples in SP.Syn.Kidney-RCC
319 samples in SP.Syn.Liver-HCC
35 samples in SP.Syn.Lung-AdenoCA
106 samples in SP.Syn.Lymph-BNHL
60 samples in SP.Syn.Lymph-CLL
113 samples in SP.Syn.Ovary-AdenoCA
238 samples in SP.Syn.Panc-AdenoCA
49 samples in SP.Syn.Panc-Endocrine
226 samples in SP.Syn.Prost-AdenoCA
105 samples in SP.Syn.Skin-Melanoma
61 samples in SP.Syn.Stomach-AdenoCA
51 samples in SP.Syn.Uterus-AdenoCA


===========================================


Begin running mSigHdp on data set 3k using seed 1076753...



===========================================


30 samples in SP.Syn.Biliary-AdenoCA
190 samples in SP.Syn.Breast-AdenoCA
83 samples in SP.Syn.CNS-Medullo
60 samples in SP.Syn.ColoRect-AdenoCA
96 samples in SP.Syn.Eso-AdenoCA
55 samples in SP.Syn.Head-SCC
142 samples in SP.Syn.Kidney-RCC
319 samples in SP.Syn.Liver-HCC
35 samples in SP.Syn.Lung-AdenoCA
106 samples in SP.Syn.Lymph-BNHL
60 samples in SP.Syn.Lymph-CLL
113 samples in SP.Syn.Ovary-AdenoCA
238 samples in SP.Syn.Panc-AdenoCA
49 samples in SP.Syn.Panc-Endocrine
226 samples in SP.Syn.Prost-AdenoCA
105 samples in SP.Syn.Skin-Melanoma
61 samples in SP.Syn.Stomach-AdenoCA
51 samples in SP.Syn.Uterus-AdenoCA
30 samples in SP.Syn.Biliary-AdenoCA
190 samples in SP.Syn.Breast-AdenoCA
83 samples in SP.Syn.CNS-Medullo
60 samples in SP.Syn.ColoRect-AdenoCA
96 samples in SP.Syn.Eso-AdenoCA
55 samples in SP.Syn.Head-SCC
142 samples in SP.Syn.Kidney-RCC
319 samples in SP.Syn.Liver-HCC
35 samples in SP.Syn.Lung-AdenoCA
106 samples in SP.Syn.Lymph-BNHL
60 samples in SP.Syn.Lymph-CLL
113 samples in SP.Syn.Ovary-AdenoCA
238 samples in SP.Syn.Panc-AdenoCA
49 samples in SP.Syn.Panc-Endocrine
226 samples in SP.Syn.Prost-AdenoCA
105 samples in SP.Syn.Skin-Melanoma
61 samples in SP.Syn.Stomach-AdenoCA
51 samples in SP.Syn.Uterus-AdenoCA
30 samples in SP.Syn.Biliary-AdenoCA
190 samples in SP.Syn.Breast-AdenoCA
83 samples in SP.Syn.CNS-Medullo
60 samples in SP.Syn.ColoRect-AdenoCA
96 samples in SP.Syn.Eso-AdenoCA
55 samples in SP.Syn.Head-SCC
142 samples in SP.Syn.Kidney-RCC
319 samples in SP.Syn.Liver-HCC
35 samples in SP.Syn.Lung-AdenoCA
106 samples in SP.Syn.Lymph-BNHL
60 samples in SP.Syn.Lymph-CLL
113 samples in SP.Syn.Ovary-AdenoCA
238 samples in SP.Syn.Panc-AdenoCA
49 samples in SP.Syn.Panc-Endocrine
226 samples in SP.Syn.Prost-AdenoCA
105 samples in SP.Syn.Skin-Melanoma
61 samples in SP.Syn.Stomach-AdenoCA
51 samples in SP.Syn.Uterus-AdenoCA
30 samples in SP.Syn.Biliary-AdenoCA
190 samples in SP.Syn.Breast-AdenoCA
83 samples in SP.Syn.CNS-Medullo
60 samples in SP.Syn.ColoRect-AdenoCA
96 samples in SP.Syn.Eso-AdenoCA
55 samples in SP.Syn.Head-SCC
142 samples in SP.Syn.Kidney-RCC
319 samples in SP.Syn.Liver-HCC
35 samples in SP.Syn.Lung-AdenoCA
106 samples in SP.Syn.Lymph-BNHL
60 samples in SP.Syn.Lymph-CLL
113 samples in SP.Syn.Ovary-AdenoCA
238 samples in SP.Syn.Panc-AdenoCA
49 samples in SP.Syn.Panc-Endocrine
226 samples in SP.Syn.Prost-AdenoCA
105 samples in SP.Syn.Skin-Melanoma
61 samples in SP.Syn.Stomach-AdenoCA
51 samples in SP.Syn.Uterus-AdenoCA
30 samples in SP.Syn.Biliary-AdenoCA
190 samples in SP.Syn.Breast-AdenoCA
83 samples in SP.Syn.CNS-Medullo
60 samples in SP.Syn.ColoRect-AdenoCA
96 samples in SP.Syn.Eso-AdenoCA
55 samples in SP.Syn.Head-SCC
142 samples in SP.Syn.Kidney-RCC
319 samples in SP.Syn.Liver-HCC
35 samples in SP.Syn.Lung-AdenoCA
106 samples in SP.Syn.Lymph-BNHL
60 samples in SP.Syn.Lymph-CLL
113 samples in SP.Syn.Ovary-AdenoCA
238 samples in SP.Syn.Panc-AdenoCA
49 samples in SP.Syn.Panc-Endocrine
226 samples in SP.Syn.Prost-AdenoCA
105 samples in SP.Syn.Skin-Melanoma
61 samples in SP.Syn.Stomach-AdenoCA
51 samples in SP.Syn.Uterus-AdenoCA
30 samples in SP.Syn.Biliary-AdenoCA
190 samples in SP.Syn.Breast-AdenoCA
83 samples in SP.Syn.CNS-Medullo
60 samples in SP.Syn.ColoRect-AdenoCA
96 samples in SP.Syn.Eso-AdenoCA
55 samples in SP.Syn.Head-SCC
142 samples in SP.Syn.Kidney-RCC
319 samples in SP.Syn.Liver-HCC
35 samples in SP.Syn.Lung-AdenoCA
106 samples in SP.Syn.Lymph-BNHL
60 samples in SP.Syn.Lymph-CLL
113 samples in SP.Syn.Ovary-AdenoCA
238 samples in SP.Syn.Panc-AdenoCA
49 samples in SP.Syn.Panc-Endocrine
226 samples in SP.Syn.Prost-AdenoCA
105 samples in SP.Syn.Skin-Melanoma
61 samples in SP.Syn.Stomach-AdenoCA
51 samples in SP.Syn.Uterus-AdenoCA
30 samples in SP.Syn.Biliary-AdenoCA
190 samples in SP.Syn.Breast-AdenoCA
83 samples in SP.Syn.CNS-Medullo
60 samples in SP.Syn.ColoRect-AdenoCA
96 samples in SP.Syn.Eso-AdenoCA
55 samples in SP.Syn.Head-SCC
142 samples in SP.Syn.Kidney-RCC
319 samples in SP.Syn.Liver-HCC
35 samples in SP.Syn.Lung-AdenoCA
106 samples in SP.Syn.Lymph-BNHL
60 samples in SP.Syn.Lymph-CLL
113 samples in SP.Syn.Ovary-AdenoCA
238 samples in SP.Syn.Panc-AdenoCA
49 samples in SP.Syn.Panc-Endocrine
226 samples in SP.Syn.Prost-AdenoCA
105 samples in SP.Syn.Skin-Melanoma
61 samples in SP.Syn.Stomach-AdenoCA
51 samples in SP.Syn.Uterus-AdenoCA
30 samples in SP.Syn.Biliary-AdenoCA
190 samples in SP.Syn.Breast-AdenoCA
83 samples in SP.Syn.CNS-Medullo
60 samples in SP.Syn.ColoRect-AdenoCA
96 samples in SP.Syn.Eso-AdenoCA
55 samples in SP.Syn.Head-SCC
142 samples in SP.Syn.Kidney-RCC
319 samples in SP.Syn.Liver-HCC
35 samples in SP.Syn.Lung-AdenoCA
106 samples in SP.Syn.Lymph-BNHL
60 samples in SP.Syn.Lymph-CLL
113 samples in SP.Syn.Ovary-AdenoCA
238 samples in SP.Syn.Panc-AdenoCA
49 samples in SP.Syn.Panc-Endocrine
226 samples in SP.Syn.Prost-AdenoCA
105 samples in SP.Syn.Skin-Melanoma
61 samples in SP.Syn.Stomach-AdenoCA
51 samples in SP.Syn.Uterus-AdenoCA
30 samples in SP.Syn.Biliary-AdenoCA
190 samples in SP.Syn.Breast-AdenoCA
83 samples in SP.Syn.CNS-Medullo
60 samples in SP.Syn.ColoRect-AdenoCA
96 samples in SP.Syn.Eso-AdenoCA
55 samples in SP.Syn.Head-SCC
142 samples in SP.Syn.Kidney-RCC
319 samples in SP.Syn.Liver-HCC
35 samples in SP.Syn.Lung-AdenoCA
106 samples in SP.Syn.Lymph-BNHL
60 samples in SP.Syn.Lymph-CLL
113 samples in SP.Syn.Ovary-AdenoCA
238 samples in SP.Syn.Panc-AdenoCA
49 samples in SP.Syn.Panc-Endocrine
226 samples in SP.Syn.Prost-AdenoCA
105 samples in SP.Syn.Skin-Melanoma
61 samples in SP.Syn.Stomach-AdenoCA
51 samples in SP.Syn.Uterus-AdenoCA
30 samples in SP.Syn.Biliary-AdenoCA
190 samples in SP.Syn.Breast-AdenoCA
83 samples in SP.Syn.CNS-Medullo
60 samples in SP.Syn.ColoRect-AdenoCA
96 samples in SP.Syn.Eso-AdenoCA
55 samples in SP.Syn.Head-SCC
142 samples in SP.Syn.Kidney-RCC
319 samples in SP.Syn.Liver-HCC
35 samples in SP.Syn.Lung-AdenoCA
106 samples in SP.Syn.Lymph-BNHL
60 samples in SP.Syn.Lymph-CLL
113 samples in SP.Syn.Ovary-AdenoCA
238 samples in SP.Syn.Panc-AdenoCA
49 samples in SP.Syn.Panc-Endocrine
226 samples in SP.Syn.Prost-AdenoCA
105 samples in SP.Syn.Skin-Melanoma
61 samples in SP.Syn.Stomach-AdenoCA
51 samples in SP.Syn.Uterus-AdenoCA
30 samples in SP.Syn.Biliary-AdenoCA
190 samples in SP.Syn.Breast-AdenoCA
83 samples in SP.Syn.CNS-Medullo
60 samples in SP.Syn.ColoRect-AdenoCA
96 samples in SP.Syn.Eso-AdenoCA
55 samples in SP.Syn.Head-SCC
142 samples in SP.Syn.Kidney-RCC
319 samples in SP.Syn.Liver-HCC
35 samples in SP.Syn.Lung-AdenoCA
106 samples in SP.Syn.Lymph-BNHL
60 samples in SP.Syn.Lymph-CLL
113 samples in SP.Syn.Ovary-AdenoCA
238 samples in SP.Syn.Panc-AdenoCA
49 samples in SP.Syn.Panc-Endocrine
226 samples in SP.Syn.Prost-AdenoCA
105 samples in SP.Syn.Skin-Melanoma
61 samples in SP.Syn.Stomach-AdenoCA
51 samples in SP.Syn.Uterus-AdenoCA
30 samples in SP.Syn.Biliary-AdenoCA
190 samples in SP.Syn.Breast-AdenoCA
83 samples in SP.Syn.CNS-Medullo
60 samples in SP.Syn.ColoRect-AdenoCA
96 samples in SP.Syn.Eso-AdenoCA
55 samples in SP.Syn.Head-SCC
142 samples in SP.Syn.Kidney-RCC
319 samples in SP.Syn.Liver-HCC
35 samples in SP.Syn.Lung-AdenoCA
106 samples in SP.Syn.Lymph-BNHL
60 samples in SP.Syn.Lymph-CLL
113 samples in SP.Syn.Ovary-AdenoCA
238 samples in SP.Syn.Panc-AdenoCA
49 samples in SP.Syn.Panc-Endocrine
226 samples in SP.Syn.Prost-AdenoCA
105 samples in SP.Syn.Skin-Melanoma
61 samples in SP.Syn.Stomach-AdenoCA
51 samples in SP.Syn.Uterus-AdenoCA
30 samples in SP.Syn.Biliary-AdenoCA
190 samples in SP.Syn.Breast-AdenoCA
83 samples in SP.Syn.CNS-Medullo
60 samples in SP.Syn.ColoRect-AdenoCA
96 samples in SP.Syn.Eso-AdenoCA
55 samples in SP.Syn.Head-SCC
142 samples in SP.Syn.Kidney-RCC
319 samples in SP.Syn.Liver-HCC
35 samples in SP.Syn.Lung-AdenoCA
106 samples in SP.Syn.Lymph-BNHL
60 samples in SP.Syn.Lymph-CLL
113 samples in SP.Syn.Ovary-AdenoCA
238 samples in SP.Syn.Panc-AdenoCA
49 samples in SP.Syn.Panc-Endocrine
226 samples in SP.Syn.Prost-AdenoCA
105 samples in SP.Syn.Skin-Melanoma
61 samples in SP.Syn.Stomach-AdenoCA
51 samples in SP.Syn.Uterus-AdenoCA
30 samples in SP.Syn.Biliary-AdenoCA
190 samples in SP.Syn.Breast-AdenoCA
83 samples in SP.Syn.CNS-Medullo
60 samples in SP.Syn.ColoRect-AdenoCA
96 samples in SP.Syn.Eso-AdenoCA
55 samples in SP.Syn.Head-SCC
142 samples in SP.Syn.Kidney-RCC
319 samples in SP.Syn.Liver-HCC
35 samples in SP.Syn.Lung-AdenoCA
106 samples in SP.Syn.Lymph-BNHL
60 samples in SP.Syn.Lymph-CLL
113 samples in SP.Syn.Ovary-AdenoCA
238 samples in SP.Syn.Panc-AdenoCA
49 samples in SP.Syn.Panc-Endocrine
226 samples in SP.Syn.Prost-AdenoCA
105 samples in SP.Syn.Skin-Melanoma
61 samples in SP.Syn.Stomach-AdenoCA
51 samples in SP.Syn.Uterus-AdenoCA
30 samples in SP.Syn.Biliary-AdenoCA
190 samples in SP.Syn.Breast-AdenoCA
83 samples in SP.Syn.CNS-Medullo
60 samples in SP.Syn.ColoRect-AdenoCA
96 samples in SP.Syn.Eso-AdenoCA
55 samples in SP.Syn.Head-SCC
142 samples in SP.Syn.Kidney-RCC
319 samples in SP.Syn.Liver-HCC
35 samples in SP.Syn.Lung-AdenoCA
106 samples in SP.Syn.Lymph-BNHL
60 samples in SP.Syn.Lymph-CLL
113 samples in SP.Syn.Ovary-AdenoCA
238 samples in SP.Syn.Panc-AdenoCA
49 samples in SP.Syn.Panc-Endocrine
226 samples in SP.Syn.Prost-AdenoCA
105 samples in SP.Syn.Skin-Melanoma
61 samples in SP.Syn.Stomach-AdenoCA
51 samples in SP.Syn.Uterus-AdenoCA
30 samples in SP.Syn.Biliary-AdenoCA
190 samples in SP.Syn.Breast-AdenoCA
83 samples in SP.Syn.CNS-Medullo
60 samples in SP.Syn.ColoRect-AdenoCA
96 samples in SP.Syn.Eso-AdenoCA
55 samples in SP.Syn.Head-SCC
142 samples in SP.Syn.Kidney-RCC
319 samples in SP.Syn.Liver-HCC
35 samples in SP.Syn.Lung-AdenoCA
106 samples in SP.Syn.Lymph-BNHL
60 samples in SP.Syn.Lymph-CLL
113 samples in SP.Syn.Ovary-AdenoCA
238 samples in SP.Syn.Panc-AdenoCA
49 samples in SP.Syn.Panc-Endocrine
226 samples in SP.Syn.Prost-AdenoCA
105 samples in SP.Syn.Skin-Melanoma
61 samples in SP.Syn.Stomach-AdenoCA
51 samples in SP.Syn.Uterus-AdenoCA
30 samples in SP.Syn.Biliary-AdenoCA
190 samples in SP.Syn.Breast-AdenoCA
83 samples in SP.Syn.CNS-Medullo
60 samples in SP.Syn.ColoRect-AdenoCA
96 samples in SP.Syn.Eso-AdenoCA
55 samples in SP.Syn.Head-SCC
142 samples in SP.Syn.Kidney-RCC
319 samples in SP.Syn.Liver-HCC
35 samples in SP.Syn.Lung-AdenoCA
106 samples in SP.Syn.Lymph-BNHL
60 samples in SP.Syn.Lymph-CLL
113 samples in SP.Syn.Ovary-AdenoCA
238 samples in SP.Syn.Panc-AdenoCA
49 samples in SP.Syn.Panc-Endocrine
226 samples in SP.Syn.Prost-AdenoCA
105 samples in SP.Syn.Skin-Melanoma
61 samples in SP.Syn.Stomach-AdenoCA
51 samples in SP.Syn.Uterus-AdenoCA
30 samples in SP.Syn.Biliary-AdenoCA
190 samples in SP.Syn.Breast-AdenoCA
83 samples in SP.Syn.CNS-Medullo
60 samples in SP.Syn.ColoRect-AdenoCA
96 samples in SP.Syn.Eso-AdenoCA
55 samples in SP.Syn.Head-SCC
142 samples in SP.Syn.Kidney-RCC
319 samples in SP.Syn.Liver-HCC
35 samples in SP.Syn.Lung-AdenoCA
106 samples in SP.Syn.Lymph-BNHL
60 samples in SP.Syn.Lymph-CLL
113 samples in SP.Syn.Ovary-AdenoCA
238 samples in SP.Syn.Panc-AdenoCA
49 samples in SP.Syn.Panc-Endocrine
226 samples in SP.Syn.Prost-AdenoCA
105 samples in SP.Syn.Skin-Melanoma
61 samples in SP.Syn.Stomach-AdenoCA
51 samples in SP.Syn.Uterus-AdenoCA
30 samples in SP.Syn.Biliary-AdenoCA
190 samples in SP.Syn.Breast-AdenoCA
83 samples in SP.Syn.CNS-Medullo
60 samples in SP.Syn.ColoRect-AdenoCA
96 samples in SP.Syn.Eso-AdenoCA
55 samples in SP.Syn.Head-SCC
142 samples in SP.Syn.Kidney-RCC
319 samples in SP.Syn.Liver-HCC
35 samples in SP.Syn.Lung-AdenoCA
106 samples in SP.Syn.Lymph-BNHL
60 samples in SP.Syn.Lymph-CLL
113 samples in SP.Syn.Ovary-AdenoCA
238 samples in SP.Syn.Panc-AdenoCA
49 samples in SP.Syn.Panc-Endocrine
226 samples in SP.Syn.Prost-AdenoCA
105 samples in SP.Syn.Skin-Melanoma
61 samples in SP.Syn.Stomach-AdenoCA
51 samples in SP.Syn.Uterus-AdenoCA
30 samples in SP.Syn.Biliary-AdenoCA
190 samples in SP.Syn.Breast-AdenoCA
83 samples in SP.Syn.CNS-Medullo
60 samples in SP.Syn.ColoRect-AdenoCA
96 samples in SP.Syn.Eso-AdenoCA
55 samples in SP.Syn.Head-SCC
142 samples in SP.Syn.Kidney-RCC
319 samples in SP.Syn.Liver-HCC
35 samples in SP.Syn.Lung-AdenoCA
106 samples in SP.Syn.Lymph-BNHL
60 samples in SP.Syn.Lymph-CLL
113 samples in SP.Syn.Ovary-AdenoCA
238 samples in SP.Syn.Panc-AdenoCA
49 samples in SP.Syn.Panc-Endocrine
226 samples in SP.Syn.Prost-AdenoCA
105 samples in SP.Syn.Skin-Melanoma
61 samples in SP.Syn.Stomach-AdenoCA
51 samples in SP.Syn.Uterus-AdenoCA


===========================================


Begin running mSigHdp on data set 5k using seed 1076753...



===========================================


30 samples in SP.Syn.Biliary-AdenoCA
190 samples in SP.Syn.Breast-AdenoCA
83 samples in SP.Syn.CNS-Medullo
60 samples in SP.Syn.ColoRect-AdenoCA
96 samples in SP.Syn.Eso-AdenoCA
55 samples in SP.Syn.Head-SCC
142 samples in SP.Syn.Kidney-RCC
319 samples in SP.Syn.Liver-HCC
35 samples in SP.Syn.Lung-AdenoCA
106 samples in SP.Syn.Lymph-BNHL
60 samples in SP.Syn.Lymph-CLL
113 samples in SP.Syn.Ovary-AdenoCA
238 samples in SP.Syn.Panc-AdenoCA
49 samples in SP.Syn.Panc-Endocrine
226 samples in SP.Syn.Prost-AdenoCA
105 samples in SP.Syn.Skin-Melanoma
61 samples in SP.Syn.Stomach-AdenoCA
51 samples in SP.Syn.Uterus-AdenoCA
30 samples in SP.Syn.Biliary-AdenoCA
190 samples in SP.Syn.Breast-AdenoCA
83 samples in SP.Syn.CNS-Medullo
60 samples in SP.Syn.ColoRect-AdenoCA
96 samples in SP.Syn.Eso-AdenoCA
55 samples in SP.Syn.Head-SCC
142 samples in SP.Syn.Kidney-RCC
319 samples in SP.Syn.Liver-HCC
35 samples in SP.Syn.Lung-AdenoCA
106 samples in SP.Syn.Lymph-BNHL
60 samples in SP.Syn.Lymph-CLL
113 samples in SP.Syn.Ovary-AdenoCA
238 samples in SP.Syn.Panc-AdenoCA
49 samples in SP.Syn.Panc-Endocrine
226 samples in SP.Syn.Prost-AdenoCA
105 samples in SP.Syn.Skin-Melanoma
61 samples in SP.Syn.Stomach-AdenoCA
51 samples in SP.Syn.Uterus-AdenoCA
30 samples in SP.Syn.Biliary-AdenoCA
190 samples in SP.Syn.Breast-AdenoCA
83 samples in SP.Syn.CNS-Medullo
60 samples in SP.Syn.ColoRect-AdenoCA
96 samples in SP.Syn.Eso-AdenoCA
55 samples in SP.Syn.Head-SCC
142 samples in SP.Syn.Kidney-RCC
319 samples in SP.Syn.Liver-HCC
35 samples in SP.Syn.Lung-AdenoCA
106 samples in SP.Syn.Lymph-BNHL
60 samples in SP.Syn.Lymph-CLL
113 samples in SP.Syn.Ovary-AdenoCA
238 samples in SP.Syn.Panc-AdenoCA
49 samples in SP.Syn.Panc-Endocrine
226 samples in SP.Syn.Prost-AdenoCA
105 samples in SP.Syn.Skin-Melanoma
61 samples in SP.Syn.Stomach-AdenoCA
51 samples in SP.Syn.Uterus-AdenoCA
30 samples in SP.Syn.Biliary-AdenoCA
190 samples in SP.Syn.Breast-AdenoCA
83 samples in SP.Syn.CNS-Medullo
60 samples in SP.Syn.ColoRect-AdenoCA
96 samples in SP.Syn.Eso-AdenoCA
55 samples in SP.Syn.Head-SCC
142 samples in SP.Syn.Kidney-RCC
319 samples in SP.Syn.Liver-HCC
35 samples in SP.Syn.Lung-AdenoCA
106 samples in SP.Syn.Lymph-BNHL
60 samples in SP.Syn.Lymph-CLL
113 samples in SP.Syn.Ovary-AdenoCA
238 samples in SP.Syn.Panc-AdenoCA
49 samples in SP.Syn.Panc-Endocrine
226 samples in SP.Syn.Prost-AdenoCA
105 samples in SP.Syn.Skin-Melanoma
61 samples in SP.Syn.Stomach-AdenoCA
51 samples in SP.Syn.Uterus-AdenoCA
30 samples in SP.Syn.Biliary-AdenoCA
190 samples in SP.Syn.Breast-AdenoCA
83 samples in SP.Syn.CNS-Medullo
60 samples in SP.Syn.ColoRect-AdenoCA
96 samples in SP.Syn.Eso-AdenoCA
55 samples in SP.Syn.Head-SCC
142 samples in SP.Syn.Kidney-RCC
319 samples in SP.Syn.Liver-HCC
35 samples in SP.Syn.Lung-AdenoCA
106 samples in SP.Syn.Lymph-BNHL
60 samples in SP.Syn.Lymph-CLL
113 samples in SP.Syn.Ovary-AdenoCA
238 samples in SP.Syn.Panc-AdenoCA
49 samples in SP.Syn.Panc-Endocrine
226 samples in SP.Syn.Prost-AdenoCA
105 samples in SP.Syn.Skin-Melanoma
61 samples in SP.Syn.Stomach-AdenoCA
51 samples in SP.Syn.Uterus-AdenoCA
30 samples in SP.Syn.Biliary-AdenoCA
190 samples in SP.Syn.Breast-AdenoCA
83 samples in SP.Syn.CNS-Medullo
60 samples in SP.Syn.ColoRect-AdenoCA
96 samples in SP.Syn.Eso-AdenoCA
55 samples in SP.Syn.Head-SCC
142 samples in SP.Syn.Kidney-RCC
319 samples in SP.Syn.Liver-HCC
35 samples in SP.Syn.Lung-AdenoCA
106 samples in SP.Syn.Lymph-BNHL
60 samples in SP.Syn.Lymph-CLL
113 samples in SP.Syn.Ovary-AdenoCA
238 samples in SP.Syn.Panc-AdenoCA
49 samples in SP.Syn.Panc-Endocrine
226 samples in SP.Syn.Prost-AdenoCA
105 samples in SP.Syn.Skin-Melanoma
61 samples in SP.Syn.Stomach-AdenoCA
51 samples in SP.Syn.Uterus-AdenoCA
30 samples in SP.Syn.Biliary-AdenoCA
190 samples in SP.Syn.Breast-AdenoCA
83 samples in SP.Syn.CNS-Medullo
60 samples in SP.Syn.ColoRect-AdenoCA
96 samples in SP.Syn.Eso-AdenoCA
55 samples in SP.Syn.Head-SCC
142 samples in SP.Syn.Kidney-RCC
319 samples in SP.Syn.Liver-HCC
35 samples in SP.Syn.Lung-AdenoCA
106 samples in SP.Syn.Lymph-BNHL
60 samples in SP.Syn.Lymph-CLL
113 samples in SP.Syn.Ovary-AdenoCA
238 samples in SP.Syn.Panc-AdenoCA
49 samples in SP.Syn.Panc-Endocrine
226 samples in SP.Syn.Prost-AdenoCA
105 samples in SP.Syn.Skin-Melanoma
61 samples in SP.Syn.Stomach-AdenoCA
51 samples in SP.Syn.Uterus-AdenoCA
30 samples in SP.Syn.Biliary-AdenoCA
190 samples in SP.Syn.Breast-AdenoCA
83 samples in SP.Syn.CNS-Medullo
60 samples in SP.Syn.ColoRect-AdenoCA
96 samples in SP.Syn.Eso-AdenoCA
55 samples in SP.Syn.Head-SCC
142 samples in SP.Syn.Kidney-RCC
319 samples in SP.Syn.Liver-HCC
35 samples in SP.Syn.Lung-AdenoCA
106 samples in SP.Syn.Lymph-BNHL
60 samples in SP.Syn.Lymph-CLL
113 samples in SP.Syn.Ovary-AdenoCA
238 samples in SP.Syn.Panc-AdenoCA
49 samples in SP.Syn.Panc-Endocrine
226 samples in SP.Syn.Prost-AdenoCA
105 samples in SP.Syn.Skin-Melanoma
61 samples in SP.Syn.Stomach-AdenoCA
51 samples in SP.Syn.Uterus-AdenoCA
30 samples in SP.Syn.Biliary-AdenoCA
190 samples in SP.Syn.Breast-AdenoCA
83 samples in SP.Syn.CNS-Medullo
60 samples in SP.Syn.ColoRect-AdenoCA
96 samples in SP.Syn.Eso-AdenoCA
55 samples in SP.Syn.Head-SCC
142 samples in SP.Syn.Kidney-RCC
319 samples in SP.Syn.Liver-HCC
35 samples in SP.Syn.Lung-AdenoCA
106 samples in SP.Syn.Lymph-BNHL
60 samples in SP.Syn.Lymph-CLL
113 samples in SP.Syn.Ovary-AdenoCA
238 samples in SP.Syn.Panc-AdenoCA
49 samples in SP.Syn.Panc-Endocrine
226 samples in SP.Syn.Prost-AdenoCA
105 samples in SP.Syn.Skin-Melanoma
61 samples in SP.Syn.Stomach-AdenoCA
51 samples in SP.Syn.Uterus-AdenoCA
30 samples in SP.Syn.Biliary-AdenoCA
190 samples in SP.Syn.Breast-AdenoCA
83 samples in SP.Syn.CNS-Medullo
60 samples in SP.Syn.ColoRect-AdenoCA
96 samples in SP.Syn.Eso-AdenoCA
55 samples in SP.Syn.Head-SCC
142 samples in SP.Syn.Kidney-RCC
319 samples in SP.Syn.Liver-HCC
35 samples in SP.Syn.Lung-AdenoCA
106 samples in SP.Syn.Lymph-BNHL
60 samples in SP.Syn.Lymph-CLL
113 samples in SP.Syn.Ovary-AdenoCA
238 samples in SP.Syn.Panc-AdenoCA
49 samples in SP.Syn.Panc-Endocrine
226 samples in SP.Syn.Prost-AdenoCA
105 samples in SP.Syn.Skin-Melanoma
61 samples in SP.Syn.Stomach-AdenoCA
51 samples in SP.Syn.Uterus-AdenoCA
30 samples in SP.Syn.Biliary-AdenoCA
190 samples in SP.Syn.Breast-AdenoCA
83 samples in SP.Syn.CNS-Medullo
60 samples in SP.Syn.ColoRect-AdenoCA
96 samples in SP.Syn.Eso-AdenoCA
55 samples in SP.Syn.Head-SCC
142 samples in SP.Syn.Kidney-RCC
319 samples in SP.Syn.Liver-HCC
35 samples in SP.Syn.Lung-AdenoCA
106 samples in SP.Syn.Lymph-BNHL
60 samples in SP.Syn.Lymph-CLL
113 samples in SP.Syn.Ovary-AdenoCA
238 samples in SP.Syn.Panc-AdenoCA
49 samples in SP.Syn.Panc-Endocrine
226 samples in SP.Syn.Prost-AdenoCA
105 samples in SP.Syn.Skin-Melanoma
61 samples in SP.Syn.Stomach-AdenoCA
51 samples in SP.Syn.Uterus-AdenoCA
30 samples in SP.Syn.Biliary-AdenoCA
190 samples in SP.Syn.Breast-AdenoCA
83 samples in SP.Syn.CNS-Medullo
60 samples in SP.Syn.ColoRect-AdenoCA
96 samples in SP.Syn.Eso-AdenoCA
55 samples in SP.Syn.Head-SCC
142 samples in SP.Syn.Kidney-RCC
319 samples in SP.Syn.Liver-HCC
35 samples in SP.Syn.Lung-AdenoCA
106 samples in SP.Syn.Lymph-BNHL
60 samples in SP.Syn.Lymph-CLL
113 samples in SP.Syn.Ovary-AdenoCA
238 samples in SP.Syn.Panc-AdenoCA
49 samples in SP.Syn.Panc-Endocrine
226 samples in SP.Syn.Prost-AdenoCA
105 samples in SP.Syn.Skin-Melanoma
61 samples in SP.Syn.Stomach-AdenoCA
51 samples in SP.Syn.Uterus-AdenoCA
30 samples in SP.Syn.Biliary-AdenoCA
190 samples in SP.Syn.Breast-AdenoCA
83 samples in SP.Syn.CNS-Medullo
60 samples in SP.Syn.ColoRect-AdenoCA
96 samples in SP.Syn.Eso-AdenoCA
55 samples in SP.Syn.Head-SCC
142 samples in SP.Syn.Kidney-RCC
319 samples in SP.Syn.Liver-HCC
35 samples in SP.Syn.Lung-AdenoCA
106 samples in SP.Syn.Lymph-BNHL
60 samples in SP.Syn.Lymph-CLL
113 samples in SP.Syn.Ovary-AdenoCA
238 samples in SP.Syn.Panc-AdenoCA
49 samples in SP.Syn.Panc-Endocrine
226 samples in SP.Syn.Prost-AdenoCA
105 samples in SP.Syn.Skin-Melanoma
61 samples in SP.Syn.Stomach-AdenoCA
51 samples in SP.Syn.Uterus-AdenoCA
30 samples in SP.Syn.Biliary-AdenoCA
190 samples in SP.Syn.Breast-AdenoCA
83 samples in SP.Syn.CNS-Medullo
60 samples in SP.Syn.ColoRect-AdenoCA
96 samples in SP.Syn.Eso-AdenoCA
55 samples in SP.Syn.Head-SCC
142 samples in SP.Syn.Kidney-RCC
319 samples in SP.Syn.Liver-HCC
35 samples in SP.Syn.Lung-AdenoCA
106 samples in SP.Syn.Lymph-BNHL
60 samples in SP.Syn.Lymph-CLL
113 samples in SP.Syn.Ovary-AdenoCA
238 samples in SP.Syn.Panc-AdenoCA
49 samples in SP.Syn.Panc-Endocrine
226 samples in SP.Syn.Prost-AdenoCA
105 samples in SP.Syn.Skin-Melanoma
61 samples in SP.Syn.Stomach-AdenoCA
51 samples in SP.Syn.Uterus-AdenoCA
30 samples in SP.Syn.Biliary-AdenoCA
190 samples in SP.Syn.Breast-AdenoCA
83 samples in SP.Syn.CNS-Medullo
60 samples in SP.Syn.ColoRect-AdenoCA
96 samples in SP.Syn.Eso-AdenoCA
55 samples in SP.Syn.Head-SCC
142 samples in SP.Syn.Kidney-RCC
319 samples in SP.Syn.Liver-HCC
35 samples in SP.Syn.Lung-AdenoCA
106 samples in SP.Syn.Lymph-BNHL
60 samples in SP.Syn.Lymph-CLL
113 samples in SP.Syn.Ovary-AdenoCA
238 samples in SP.Syn.Panc-AdenoCA
49 samples in SP.Syn.Panc-Endocrine
226 samples in SP.Syn.Prost-AdenoCA
105 samples in SP.Syn.Skin-Melanoma
61 samples in SP.Syn.Stomach-AdenoCA
51 samples in SP.Syn.Uterus-AdenoCA
30 samples in SP.Syn.Biliary-AdenoCA
190 samples in SP.Syn.Breast-AdenoCA
83 samples in SP.Syn.CNS-Medullo
60 samples in SP.Syn.ColoRect-AdenoCA
96 samples in SP.Syn.Eso-AdenoCA
55 samples in SP.Syn.Head-SCC
142 samples in SP.Syn.Kidney-RCC
319 samples in SP.Syn.Liver-HCC
35 samples in SP.Syn.Lung-AdenoCA
106 samples in SP.Syn.Lymph-BNHL
60 samples in SP.Syn.Lymph-CLL
113 samples in SP.Syn.Ovary-AdenoCA
238 samples in SP.Syn.Panc-AdenoCA
49 samples in SP.Syn.Panc-Endocrine
226 samples in SP.Syn.Prost-AdenoCA
105 samples in SP.Syn.Skin-Melanoma
61 samples in SP.Syn.Stomach-AdenoCA
51 samples in SP.Syn.Uterus-AdenoCA
30 samples in SP.Syn.Biliary-AdenoCA
190 samples in SP.Syn.Breast-AdenoCA
83 samples in SP.Syn.CNS-Medullo
60 samples in SP.Syn.ColoRect-AdenoCA
96 samples in SP.Syn.Eso-AdenoCA
55 samples in SP.Syn.Head-SCC
142 samples in SP.Syn.Kidney-RCC
319 samples in SP.Syn.Liver-HCC
35 samples in SP.Syn.Lung-AdenoCA
106 samples in SP.Syn.Lymph-BNHL
60 samples in SP.Syn.Lymph-CLL
113 samples in SP.Syn.Ovary-AdenoCA
238 samples in SP.Syn.Panc-AdenoCA
49 samples in SP.Syn.Panc-Endocrine
226 samples in SP.Syn.Prost-AdenoCA
105 samples in SP.Syn.Skin-Melanoma
61 samples in SP.Syn.Stomach-AdenoCA
51 samples in SP.Syn.Uterus-AdenoCA
30 samples in SP.Syn.Biliary-AdenoCA
190 samples in SP.Syn.Breast-AdenoCA
83 samples in SP.Syn.CNS-Medullo
60 samples in SP.Syn.ColoRect-AdenoCA
96 samples in SP.Syn.Eso-AdenoCA
55 samples in SP.Syn.Head-SCC
142 samples in SP.Syn.Kidney-RCC
319 samples in SP.Syn.Liver-HCC
35 samples in SP.Syn.Lung-AdenoCA
106 samples in SP.Syn.Lymph-BNHL
60 samples in SP.Syn.Lymph-CLL
113 samples in SP.Syn.Ovary-AdenoCA
238 samples in SP.Syn.Panc-AdenoCA
49 samples in SP.Syn.Panc-Endocrine
226 samples in SP.Syn.Prost-AdenoCA
105 samples in SP.Syn.Skin-Melanoma
61 samples in SP.Syn.Stomach-AdenoCA
51 samples in SP.Syn.Uterus-AdenoCA
30 samples in SP.Syn.Biliary-AdenoCA
190 samples in SP.Syn.Breast-AdenoCA
83 samples in SP.Syn.CNS-Medullo
60 samples in SP.Syn.ColoRect-AdenoCA
96 samples in SP.Syn.Eso-AdenoCA
55 samples in SP.Syn.Head-SCC
142 samples in SP.Syn.Kidney-RCC
319 samples in SP.Syn.Liver-HCC
35 samples in SP.Syn.Lung-AdenoCA
106 samples in SP.Syn.Lymph-BNHL
60 samples in SP.Syn.Lymph-CLL
113 samples in SP.Syn.Ovary-AdenoCA
238 samples in SP.Syn.Panc-AdenoCA
49 samples in SP.Syn.Panc-Endocrine
226 samples in SP.Syn.Prost-AdenoCA
105 samples in SP.Syn.Skin-Melanoma
61 samples in SP.Syn.Stomach-AdenoCA
51 samples in SP.Syn.Uterus-AdenoCA
30 samples in SP.Syn.Biliary-AdenoCA
190 samples in SP.Syn.Breast-AdenoCA
83 samples in SP.Syn.CNS-Medullo
60 samples in SP.Syn.ColoRect-AdenoCA
96 samples in SP.Syn.Eso-AdenoCA
55 samples in SP.Syn.Head-SCC
142 samples in SP.Syn.Kidney-RCC
319 samples in SP.Syn.Liver-HCC
35 samples in SP.Syn.Lung-AdenoCA
106 samples in SP.Syn.Lymph-BNHL
60 samples in SP.Syn.Lymph-CLL
113 samples in SP.Syn.Ovary-AdenoCA
238 samples in SP.Syn.Panc-AdenoCA
49 samples in SP.Syn.Panc-Endocrine
226 samples in SP.Syn.Prost-AdenoCA
105 samples in SP.Syn.Skin-Melanoma
61 samples in SP.Syn.Stomach-AdenoCA
51 samples in SP.Syn.Uterus-AdenoCA


===========================================


Begin running mSigHdp on data set 10k using seed 1076753...



===========================================


30 samples in SP.Syn.Biliary-AdenoCA
190 samples in SP.Syn.Breast-AdenoCA
83 samples in SP.Syn.CNS-Medullo
60 samples in SP.Syn.ColoRect-AdenoCA
96 samples in SP.Syn.Eso-AdenoCA
55 samples in SP.Syn.Head-SCC
142 samples in SP.Syn.Kidney-RCC
319 samples in SP.Syn.Liver-HCC
35 samples in SP.Syn.Lung-AdenoCA
106 samples in SP.Syn.Lymph-BNHL
60 samples in SP.Syn.Lymph-CLL
113 samples in SP.Syn.Ovary-AdenoCA
238 samples in SP.Syn.Panc-AdenoCA
49 samples in SP.Syn.Panc-Endocrine
226 samples in SP.Syn.Prost-AdenoCA
105 samples in SP.Syn.Skin-Melanoma
61 samples in SP.Syn.Stomach-AdenoCA
51 samples in SP.Syn.Uterus-AdenoCA
30 samples in SP.Syn.Biliary-AdenoCA
190 samples in SP.Syn.Breast-AdenoCA
83 samples in SP.Syn.CNS-Medullo
60 samples in SP.Syn.ColoRect-AdenoCA
96 samples in SP.Syn.Eso-AdenoCA
55 samples in SP.Syn.Head-SCC
142 samples in SP.Syn.Kidney-RCC
319 samples in SP.Syn.Liver-HCC
35 samples in SP.Syn.Lung-AdenoCA
106 samples in SP.Syn.Lymph-BNHL
60 samples in SP.Syn.Lymph-CLL
113 samples in SP.Syn.Ovary-AdenoCA
238 samples in SP.Syn.Panc-AdenoCA
49 samples in SP.Syn.Panc-Endocrine
226 samples in SP.Syn.Prost-AdenoCA
105 samples in SP.Syn.Skin-Melanoma
61 samples in SP.Syn.Stomach-AdenoCA
51 samples in SP.Syn.Uterus-AdenoCA
30 samples in SP.Syn.Biliary-AdenoCA
190 samples in SP.Syn.Breast-AdenoCA
83 samples in SP.Syn.CNS-Medullo
60 samples in SP.Syn.ColoRect-AdenoCA
96 samples in SP.Syn.Eso-AdenoCA
55 samples in SP.Syn.Head-SCC
142 samples in SP.Syn.Kidney-RCC
319 samples in SP.Syn.Liver-HCC
35 samples in SP.Syn.Lung-AdenoCA
106 samples in SP.Syn.Lymph-BNHL
60 samples in SP.Syn.Lymph-CLL
113 samples in SP.Syn.Ovary-AdenoCA
238 samples in SP.Syn.Panc-AdenoCA
49 samples in SP.Syn.Panc-Endocrine
226 samples in SP.Syn.Prost-AdenoCA
105 samples in SP.Syn.Skin-Melanoma
61 samples in SP.Syn.Stomach-AdenoCA
51 samples in SP.Syn.Uterus-AdenoCA
30 samples in SP.Syn.Biliary-AdenoCA
190 samples in SP.Syn.Breast-AdenoCA
83 samples in SP.Syn.CNS-Medullo
60 samples in SP.Syn.ColoRect-AdenoCA
96 samples in SP.Syn.Eso-AdenoCA
55 samples in SP.Syn.Head-SCC
142 samples in SP.Syn.Kidney-RCC
319 samples in SP.Syn.Liver-HCC
35 samples in SP.Syn.Lung-AdenoCA
106 samples in SP.Syn.Lymph-BNHL
60 samples in SP.Syn.Lymph-CLL
113 samples in SP.Syn.Ovary-AdenoCA
238 samples in SP.Syn.Panc-AdenoCA
49 samples in SP.Syn.Panc-Endocrine
226 samples in SP.Syn.Prost-AdenoCA
105 samples in SP.Syn.Skin-Melanoma
61 samples in SP.Syn.Stomach-AdenoCA
51 samples in SP.Syn.Uterus-AdenoCA
30 samples in SP.Syn.Biliary-AdenoCA
190 samples in SP.Syn.Breast-AdenoCA
83 samples in SP.Syn.CNS-Medullo
60 samples in SP.Syn.ColoRect-AdenoCA
96 samples in SP.Syn.Eso-AdenoCA
55 samples in SP.Syn.Head-SCC
142 samples in SP.Syn.Kidney-RCC
319 samples in SP.Syn.Liver-HCC
35 samples in SP.Syn.Lung-AdenoCA
106 samples in SP.Syn.Lymph-BNHL
60 samples in SP.Syn.Lymph-CLL
113 samples in SP.Syn.Ovary-AdenoCA
238 samples in SP.Syn.Panc-AdenoCA
49 samples in SP.Syn.Panc-Endocrine
226 samples in SP.Syn.Prost-AdenoCA
105 samples in SP.Syn.Skin-Melanoma
61 samples in SP.Syn.Stomach-AdenoCA
51 samples in SP.Syn.Uterus-AdenoCA
30 samples in SP.Syn.Biliary-AdenoCA
190 samples in SP.Syn.Breast-AdenoCA
83 samples in SP.Syn.CNS-Medullo
60 samples in SP.Syn.ColoRect-AdenoCA
96 samples in SP.Syn.Eso-AdenoCA
55 samples in SP.Syn.Head-SCC
142 samples in SP.Syn.Kidney-RCC
319 samples in SP.Syn.Liver-HCC
35 samples in SP.Syn.Lung-AdenoCA
106 samples in SP.Syn.Lymph-BNHL
60 samples in SP.Syn.Lymph-CLL
113 samples in SP.Syn.Ovary-AdenoCA
238 samples in SP.Syn.Panc-AdenoCA
49 samples in SP.Syn.Panc-Endocrine
226 samples in SP.Syn.Prost-AdenoCA
105 samples in SP.Syn.Skin-Melanoma
61 samples in SP.Syn.Stomach-AdenoCA
51 samples in SP.Syn.Uterus-AdenoCA
30 samples in SP.Syn.Biliary-AdenoCA
190 samples in SP.Syn.Breast-AdenoCA
83 samples in SP.Syn.CNS-Medullo
60 samples in SP.Syn.ColoRect-AdenoCA
96 samples in SP.Syn.Eso-AdenoCA
55 samples in SP.Syn.Head-SCC
142 samples in SP.Syn.Kidney-RCC
319 samples in SP.Syn.Liver-HCC
35 samples in SP.Syn.Lung-AdenoCA
106 samples in SP.Syn.Lymph-BNHL
60 samples in SP.Syn.Lymph-CLL
113 samples in SP.Syn.Ovary-AdenoCA
238 samples in SP.Syn.Panc-AdenoCA
49 samples in SP.Syn.Panc-Endocrine
226 samples in SP.Syn.Prost-AdenoCA
105 samples in SP.Syn.Skin-Melanoma
61 samples in SP.Syn.Stomach-AdenoCA
51 samples in SP.Syn.Uterus-AdenoCA
30 samples in SP.Syn.Biliary-AdenoCA
190 samples in SP.Syn.Breast-AdenoCA
83 samples in SP.Syn.CNS-Medullo
60 samples in SP.Syn.ColoRect-AdenoCA
96 samples in SP.Syn.Eso-AdenoCA
55 samples in SP.Syn.Head-SCC
142 samples in SP.Syn.Kidney-RCC
319 samples in SP.Syn.Liver-HCC
35 samples in SP.Syn.Lung-AdenoCA
106 samples in SP.Syn.Lymph-BNHL
60 samples in SP.Syn.Lymph-CLL
113 samples in SP.Syn.Ovary-AdenoCA
238 samples in SP.Syn.Panc-AdenoCA
49 samples in SP.Syn.Panc-Endocrine
226 samples in SP.Syn.Prost-AdenoCA
105 samples in SP.Syn.Skin-Melanoma
61 samples in SP.Syn.Stomach-AdenoCA
51 samples in SP.Syn.Uterus-AdenoCA
30 samples in SP.Syn.Biliary-AdenoCA
190 samples in SP.Syn.Breast-AdenoCA
83 samples in SP.Syn.CNS-Medullo
60 samples in SP.Syn.ColoRect-AdenoCA
96 samples in SP.Syn.Eso-AdenoCA
55 samples in SP.Syn.Head-SCC
142 samples in SP.Syn.Kidney-RCC
319 samples in SP.Syn.Liver-HCC
35 samples in SP.Syn.Lung-AdenoCA
106 samples in SP.Syn.Lymph-BNHL
60 samples in SP.Syn.Lymph-CLL
113 samples in SP.Syn.Ovary-AdenoCA
238 samples in SP.Syn.Panc-AdenoCA
49 samples in SP.Syn.Panc-Endocrine
226 samples in SP.Syn.Prost-AdenoCA
105 samples in SP.Syn.Skin-Melanoma
61 samples in SP.Syn.Stomach-AdenoCA
51 samples in SP.Syn.Uterus-AdenoCA
30 samples in SP.Syn.Biliary-AdenoCA
190 samples in SP.Syn.Breast-AdenoCA
83 samples in SP.Syn.CNS-Medullo
60 samples in SP.Syn.ColoRect-AdenoCA
96 samples in SP.Syn.Eso-AdenoCA
55 samples in SP.Syn.Head-SCC
142 samples in SP.Syn.Kidney-RCC
319 samples in SP.Syn.Liver-HCC
35 samples in SP.Syn.Lung-AdenoCA
106 samples in SP.Syn.Lymph-BNHL
60 samples in SP.Syn.Lymph-CLL
113 samples in SP.Syn.Ovary-AdenoCA
238 samples in SP.Syn.Panc-AdenoCA
49 samples in SP.Syn.Panc-Endocrine
226 samples in SP.Syn.Prost-AdenoCA
105 samples in SP.Syn.Skin-Melanoma
61 samples in SP.Syn.Stomach-AdenoCA
51 samples in SP.Syn.Uterus-AdenoCA
30 samples in SP.Syn.Biliary-AdenoCA
190 samples in SP.Syn.Breast-AdenoCA
83 samples in SP.Syn.CNS-Medullo
60 samples in SP.Syn.ColoRect-AdenoCA
96 samples in SP.Syn.Eso-AdenoCA
55 samples in SP.Syn.Head-SCC
142 samples in SP.Syn.Kidney-RCC
319 samples in SP.Syn.Liver-HCC
35 samples in SP.Syn.Lung-AdenoCA
106 samples in SP.Syn.Lymph-BNHL
60 samples in SP.Syn.Lymph-CLL
113 samples in SP.Syn.Ovary-AdenoCA
238 samples in SP.Syn.Panc-AdenoCA
49 samples in SP.Syn.Panc-Endocrine
226 samples in SP.Syn.Prost-AdenoCA
105 samples in SP.Syn.Skin-Melanoma
61 samples in SP.Syn.Stomach-AdenoCA
51 samples in SP.Syn.Uterus-AdenoCA
30 samples in SP.Syn.Biliary-AdenoCA
190 samples in SP.Syn.Breast-AdenoCA
83 samples in SP.Syn.CNS-Medullo
60 samples in SP.Syn.ColoRect-AdenoCA
96 samples in SP.Syn.Eso-AdenoCA
55 samples in SP.Syn.Head-SCC
142 samples in SP.Syn.Kidney-RCC
319 samples in SP.Syn.Liver-HCC
35 samples in SP.Syn.Lung-AdenoCA
106 samples in SP.Syn.Lymph-BNHL
60 samples in SP.Syn.Lymph-CLL
113 samples in SP.Syn.Ovary-AdenoCA
238 samples in SP.Syn.Panc-AdenoCA
49 samples in SP.Syn.Panc-Endocrine
226 samples in SP.Syn.Prost-AdenoCA
105 samples in SP.Syn.Skin-Melanoma
61 samples in SP.Syn.Stomach-AdenoCA
51 samples in SP.Syn.Uterus-AdenoCA
30 samples in SP.Syn.Biliary-AdenoCA
190 samples in SP.Syn.Breast-AdenoCA
83 samples in SP.Syn.CNS-Medullo
60 samples in SP.Syn.ColoRect-AdenoCA
96 samples in SP.Syn.Eso-AdenoCA
55 samples in SP.Syn.Head-SCC
142 samples in SP.Syn.Kidney-RCC
319 samples in SP.Syn.Liver-HCC
35 samples in SP.Syn.Lung-AdenoCA
106 samples in SP.Syn.Lymph-BNHL
60 samples in SP.Syn.Lymph-CLL
113 samples in SP.Syn.Ovary-AdenoCA
238 samples in SP.Syn.Panc-AdenoCA
49 samples in SP.Syn.Panc-Endocrine
226 samples in SP.Syn.Prost-AdenoCA
105 samples in SP.Syn.Skin-Melanoma
61 samples in SP.Syn.Stomach-AdenoCA
51 samples in SP.Syn.Uterus-AdenoCA
30 samples in SP.Syn.Biliary-AdenoCA
190 samples in SP.Syn.Breast-AdenoCA
83 samples in SP.Syn.CNS-Medullo
60 samples in SP.Syn.ColoRect-AdenoCA
96 samples in SP.Syn.Eso-AdenoCA
55 samples in SP.Syn.Head-SCC
142 samples in SP.Syn.Kidney-RCC
319 samples in SP.Syn.Liver-HCC
35 samples in SP.Syn.Lung-AdenoCA
106 samples in SP.Syn.Lymph-BNHL
60 samples in SP.Syn.Lymph-CLL
113 samples in SP.Syn.Ovary-AdenoCA
238 samples in SP.Syn.Panc-AdenoCA
49 samples in SP.Syn.Panc-Endocrine
226 samples in SP.Syn.Prost-AdenoCA
105 samples in SP.Syn.Skin-Melanoma
61 samples in SP.Syn.Stomach-AdenoCA
51 samples in SP.Syn.Uterus-AdenoCA
30 samples in SP.Syn.Biliary-AdenoCA
190 samples in SP.Syn.Breast-AdenoCA
83 samples in SP.Syn.CNS-Medullo
60 samples in SP.Syn.ColoRect-AdenoCA
96 samples in SP.Syn.Eso-AdenoCA
55 samples in SP.Syn.Head-SCC
142 samples in SP.Syn.Kidney-RCC
319 samples in SP.Syn.Liver-HCC
35 samples in SP.Syn.Lung-AdenoCA
106 samples in SP.Syn.Lymph-BNHL
60 samples in SP.Syn.Lymph-CLL
113 samples in SP.Syn.Ovary-AdenoCA
238 samples in SP.Syn.Panc-AdenoCA
49 samples in SP.Syn.Panc-Endocrine
226 samples in SP.Syn.Prost-AdenoCA
105 samples in SP.Syn.Skin-Melanoma
61 samples in SP.Syn.Stomach-AdenoCA
51 samples in SP.Syn.Uterus-AdenoCA
30 samples in SP.Syn.Biliary-AdenoCA
190 samples in SP.Syn.Breast-AdenoCA
83 samples in SP.Syn.CNS-Medullo
60 samples in SP.Syn.ColoRect-AdenoCA
96 samples in SP.Syn.Eso-AdenoCA
55 samples in SP.Syn.Head-SCC
142 samples in SP.Syn.Kidney-RCC
319 samples in SP.Syn.Liver-HCC
35 samples in SP.Syn.Lung-AdenoCA
106 samples in SP.Syn.Lymph-BNHL
60 samples in SP.Syn.Lymph-CLL
113 samples in SP.Syn.Ovary-AdenoCA
238 samples in SP.Syn.Panc-AdenoCA
49 samples in SP.Syn.Panc-Endocrine
226 samples in SP.Syn.Prost-AdenoCA
105 samples in SP.Syn.Skin-Melanoma
61 samples in SP.Syn.Stomach-AdenoCA
51 samples in SP.Syn.Uterus-AdenoCA
30 samples in SP.Syn.Biliary-AdenoCA
190 samples in SP.Syn.Breast-AdenoCA
83 samples in SP.Syn.CNS-Medullo
60 samples in SP.Syn.ColoRect-AdenoCA
96 samples in SP.Syn.Eso-AdenoCA
55 samples in SP.Syn.Head-SCC
142 samples in SP.Syn.Kidney-RCC
319 samples in SP.Syn.Liver-HCC
35 samples in SP.Syn.Lung-AdenoCA
106 samples in SP.Syn.Lymph-BNHL
60 samples in SP.Syn.Lymph-CLL
113 samples in SP.Syn.Ovary-AdenoCA
238 samples in SP.Syn.Panc-AdenoCA
49 samples in SP.Syn.Panc-Endocrine
226 samples in SP.Syn.Prost-AdenoCA
105 samples in SP.Syn.Skin-Melanoma
61 samples in SP.Syn.Stomach-AdenoCA
51 samples in SP.Syn.Uterus-AdenoCA
30 samples in SP.Syn.Biliary-AdenoCA
190 samples in SP.Syn.Breast-AdenoCA
83 samples in SP.Syn.CNS-Medullo
60 samples in SP.Syn.ColoRect-AdenoCA
96 samples in SP.Syn.Eso-AdenoCA
55 samples in SP.Syn.Head-SCC
142 samples in SP.Syn.Kidney-RCC
319 samples in SP.Syn.Liver-HCC
35 samples in SP.Syn.Lung-AdenoCA
106 samples in SP.Syn.Lymph-BNHL
60 samples in SP.Syn.Lymph-CLL
113 samples in SP.Syn.Ovary-AdenoCA
238 samples in SP.Syn.Panc-AdenoCA
49 samples in SP.Syn.Panc-Endocrine
226 samples in SP.Syn.Prost-AdenoCA
105 samples in SP.Syn.Skin-Melanoma
61 samples in SP.Syn.Stomach-AdenoCA
51 samples in SP.Syn.Uterus-AdenoCA
30 samples in SP.Syn.Biliary-AdenoCA
190 samples in SP.Syn.Breast-AdenoCA
83 samples in SP.Syn.CNS-Medullo
60 samples in SP.Syn.ColoRect-AdenoCA
96 samples in SP.Syn.Eso-AdenoCA
55 samples in SP.Syn.Head-SCC
142 samples in SP.Syn.Kidney-RCC
319 samples in SP.Syn.Liver-HCC
35 samples in SP.Syn.Lung-AdenoCA
106 samples in SP.Syn.Lymph-BNHL
60 samples in SP.Syn.Lymph-CLL
113 samples in SP.Syn.Ovary-AdenoCA
238 samples in SP.Syn.Panc-AdenoCA
49 samples in SP.Syn.Panc-Endocrine
226 samples in SP.Syn.Prost-AdenoCA
105 samples in SP.Syn.Skin-Melanoma
61 samples in SP.Syn.Stomach-AdenoCA
51 samples in SP.Syn.Uterus-AdenoCA
30 samples in SP.Syn.Biliary-AdenoCA
190 samples in SP.Syn.Breast-AdenoCA
83 samples in SP.Syn.CNS-Medullo
60 samples in SP.Syn.ColoRect-AdenoCA
96 samples in SP.Syn.Eso-AdenoCA
55 samples in SP.Syn.Head-SCC
142 samples in SP.Syn.Kidney-RCC
319 samples in SP.Syn.Liver-HCC
35 samples in SP.Syn.Lung-AdenoCA
106 samples in SP.Syn.Lymph-BNHL
60 samples in SP.Syn.Lymph-CLL
113 samples in SP.Syn.Ovary-AdenoCA
238 samples in SP.Syn.Panc-AdenoCA
49 samples in SP.Syn.Panc-Endocrine
226 samples in SP.Syn.Prost-AdenoCA
105 samples in SP.Syn.Skin-Melanoma
61 samples in SP.Syn.Stomach-AdenoCA
51 samples in SP.Syn.Uterus-AdenoCA


===========================================


Begin running mSigHdp on data set non_hyper using seed 1076753...



===========================================


29 samples in SP.Syn.Biliary-AdenoCA
190 samples in SP.Syn.Breast-AdenoCA
83 samples in SP.Syn.CNS-Medullo
45 samples in SP.Syn.ColoRect-AdenoCA
96 samples in SP.Syn.Eso-AdenoCA
55 samples in SP.Syn.Head-SCC
141 samples in SP.Syn.Kidney-RCC
317 samples in SP.Syn.Liver-HCC
35 samples in SP.Syn.Lung-AdenoCA
106 samples in SP.Syn.Lymph-BNHL
60 samples in SP.Syn.Lymph-CLL
112 samples in SP.Syn.Ovary-AdenoCA
235 samples in SP.Syn.Panc-AdenoCA
49 samples in SP.Syn.Panc-Endocrine
226 samples in SP.Syn.Prost-AdenoCA
104 samples in SP.Syn.Skin-Melanoma
55 samples in SP.Syn.Stomach-AdenoCA
39 samples in SP.Syn.Uterus-AdenoCA
29 samples in SP.Syn.Biliary-AdenoCA
190 samples in SP.Syn.Breast-AdenoCA
83 samples in SP.Syn.CNS-Medullo
45 samples in SP.Syn.ColoRect-AdenoCA
96 samples in SP.Syn.Eso-AdenoCA
55 samples in SP.Syn.Head-SCC
141 samples in SP.Syn.Kidney-RCC
317 samples in SP.Syn.Liver-HCC
35 samples in SP.Syn.Lung-AdenoCA
106 samples in SP.Syn.Lymph-BNHL
60 samples in SP.Syn.Lymph-CLL
112 samples in SP.Syn.Ovary-AdenoCA
235 samples in SP.Syn.Panc-AdenoCA
49 samples in SP.Syn.Panc-Endocrine
226 samples in SP.Syn.Prost-AdenoCA
104 samples in SP.Syn.Skin-Melanoma
55 samples in SP.Syn.Stomach-AdenoCA
39 samples in SP.Syn.Uterus-AdenoCA
29 samples in SP.Syn.Biliary-AdenoCA
190 samples in SP.Syn.Breast-AdenoCA
83 samples in SP.Syn.CNS-Medullo
45 samples in SP.Syn.ColoRect-AdenoCA
96 samples in SP.Syn.Eso-AdenoCA
55 samples in SP.Syn.Head-SCC
141 samples in SP.Syn.Kidney-RCC
317 samples in SP.Syn.Liver-HCC
35 samples in SP.Syn.Lung-AdenoCA
106 samples in SP.Syn.Lymph-BNHL
60 samples in SP.Syn.Lymph-CLL
112 samples in SP.Syn.Ovary-AdenoCA
235 samples in SP.Syn.Panc-AdenoCA
49 samples in SP.Syn.Panc-Endocrine
226 samples in SP.Syn.Prost-AdenoCA
104 samples in SP.Syn.Skin-Melanoma
55 samples in SP.Syn.Stomach-AdenoCA
39 samples in SP.Syn.Uterus-AdenoCA
29 samples in SP.Syn.Biliary-AdenoCA
190 samples in SP.Syn.Breast-AdenoCA
83 samples in SP.Syn.CNS-Medullo
45 samples in SP.Syn.ColoRect-AdenoCA
96 samples in SP.Syn.Eso-AdenoCA
55 samples in SP.Syn.Head-SCC
141 samples in SP.Syn.Kidney-RCC
317 samples in SP.Syn.Liver-HCC
35 samples in SP.Syn.Lung-AdenoCA
106 samples in SP.Syn.Lymph-BNHL
60 samples in SP.Syn.Lymph-CLL
112 samples in SP.Syn.Ovary-AdenoCA
235 samples in SP.Syn.Panc-AdenoCA
49 samples in SP.Syn.Panc-Endocrine
226 samples in SP.Syn.Prost-AdenoCA
104 samples in SP.Syn.Skin-Melanoma
55 samples in SP.Syn.Stomach-AdenoCA
39 samples in SP.Syn.Uterus-AdenoCA
29 samples in SP.Syn.Biliary-AdenoCA
190 samples in SP.Syn.Breast-AdenoCA
83 samples in SP.Syn.CNS-Medullo
45 samples in SP.Syn.ColoRect-AdenoCA
96 samples in SP.Syn.Eso-AdenoCA
55 samples in SP.Syn.Head-SCC
141 samples in SP.Syn.Kidney-RCC
317 samples in SP.Syn.Liver-HCC
35 samples in SP.Syn.Lung-AdenoCA
106 samples in SP.Syn.Lymph-BNHL
60 samples in SP.Syn.Lymph-CLL
112 samples in SP.Syn.Ovary-AdenoCA
235 samples in SP.Syn.Panc-AdenoCA
49 samples in SP.Syn.Panc-Endocrine
226 samples in SP.Syn.Prost-AdenoCA
104 samples in SP.Syn.Skin-Melanoma
55 samples in SP.Syn.Stomach-AdenoCA
39 samples in SP.Syn.Uterus-AdenoCA
29 samples in SP.Syn.Biliary-AdenoCA
190 samples in SP.Syn.Breast-AdenoCA
83 samples in SP.Syn.CNS-Medullo
45 samples in SP.Syn.ColoRect-AdenoCA
96 samples in SP.Syn.Eso-AdenoCA
55 samples in SP.Syn.Head-SCC
141 samples in SP.Syn.Kidney-RCC
317 samples in SP.Syn.Liver-HCC
35 samples in SP.Syn.Lung-AdenoCA
106 samples in SP.Syn.Lymph-BNHL
60 samples in SP.Syn.Lymph-CLL
112 samples in SP.Syn.Ovary-AdenoCA
235 samples in SP.Syn.Panc-AdenoCA
49 samples in SP.Syn.Panc-Endocrine
226 samples in SP.Syn.Prost-AdenoCA
104 samples in SP.Syn.Skin-Melanoma
55 samples in SP.Syn.Stomach-AdenoCA
39 samples in SP.Syn.Uterus-AdenoCA
29 samples in SP.Syn.Biliary-AdenoCA
190 samples in SP.Syn.Breast-AdenoCA
83 samples in SP.Syn.CNS-Medullo
45 samples in SP.Syn.ColoRect-AdenoCA
96 samples in SP.Syn.Eso-AdenoCA
55 samples in SP.Syn.Head-SCC
141 samples in SP.Syn.Kidney-RCC
317 samples in SP.Syn.Liver-HCC
35 samples in SP.Syn.Lung-AdenoCA
106 samples in SP.Syn.Lymph-BNHL
60 samples in SP.Syn.Lymph-CLL
112 samples in SP.Syn.Ovary-AdenoCA
235 samples in SP.Syn.Panc-AdenoCA
49 samples in SP.Syn.Panc-Endocrine
226 samples in SP.Syn.Prost-AdenoCA
104 samples in SP.Syn.Skin-Melanoma
55 samples in SP.Syn.Stomach-AdenoCA
39 samples in SP.Syn.Uterus-AdenoCA
29 samples in SP.Syn.Biliary-AdenoCA
190 samples in SP.Syn.Breast-AdenoCA
83 samples in SP.Syn.CNS-Medullo
45 samples in SP.Syn.ColoRect-AdenoCA
96 samples in SP.Syn.Eso-AdenoCA
55 samples in SP.Syn.Head-SCC
141 samples in SP.Syn.Kidney-RCC
317 samples in SP.Syn.Liver-HCC
35 samples in SP.Syn.Lung-AdenoCA
106 samples in SP.Syn.Lymph-BNHL
60 samples in SP.Syn.Lymph-CLL
112 samples in SP.Syn.Ovary-AdenoCA
235 samples in SP.Syn.Panc-AdenoCA
49 samples in SP.Syn.Panc-Endocrine
226 samples in SP.Syn.Prost-AdenoCA
104 samples in SP.Syn.Skin-Melanoma
55 samples in SP.Syn.Stomach-AdenoCA
39 samples in SP.Syn.Uterus-AdenoCA
29 samples in SP.Syn.Biliary-AdenoCA
190 samples in SP.Syn.Breast-AdenoCA
83 samples in SP.Syn.CNS-Medullo
45 samples in SP.Syn.ColoRect-AdenoCA
96 samples in SP.Syn.Eso-AdenoCA
55 samples in SP.Syn.Head-SCC
141 samples in SP.Syn.Kidney-RCC
317 samples in SP.Syn.Liver-HCC
35 samples in SP.Syn.Lung-AdenoCA
106 samples in SP.Syn.Lymph-BNHL
60 samples in SP.Syn.Lymph-CLL
112 samples in SP.Syn.Ovary-AdenoCA
235 samples in SP.Syn.Panc-AdenoCA
49 samples in SP.Syn.Panc-Endocrine
226 samples in SP.Syn.Prost-AdenoCA
104 samples in SP.Syn.Skin-Melanoma
55 samples in SP.Syn.Stomach-AdenoCA
39 samples in SP.Syn.Uterus-AdenoCA
29 samples in SP.Syn.Biliary-AdenoCA
190 samples in SP.Syn.Breast-AdenoCA
83 samples in SP.Syn.CNS-Medullo
45 samples in SP.Syn.ColoRect-AdenoCA
96 samples in SP.Syn.Eso-AdenoCA
55 samples in SP.Syn.Head-SCC
141 samples in SP.Syn.Kidney-RCC
317 samples in SP.Syn.Liver-HCC
35 samples in SP.Syn.Lung-AdenoCA
106 samples in SP.Syn.Lymph-BNHL
60 samples in SP.Syn.Lymph-CLL
112 samples in SP.Syn.Ovary-AdenoCA
235 samples in SP.Syn.Panc-AdenoCA
49 samples in SP.Syn.Panc-Endocrine
226 samples in SP.Syn.Prost-AdenoCA
104 samples in SP.Syn.Skin-Melanoma
55 samples in SP.Syn.Stomach-AdenoCA
39 samples in SP.Syn.Uterus-AdenoCA
29 samples in SP.Syn.Biliary-AdenoCA
190 samples in SP.Syn.Breast-AdenoCA
83 samples in SP.Syn.CNS-Medullo
45 samples in SP.Syn.ColoRect-AdenoCA
96 samples in SP.Syn.Eso-AdenoCA
55 samples in SP.Syn.Head-SCC
141 samples in SP.Syn.Kidney-RCC
317 samples in SP.Syn.Liver-HCC
35 samples in SP.Syn.Lung-AdenoCA
106 samples in SP.Syn.Lymph-BNHL
60 samples in SP.Syn.Lymph-CLL
112 samples in SP.Syn.Ovary-AdenoCA
235 samples in SP.Syn.Panc-AdenoCA
49 samples in SP.Syn.Panc-Endocrine
226 samples in SP.Syn.Prost-AdenoCA
104 samples in SP.Syn.Skin-Melanoma
55 samples in SP.Syn.Stomach-AdenoCA
39 samples in SP.Syn.Uterus-AdenoCA
29 samples in SP.Syn.Biliary-AdenoCA
190 samples in SP.Syn.Breast-AdenoCA
83 samples in SP.Syn.CNS-Medullo
45 samples in SP.Syn.ColoRect-AdenoCA
96 samples in SP.Syn.Eso-AdenoCA
55 samples in SP.Syn.Head-SCC
141 samples in SP.Syn.Kidney-RCC
317 samples in SP.Syn.Liver-HCC
35 samples in SP.Syn.Lung-AdenoCA
106 samples in SP.Syn.Lymph-BNHL
60 samples in SP.Syn.Lymph-CLL
112 samples in SP.Syn.Ovary-AdenoCA
235 samples in SP.Syn.Panc-AdenoCA
49 samples in SP.Syn.Panc-Endocrine
226 samples in SP.Syn.Prost-AdenoCA
104 samples in SP.Syn.Skin-Melanoma
55 samples in SP.Syn.Stomach-AdenoCA
39 samples in SP.Syn.Uterus-AdenoCA
29 samples in SP.Syn.Biliary-AdenoCA
190 samples in SP.Syn.Breast-AdenoCA
83 samples in SP.Syn.CNS-Medullo
45 samples in SP.Syn.ColoRect-AdenoCA
96 samples in SP.Syn.Eso-AdenoCA
55 samples in SP.Syn.Head-SCC
141 samples in SP.Syn.Kidney-RCC
317 samples in SP.Syn.Liver-HCC
35 samples in SP.Syn.Lung-AdenoCA
106 samples in SP.Syn.Lymph-BNHL
60 samples in SP.Syn.Lymph-CLL
112 samples in SP.Syn.Ovary-AdenoCA
235 samples in SP.Syn.Panc-AdenoCA
49 samples in SP.Syn.Panc-Endocrine
226 samples in SP.Syn.Prost-AdenoCA
104 samples in SP.Syn.Skin-Melanoma
55 samples in SP.Syn.Stomach-AdenoCA
39 samples in SP.Syn.Uterus-AdenoCA
29 samples in SP.Syn.Biliary-AdenoCA
190 samples in SP.Syn.Breast-AdenoCA
83 samples in SP.Syn.CNS-Medullo
45 samples in SP.Syn.ColoRect-AdenoCA
96 samples in SP.Syn.Eso-AdenoCA
55 samples in SP.Syn.Head-SCC
141 samples in SP.Syn.Kidney-RCC
317 samples in SP.Syn.Liver-HCC
35 samples in SP.Syn.Lung-AdenoCA
106 samples in SP.Syn.Lymph-BNHL
60 samples in SP.Syn.Lymph-CLL
112 samples in SP.Syn.Ovary-AdenoCA
235 samples in SP.Syn.Panc-AdenoCA
49 samples in SP.Syn.Panc-Endocrine
226 samples in SP.Syn.Prost-AdenoCA
104 samples in SP.Syn.Skin-Melanoma
55 samples in SP.Syn.Stomach-AdenoCA
39 samples in SP.Syn.Uterus-AdenoCA
29 samples in SP.Syn.Biliary-AdenoCA
190 samples in SP.Syn.Breast-AdenoCA
83 samples in SP.Syn.CNS-Medullo
45 samples in SP.Syn.ColoRect-AdenoCA
96 samples in SP.Syn.Eso-AdenoCA
55 samples in SP.Syn.Head-SCC
141 samples in SP.Syn.Kidney-RCC
317 samples in SP.Syn.Liver-HCC
35 samples in SP.Syn.Lung-AdenoCA
106 samples in SP.Syn.Lymph-BNHL
60 samples in SP.Syn.Lymph-CLL
112 samples in SP.Syn.Ovary-AdenoCA
235 samples in SP.Syn.Panc-AdenoCA
49 samples in SP.Syn.Panc-Endocrine
226 samples in SP.Syn.Prost-AdenoCA
104 samples in SP.Syn.Skin-Melanoma
55 samples in SP.Syn.Stomach-AdenoCA
39 samples in SP.Syn.Uterus-AdenoCA
29 samples in SP.Syn.Biliary-AdenoCA
190 samples in SP.Syn.Breast-AdenoCA
83 samples in SP.Syn.CNS-Medullo
45 samples in SP.Syn.ColoRect-AdenoCA
96 samples in SP.Syn.Eso-AdenoCA
55 samples in SP.Syn.Head-SCC
141 samples in SP.Syn.Kidney-RCC
317 samples in SP.Syn.Liver-HCC
35 samples in SP.Syn.Lung-AdenoCA
106 samples in SP.Syn.Lymph-BNHL
60 samples in SP.Syn.Lymph-CLL
112 samples in SP.Syn.Ovary-AdenoCA
235 samples in SP.Syn.Panc-AdenoCA
49 samples in SP.Syn.Panc-Endocrine
226 samples in SP.Syn.Prost-AdenoCA
104 samples in SP.Syn.Skin-Melanoma
55 samples in SP.Syn.Stomach-AdenoCA
39 samples in SP.Syn.Uterus-AdenoCA
29 samples in SP.Syn.Biliary-AdenoCA
190 samples in SP.Syn.Breast-AdenoCA
83 samples in SP.Syn.CNS-Medullo
45 samples in SP.Syn.ColoRect-AdenoCA
96 samples in SP.Syn.Eso-AdenoCA
55 samples in SP.Syn.Head-SCC
141 samples in SP.Syn.Kidney-RCC
317 samples in SP.Syn.Liver-HCC
35 samples in SP.Syn.Lung-AdenoCA
106 samples in SP.Syn.Lymph-BNHL
60 samples in SP.Syn.Lymph-CLL
112 samples in SP.Syn.Ovary-AdenoCA
235 samples in SP.Syn.Panc-AdenoCA
49 samples in SP.Syn.Panc-Endocrine
226 samples in SP.Syn.Prost-AdenoCA
104 samples in SP.Syn.Skin-Melanoma
55 samples in SP.Syn.Stomach-AdenoCA
39 samples in SP.Syn.Uterus-AdenoCA
29 samples in SP.Syn.Biliary-AdenoCA
190 samples in SP.Syn.Breast-AdenoCA
83 samples in SP.Syn.CNS-Medullo
45 samples in SP.Syn.ColoRect-AdenoCA
96 samples in SP.Syn.Eso-AdenoCA
55 samples in SP.Syn.Head-SCC
141 samples in SP.Syn.Kidney-RCC
317 samples in SP.Syn.Liver-HCC
35 samples in SP.Syn.Lung-AdenoCA
106 samples in SP.Syn.Lymph-BNHL
60 samples in SP.Syn.Lymph-CLL
112 samples in SP.Syn.Ovary-AdenoCA
235 samples in SP.Syn.Panc-AdenoCA
49 samples in SP.Syn.Panc-Endocrine
226 samples in SP.Syn.Prost-AdenoCA
104 samples in SP.Syn.Skin-Melanoma
55 samples in SP.Syn.Stomach-AdenoCA
39 samples in SP.Syn.Uterus-AdenoCA
29 samples in SP.Syn.Biliary-AdenoCA
190 samples in SP.Syn.Breast-AdenoCA
83 samples in SP.Syn.CNS-Medullo
45 samples in SP.Syn.ColoRect-AdenoCA
96 samples in SP.Syn.Eso-AdenoCA
55 samples in SP.Syn.Head-SCC
141 samples in SP.Syn.Kidney-RCC
317 samples in SP.Syn.Liver-HCC
35 samples in SP.Syn.Lung-AdenoCA
106 samples in SP.Syn.Lymph-BNHL
60 samples in SP.Syn.Lymph-CLL
112 samples in SP.Syn.Ovary-AdenoCA
235 samples in SP.Syn.Panc-AdenoCA
49 samples in SP.Syn.Panc-Endocrine
226 samples in SP.Syn.Prost-AdenoCA
104 samples in SP.Syn.Skin-Melanoma
55 samples in SP.Syn.Stomach-AdenoCA
39 samples in SP.Syn.Uterus-AdenoCA
29 samples in SP.Syn.Biliary-AdenoCA
190 samples in SP.Syn.Breast-AdenoCA
83 samples in SP.Syn.CNS-Medullo
45 samples in SP.Syn.ColoRect-AdenoCA
96 samples in SP.Syn.Eso-AdenoCA
55 samples in SP.Syn.Head-SCC
141 samples in SP.Syn.Kidney-RCC
317 samples in SP.Syn.Liver-HCC
35 samples in SP.Syn.Lung-AdenoCA
106 samples in SP.Syn.Lymph-BNHL
60 samples in SP.Syn.Lymph-CLL
112 samples in SP.Syn.Ovary-AdenoCA
235 samples in SP.Syn.Panc-AdenoCA
49 samples in SP.Syn.Panc-Endocrine
226 samples in SP.Syn.Prost-AdenoCA
104 samples in SP.Syn.Skin-Melanoma
55 samples in SP.Syn.Stomach-AdenoCA
39 samples in SP.Syn.Uterus-AdenoCA
