nohup: ignoring input


#####################
Start running catalog /home/e0240162/practice/6_Mo_mSigHdp/mSigHdp_paper_sup_files_x1/SBS_set1/input/Realistic/ground.truth.syn.catalog.tsv

Seed number:528401

#####################


************** Reported Current Memory Use: 0.32 GB *****************

Extracting signature 15 for mutation type 96
The matrix normalizing cutoff is 13685


process 15 continues please wait... 
execution time: 139 seconds 

process 15 continues please wait... 
execution time: 150 seconds 

process 15 continues please wait... 
execution time: 140 seconds 

process 15 continues please wait... 
execution time: 140 seconds 

process 15 continues please wait... 
execution time: 153 seconds 

process 15 continues please wait... 
execution time: 150 seconds 

process 15 continues please wait... 
execution time: 141 seconds 

process 15 continues please wait... 
execution time: 153 seconds 

process 15 continues please wait... 
execution time: 166 seconds 

process 15 continues please wait... 
execution time: 175 seconds 

process 15 continues please wait... 
execution time: 153 seconds 

process 15 continues please wait... 
execution time: 164 seconds 

process 15 continues please wait... 
execution time: 58 seconds 

process 15 continues please wait... 
execution time: 110 seconds 

process 15 continues please wait... 
execution time: 178 seconds 

process 15 continues please wait... 
execution time: 176 seconds 

process 15 continues please wait... 
execution time: 100 seconds 

process 15 continues please wait... 
execution time: 81 seconds 

process 15 continues please wait... 
execution time: 191 seconds 

process 15 continues please wait... 
execution time: 84 seconds 

process 15 continues please wait... 
execution time: 121 seconds 

process 15 continues please wait... 
execution time: 177 seconds 

process 15 continues please wait... 
execution time: 190 seconds 

process 15 continues please wait... 
execution time: 97 seconds 

process 15 continues please wait... 
execution time: 82 seconds 

process 15 continues please wait... 
execution time: 127 seconds 

process 15 continues please wait... 
execution time: 92 seconds 

process 15 continues please wait... 
execution time: 110 seconds 

process 15 continues please wait... 
execution time: 69 seconds 

process 15 continues please wait... 
execution time: 220 seconds 

process 15 continues please wait... 
execution time: 179 seconds 

process 15 continues please wait... 
execution time: 111 seconds 

process 15 continues please wait... 
execution time: 80 seconds 

process 15 continues please wait... 
execution time: 96 seconds 

process 15 continues please wait... 
execution time: 132 seconds 

process 15 continues please wait... 
execution time: 86 seconds 

process 15 continues please wait... 
execution time: 148 seconds 

process 15 continues please wait... 
execution time: 84 seconds 

process 15 continues please wait... 
execution time: 146 seconds 

process 15 continues please wait... 
execution time: 122 seconds 

process 15 continues please wait... 
execution time: 120 seconds 

process 15 continues please wait... 
execution time: 110 seconds 

process 15 continues please wait... 
execution time: 107 seconds 

process 15 continues please wait... 
execution time: 136 seconds 

process 15 continues please wait... 
execution time: 79 seconds 

process 15 continues please wait... 
execution time: 98 seconds 

process 15 continues please wait... 
execution time: 118 seconds 

process 15 continues please wait... 
execution time: 139 seconds 

process 15 continues please wait... 
execution time: 79 seconds 

process 15 continues please wait... 
execution time: 122 seconds 

process 15 continues please wait... 
execution time: 118 seconds 

process 15 continues please wait... 
execution time: 96 seconds 

process 15 continues please wait... 
execution time: 156 seconds 

process 15 continues please wait... 
execution time: 97 seconds 

process 15 continues please wait... 
execution time: 156 seconds 

process 15 continues please wait... 
execution time: 99 seconds 

process 15 continues please wait... 
execution time: 167 seconds 

process 15 continues please wait... 
execution time: 137 seconds 

process 15 continues please wait... 
execution time: 91 seconds 

process 15 continues please wait... 
execution time: 226 seconds 

process 15 continues please wait... 
execution time: 99 seconds 

process 15 continues please wait... 
execution time: 133 seconds 

process 15 continues please wait... 
execution time: 112 seconds 

process 15 continues please wait... 
execution time: 194 seconds 

process 15 continues please wait... 
execution time: 97 seconds 

process 15 continues please wait... 
execution time: 147 seconds 

process 15 continues please wait... 
execution time: 126 seconds 

process 15 continues please wait... 
execution time: 117 seconds 

process 15 continues please wait... 
execution time: 101 seconds 

process 15 continues please wait... 
execution time: 144 seconds 

process 15 continues please wait... 
execution time: 96 seconds 

process 15 continues please wait... 
execution time: 146 seconds 

process 15 continues please wait... 
execution time: 123 seconds 

process 15 continues please wait... 
execution time: 314 seconds 

process 15 continues please wait... 
execution time: 137 seconds 

process 15 continues please wait... 
execution time: 129 seconds 

process 15 continues please wait... 
execution time: 136 seconds 

process 15 continues please wait... 
execution time: 128 seconds 

process 15 continues please wait... 
execution time: 97 seconds 

process 15 continues please wait... 
execution time: 211 seconds 

process 15 continues please wait... 
execution time: 112 seconds 

process 15 continues please wait... 
execution time: 156 seconds 

process 15 continues please wait... 
execution time: 97 seconds 

process 15 continues please wait... 
execution time: 170 seconds 

process 15 continues please wait... 
execution time: 113 seconds 

process 15 continues please wait... 
execution time: 167 seconds 

process 15 continues please wait... 
execution time: 112 seconds 

process 15 continues please wait... 
execution time: 155 seconds 

process 15 continues please wait... 
execution time: 123 seconds 

process 15 continues please wait... 
execution time: 180 seconds 

process 15 continues please wait... 
execution time: 98 seconds 

process 15 continues please wait... 
execution time: 205 seconds 

process 15 continues please wait... 
execution time: 113 seconds 

process 15 continues please wait... 
execution time: 158 seconds 

process 15 continues please wait... 
execution time: 112 seconds 

process 15 continues please wait... 
execution time: 218 seconds 

process 15 continues please wait... 
execution time: 97 seconds 

process 15 continues please wait... 
execution time: 234 seconds 

process 15 continues please wait... 
execution time: 138 seconds 

process 15 continues please wait... 
execution time: 217 seconds 

Time taken to collect 100 iterations for 15 signatures is 440.19 seconds
findfont: Font family ['Times New Roman'] not found. Falling back to DejaVu Sans.
findfont: Font family ['Arial'] not found. Falling back to DejaVu Sans.
findfont: Font family ['Courier New'] not found. Falling back to DejaVu Sans.
findfont: Font family ['Courier New'] not found. Falling back to DejaVu Sans.
findfont: Font family ['Arial'] not found. Falling back to DejaVu Sans.
findfont: Font family ['Arial'] not found. Falling back to DejaVu Sans.
Optimization time is 1.900759220123291 seconds
The reconstruction error is 0.0981, average process stability is 0.84 and 
the minimum process stability is 0.02 for 15 signatures


Extracting signature 16 for mutation type 96
The matrix normalizing cutoff is 13685


process 16 continues please wait... 
execution time: 116 seconds 

process 16 continues please wait... 
execution time: 116 seconds 

process 16 continues please wait... 
execution time: 123 seconds 

process 16 continues please wait... 
execution time: 123 seconds 

process 16 continues please wait... 
execution time: 124 seconds 

process 16 continues please wait... 
execution time: 125 seconds 

process 16 continues please wait... 
execution time: 126 seconds 

process 16 continues please wait... 
execution time: 124 seconds 

process 16 continues please wait... 
execution time: 126 seconds 

process 16 continues please wait... 
execution time: 135 seconds 

process 16 continues please wait... 
execution time: 135 seconds 

process 16 continues please wait... 
execution time: 73 seconds 

process 16 continues please wait... 
execution time: 53 seconds 

process 16 continues please wait... 
execution time: 135 seconds 

process 16 continues please wait... 
execution time: 136 seconds 

process 16 continues please wait... 
execution time: 139 seconds 

process 16 continues please wait... 
execution time: 141 seconds 

process 16 continues please wait... 
execution time: 95 seconds 

process 16 continues please wait... 
execution time: 52 seconds 

process 16 continues please wait... 
execution time: 154 seconds 

process 16 continues please wait... 
execution time: 171 seconds 

process 16 continues please wait... 
execution time: 143 seconds 

process 16 continues please wait... 
execution time: 62 seconds 

process 16 continues please wait... 
execution time: 81 seconds 

process 16 continues please wait... 
execution time: 94 seconds 

process 16 continues please wait... 
execution time: 80 seconds 

process 16 continues please wait... 
execution time: 113 seconds 

process 16 continues please wait... 
execution time: 60 seconds 

process 16 continues please wait... 
execution time: 94 seconds 

process 16 continues please wait... 
execution time: 80 seconds 

process 16 continues please wait... 
execution time: 74 seconds 

process 16 continues please wait... 
execution time: 100 seconds 

process 16 continues please wait... 
execution time: 92 seconds 

process 16 continues please wait... 
execution time: 81 seconds 

process 16 continues please wait... 
execution time: 113 seconds 

process 16 continues please wait... 
execution time: 61 seconds 

process 16 continues please wait... 
execution time: 95 seconds 

process 16 continues please wait... 
execution time: 80 seconds 

process 16 continues please wait... 
execution time: 53 seconds 

process 16 continues please wait... 
execution time: 122 seconds 

process 16 continues please wait... 
execution time: 85 seconds 

process 16 continues please wait... 
execution time: 90 seconds 

process 16 continues please wait... 
execution time: 114 seconds 

process 16 continues please wait... 
execution time: 70 seconds 

process 16 continues please wait... 
execution time: 113 seconds 

process 16 continues please wait... 
execution time: 79 seconds 

process 16 continues please wait... 
execution time: 94 seconds 

process 16 continues please wait... 
execution time: 98 seconds 

process 16 continues please wait... 
execution time: 84 seconds 

process 16 continues please wait... 
execution time: 110 seconds 

process 16 continues please wait... 
execution time: 93 seconds 

process 16 continues please wait... 
execution time: 90 seconds 

process 16 continues please wait... 
execution time: 103 seconds 

process 16 continues please wait... 
execution time: 97 seconds 

process 16 continues please wait... 
execution time: 200 seconds 

process 16 continues please wait... 
execution time: 93 seconds 

process 16 continues please wait... 
execution time: 91 seconds 

process 16 continues please wait... 
execution time: 84 seconds 

process 16 continues please wait... 
execution time: 99 seconds 

process 16 continues please wait... 
execution time: 94 seconds 

process 16 continues please wait... 
execution time: 91 seconds 

process 16 continues please wait... 
execution time: 93 seconds 

process 16 continues please wait... 
execution time: 90 seconds 

process 16 continues please wait... 
execution time: 112 seconds 

process 16 continues please wait... 
execution time: 93 seconds 

process 16 continues please wait... 
execution time: 92 seconds 

process 16 continues please wait... 
execution time: 107 seconds 

process 16 continues please wait... 
execution time: 115 seconds 

process 16 continues please wait... 
execution time: 117 seconds 

process 16 continues please wait... 
execution time: 82 seconds 

process 16 continues please wait... 
execution time: 142 seconds 

process 16 continues please wait... 
execution time: 107 seconds 

process 16 continues please wait... 
execution time: 127 seconds 

process 16 continues please wait... 
execution time: 112 seconds 

process 16 continues please wait... 
execution time: 118 seconds 

process 16 continues please wait... 
execution time: 113 seconds 

process 16 continues please wait... 
execution time: 89 seconds 

process 16 continues please wait... 
execution time: 83 seconds 

process 16 continues please wait... 
execution time: 119 seconds 

process 16 continues please wait... 
execution time: 63 seconds 

process 16 continues please wait... 
execution time: 214 seconds 

process 16 continues please wait... 
execution time: 105 seconds 

process 16 continues please wait... 
execution time: 155 seconds 

process 16 continues please wait... 
execution time: 102 seconds 

process 16 continues please wait... 
execution time: 108 seconds 

process 16 continues please wait... 
execution time: 93 seconds 

process 16 continues please wait... 
execution time: 118 seconds 

process 16 continues please wait... 
execution time: 94 seconds 

process 16 continues please wait... 
execution time: 118 seconds 

process 16 continues please wait... 
execution time: 113 seconds 

process 16 continues please wait... 
execution time: 108 seconds 

process 16 continues please wait... 
execution time: 216 seconds 

process 16 continues please wait... 
execution time: 103 seconds 

process 16 continues please wait... 
execution time: 117 seconds 

process 16 continues please wait... 
execution time: 93 seconds 

process 16 continues please wait... 
execution time: 129 seconds 

process 16 continues please wait... 
execution time: 114 seconds 

process 16 continues please wait... 
execution time: 151 seconds 

process 16 continues please wait... 
execution time: 105 seconds 

process 16 continues please wait... 
execution time: 136 seconds 

Time taken to collect 100 iterations for 16 signatures is 279.98 seconds
Optimization time is 2.248231887817383 seconds
The reconstruction error is 0.0937, average process stability is 0.85 and 
the minimum process stability is 0.26 for 16 signatures


Extracting signature 17 for mutation type 96
The matrix normalizing cutoff is 13685


process 17 continues please wait... 
execution time: 159 seconds 

process 17 continues please wait... 
execution time: 160 seconds 

process 17 continues please wait... 
execution time: 158 seconds 

process 17 continues please wait... 
execution time: 161 seconds 

process 17 continues please wait... 
execution time: 160 seconds 

process 17 continues please wait... 
execution time: 160 seconds 

process 17 continues please wait... 
execution time: 161 seconds 

process 17 continues please wait... 
execution time: 179 seconds 

process 17 continues please wait... 
execution time: 182 seconds 

process 17 continues please wait... 
execution time: 182 seconds 

process 17 continues please wait... 
execution time: 167 seconds 

process 17 continues please wait... 
execution time: 192 seconds 

process 17 continues please wait... 
execution time: 178 seconds 

process 17 continues please wait... 
execution time: 194 seconds 

process 17 continues please wait... 
execution time: 110 seconds 

process 17 continues please wait... 
execution time: 84 seconds 

process 17 continues please wait... 
execution time: 194 seconds 

process 17 continues please wait... 
execution time: 99 seconds 

process 17 continues please wait... 
execution time: 97 seconds 

process 17 continues please wait... 
execution time: 122 seconds 

process 17 continues please wait... 
execution time: 84 seconds 

process 17 continues please wait... 
execution time: 123 seconds 

process 17 continues please wait... 
execution time: 84 seconds 

process 17 continues please wait... 
execution time: 201 seconds 

process 17 continues please wait... 
execution time: 101 seconds 

process 17 continues please wait... 
execution time: 106 seconds 

process 17 continues please wait... 
execution time: 86 seconds 

process 17 continues please wait... 
execution time: 142 seconds 

process 17 continues please wait... 
execution time: 214 seconds 

process 17 continues please wait... 
execution time: 215 seconds 

process 17 continues please wait... 
execution time: 97 seconds 

process 17 continues please wait... 
execution time: 119 seconds 

process 17 continues please wait... 
execution time: 121 seconds 

process 17 continues please wait... 
execution time: 119 seconds 

process 17 continues please wait... 
execution time: 123 seconds 

process 17 continues please wait... 
execution time: 105 seconds 

process 17 continues please wait... 
execution time: 122 seconds 

process 17 continues please wait... 
execution time: 118 seconds 

process 17 continues please wait... 
execution time: 109 seconds 

process 17 continues please wait... 
execution time: 121 seconds 

process 17 continues please wait... 
execution time: 148 seconds 

process 17 continues please wait... 
execution time: 83 seconds 

process 17 continues please wait... 
execution time: 135 seconds 

process 17 continues please wait... 
execution time: 116 seconds 

process 17 continues please wait... 
execution time: 123 seconds 

process 17 continues please wait... 
execution time: 128 seconds 

process 17 continues please wait... 
execution time: 234 seconds 

process 17 continues please wait... 
execution time: 122 seconds 

process 17 continues please wait... 
execution time: 130 seconds 

process 17 continues please wait... 
execution time: 109 seconds 

process 17 continues please wait... 
execution time: 151 seconds 

process 17 continues please wait... 
execution time: 236 seconds 

process 17 continues please wait... 
execution time: 146 seconds 

process 17 continues please wait... 
execution time: 116 seconds 

process 17 continues please wait... 
execution time: 132 seconds 

process 17 continues please wait... 
execution time: 105 seconds 

process 17 continues please wait... 
execution time: 121 seconds 

process 17 continues please wait... 
execution time: 118 seconds 

process 17 continues please wait... 
execution time: 111 seconds 

process 17 continues please wait... 
execution time: 153 seconds 

process 17 continues please wait... 
execution time: 124 seconds 

process 17 continues please wait... 
execution time: 115 seconds 

process 17 continues please wait... 
execution time: 133 seconds 

process 17 continues please wait... 
execution time: 107 seconds 

process 17 continues please wait... 
execution time: 110 seconds 

process 17 continues please wait... 
execution time: 162 seconds 

process 17 continues please wait... 
execution time: 111 seconds 

process 17 continues please wait... 
execution time: 164 seconds 

process 17 continues please wait... 
execution time: 120 seconds 

process 17 continues please wait... 
execution time: 127 seconds 

process 17 continues please wait... 
execution time: 123 seconds 

process 17 continues please wait... 
execution time: 171 seconds 

process 17 continues please wait... 
execution time: 133 seconds 

process 17 continues please wait... 
execution time: 170 seconds 

process 17 continues please wait... 
execution time: 147 seconds 

process 17 continues please wait... 
execution time: 159 seconds 

process 17 continues please wait... 
execution time: 135 seconds 

process 17 continues please wait... 
execution time: 259 seconds 

process 17 continues please wait... 
execution time: 109 seconds 

process 17 continues please wait... 
execution time: 206 seconds 

process 17 continues please wait... 
execution time: 124 seconds 

process 17 continues please wait... 
execution time: 129 seconds 

process 17 continues please wait... 
execution time: 134 seconds 

process 17 continues please wait... 
execution time: 117 seconds 

process 17 continues please wait... 
execution time: 109 seconds 

process 17 continues please wait... 
execution time: 154 seconds 

process 17 continues please wait... 
execution time: 146 seconds 

process 17 continues please wait... 
execution time: 120 seconds 

process 17 continues please wait... 
execution time: 143 seconds 

process 17 continues please wait... 
execution time: 125 seconds 

process 17 continues please wait... 
execution time: 99 seconds 

process 17 continues please wait... 
execution time: 173 seconds 

process 17 continues please wait... 
execution time: 156 seconds 

process 17 continues please wait... 
execution time: 146 seconds 

process 17 continues please wait... 
execution time: 132 seconds 

process 17 continues please wait... 
execution time: 169 seconds 

process 17 continues please wait... 
execution time: 143 seconds 

process 17 continues please wait... 
execution time: 158 seconds 

process 17 continues please wait... 
execution time: 145 seconds 

process 17 continues please wait... 
execution time: 105 seconds 

Time taken to collect 100 iterations for 17 signatures is 397.55 seconds
Optimization time is 2.3810384273529053 seconds
The reconstruction error is 0.0932, average process stability is 0.92 and 
the minimum process stability is 0.51 for 17 signatures


Extracting signature 18 for mutation type 96
The matrix normalizing cutoff is 13685


process 18 continues please wait... 
execution time: 188 seconds 

process 18 continues please wait... 
execution time: 195 seconds 

process 18 continues please wait... 
execution time: 200 seconds 

process 18 continues please wait... 
execution time: 195 seconds 

process 18 continues please wait... 
execution time: 196 seconds 

process 18 continues please wait... 
execution time: 197 seconds 

process 18 continues please wait... 
execution time: 208 seconds 

process 18 continues please wait... 
execution time: 211 seconds 

process 18 continues please wait... 
execution time: 212 seconds 

process 18 continues please wait... 
execution time: 214 seconds 

process 18 continues please wait... 
execution time: 209 seconds 

process 18 continues please wait... 
execution time: 209 seconds 

process 18 continues please wait... 
execution time: 236 seconds 

process 18 continues please wait... 
execution time: 81 seconds 

process 18 continues please wait... 
execution time: 159 seconds 

process 18 continues please wait... 
execution time: 220 seconds 

process 18 continues please wait... 
execution time: 234 seconds 

process 18 continues please wait... 
execution time: 119 seconds 

process 18 continues please wait... 
execution time: 117 seconds 

process 18 continues please wait... 
execution time: 134 seconds 

process 18 continues please wait... 
execution time: 117 seconds 

process 18 continues please wait... 
execution time: 261 seconds 

process 18 continues please wait... 
execution time: 147 seconds 

process 18 continues please wait... 
execution time: 116 seconds 

process 18 continues please wait... 
execution time: 120 seconds 

process 18 continues please wait... 
execution time: 142 seconds 

process 18 continues please wait... 
execution time: 135 seconds 

process 18 continues please wait... 
execution time: 141 seconds 

process 18 continues please wait... 
execution time: 249 seconds 

process 18 continues please wait... 
execution time: 107 seconds 

process 18 continues please wait... 
execution time: 169 seconds 

process 18 continues please wait... 
execution time: 144 seconds 

process 18 continues please wait... 
execution time: 116 seconds 

process 18 continues please wait... 
execution time: 146 seconds 

process 18 continues please wait... 
execution time: 147 seconds 

process 18 continues please wait... 
execution time: 271 seconds 

process 18 continues please wait... 
execution time: 146 seconds 

process 18 continues please wait... 
execution time: 153 seconds 

process 18 continues please wait... 
execution time: 133 seconds 

process 18 continues please wait... 
execution time: 141 seconds 

process 18 continues please wait... 
execution time: 121 seconds 

process 18 continues please wait... 
execution time: 179 seconds 

process 18 continues please wait... 
execution time: 148 seconds 

process 18 continues please wait... 
execution time: 153 seconds 

process 18 continues please wait... 
execution time: 134 seconds 

process 18 continues please wait... 
execution time: 142 seconds 

process 18 continues please wait... 
execution time: 131 seconds 

process 18 continues please wait... 
execution time: 152 seconds 

process 18 continues please wait... 
execution time: 171 seconds 

process 18 continues please wait... 
execution time: 136 seconds 

process 18 continues please wait... 
execution time: 145 seconds 

process 18 continues please wait... 
execution time: 168 seconds 

process 18 continues please wait... 
execution time: 292 seconds 

process 18 continues please wait... 
execution time: 147 seconds 

process 18 continues please wait... 
execution time: 174 seconds 

process 18 continues please wait... 
execution time: 159 seconds 

process 18 continues please wait... 
execution time: 165 seconds 

process 18 continues please wait... 
execution time: 160 seconds 

process 18 continues please wait... 
execution time: 165 seconds 

process 18 continues please wait... 
execution time: 293 seconds 

process 18 continues please wait... 
execution time: 158 seconds 

process 18 continues please wait... 
execution time: 138 seconds 

process 18 continues please wait... 
execution time: 187 seconds 

process 18 continues please wait... 
execution time: 161 seconds 

process 18 continues please wait... 
execution time: 144 seconds 

process 18 continues please wait... 
execution time: 153 seconds 

process 18 continues please wait... 
execution time: 157 seconds 

process 18 continues please wait... 
execution time: 200 seconds 

process 18 continues please wait... 
execution time: 145 seconds 

process 18 continues please wait... 
execution time: 203 seconds 

process 18 continues please wait... 
execution time: 146 seconds 

process 18 continues please wait... 
execution time: 153 seconds 

process 18 continues please wait... 
execution time: 148 seconds 

process 18 continues please wait... 
execution time: 215 seconds 

process 18 continues please wait... 
execution time: 162 seconds 

process 18 continues please wait... 
execution time: 179 seconds 

process 18 continues please wait... 
execution time: 173 seconds 

process 18 continues please wait... 
execution time: 199 seconds 

process 18 continues please wait... 
execution time: 133 seconds 

process 18 continues please wait... 
execution time: 261 seconds 

process 18 continues please wait... 
execution time: 185 seconds 

process 18 continues please wait... 
execution time: 221 seconds 

process 18 continues please wait... 
execution time: 185 seconds 

process 18 continues please wait... 
execution time: 137 seconds 

process 18 continues please wait... 
execution time: 143 seconds 

process 18 continues please wait... 
execution time: 198 seconds 

process 18 continues please wait... 
execution time: 162 seconds 

process 18 continues please wait... 
execution time: 176 seconds 

process 18 continues please wait... 
execution time: 145 seconds 

process 18 continues please wait... 
execution time: 212 seconds 

process 18 continues please wait... 
execution time: 172 seconds 

process 18 continues please wait... 
execution time: 218 seconds 

process 18 continues please wait... 
execution time: 168 seconds 

process 18 continues please wait... 
execution time: 210 seconds 

process 18 continues please wait... 
execution time: 185 seconds 

process 18 continues please wait... 
execution time: 208 seconds 

process 18 continues please wait... 
execution time: 118 seconds 

process 18 continues please wait... 
execution time: 605 seconds 

process 18 continues please wait... 
execution time: 107 seconds 

process 18 continues please wait... 
execution time: 205 seconds 

Time taken to collect 100 iterations for 18 signatures is 726.87 seconds
Optimization time is 2.3749725818634033 seconds
The reconstruction error is 0.0906, average process stability is 0.94 and 
the minimum process stability is 0.4 for 18 signatures


Extracting signature 19 for mutation type 96
The matrix normalizing cutoff is 13685


process 19 continues please wait... 
execution time: 217 seconds 

process 19 continues please wait... 
execution time: 228 seconds 

process 19 continues please wait... 
execution time: 228 seconds 

process 19 continues please wait... 
execution time: 242 seconds 

process 19 continues please wait... 
execution time: 242 seconds 

process 19 continues please wait... 
execution time: 228 seconds 

process 19 continues please wait... 
execution time: 115 seconds 

process 19 continues please wait... 
execution time: 127 seconds 

process 19 continues please wait... 
execution time: 143 seconds 

process 19 continues please wait... 
execution time: 113 seconds 

process 19 continues please wait... 
execution time: 256 seconds 

process 19 continues please wait... 
execution time: 252 seconds 

process 19 continues please wait... 
execution time: 257 seconds 

process 19 continues please wait... 
execution time: 254 seconds 

process 19 continues please wait... 
execution time: 279 seconds 

process 19 continues please wait... 
execution time: 127 seconds 

process 19 continues please wait... 
execution time: 152 seconds 

process 19 continues please wait... 
execution time: 280 seconds 

process 19 continues please wait... 
execution time: 173 seconds 

process 19 continues please wait... 
execution time: 112 seconds 

process 19 continues please wait... 
execution time: 172 seconds 

process 19 continues please wait... 
execution time: 113 seconds 

process 19 continues please wait... 
execution time: 227 seconds 

process 19 continues please wait... 
execution time: 132 seconds 

process 19 continues please wait... 
execution time: 169 seconds 

process 19 continues please wait... 
execution time: 298 seconds 

process 19 continues please wait... 
execution time: 281 seconds 

process 19 continues please wait... 
execution time: 145 seconds 

process 19 continues please wait... 
execution time: 153 seconds 

process 19 continues please wait... 
execution time: 318 seconds 

process 19 continues please wait... 
execution time: 139 seconds 

process 19 continues please wait... 
execution time: 165 seconds 

process 19 continues please wait... 
execution time: 157 seconds 

process 19 continues please wait... 
execution time: 167 seconds 

process 19 continues please wait... 
execution time: 160 seconds 

process 19 continues please wait... 
execution time: 166 seconds 

process 19 continues please wait... 
execution time: 182 seconds 

process 19 continues please wait... 
execution time: 139 seconds 

process 19 continues please wait... 
execution time: 171 seconds 

process 19 continues please wait... 
execution time: 137 seconds 

process 19 continues please wait... 
execution time: 185 seconds 

process 19 continues please wait... 
execution time: 141 seconds 

process 19 continues please wait... 
execution time: 187 seconds 

process 19 continues please wait... 
execution time: 163 seconds 

process 19 continues please wait... 
execution time: 202 seconds 

process 19 continues please wait... 
execution time: 150 seconds 

process 19 continues please wait... 
execution time: 308 seconds 

process 19 continues please wait... 
execution time: 143 seconds 

process 19 continues please wait... 
execution time: 166 seconds 

process 19 continues please wait... 
execution time: 316 seconds 

process 19 continues please wait... 
execution time: 213 seconds 

process 19 continues please wait... 
execution time: 148 seconds 

process 19 continues please wait... 
execution time: 169 seconds 

process 19 continues please wait... 
execution time: 151 seconds 

process 19 continues please wait... 
execution time: 172 seconds 

process 19 continues please wait... 
execution time: 148 seconds 

process 19 continues please wait... 
execution time: 200 seconds 

process 19 continues please wait... 
execution time: 163 seconds 

process 19 continues please wait... 
execution time: 369 seconds 

process 19 continues please wait... 
execution time: 215 seconds 

process 19 continues please wait... 
execution time: 162 seconds 

process 19 continues please wait... 
execution time: 187 seconds 

process 19 continues please wait... 
execution time: 190 seconds 

process 19 continues please wait... 
execution time: 200 seconds 

process 19 continues please wait... 
execution time: 202 seconds 

process 19 continues please wait... 
execution time: 145 seconds 

process 19 continues please wait... 
execution time: 192 seconds 

process 19 continues please wait... 
execution time: 200 seconds 

process 19 continues please wait... 
execution time: 202 seconds 

process 19 continues please wait... 
execution time: 158 seconds 

process 19 continues please wait... 
execution time: 258 seconds 

process 19 continues please wait... 
execution time: 198 seconds 

process 19 continues please wait... 
execution time: 139 seconds 

process 19 continues please wait... 
execution time: 157 seconds 

process 19 continues please wait... 
execution time: 269 seconds 

process 19 continues please wait... 
execution time: 187 seconds 

process 19 continues please wait... 
execution time: 239 seconds 

process 19 continues please wait... 
execution time: 170 seconds 

process 19 continues please wait... 
execution time: 189 seconds 

process 19 continues please wait... 
execution time: 187 seconds 

process 19 continues please wait... 
execution time: 264 seconds 

process 19 continues please wait... 
execution time: 361 seconds 

process 19 continues please wait... 
execution time: 200 seconds 

process 19 continues please wait... 
execution time: 163 seconds 

process 19 continues please wait... 
execution time: 183 seconds 

process 19 continues please wait... 
execution time: 188 seconds 

process 19 continues please wait... 
execution time: 186 seconds 

process 19 continues please wait... 
execution time: 200 seconds 

process 19 continues please wait... 
execution time: 202 seconds 

process 19 continues please wait... 
execution time: 214 seconds 

process 19 continues please wait... 
execution time: 187 seconds 

process 19 continues please wait... 
execution time: 242 seconds 

process 19 continues please wait... 
execution time: 182 seconds 

process 19 continues please wait... 
execution time: 279 seconds 

process 19 continues please wait... 
execution time: 214 seconds 

process 19 continues please wait... 
execution time: 362 seconds 

process 19 continues please wait... 
execution time: 167 seconds 

process 19 continues please wait... 
execution time: 339 seconds 

process 19 continues please wait... 
execution time: 187 seconds 

process 19 continues please wait... 
execution time: 440 seconds 

Time taken to collect 100 iterations for 19 signatures is 630.39 seconds
Optimization time is 2.301482677459717 seconds
The reconstruction error is 0.0943, average process stability is 0.89 and 
the minimum process stability is -0.34 for 19 signatures


Extracting signature 20 for mutation type 96
The matrix normalizing cutoff is 13685


process 20 continues please wait... 
execution time: 206 seconds 

process 20 continues please wait... 
execution time: 215 seconds 

process 20 continues please wait... 
execution time: 206 seconds 

process 20 continues please wait... 
execution time: 206 seconds 

process 20 continues please wait... 
execution time: 233 seconds 

process 20 continues please wait... 
execution time: 216 seconds 

process 20 continues please wait... 
execution time: 228 seconds 

process 20 continues please wait... 
execution time: 253 seconds 

process 20 continues please wait... 
execution time: 255 seconds 

process 20 continues please wait... 
execution time: 257 seconds 

process 20 continues please wait... 
execution time: 240 seconds 

process 20 continues please wait... 
execution time: 132 seconds 

process 20 continues please wait... 
execution time: 127 seconds 

process 20 continues please wait... 
execution time: 251 seconds 

process 20 continues please wait... 
execution time: 263 seconds 

process 20 continues please wait... 
execution time: 105 seconds 

process 20 continues please wait... 
execution time: 164 seconds 

process 20 continues please wait... 
execution time: 269 seconds 

process 20 continues please wait... 
execution time: 266 seconds 

process 20 continues please wait... 
execution time: 191 seconds 

process 20 continues please wait... 
execution time: 112 seconds 

process 20 continues please wait... 
execution time: 166 seconds 

process 20 continues please wait... 
execution time: 147 seconds 

process 20 continues please wait... 
execution time: 153 seconds 

process 20 continues please wait... 
execution time: 114 seconds 

process 20 continues please wait... 
execution time: 155 seconds 

process 20 continues please wait... 
execution time: 153 seconds 

process 20 continues please wait... 
execution time: 118 seconds 

process 20 continues please wait... 
execution time: 202 seconds 

process 20 continues please wait... 
execution time: 283 seconds 

process 20 continues please wait... 
execution time: 139 seconds 

process 20 continues please wait... 
execution time: 163 seconds 

process 20 continues please wait... 
execution time: 193 seconds 

process 20 continues please wait... 
execution time: 137 seconds 

process 20 continues please wait... 
execution time: 155 seconds 

process 20 continues please wait... 
execution time: 185 seconds 

process 20 continues please wait... 
execution time: 167 seconds 

process 20 continues please wait... 
execution time: 174 seconds 

process 20 continues please wait... 
execution time: 128 seconds 

process 20 continues please wait... 
execution time: 186 seconds 

process 20 continues please wait... 
execution time: 153 seconds 

process 20 continues please wait... 
execution time: 161 seconds 

process 20 continues please wait... 
execution time: 168 seconds 

process 20 continues please wait... 
execution time: 184 seconds 

process 20 continues please wait... 
execution time: 156 seconds 

process 20 continues please wait... 
execution time: 195 seconds 

process 20 continues please wait... 
execution time: 324 seconds 

process 20 continues please wait... 
execution time: 144 seconds 

process 20 continues please wait... 
execution time: 185 seconds 

process 20 continues please wait... 
execution time: 169 seconds 

process 20 continues please wait... 
execution time: 184 seconds 

process 20 continues please wait... 
execution time: 152 seconds 

process 20 continues please wait... 
execution time: 173 seconds 

process 20 continues please wait... 
execution time: 373 seconds 

process 20 continues please wait... 
execution time: 337 seconds 

process 20 continues please wait... 
execution time: 178 seconds 

process 20 continues please wait... 
execution time: 206 seconds 

process 20 continues please wait... 
execution time: 179 seconds 

process 20 continues please wait... 
execution time: 215 seconds 

process 20 continues please wait... 
execution time: 160 seconds 

process 20 continues please wait... 
execution time: 244 seconds 

process 20 continues please wait... 
execution time: 118 seconds 

process 20 continues please wait... 
execution time: 222 seconds 

process 20 continues please wait... 
execution time: 156 seconds 

process 20 continues please wait... 
execution time: 256 seconds 

process 20 continues please wait... 
execution time: 182 seconds 

process 20 continues please wait... 
execution time: 227 seconds 

process 20 continues please wait... 
execution time: 181 seconds 

process 20 continues please wait... 
execution time: 252 seconds 

process 20 continues please wait... 
execution time: 191 seconds 

process 20 continues please wait... 
execution time: 250 seconds 

process 20 continues please wait... 
execution time: 204 seconds 

process 20 continues please wait... 
execution time: 146 seconds 

process 20 continues please wait... 
execution time: 178 seconds 

process 20 continues please wait... 
execution time: 171 seconds 

process 20 continues please wait... 
execution time: 131 seconds 

process 20 continues please wait... 
execution time: 210 seconds 

process 20 continues please wait... 
execution time: 204 seconds 

process 20 continues please wait... 
execution time: 145 seconds 

process 20 continues please wait... 
execution time: 156 seconds 

process 20 continues please wait... 
execution time: 308 seconds 

process 20 continues please wait... 
execution time: 156 seconds 

process 20 continues please wait... 
execution time: 338 seconds 

process 20 continues please wait... 
execution time: 204 seconds 

process 20 continues please wait... 
execution time: 167 seconds 

process 20 continues please wait... 
execution time: 166 seconds 

process 20 continues please wait... 
execution time: 205 seconds 

process 20 continues please wait... 
execution time: 357 seconds 

process 20 continues please wait... 
execution time: 191 seconds 

process 20 continues please wait... 
execution time: 182 seconds 

process 20 continues please wait... 
execution time: 103 seconds 

process 20 continues please wait... 
execution time: 280 seconds 

process 20 continues please wait... 
execution time: 203 seconds 

process 20 continues please wait... 
execution time: 236 seconds 

process 20 continues please wait... 
execution time: 179 seconds 

process 20 continues please wait... 
execution time: 288 seconds 

process 20 continues please wait... 
execution time: 184 seconds 

process 20 continues please wait... 
execution time: 271 seconds 

process 20 continues please wait... 
execution time: 205 seconds 

process 20 continues please wait... 
execution time: 284 seconds 

Time taken to collect 100 iterations for 20 signatures is 497.2 seconds
Optimization time is 2.078246593475342 seconds
The reconstruction error is 0.0965, average process stability is 0.84 and 
the minimum process stability is -0.3 for 20 signatures


Extracting signature 21 for mutation type 96
The matrix normalizing cutoff is 13685


process 21 continues please wait... 
execution time: 145 seconds 

process 21 continues please wait... 
execution time: 144 seconds 

process 21 continues please wait... 
execution time: 309 seconds 

process 21 continues please wait... 
execution time: 303 seconds 

process 21 continues please wait... 
execution time: 320 seconds 

process 21 continues please wait... 
execution time: 316 seconds 

process 21 continues please wait... 
execution time: 317 seconds 

process 21 continues please wait... 
execution time: 331 seconds 

process 21 continues please wait... 
execution time: 337 seconds 

process 21 continues please wait... 
execution time: 331 seconds 

process 21 continues please wait... 
execution time: 148 seconds 

process 21 continues please wait... 
execution time: 189 seconds 

process 21 continues please wait... 
execution time: 173 seconds 

process 21 continues please wait... 
execution time: 173 seconds 

process 21 continues please wait... 
execution time: 163 seconds 

process 21 continues please wait... 
execution time: 173 seconds 

process 21 continues please wait... 
execution time: 289 seconds 

process 21 continues please wait... 
execution time: 348 seconds 

process 21 continues please wait... 
execution time: 348 seconds 

process 21 continues please wait... 
execution time: 349 seconds 

process 21 continues please wait... 
execution time: 147 seconds 

process 21 continues please wait... 
execution time: 201 seconds 

process 21 continues please wait... 
execution time: 229 seconds 

process 21 continues please wait... 
execution time: 157 seconds 

process 21 continues please wait... 
execution time: 368 seconds 

process 21 continues please wait... 
execution time: 134 seconds 

process 21 continues please wait... 
execution time: 259 seconds 

process 21 continues please wait... 
execution time: 375 seconds 

process 21 continues please wait... 
execution time: 404 seconds 

process 21 continues please wait... 
execution time: 160 seconds 

process 21 continues please wait... 
execution time: 257 seconds 

process 21 continues please wait... 
execution time: 288 seconds 

process 21 continues please wait... 
execution time: 126 seconds 

process 21 continues please wait... 
execution time: 207 seconds 

process 21 continues please wait... 
execution time: 212 seconds 

process 21 continues please wait... 
execution time: 206 seconds 

process 21 continues please wait... 
execution time: 226 seconds 

process 21 continues please wait... 
execution time: 176 seconds 

process 21 continues please wait... 
execution time: 256 seconds 

process 21 continues please wait... 
execution time: 173 seconds 

process 21 continues please wait... 
execution time: 268 seconds 

process 21 continues please wait... 
execution time: 397 seconds 

process 21 continues please wait... 
execution time: 385 seconds 

process 21 continues please wait... 
execution time: 401 seconds 

process 21 continues please wait... 
execution time: 263 seconds 

process 21 continues please wait... 
execution time: 182 seconds 

process 21 continues please wait... 
execution time: 266 seconds 

process 21 continues please wait... 
execution time: 182 seconds 

process 21 continues please wait... 
execution time: 201 seconds 

process 21 continues please wait... 
execution time: 210 seconds 

process 21 continues please wait... 
execution time: 277 seconds 

process 21 continues please wait... 
execution time: 180 seconds 

process 21 continues please wait... 
execution time: 276 seconds 

process 21 continues please wait... 
execution time: 154 seconds 

process 21 continues please wait... 
execution time: 265 seconds 

process 21 continues please wait... 
execution time: 186 seconds 

process 21 continues please wait... 
execution time: 262 seconds 

process 21 continues please wait... 
execution time: 246 seconds 

process 21 continues please wait... 
execution time: 264 seconds 

process 21 continues please wait... 
execution time: 156 seconds 

process 21 continues please wait... 
execution time: 219 seconds 

process 21 continues please wait... 
execution time: 277 seconds 

process 21 continues please wait... 
execution time: 203 seconds 

process 21 continues please wait... 
execution time: 237 seconds 

process 21 continues please wait... 
execution time: 247 seconds 

process 21 continues please wait... 
execution time: 271 seconds 

process 21 continues please wait... 
execution time: 275 seconds 

process 21 continues please wait... 
execution time: 166 seconds 

process 21 continues please wait... 
execution time: 261 seconds 

process 21 continues please wait... 
execution time: 267 seconds 

process 21 continues please wait... 
execution time: 181 seconds 

process 21 continues please wait... 
execution time: 335 seconds 

process 21 continues please wait... 
execution time: 265 seconds 

process 21 continues please wait... 
execution time: 264 seconds 

process 21 continues please wait... 
execution time: 205 seconds 

process 21 continues please wait... 
execution time: 237 seconds 

process 21 continues please wait... 
execution time: 221 seconds 

process 21 continues please wait... 
execution time: 331 seconds 

process 21 continues please wait... 
execution time: 250 seconds 

process 21 continues please wait... 
execution time: 389 seconds 

process 21 continues please wait... 
execution time: 217 seconds 

process 21 continues please wait... 
execution time: 275 seconds 

process 21 continues please wait... 
execution time: 190 seconds 

process 21 continues please wait... 
execution time: 292 seconds 

process 21 continues please wait... 
execution time: 248 seconds 

process 21 continues please wait... 
execution time: 210 seconds 

process 21 continues please wait... 
execution time: 517 seconds 

process 21 continues please wait... 
execution time: 231 seconds 

process 21 continues please wait... 
execution time: 300 seconds 

process 21 continues please wait... 
execution time: 276 seconds 

process 21 continues please wait... 
execution time: 260 seconds 

process 21 continues please wait... 
execution time: 192 seconds 

process 21 continues please wait... 
execution time: 340 seconds 

process 21 continues please wait... 
execution time: 246 seconds 

process 21 continues please wait... 
execution time: 337 seconds 

process 21 continues please wait... 
execution time: 234 seconds 

process 21 continues please wait... 
execution time: 408 seconds 

process 21 continues please wait... 
execution time: 189 seconds 

process 21 continues please wait... 
execution time: 464 seconds 

process 21 continues please wait... 
execution time: 773 seconds 

Time taken to collect 100 iterations for 21 signatures is 776.69 seconds
Optimization time is 2.2216789722442627 seconds
The reconstruction error is 0.0823, average process stability is 0.84 and 
the minimum process stability is -0.3 for 21 signatures


Extracting signature 22 for mutation type 96
The matrix normalizing cutoff is 13685


process 22 continues please wait... 
execution time: 293 seconds 

process 22 continues please wait... 
execution time: 302 seconds 

process 22 continues please wait... 
execution time: 311 seconds 

process 22 continues please wait... 
execution time: 303 seconds 

process 22 continues please wait... 
execution time: 311 seconds 

process 22 continues please wait... 
execution time: 314 seconds 

process 22 continues please wait... 
execution time: 340 seconds 

process 22 continues please wait... 
execution time: 340 seconds 

process 22 continues please wait... 
execution time: 341 seconds 

process 22 continues please wait... 
execution time: 309 seconds 

process 22 continues please wait... 
execution time: 344 seconds 

process 22 continues please wait... 
execution time: 341 seconds 

process 22 continues please wait... 
execution time: 342 seconds 

process 22 continues please wait... 
execution time: 402 seconds 

process 22 continues please wait... 
execution time: 362 seconds 

process 22 continues please wait... 
execution time: 297 seconds 

process 22 continues please wait... 
execution time: 416 seconds 

process 22 continues please wait... 
execution time: 412 seconds 

process 22 continues please wait... 
execution time: 237 seconds 

process 22 continues please wait... 
execution time: 183 seconds 

process 22 continues please wait... 
execution time: 159 seconds 

process 22 continues please wait... 
execution time: 227 seconds 

process 22 continues please wait... 
execution time: 265 seconds 

process 22 continues please wait... 
execution time: 166 seconds 

process 22 continues please wait... 
execution time: 457 seconds 

process 22 continues please wait... 
execution time: 246 seconds 

process 22 continues please wait... 
execution time: 211 seconds 

process 22 continues please wait... 
execution time: 229 seconds 

process 22 continues please wait... 
execution time: 196 seconds 

process 22 continues please wait... 
execution time: 185 seconds 

process 22 continues please wait... 
execution time: 242 seconds 

process 22 continues please wait... 
execution time: 189 seconds 

process 22 continues please wait... 
execution time: 273 seconds 

process 22 continues please wait... 
execution time: 171 seconds 

process 22 continues please wait... 
execution time: 257 seconds 

process 22 continues please wait... 
execution time: 250 seconds 

process 22 continues please wait... 
execution time: 240 seconds 

process 22 continues please wait... 
execution time: 232 seconds 

process 22 continues please wait... 
execution time: 207 seconds 

process 22 continues please wait... 
execution time: 205 seconds 

process 22 continues please wait... 
execution time: 297 seconds 

process 22 continues please wait... 
execution time: 236 seconds 

process 22 continues please wait... 
execution time: 246 seconds 

process 22 continues please wait... 
execution time: 455 seconds 

process 22 continues please wait... 
execution time: 278 seconds 

process 22 continues please wait... 
execution time: 236 seconds 

process 22 continues please wait... 
execution time: 268 seconds 

process 22 continues please wait... 
execution time: 249 seconds 

process 22 continues please wait... 
execution time: 264 seconds 

process 22 continues please wait... 
execution time: 252 seconds 

process 22 continues please wait... 
execution time: 188 seconds 

process 22 continues please wait... 
execution time: 342 seconds 

process 22 continues please wait... 
execution time: 278 seconds 

process 22 continues please wait... 
execution time: 180 seconds 

process 22 continues please wait... 
execution time: 250 seconds 

process 22 continues please wait... 
execution time: 309 seconds 

process 22 continues please wait... 
execution time: 278 seconds 

process 22 continues please wait... 
execution time: 192 seconds 

process 22 continues please wait... 
execution time: 261 seconds 

process 22 continues please wait... 
execution time: 223 seconds 

process 22 continues please wait... 
execution time: 279 seconds 

process 22 continues please wait... 
execution time: 206 seconds 

process 22 continues please wait... 
execution time: 218 seconds 

process 22 continues please wait... 
execution time: 355 seconds 

process 22 continues please wait... 
execution time: 290 seconds 

process 22 continues please wait... 
execution time: 270 seconds 

process 22 continues please wait... 
execution time: 278 seconds 

process 22 continues please wait... 
execution time: 219 seconds 

process 22 continues please wait... 
execution time: 254 seconds 

process 22 continues please wait... 
execution time: 393 seconds 

process 22 continues please wait... 
execution time: 251 seconds 

process 22 continues please wait... 
execution time: 421 seconds 

process 22 continues please wait... 
execution time: 267 seconds 

process 22 continues please wait... 
execution time: 467 seconds 

process 22 continues please wait... 
execution time: 278 seconds 

process 22 continues please wait... 
execution time: 436 seconds 

process 22 continues please wait... 
execution time: 235 seconds 

process 22 continues please wait... 
execution time: 298 seconds 

process 22 continues please wait... 
execution time: 235 seconds 

process 22 continues please wait... 
execution time: 299 seconds 

process 22 continues please wait... 
execution time: 185 seconds 

process 22 continues please wait... 
execution time: 351 seconds 

process 22 continues please wait... 
execution time: 233 seconds 

process 22 continues please wait... 
execution time: 327 seconds 

process 22 continues please wait... 
execution time: 248 seconds 

process 22 continues please wait... 
execution time: 321 seconds 

process 22 continues please wait... 
execution time: 232 seconds 

process 22 continues please wait... 
execution time: 349 seconds 

process 22 continues please wait... 
execution time: 277 seconds 

process 22 continues please wait... 
execution time: 234 seconds 

process 22 continues please wait... 
execution time: 290 seconds 

process 22 continues please wait... 
execution time: 295 seconds 

process 22 continues please wait... 
execution time: 250 seconds 

process 22 continues please wait... 
execution time: 353 seconds 

process 22 continues please wait... 
execution time: 233 seconds 

process 22 continues please wait... 
execution time: 445 seconds 

process 22 continues please wait... 
execution time: 202 seconds 

process 22 continues please wait... 
execution time: 561 seconds 

process 22 continues please wait... 
execution time: 156 seconds 

process 22 continues please wait... 
execution time: 446 seconds 

Time taken to collect 100 iterations for 22 signatures is 766.09 seconds
Optimization time is 2.210660696029663 seconds
The reconstruction error is 0.0778, average process stability is 0.85 and 
the minimum process stability is -0.44 for 22 signatures


Extracting signature 23 for mutation type 96
The matrix normalizing cutoff is 13685


process 23 continues please wait... 
execution time: 362 seconds 

process 23 continues please wait... 
execution time: 362 seconds 

process 23 continues please wait... 
execution time: 358 seconds 

process 23 continues please wait... 
execution time: 363 seconds 

process 23 continues please wait... 
execution time: 380 seconds 

process 23 continues please wait... 
execution time: 377 seconds 

process 23 continues please wait... 
execution time: 394 seconds 

process 23 continues please wait... 
execution time: 165 seconds 

process 23 continues please wait... 
execution time: 213 seconds 

process 23 continues please wait... 
execution time: 393 seconds 

process 23 continues please wait... 
execution time: 396 seconds 

process 23 continues please wait... 
execution time: 397 seconds 

process 23 continues please wait... 
execution time: 425 seconds 

process 23 continues please wait... 
execution time: 396 seconds 

process 23 continues please wait... 
execution time: 429 seconds 

process 23 continues please wait... 
execution time: 442 seconds 

process 23 continues please wait... 
execution time: 202 seconds 

process 23 continues please wait... 
execution time: 261 seconds 

process 23 continues please wait... 
execution time: 404 seconds 

process 23 continues please wait... 
execution time: 166 seconds 

process 23 continues please wait... 
execution time: 320 seconds 

process 23 continues please wait... 
execution time: 483 seconds 

process 23 continues please wait... 
execution time: 279 seconds 

process 23 continues please wait... 
execution time: 212 seconds 

process 23 continues please wait... 
execution time: 520 seconds 

process 23 continues please wait... 
execution time: 198 seconds 

process 23 continues please wait... 
execution time: 244 seconds 

process 23 continues please wait... 
execution time: 467 seconds 

process 23 continues please wait... 
execution time: 261 seconds 

process 23 continues please wait... 
execution time: 208 seconds 

process 23 continues please wait... 
execution time: 480 seconds 

process 23 continues please wait... 
execution time: 299 seconds 

process 23 continues please wait... 
execution time: 284 seconds 

process 23 continues please wait... 
execution time: 346 seconds 

process 23 continues please wait... 
execution time: 251 seconds 

process 23 continues please wait... 
execution time: 275 seconds 

process 23 continues please wait... 
execution time: 224 seconds 

process 23 continues please wait... 
execution time: 215 seconds 

process 23 continues please wait... 
execution time: 396 seconds 

process 23 continues please wait... 
execution time: 263 seconds 

process 23 continues please wait... 
execution time: 360 seconds 

process 23 continues please wait... 
execution time: 277 seconds 

process 23 continues please wait... 
execution time: 238 seconds 

process 23 continues please wait... 
execution time: 345 seconds 

process 23 continues please wait... 
execution time: 294 seconds 

process 23 continues please wait... 
execution time: 316 seconds 

process 23 continues please wait... 
execution time: 328 seconds 

process 23 continues please wait... 
execution time: 229 seconds 

process 23 continues please wait... 
execution time: 393 seconds 

process 23 continues please wait... 
execution time: 261 seconds 

process 23 continues please wait... 
execution time: 267 seconds 

process 23 continues please wait... 
execution time: 325 seconds 

process 23 continues please wait... 
execution time: 207 seconds 

process 23 continues please wait... 
execution time: 283 seconds 

process 23 continues please wait... 
execution time: 374 seconds 

process 23 continues please wait... 
execution time: 213 seconds 

process 23 continues please wait... 
execution time: 331 seconds 

process 23 continues please wait... 
execution time: 309 seconds 

process 23 continues please wait... 
execution time: 235 seconds 

process 23 continues please wait... 
execution time: 356 seconds 

process 23 continues please wait... 
execution time: 306 seconds 

process 23 continues please wait... 
execution time: 296 seconds 

process 23 continues please wait... 
execution time: 252 seconds 

process 23 continues please wait... 
execution time: 307 seconds 

process 23 continues please wait... 
execution time: 249 seconds 

process 23 continues please wait... 
execution time: 235 seconds 

process 23 continues please wait... 
execution time: 441 seconds 

process 23 continues please wait... 
execution time: 342 seconds 

process 23 continues please wait... 
execution time: 341 seconds 

process 23 continues please wait... 
execution time: 278 seconds 

process 23 continues please wait... 
execution time: 315 seconds 

process 23 continues please wait... 
execution time: 262 seconds 

process 23 continues please wait... 
execution time: 345 seconds 

process 23 continues please wait... 
execution time: 311 seconds 

process 23 continues please wait... 
execution time: 310 seconds 

process 23 continues please wait... 
execution time: 330 seconds 

process 23 continues please wait... 
execution time: 357 seconds 

process 23 continues please wait... 
execution time: 315 seconds 

process 23 continues please wait... 
execution time: 524 seconds 

process 23 continues please wait... 
execution time: 248 seconds 

process 23 continues please wait... 
execution time: 392 seconds 

process 23 continues please wait... 
execution time: 884 seconds 

process 23 continues please wait... 
execution time: 357 seconds 

process 23 continues please wait... 
execution time: 290 seconds 

process 23 continues please wait... 
execution time: 324 seconds 

process 23 continues please wait... 
execution time: 338 seconds 

process 23 continues please wait... 
execution time: 293 seconds 

process 23 continues please wait... 
execution time: 392 seconds 

process 23 continues please wait... 
execution time: 311 seconds 

process 23 continues please wait... 
execution time: 408 seconds 

process 23 continues please wait... 
execution time: 331 seconds 

process 23 continues please wait... 
execution time: 408 seconds 

process 23 continues please wait... 
execution time: 280 seconds 

process 23 continues please wait... 
execution time: 563 seconds 

process 23 continues please wait... 
execution time: 233 seconds 

process 23 continues please wait... 
execution time: 426 seconds 

process 23 continues please wait... 
execution time: 266 seconds 

process 23 continues please wait... 
execution time: 404 seconds 

process 23 continues please wait... 
execution time: 265 seconds 

process 23 continues please wait... 
execution time: 437 seconds 

Time taken to collect 100 iterations for 23 signatures is 886.94 seconds
Optimization time is 2.217620611190796 seconds
The reconstruction error is 0.0734, average process stability is 0.82 and 
the minimum process stability is -0.41 for 23 signatures


Extracting signature 24 for mutation type 96
The matrix normalizing cutoff is 13685


process 24 continues please wait... 
execution time: 272 seconds 

process 24 continues please wait... 
execution time: 274 seconds 

process 24 continues please wait... 
execution time: 296 seconds 

process 24 continues please wait... 
execution time: 279 seconds 

process 24 continues please wait... 
execution time: 289 seconds 

process 24 continues please wait... 
execution time: 297 seconds 

process 24 continues please wait... 
execution time: 305 seconds 

process 24 continues please wait... 
execution time: 297 seconds 

process 24 continues please wait... 
execution time: 321 seconds 

process 24 continues please wait... 
execution time: 333 seconds 

process 24 continues please wait... 
execution time: 183 seconds 

process 24 continues please wait... 
execution time: 167 seconds 

process 24 continues please wait... 
execution time: 318 seconds 

process 24 continues please wait... 
execution time: 325 seconds 

process 24 continues please wait... 
execution time: 211 seconds 

process 24 continues please wait... 
execution time: 154 seconds 

process 24 continues please wait... 
execution time: 131 seconds 

process 24 continues please wait... 
execution time: 218 seconds 

process 24 continues please wait... 
execution time: 363 seconds 

process 24 continues please wait... 
execution time: 365 seconds 

process 24 continues please wait... 
execution time: 394 seconds 

process 24 continues please wait... 
execution time: 403 seconds 

process 24 continues please wait... 
execution time: 379 seconds 

process 24 continues please wait... 
execution time: 180 seconds 

process 24 continues please wait... 
execution time: 192 seconds 

process 24 continues please wait... 
execution time: 206 seconds 

process 24 continues please wait... 
execution time: 207 seconds 

process 24 continues please wait... 
execution time: 181 seconds 

process 24 continues please wait... 
execution time: 203 seconds 

process 24 continues please wait... 
execution time: 236 seconds 

process 24 continues please wait... 
execution time: 200 seconds 

process 24 continues please wait... 
execution time: 154 seconds 

process 24 continues please wait... 
execution time: 241 seconds 

process 24 continues please wait... 
execution time: 222 seconds 

process 24 continues please wait... 
execution time: 205 seconds 

process 24 continues please wait... 
execution time: 253 seconds 

process 24 continues please wait... 
execution time: 149 seconds 

process 24 continues please wait... 
execution time: 178 seconds 

process 24 continues please wait... 
execution time: 226 seconds 

process 24 continues please wait... 
execution time: 404 seconds 

process 24 continues please wait... 
execution time: 205 seconds 

process 24 continues please wait... 
execution time: 204 seconds 

process 24 continues please wait... 
execution time: 449 seconds 

process 24 continues please wait... 
execution time: 253 seconds 

process 24 continues please wait... 
execution time: 163 seconds 

process 24 continues please wait... 
execution time: 272 seconds 

process 24 continues please wait... 
execution time: 208 seconds 

process 24 continues please wait... 
execution time: 181 seconds 

process 24 continues please wait... 
execution time: 306 seconds 

process 24 continues please wait... 
execution time: 222 seconds 

process 24 continues please wait... 
execution time: 270 seconds 

process 24 continues please wait... 
execution time: 259 seconds 

process 24 continues please wait... 
execution time: 241 seconds 

process 24 continues please wait... 
execution time: 194 seconds 

process 24 continues please wait... 
execution time: 248 seconds 

process 24 continues please wait... 
execution time: 181 seconds 

process 24 continues please wait... 
execution time: 261 seconds 

process 24 continues please wait... 
execution time: 260 seconds 

process 24 continues please wait... 
execution time: 262 seconds 

process 24 continues please wait... 
execution time: 219 seconds 

process 24 continues please wait... 
execution time: 307 seconds 

process 24 continues please wait... 
execution time: 262 seconds 

process 24 continues please wait... 
execution time: 300 seconds 

process 24 continues please wait... 
execution time: 251 seconds 

process 24 continues please wait... 
execution time: 287 seconds 

process 24 continues please wait... 
execution time: 272 seconds 

process 24 continues please wait... 
execution time: 194 seconds 

process 24 continues please wait... 
execution time: 181 seconds 

process 24 continues please wait... 
execution time: 282 seconds 

process 24 continues please wait... 
execution time: 216 seconds 

process 24 continues please wait... 
execution time: 255 seconds 

process 24 continues please wait... 
execution time: 261 seconds 

process 24 continues please wait... 
execution time: 337 seconds 

process 24 continues please wait... 
execution time: 271 seconds 

process 24 continues please wait... 
execution time: 336 seconds 

process 24 continues please wait... 
execution time: 423 seconds 

process 24 continues please wait... 
execution time: 272 seconds 

process 24 continues please wait... 
execution time: 368 seconds 

process 24 continues please wait... 
execution time: 182 seconds 

process 24 continues please wait... 
execution time: 548 seconds 

process 24 continues please wait... 
execution time: 240 seconds 

process 24 continues please wait... 
execution time: 269 seconds 

process 24 continues please wait... 
execution time: 245 seconds 

process 24 continues please wait... 
execution time: 279 seconds 

process 24 continues please wait... 
execution time: 223 seconds 

process 24 continues please wait... 
execution time: 224 seconds 

process 24 continues please wait... 
execution time: 271 seconds 

process 24 continues please wait... 
execution time: 306 seconds 

process 24 continues please wait... 
execution time: 245 seconds 

process 24 continues please wait... 
execution time: 344 seconds 

process 24 continues please wait... 
execution time: 181 seconds 

process 24 continues please wait... 
execution time: 464 seconds 

process 24 continues please wait... 
execution time: 198 seconds 

process 24 continues please wait... 
execution time: 282 seconds 

process 24 continues please wait... 
execution time: 233 seconds 

process 24 continues please wait... 
execution time: 414 seconds 

process 24 continues please wait... 
execution time: 240 seconds 

process 24 continues please wait... 
execution time: 431 seconds 

process 24 continues please wait... 
execution time: 245 seconds 

process 24 continues please wait... 
execution time: 345 seconds 

Time taken to collect 100 iterations for 24 signatures is 733.48 seconds
Optimization time is 2.2290167808532715 seconds
The reconstruction error is 0.0652, average process stability is 0.78 and 
the minimum process stability is -0.38 for 24 signatures


Extracting signature 25 for mutation type 96
The matrix normalizing cutoff is 13685


process 25 continues please wait... 
execution time: 394 seconds 

process 25 continues please wait... 
execution time: 391 seconds 

process 25 continues please wait... 
execution time: 398 seconds 

process 25 continues please wait... 
execution time: 395 seconds 

process 25 continues please wait... 
execution time: 412 seconds 

process 25 continues please wait... 
execution time: 403 seconds 

process 25 continues please wait... 
execution time: 404 seconds 

process 25 continues please wait... 
execution time: 405 seconds 

process 25 continues please wait... 
execution time: 420 seconds 

process 25 continues please wait... 
execution time: 423 seconds 

process 25 continues please wait... 
execution time: 237 seconds 

process 25 continues please wait... 
execution time: 192 seconds 

process 25 continues please wait... 
execution time: 220 seconds 

process 25 continues please wait... 
execution time: 206 seconds 

process 25 continues please wait... 
execution time: 476 seconds 

process 25 continues please wait... 
execution time: 479 seconds 

process 25 continues please wait... 
execution time: 435 seconds 

process 25 continues please wait... 
execution time: 209 seconds 

process 25 continues please wait... 
execution time: 290 seconds 

process 25 continues please wait... 
execution time: 437 seconds 

process 25 continues please wait... 
execution time: 239 seconds 

process 25 continues please wait... 
execution time: 262 seconds 

process 25 continues please wait... 
execution time: 472 seconds 

process 25 continues please wait... 
execution time: 506 seconds 

process 25 continues please wait... 
execution time: 281 seconds 

process 25 continues please wait... 
execution time: 245 seconds 

process 25 continues please wait... 
execution time: 253 seconds 

process 25 continues please wait... 
execution time: 259 seconds 

process 25 continues please wait... 
execution time: 294 seconds 

process 25 continues please wait... 
execution time: 199 seconds 

process 25 continues please wait... 
execution time: 284 seconds 

process 25 continues please wait... 
execution time: 275 seconds 

process 25 continues please wait... 
execution time: 234 seconds 

process 25 continues please wait... 
execution time: 332 seconds 

process 25 continues please wait... 
execution time: 501 seconds 

process 25 continues please wait... 
execution time: 269 seconds 

process 25 continues please wait... 
execution time: 300 seconds 

process 25 continues please wait... 
execution time: 501 seconds 

process 25 continues please wait... 
execution time: 195 seconds 

process 25 continues please wait... 
execution time: 403 seconds 

process 25 continues please wait... 
execution time: 224 seconds 

process 25 continues please wait... 
execution time: 369 seconds 

process 25 continues please wait... 
execution time: 342 seconds 

process 25 continues please wait... 
execution time: 268 seconds 

process 25 continues please wait... 
execution time: 233 seconds 

process 25 continues please wait... 
execution time: 299 seconds 

process 25 continues please wait... 
execution time: 221 seconds 

process 25 continues please wait... 
execution time: 339 seconds 

process 25 continues please wait... 
execution time: 362 seconds 

process 25 continues please wait... 
execution time: 210 seconds 

process 25 continues please wait... 
execution time: 265 seconds 

process 25 continues please wait... 
execution time: 312 seconds 

process 25 continues please wait... 
execution time: 339 seconds 

process 25 continues please wait... 
execution time: 296 seconds 

process 25 continues please wait... 
execution time: 580 seconds 

process 25 continues please wait... 
execution time: 232 seconds 

process 25 continues please wait... 
execution time: 348 seconds 

process 25 continues please wait... 
execution time: 306 seconds 

process 25 continues please wait... 
execution time: 295 seconds 

process 25 continues please wait... 
execution time: 310 seconds 

process 25 continues please wait... 
execution time: 362 seconds 

process 25 continues please wait... 
execution time: 339 seconds 

process 25 continues please wait... 
execution time: 332 seconds 

process 25 continues please wait... 
execution time: 325 seconds 

process 25 continues please wait... 
execution time: 360 seconds 

process 25 continues please wait... 
execution time: 379 seconds 

process 25 continues please wait... 
execution time: 325 seconds 

process 25 continues please wait... 
execution time: 310 seconds 

process 25 continues please wait... 
execution time: 394 seconds 

process 25 continues please wait... 
execution time: 388 seconds 

process 25 continues please wait... 
execution time: 360 seconds 

process 25 continues please wait... 
execution time: 337 seconds 

process 25 continues please wait... 
execution time: 420 seconds 

process 25 continues please wait... 
execution time: 354 seconds 

process 25 continues please wait... 
execution time: 277 seconds 

process 25 continues please wait... 
execution time: 297 seconds 

process 25 continues please wait... 
execution time: 531 seconds 

process 25 continues please wait... 
execution time: 223 seconds 

process 25 continues please wait... 
execution time: 892 seconds 

process 25 continues please wait... 
execution time: 221 seconds 

process 25 continues please wait... 
execution time: 431 seconds 

process 25 continues please wait... 
execution time: 263 seconds 

process 25 continues please wait... 
execution time: 388 seconds 

process 25 continues please wait... 
execution time: 350 seconds 

process 25 continues please wait... 
execution time: 340 seconds 

process 25 continues please wait... 
execution time: 221 seconds 

process 25 continues please wait... 
execution time: 473 seconds 

process 25 continues please wait... 
execution time: 309 seconds 

process 25 continues please wait... 
execution time: 310 seconds 

process 25 continues please wait... 
execution time: 355 seconds 

process 25 continues please wait... 
execution time: 266 seconds 

process 25 continues please wait... 
execution time: 379 seconds 

process 25 continues please wait... 
execution time: 394 seconds 

process 25 continues please wait... 
execution time: 366 seconds 

process 25 continues please wait... 
execution time: 434 seconds 

process 25 continues please wait... 
execution time: 291 seconds 

process 25 continues please wait... 
execution time: 545 seconds 

process 25 continues please wait... 
execution time: 282 seconds 

process 25 continues please wait... 
execution time: 351 seconds 

process 25 continues please wait... 
execution time: 660 seconds 

Time taken to collect 100 iterations for 25 signatures is 1119.2 seconds
Optimization time is 2.3698313236236572 seconds
The reconstruction error is 0.0601, average process stability is 0.76 and 
the minimum process stability is -0.47 for 25 signatures


Extracting signature 26 for mutation type 96
The matrix normalizing cutoff is 13685


process 26 continues please wait... 
execution time: 475 seconds 

process 26 continues please wait... 
execution time: 484 seconds 

process 26 continues please wait... 
execution time: 485 seconds 

process 26 continues please wait... 
execution time: 495 seconds 

process 26 continues please wait... 
execution time: 497 seconds 

process 26 continues please wait... 
execution time: 270 seconds 

process 26 continues please wait... 
execution time: 266 seconds 

process 26 continues please wait... 
execution time: 302 seconds 

process 26 continues please wait... 
execution time: 252 seconds 

process 26 continues please wait... 
execution time: 363 seconds 

process 26 continues please wait... 
execution time: 194 seconds 

process 26 continues please wait... 
execution time: 541 seconds 

process 26 continues please wait... 
execution time: 564 seconds 

process 26 continues please wait... 
execution time: 549 seconds 

process 26 continues please wait... 
execution time: 568 seconds 

process 26 continues please wait... 
execution time: 298 seconds 

process 26 continues please wait... 
execution time: 287 seconds 

process 26 continues please wait... 
execution time: 569 seconds 

process 26 continues please wait... 
execution time: 285 seconds 

process 26 continues please wait... 
execution time: 297 seconds 

process 26 continues please wait... 
execution time: 435 seconds 

process 26 continues please wait... 
execution time: 156 seconds 

process 26 continues please wait... 
execution time: 612 seconds 

process 26 continues please wait... 
execution time: 619 seconds 

process 26 continues please wait... 
execution time: 598 seconds 

process 26 continues please wait... 
execution time: 599 seconds 

process 26 continues please wait... 
execution time: 312 seconds 

process 26 continues please wait... 
execution time: 295 seconds 

process 26 continues please wait... 
execution time: 318 seconds 

process 26 continues please wait... 
execution time: 359 seconds 

process 26 continues please wait... 
execution time: 677 seconds 

process 26 continues please wait... 
execution time: 362 seconds 

process 26 continues please wait... 
execution time: 246 seconds 

process 26 continues please wait... 
execution time: 287 seconds 

process 26 continues please wait... 
execution time: 400 seconds 

process 26 continues please wait... 
execution time: 412 seconds 

process 26 continues please wait... 
execution time: 276 seconds 

process 26 continues please wait... 
execution time: 587 seconds 

process 26 continues please wait... 
execution time: 687 seconds 

process 26 continues please wait... 
execution time: 611 seconds 

process 26 continues please wait... 
execution time: 422 seconds 

process 26 continues please wait... 
execution time: 273 seconds 

process 26 continues please wait... 
execution time: 408 seconds 

process 26 continues please wait... 
execution time: 290 seconds 

process 26 continues please wait... 
execution time: 233 seconds 

process 26 continues please wait... 
execution time: 415 seconds 

process 26 continues please wait... 
execution time: 714 seconds 

process 26 continues please wait... 
execution time: 404 seconds 

process 26 continues please wait... 
execution time: 252 seconds 

process 26 continues please wait... 
execution time: 284 seconds 

process 26 continues please wait... 
execution time: 385 seconds 

process 26 continues please wait... 
execution time: 284 seconds 

process 26 continues please wait... 
execution time: 454 seconds 

process 26 continues please wait... 
execution time: 472 seconds 

process 26 continues please wait... 
execution time: 270 seconds 

process 26 continues please wait... 
execution time: 268 seconds 

process 26 continues please wait... 
execution time: 474 seconds 

process 26 continues please wait... 
execution time: 265 seconds 

process 26 continues please wait... 
execution time: 428 seconds 

process 26 continues please wait... 
execution time: 223 seconds 

process 26 continues please wait... 
execution time: 205 seconds 

process 26 continues please wait... 
execution time: 360 seconds 

process 26 continues please wait... 
execution time: 269 seconds 

process 26 continues please wait... 
execution time: 516 seconds 

process 26 continues please wait... 
execution time: 363 seconds 

process 26 continues please wait... 
execution time: 463 seconds 

process 26 continues please wait... 
execution time: 296 seconds 

process 26 continues please wait... 
execution time: 407 seconds 

process 26 continues please wait... 
execution time: 329 seconds 

process 26 continues please wait... 
execution time: 523 seconds 

process 26 continues please wait... 
execution time: 703 seconds 

process 26 continues please wait... 
execution time: 391 seconds 

process 26 continues please wait... 
execution time: 482 seconds 

process 26 continues please wait... 
execution time: 454 seconds 

process 26 continues please wait... 
execution time: 470 seconds 

process 26 continues please wait... 
execution time: 422 seconds 

process 26 continues please wait... 
execution time: 504 seconds 

process 26 continues please wait... 
execution time: 238 seconds 

process 26 continues please wait... 
execution time: 475 seconds 

process 26 continues please wait... 
execution time: 405 seconds 

process 26 continues please wait... 
execution time: 333 seconds 

process 26 continues please wait... 
execution time: 421 seconds 

process 26 continues please wait... 
execution time: 313 seconds 

process 26 continues please wait... 
execution time: 739 seconds 

process 26 continues please wait... 
execution time: 282 seconds 

process 26 continues please wait... 
execution time: 468 seconds 

process 26 continues please wait... 
execution time: 373 seconds 

process 26 continues please wait... 
execution time: 392 seconds 

process 26 continues please wait... 
execution time: 444 seconds 

process 26 continues please wait... 
execution time: 320 seconds 

process 26 continues please wait... 
execution time: 381 seconds 

process 26 continues please wait... 
execution time: 385 seconds 

process 26 continues please wait... 
execution time: 322 seconds 

process 26 continues please wait... 
execution time: 528 seconds 

process 26 continues please wait... 
execution time: 326 seconds 

process 26 continues please wait... 
execution time: 542 seconds 

process 26 continues please wait... 
execution time: 445 seconds 

process 26 continues please wait... 
execution time: 497 seconds 

process 26 continues please wait... 
execution time: 383 seconds 

process 26 continues please wait... 
execution time: 558 seconds 

Time taken to collect 100 iterations for 26 signatures is 946.51 seconds
Optimization time is 2.2491419315338135 seconds
The reconstruction error is 0.0602, average process stability is 0.73 and 
the minimum process stability is -0.36 for 26 signatures



 Denovo Fitting .....
|| 540/540 [100%] in 1:17.0 (7.01/s) 

 Decomposing De Novo Signatures  .....
Decompositon Plot:SBS96A || 1/1 [100%] in 0.0s (19507.95/s) 
Decompositon Plot:SBS96B || 1/1 [100%] in 0.0s (17061.67/s) 
Decompositon Plot:SBS96C || 1/1 [100%] in 0.0s (18271.17/s) 
Decompositon Plot:SBS96D || 1/1 [100%] in 0.0s (19131.09/s) 
Decompositon Plot:SBS96E || 1/1 [100%] in 0.0s (18046.92/s) 
Decompositon Plot:SBS96F || 1/1 [100%] in 0.0s (15588.25/s) 
Decompositon Plot:SBS96G || 1/1 [100%] in 0.0s (17749.05/s) 
Decompositon Plot:SBS96H || 1/1 [100%] in 0.0s (17442.62/s) 
Decompositon Plot:SBS96I || 1/1 [100%] in 0.0s (18171.60/s) 
Decompositon Plot:SBS96J || 1/1 [100%] in 0.0s (17949.77/s) 
Decompositon Plot:SBS96K || 1/1 [100%] in 0.0s (17885.93/s) 
Decompositon Plot:SBS96L || 1/1 [100%] in 0.0s (18247.88/s) 
Decompositon Plot:SBS96M || 1/1 [100%] in 0.0s (18066.50/s) 
Decompositon Plot:SBS96N || 1/1 [100%] in 0.0s (18388.75/s) 
Decompositon Plot:SBS96O || 1/1 [100%] in 0.0s (18030.70/s) 
Decompositon Plot:SBS96P || 1/1 [100%] in 0.0s (17315.69/s) 
Decompositon Plot:SBS96Q || 1/1 [100%] in 0.0s (16795.13/s) 
Decompositon Plot:SBS96R || 1/1 [100%] in 0.0s (14623.90/s) 

 Assigning decomposed signature
|| 540/540 [100%] in 1:21.0 (6.66/s) 


 
Your Job Is Successfully Completed! Thank You For Using SigProfiler Extractor.
 
