Loading required package: ICAMS
Loading required package: SynSigRun


===========================================


Begin running SignatureAnalyzer on data set Realistic using seed 145879...



===========================================


Error in RunSignatureAnalyzerOnFile(input.catalog = input.catalog, out.dir = out.dir,  : 
  ./SBS_2/raw_results/SignatureAnalyzer.results/Realistic/seed.145879/sa.run.1 already exits
Calls: system.time ... SignatureAnalyzerOneRun -> RunSignatureAnalyzerOnFile
In addition: Warning message:
In SynSigRun::SAMultiRunOneCatalog(num.runs = 20, signatureanalyzer.code.dir = SA_path,  :
  ./SBS_2/raw_results/SignatureAnalyzer.results/Realistic/seed.145879exists, overwriting
Timing stopped at: 0.163 0.023 0.251
Execution halted
Loading required package: ICAMS
Loading required package: SynSigRun
args: 1076753


===========================================


Begin running SignatureAnalyzer on data set Realistic using seed 1076753...



===========================================



 BestSignatureAnalyzerResult vector of K:
 sa.run.1 sa.run.10 sa.run.11 sa.run.12 sa.run.13 sa.run.14 sa.run.15 sa.run.16 
       61        62        61        64        64        63        63        63 
sa.run.17 sa.run.18 sa.run.19  sa.run.2 sa.run.20  sa.run.3  sa.run.4  sa.run.5 
       64        62        63        64        61        61        59        62 
 sa.run.6  sa.run.7  sa.run.8  sa.run.9 
       64        60        63        62 



 BestSignatureAnalyzerResult vector of evidence:
 sa.run.1 sa.run.10 sa.run.11 sa.run.12 sa.run.13 sa.run.14 sa.run.15 sa.run.16 
 85865.15  86891.95  85731.09  88505.10  88047.95  88032.54  86003.92  89412.79 
sa.run.17 sa.run.18 sa.run.19  sa.run.2 sa.run.20  sa.run.3  sa.run.4  sa.run.5 
 88969.86  87642.71  87302.38  88262.63  85407.20  85649.48  84023.05  87012.80 
 sa.run.6  sa.run.7  sa.run.8  sa.run.9 
 89707.53  84557.35  90968.75  87003.12 



 BestSignatureAnalyzerResult  most common numbers of extracted signatures: 63 64 


 BestSignatureAnalyzerResult evidences for most common Ks:
sa.run.12 sa.run.13 sa.run.14 sa.run.15 sa.run.16 sa.run.17 sa.run.19  sa.run.2 
 88505.10  88047.95  88032.54  86003.92  89412.79  88969.86  87302.38  88262.63 
 sa.run.6  sa.run.8 
 89707.53  90968.75 




===========================================


Begin running SignatureAnalyzer on data set Noiseless using seed 1076753...



===========================================



 BestSignatureAnalyzerResult vector of K:
 sa.run.1 sa.run.10 sa.run.11 sa.run.12 sa.run.13 sa.run.14 sa.run.15 sa.run.16 
       26        25        26        25        26        25        26        25 
sa.run.17 sa.run.18 sa.run.19  sa.run.2 sa.run.20  sa.run.3  sa.run.4  sa.run.5 
       25        25        26        26        25        25        25        25 
 sa.run.6  sa.run.7  sa.run.8  sa.run.9 
       25        25        25        26 



 BestSignatureAnalyzerResult vector of evidence:
 sa.run.1 sa.run.10 sa.run.11 sa.run.12 sa.run.13 sa.run.14 sa.run.15 sa.run.16 
-59235.99 -60578.27 -59235.73 -60639.56 -59236.43 -60578.23 -59235.80 -60612.53 
sa.run.17 sa.run.18 sa.run.19  sa.run.2 sa.run.20  sa.run.3  sa.run.4  sa.run.5 
-60640.97 -60639.41 -59232.42 -59236.17 -60631.11 -60628.19 -60635.82 -60639.40 
 sa.run.6  sa.run.7  sa.run.8  sa.run.9 
-60633.49 -60640.70 -60641.45 -59236.39 



 BestSignatureAnalyzerResult  most common numbers of extracted signatures: 25 


 BestSignatureAnalyzerResult evidences for most common Ks:
sa.run.10 sa.run.12 sa.run.14 sa.run.16 sa.run.17 sa.run.18 sa.run.20  sa.run.3 
-60578.27 -60639.56 -60578.23 -60612.53 -60640.97 -60639.41 -60631.11 -60628.19 
 sa.run.4  sa.run.5  sa.run.6  sa.run.7  sa.run.8 
-60635.82 -60639.40 -60633.49 -60640.70 -60641.45 


