Loading required package: ICAMS
Loading required package: SynSigRun


===========================================


Begin running SignatureAnalyzer on data set Realistic using seed 145879...



===========================================



 BestSignatureAnalyzerResult vector of K:
 sa.run.1 sa.run.10 sa.run.11 sa.run.12 sa.run.13 sa.run.14 sa.run.15 sa.run.16 
       62        62        61        62        59        60        63        63 
sa.run.17 sa.run.18 sa.run.19  sa.run.2 sa.run.20  sa.run.3  sa.run.4  sa.run.5 
       61        62        61        61        62        63        60        63 
 sa.run.6  sa.run.7  sa.run.8  sa.run.9 
       63        62        63        63 



 BestSignatureAnalyzerResult vector of evidence:
 sa.run.1 sa.run.10 sa.run.11 sa.run.12 sa.run.13 sa.run.14 sa.run.15 sa.run.16 
 87103.07  86556.61  85657.52  87827.72  85181.75  86763.50  87406.41  87700.72 
sa.run.17 sa.run.18 sa.run.19  sa.run.2 sa.run.20  sa.run.3  sa.run.4  sa.run.5 
 87804.60  88442.84  87031.43  86790.76  87281.92  87647.86  86640.56  87850.37 
 sa.run.6  sa.run.7  sa.run.8  sa.run.9 
 87558.34  87430.07  87722.31  91449.25 



 BestSignatureAnalyzerResult  most common numbers of extracted signatures: 63 


 BestSignatureAnalyzerResult evidences for most common Ks:
sa.run.15 sa.run.16  sa.run.3  sa.run.5  sa.run.6  sa.run.8  sa.run.9 
 87406.41  87700.72  87647.86  87850.37  87558.34  87722.31  91449.25 

Loading required package: ICAMS
Loading required package: SynSigRun
args: 145879


===========================================


Begin running SignatureAnalyzer on data set Noiseless using seed 145879...



===========================================



 BestSignatureAnalyzerResult vector of K:
 sa.run.1 sa.run.10 sa.run.11 sa.run.12 sa.run.13 sa.run.14 sa.run.15 sa.run.16 
       26        26        25        25        26        25        25        25 
sa.run.17 sa.run.18 sa.run.19  sa.run.2 sa.run.20  sa.run.3  sa.run.4  sa.run.5 
       26        25        25        25        25        26        25        25 
 sa.run.6  sa.run.7  sa.run.8  sa.run.9 
       25        25        25        25 



 BestSignatureAnalyzerResult vector of evidence:
 sa.run.1 sa.run.10 sa.run.11 sa.run.12 sa.run.13 sa.run.14 sa.run.15 sa.run.16 
-59230.25 -59239.78 -60639.08 -60639.42 -59186.67 -60638.76 -60639.04 -60639.16 
sa.run.17 sa.run.18 sa.run.19  sa.run.2 sa.run.20  sa.run.3  sa.run.4  sa.run.5 
-59239.53 -60634.79 -60638.92 -60639.37 -60637.25 -59236.43 -60639.56 -60638.48 
 sa.run.6  sa.run.7  sa.run.8  sa.run.9 
-60642.00 -60639.22 -60639.42 -60640.46 



 BestSignatureAnalyzerResult  most common numbers of extracted signatures: 25 


 BestSignatureAnalyzerResult evidences for most common Ks:
sa.run.11 sa.run.12 sa.run.14 sa.run.15 sa.run.16 sa.run.18 sa.run.19  sa.run.2 
-60639.08 -60639.42 -60638.76 -60639.04 -60639.16 -60634.79 -60638.92 -60639.37 
sa.run.20  sa.run.4  sa.run.5  sa.run.6  sa.run.7  sa.run.8  sa.run.9 
-60637.25 -60639.56 -60638.48 -60642.00 -60639.22 -60639.42 -60640.46 


