2022-06-22 21:46:38 running /apps/spack/opt/spack/linux-centos7-x86_64_v3/gcc-10.2.0/r-4.1.1-stoazpgh6taoehgncsokzcsmoxesfjdu/rlib/R/bin/exec/R --no-echo --no-restore --file=SBS/code/4e_SBS_NR_hdp_gamma_beta_20.R --args SBS/raw_results/4e_SBS_NR_hdp_gamma_beta_20 145879
2022-06-22 21:46:38 running on seed 145879
hdpx version 0.1.5.99
mSigHdp version 0.0.0.9019
Loading required package: ICAMS
Loading required package: hdpx
This is /data/rozen/home/gmssgr/R/x86_64-pc-linux-gnu-library/4.1 and hdpx v0.1.5.0099
Loading required package: mSigHdp
2022-06-22 21:46:49 starting analyses; output in subdir of SBS/raw_results/4e_SBS_NR_hdp_gamma_beta_20
2022-06-22 21:46:49SBS/raw_results/4e_SBS_NR_hdp_gamma_beta_20 already exists
2022-06-22 21:46:49 putting results in SBS/raw_results/4e_SBS_NR_hdp_gamma_beta_20/Realistic/seed.145879
2022-06-22 21:46:49 seed_in_use=145879


===========================================


Begin running mSigHdp on data set Realistic using seed 145879...



===========================================


Runing run.setup.and.posterior on 1145879
Reading input catalog file ./SBS/input/Realistic/ground.truth.syn.catalog.csv
Runing run.setup.and.posterior on 2145879
Reading input catalog file ./SBS/input/Realistic/ground.truth.syn.catalog.csv
Runing run.setup.and.posterior on 3145879
Reading input catalog file ./SBS/input/Realistic/ground.truth.syn.catalog.csv
Runing run.setup.and.posterior on 4145879
Reading input catalog file ./SBS/input/Realistic/ground.truth.syn.catalog.csv
Runing run.setup.and.posterior on 5145879
Reading input catalog file ./SBS/input/Realistic/ground.truth.syn.catalog.csv
Runing run.setup.and.posterior on 6145879
Reading input catalog file ./SBS/input/Realistic/ground.truth.syn.catalog.csv
Runing run.setup.and.posterior on 8145879
Reading input catalog file ./SBS/input/Realistic/ground.truth.syn.catalog.csv
Runing run.setup.and.posterior on 9145879
Reading input catalog file ./SBS/input/Realistic/ground.truth.syn.catalog.csv
Guessed number of signatures (= Dirichlet process data clusters) = 46
Guessed number of signatures (= Dirichlet process data clusters) = 46
0 1 1 1 1 1 1 1 1 1 2 2 2 2 2 2 2 2 2 2 2 2 2 2 2 2 2 2 2 2 2 2 2 2 2 2 2 2 2 2 2 2 2 2 2 2 2 2 2 2 2 2 2 2 2 2 2 2 2 2 2 2 2 2 2 2 2 2 2 2 3 3 3 3 3 3 3 3 3 3 3 3 3 3 3 3 3 3 3 3 3 3 3 3 3 3 3 3 3 3 3 3 3 3 3 3 3 3 3 3 3 3 3 3 3 3 3 3 3 3 3 3 3 3 3 3 3 3 3 3 4 4 4 4 4 4 4 4 4 4 4 4 4 4 4 4 4 4 4 4 4 4 4 4 4 4 4 4 4 4 4 4 4 4 4 4 4 4 4 4 4 4 4 4 4 4 4 4 4 4 4 4 4 4 4 4 4 4 4 4 5 5 5 5 5 5 5 5 5 5 5 5 5 5 5 5 5 5 5 5 5 5 5 5 5 5 5 5 5 5 5 5 5 5 5 5 5 5 5 5 5 5 5 5 5 5 5 5 5 5 5 5 5 5 5 5 5 5 5 5 6 6 6 6 6 6 6 6 6 6 6 6 6 6 6 6 6 6 6 6 6 6 6 6 6 6 6 6 6 6 6 6 6 6 6 6 6 6 6 6 6 6 6 6 6 6 6 6 6 6 6 6 6 6 6 6 6 6 6 6 7 7 7 7 7 7 7 7 7 7 7 7 7 7 7 7 7 7 7 7 7 7 7 7 7 7 7 7 7 7 7 7 7 7 7 7 7 7 7 7 7 7 7 7 7 7 7 7 7 7 7 7 7 7 7 7 7 7 7 7 8 8 8 8 8 8 8 8 8 8 8 8 8 8 8 8 8 8 8 8 8 8 8 8 8 8 8 8 8 8 8 8 8 8 8 8 8 8 8 8 8 8 8 8 8 8 8 8 8 8 8 8 8 8 8 8 8 8 8 8 9 9 9 9 9 9 9 9 9 9 9 9 9 9 9 9 9 9 9 9 9 9 9 9 9 9 9 9 9 9 9 9 9 9 9 9 9 9 9 9 9 9 9 9 9 9 9 9 9 9 9 9 9 9 9 9 9 9 9 9 10 10 10 10 10 10 10 10 10 10 10 10 10 10 10 10 10 10 10 10 10 10 10 10 10 10 10 10 10 10 10 10 10 10 10 10 10 10 10 10 10 10 10 10 10 10 10 10 10 10 10 10 10 10 10 10 10 10 10 10 
calling hdp_init 2022-06-22 21:46:51
Guessed number of signatures (= Dirichlet process data clusters) = 46
Runing run.setup.and.posterior on 7145879
Reading input catalog file ./SBS/input/Realistic/ground.truth.syn.catalog.csv
0 1 1 1 1 1 1 1 1 1 2 2 2 2 2 2 2 2 2 2 2 2 2 2 2 2 2 2 2 2 2 2 2 2 2 2 2 2 2 2 2 2 2 2 2 2 2 2 2 2 2 2 2 2 2 2 2 2 2 2 2 2 2 2 2 2 2 2 2 2 3 3 3 3 3 3 3 3 3 3 3 3 3 3 3 3 3 3 3 3 3 3 3 3 3 3 3 3 3 3 3 3 3 3 3 3 3 3 3 3 3 3 3 3 3 3 3 3 3 3 3 3 3 3 3 3 3 3 3 3 4 4 4 4 4 4 4 4 4 4 4 4 4 4 4 4 4 4 4 4 4 4 4 4 4 4 4 4 4 4 4 4 4 4 4 4 4 4 4 4 4 4 4 4 4 4 4 4 4 4 4 4 4 4 4 4 4 4 4 4 5 5 5 5 5 5 5 5 5 5 5 5 5 5 5 5 5 5 5 5 5 5 5 5 5 5 5 5 5 5 5 5 5 5 5 5 5 5 5 5 5 5 5 5 5 5 5 5 5 5 5 5 5 5 5 5 5 5 5 5 6 6 6 6 6 6 6 6 6 6 6 6 6 6 6 6 6 6 6 6 6 6 6 6 6 6 6 6 6 6 6 6 6 6 6 6 6 6 6 6 6 6 6 6 6 6 6 6 6 6 6 6 6 6 6 6 6 6 6 6 7 7 7 7 7 7 7 7 7 7 7 7 7 7 7 7 7 7 7 7 7 7 7 7 7 7 7 7 7 7 7 7 7 7 7 7 7 7 7 7 7 7 7 7 7 7 7 7 7 7 7 7 7 7 7 7 7 7 7 7 8 8 8 8 8 8 8 8 8 8 8 8 8 8 8 8 8 8 8 8 8 8 8 8 8 8 8 8 8 8 8 8 8 8 8 8 8 8 8 8 8 8 8 8 8 8 8 8 8 8 8 8 8 8 8 8 8 8 8 8 9 9 9 9 9 9 9 9 9 9 9 9 9 9 9 9 9 9 9 9 9 9 9 9 9 9 9 9 9 9 9 9 9 9 9 9 9 9 9 9 9 9 9 9 9 9 9 9 9 9 9 9 9 9 9 9 9 9 9 9 10 10 10 10 10 10 10 10 10 10 10 10 10 10 10 10 10 10 10 10 10 10 10 10 10 10 10 10 10 10 10 10 10 10 10 10 10 010  101  101  101  101  101  101  110  110  110  210  210  210  210  210  210  210  2 102  102  102  102  102 10  2
 2 2 2 2 2 2 2 2 2 2 2 2 2 2 2 2 2 2 2 2 2 2 2 2 2 2 2 2 2 2 2 2 2 2 2 2 2 2 2 2 2 2 2 2 2 2 3 3 3 3 3 3 3 3 3 3 3 3 3 3 3 3 3 3 3 3 3 3 3 3 3 3 3 3 3 3 3 3 3 3 3 3 3 3 3 3 3 3 3 3 3 3 3 3 3 3 3 3 3 3 3 3 3 3 3 3 4 4 4 4 4 4 4 4 4 4 4 4 4 4 4 4 4 4 4 4 4 4 4 4 4 4 4 4 4 4 4 4 4 4 4 4 4 4 4 4 4 4 4 4 4 4 4 4 4 4 4 4 4 4 4 4 4 4 4 4 5 5 5 5 5 5 5 5 5 5 5 5 5 5 5 5 5 5 5 5 5 5 5 5 5 5 5 5 5 5 5 5 5 5 5 5 5 5 5 5 5 5 5 5 5 5 5 5 5 5 5 5 5 5 5 5 5 5 5 5 6 6 6 6 6 6 6 6 6 6 6 6 6 6 6 6 6 6 6 6 6 6calling hdp_init 2022-06-22 21:46:51
 6 6 6 6 6 6 6 6 6 6 6 6 6 6 6 6 6 6 6 6 6 6 6 6 6 6 6 6 6 6 6 6 6 6 6 6 6 6 7 7 7 7 7 7 7 7 7 7 7 7 7 7 7 7 7 7 7 7 7 7 7 7 7 7 7 7 7 7 7 7 7 7 7 7 7 7 7 7 7 7 7 7 7 7 7 7 7 7 7 7 7 7 7 7 7 7 7 7 8 8 8 8 8 8 8 8 8 8 8 8 8 8 8 8 8 8 8 8 8 8 8 8 8 8 8 8 8 8 8 8 8 8 8 8 8 8 8 8 8 8 8 8 8 8 8 8 8 8 8 8 8 8 8 8 8 8 8 8 9 9 9 9 9 9 9 9 9 9 9 9 9 9 9 9 9 9 9 9 9 9 9 9 9 9 9 9 9 9 9 9 9 9 9 9 9 9 9 9 9 9 9 9 9 9 9 9 9 9 9 9 9 9 9 9 9 9 9 9 10 10 10 10 10 10 10 10 10 10 10 10 10 10 10 10 10 10 10 10 10 10 10 10 10 10 10 10 10 10 10 10 10 10 10 10 10 10 10 10 10 10 10 10 10 10 10 10 10 10 10 10 10 10 10 10 10 10 10 10 
calling hdp_init 2022-06-22 21:46:51
Runing run.setup.and.posterior on 11145879
Guessed number of signatures (= Dirichlet process data clusters) = 46
Reading input catalog file ./SBS/input/Realistic/ground.truth.syn.catalog.csv
Guessed number of signatures (= Dirichlet process data clusters) = 46
Runing run.setup.and.posterior on 10145879
0 1 1 1 1 1 1 1 1 1 2 2 2 2 2 2 2 2 2 2 2 2 2 2 2 2 2 2 2 2 2 2 2 2 2 2 2 2 2 2 2 2 2 2 2 2 2 2 2 2 2 2 2 2 2 2 2 2 2 2 2 2 2 2 2 2 2 2 2 2 3 3 3 3 3 3 3 3 3 3 3 3 3 3 3 3 3 3 3 3 3 3 3 3 3 3 3 3 3 3 3 3 3 3 3 3 3 3 3 3 3 3 3 3 3 3 3 3 3 3 3 3 3 3 3 3 3 3 3 3 4 4 4 4 4 4 4 4 4 4 4 4 4 4 4 4 4 4 4 4 4 4 4 4 4 4 4 4 4 4 4 4 4 4 4 4 4 4 4 4 4 4 4 4 4 4 4 4 4 4 4 4 4 4 4 4 4 4 4 4 5 5 5 5 5 5 5 5 5 5 5 5 5 5 5 5 5 5 5 5 5 5 5 5 5 5 5 5 5 5 5 5 5 5 5 5 5 5 5 5 5 5 5 5 5 5 5 5 5 5 5 5 5 5 5 5 5 5 5 5 6 6 6 6 6 6 6 6 6 6 6 6 6 6 6 6 6 6 6 6 6 6 6 6 6 6 6 6 6 6 6 6 6 6 6 6 6 6 6 6 6 6 6 6 6 6 6 6 6 6 6 6 6 6 6 6 6 6 6 6 7 7 7 7 7 7 7 7 7 7 7 7 7 7 7 7 7 7 7 7 7 7 7 7 7 7 7 7 7 7 7 7 7 7 7 7 7 7 7 7 7 7 7 7 7 7 7 7 7 7 7 7 7 7 7 7 7 7 7 7 8 8 8 8 8 8 8 8 8 8 8 8 8 8 8 8 8 8 8 8 8 8 8 8 8 8 8 8 8 8 8 8 8 8 8 8 8 8 8 8 8 8 8 8 8 8 8 8 8 8 8 8 8 8 8 8 8 8 8 8 9 9 9 9 9 9 9 9 9 9 9 9 9 9 9 9 9 9 9 9 9 9 9 9 9 9 9 9 9 9 9 9 9 9 9 9 9 9 9 9 9 9 9 9 9 9 9 9 9 9 9 9 9 9 9 9 9 9 9 9 10 10 10 10 10 10 10 10 10 10 10 10 10 10 10 10 10 10 10 10 10 10 10 10 10 10 10 10 10 10 10 10 10 10 10 10 10 10 10 10 10 10 10 10 10 10 10 10 10 10 10 10 10 10 10 10 10 10 10 10 
calling hdp_init 2022-06-22 21:46:51
Reading input catalog file ./SBS/input/Realistic/ground.truth.syn.catalog.csv
0 1 1 1 1 1 1 1 1 1 2 2 2 2 2 2 2 2 2 2 2 2 2 2 2 2 2 2 2 2 2 2 2 2 2 2 2 2 2 2 2 2 2 2 2 2 2 2 2 2 2 2 2 2 2 2 2 2 2 2 2 2 2 2 2 2 2 2 2 2 3 3 3 3 3 3 3 3 3 3 3 3 3 3 3 3 3 3 3 3 3 3 3 3 3 3 3 3 3 3 3 3 3 3 3 3 3 3 3 3 3 3 3 3 3 3 3 3 3 3 3 3 3 3 3 3 3 3 3 3 4 4 4 4 4 4 4 4 4 4 4 4 4 4 4 4 4 4 4 4 4 4 4 4 4 4 4 4 4 4 4 4 4 4 4 4 4 4 4 4 4 4 4 4 4 4 4 4 4 4 4 4 4 4 4 4 4 4 4 4 5 5 5 5 5 5 5 5 5 5 5 5 5 5 5 5 5 5 5 5 5 5 5 5 5 5 5 5 5 5 5 5 5 5 5 5 5 5 5 5 5 5 5 5 5 5 5 5 5 5 5 5 5 5 5 5 5 5 5 5 6 6 6 6 6 6 6 6 6 6 6 6 6 6 6 6 6 6 6 6 6 6 6 6 6 6 6 6 6 6 6 6 6 6 6 6 6 6 6 6 6 6 6 6 6 6 6 6 6 6 6 6 6 6 6 6 6 6 6 6 7 7 7 7 7 7 7 7 7 7 7 7 7 7 7 7 7 7 7 7 7 7 7 7 7 7 7 7 7 7 7 7 7 7 7 7 7 7 7 7 7 7 7 7 7 7 7 7 7 7 7 7 7 7 7 7 7 7 7 7 8 8 8 8 8 8 8 8 8 8 8 8 8 8 8 8 8 8 8 8 8 8 8 8 8 8 8 8 8 8 8 8 8 8 8 8 8 8 8 8 8 8 8 8 8 8 8 8 8 8 8 8 8 8 8 8 8 8 8 8 9 9 9 9 9 9 9 9 9 9 9 9 9 9 9 9 9 9 9 9 9 9 9 9 9 9 9 9 9 9 9 9 9 9 9 9 9 9 9 9 9 9 9 9 9 9 9 9 9 9 9 9 9 9 9 9 9 9 9 9 10 10 10 10 10 10 10 10 10 10 10 10 10 10 10 10 10 10 10 10 10 10 10 10 10 10 10 10 10 10 10 10 10 10 10 10 10 10 10 10 10 10 10 10 10 10 10 10 10 10 10 10 10 10 10 10 10 10 10 10 
calling hdp_init 2022-06-22 21:46:51
Guessed number of signatures (= Dirichlet process data clusters) = 46
Guessed number of signatures (= Dirichlet process data clusters) = 46
0 1 1 1 1 1 1 1 1 1 2 2 2 2 2 2 2 2 2 2 2 2 2 2 2 2 2 2 2 2 2 2 2 2 2 2 2 2 2 2 2 2 2 2 2 2 2 2 2 2 2 2 2 2 2 2 2 2 2 2 2 2 2 2 2 2 2 2 2 2 3 3 3 3 3 3 3 3 3 3 3 3 3 3 3 3 3 3 3 3 3 3 3 3 3 3 3 3 3 3 3 3 3 3 3 3 3 3 3 3 3 3 3 3 3 3 3 3 3 3 3 3 3 3 3 3 3 3 3 3 4 4 4 4 4 4 4 4 4 4 4 4 4 4 4 4 4 4 4 4 4 4 4 4 4 4 4 4 4 4 4 4 4 4 4 4 4 4 4 4 4 4 4 4 4 4 4 4 4 4 4 4 4 4 4 4 4 4 4 4 5 5 5 5 5 5 5 5 5 5 5 5 5 5 5 5 5 5 5 5 5 5 5 5 5 5 5 5 5 5 5 5 5 5 5 5 5 5 5 5 5 5 5 5 5 5 5 5 5 5 5 5 5 5 5 5 5 5 5 5 6 6 6 6 6 6 6 6 6 6 6 6 6 6 6 6 6 6 6 6 6 6 6 6 6 6 6 6 6 6 6 6 6 6 6 6 6 6 6 6 6 6 6 6 6 6 6 6 6 6 6 6 6 6 6 6 6 6 6 6 7 7 7 7 7 7 7 7 7 7 7 7 7 7 7 7 7 7 7 7 7 7 7 7 7 7 7 7 7 7 7 7 7 7 7 7 7 7 7 7 7 7 7 7 7 7 7 7 7 7 7 7 7 7 7 7 7 7 7 7 8 8 8 8 8 8 8 8 8 8 8 8 8 8 8 8 8 8 8 8 8 8 8 8 8 8 8 8 8 8 8 8 8 8 8 8 8 8 8 8 8 8 8 8 8 8 8 8 8 8 8 8 8 8 8 8 8 8 8 8 9 9 9 9 9 9 9 9 9 9 9 9 9 9 9 9 9 9 9 9 9 9 9 9 9 9 9 9 9 9 9 9 9 9 9 9 9 9 9 9 9 9 9 9 9 9 9 9 9 9 9 9 9 9 9 9 9 9 9 9 10 10 10 10 10 10 10 10 10 10 10 10 10 10 10 10 10 10 10 10 10 10 10 10 10 10 10 10 10 10 10 10 10 10 10 10 10 10 10 10 10 10 10 10 10 10 10 10 10 10 10 10 10 10 10 10 10 10 10 10 
calling hdp_init 2022-06-22 21:46:51
Guessed number of signatures (= Dirichlet process data clusters) = 46
0 1 1 1 1 1 1 1 1 1 2 2 2 2 2 2 2 2 2 2 2 2 2 2 2 2 2 2 2 2 2 2 2 2 2 2 2 2 2 2 2 2 2 2 2 2 2 2 2 2 2 2 2 2 2 2 2 2 2 2 2 2 2 2 2 2 2 2 2 2 3 3 3 3 3 3 3 3 3 3 3 3 3 3 3 3 3 3 3 3 3 3 3 3 3 3 3 3 3 3 3 3 3 3 3 3 3 3 3 3 3 3 3 3 3 3 3 3 3 3 3 3 3 3 3 3 3 3 3 3 4 4 4 4 4 4 4 4 4 4 4 4 4 4 4 4 4 4 4 4 4 4 4 4 4 4 4 4 4 4 4 4 4 4 4 4 4 4 4 4 4 4 4 4 4 4 4 4 4 4 4 4 4 4 4 4 4 4 4 4 5 5 5 5 5 5 5 5 5 5 5 5 5 5 5 5 5 5 5 5 5 5 5 5 5 5 5 5 5 5 5 5 5 5 5 5 5 5 5 5 5 5 5 5 5 5 5 5 5 5 5 5 5 5 5 5 5 5 5 5 6 6 6 6 6 6 6 6 6 6 6 6 6 6 6 6 6 6 6 6 6 6 6 6 6 6 6 6 6 6 6 6 6 6 6 6 6 6 6 6 6 6 6 6 6 6 6 6 6 6 6 6 6 6 6 6 6 6 6 6 7 7 7 7 7 7 7 7 7 7 7 7 7 7 7 7 7 7 7 7 7 7 7 7 7 7 7 7 7 7 7 7 7 7 7 7 7 7 7 7 7 7 7 7 7 7 7 7 7 7 7 7 7 7 7 7 7 7 7 7 8 8 8 8 8 8 8 8 8 8 8 8 8 8 8 8 8 8 8 8 8 8 8 8 8 8 8 8 8 8 8 8 8 8 8 8 8 8 8 8 8 8 8 8 8 8 8 8 8 8 8 8 8 8 8 8 8 8 8 8 9 9 9 9 9 9 9 9 9 9 9 9 9 9 9 9 9 9 9 9 9 9 9 9 9 9 9 9 9 9 9 9 9 9 9 9 9 9 9 9 9 9 9 9 9 9 9 9 9 9 9 9 9 9 9 9 9 9 9 9 10 10 10 10 10 10 10 10 10 10 10 10 10 10 10 10 10 10 10 10 10 10 10 10 10 10 10 10 10 10 10 10 10 10 10 10 10 10 10 10 10 10 10 10 10 10 10 10 10 10 10 10 10 10 10 10 10 10 10 10 
calling hdp_init 2022-06-22 21:46:51
0 1 1 1 1 1 1 1 1 1 2 2 2 2 2 2 2 2 2 2 2 2 2 2 2 2 2 2 2 2 2 2 2 2 2 2 2 2 2 2 2 2 2 2 2 2 2 2 2 2 2 2 2 2 2 2 2 2 2 2 2 2 2 2 2 2 2 2 2 2 3 3 3 3 3 3 3 3 3 3 3 3 3 3 3 3 3 3 3 3 3 3 3 3 3 3 3 3 3 3 3 3 3 3 3 3 3 3 3 3 3 3 3 3 3 3 3 3 3 3 3 3 3 3 3 3 3 3 3 3 4 4 4 4 4 4 4 4 4 4 4 4 4 4 4 4 4 4 4 4 4 4 4 4 4 4 4 4 4 4 4 4 4 4 4 4 4 4 4 4 4 4 4 4 4 4 4 4 4 4 4 4 4 4 4 4 4 4 4 4 5 5 5 5 5 5 5 5 5 5 5 5 5 5 5 5 5 5 5 5 5 5 5 5 5 5 5 5 5 5 5 5 5 5 5 5 5 5 5 5 5 5 5 5 5 5 5 5 5 5 5 5 5 5 5 5 5 5 5 5 6 6 6 6 6 6 6 6 6 6 6 6 6 6 6 6 6 6 6 6 6 6 6 6 6 6 6 6 6 6 6 6 6 6 6 6 6 6 6 6 6 6 6 6 6 6 6 6 6 6 6 6 6 6 6 6 6 6 6 6 7 7 7 7 7 7 7 7 7 7 7 7 7 7 7 7 7 7 7 7 7 7 7 7 7 7 7 7 7 7 7 7 7 7 7 7 7 7 7 7 7 7 7 7 7 7 7 7 7 7 7 7 7 7 7 7 7 7 7 7 8 8 8 8 8 8 8 8 8 8 8 8 8 8 8 8 8 8 8 8 8 8 8 8 8 8 8 8 8 8 8 8 8 8 8 8 8 8 8 8 8 8 8 8 8 8 8 8 8 8 8 8 8 8 8 8 8 8 8 8 9 9 9 9 9 9 9 9 9 9 9 9 9 9 9 9 9 9 9 9 9 9 9 9 9 9 9 9 9 9 9 9 9 9 9 9 9 9 9 9 9 9 9 9 9 9 9 9 9 9 9 9 9 9 9 9 9 9 9 9 10 10 10 10 10 10 10 10 10 10 10 10 10 10 10 10 10 10 10 10 10 10 10 10 10 10 10 10 10 10 10 10 10 10 10 10 10 10 10 10 10 10 10 10 10 10 10 10 10 10 10 10 10 10 10 10 10 10 10 10 
calling hdp_init 2022-06-22 21:46:51
Guessed number of signatures (= Dirichlet process data clusters) = 46
Runing run.setup.and.posterior on 12145879
Reading input catalog file ./SBS/input/Realistic/ground.truth.syn.catalog.csv
0 1 1 1 1 1 1 1 1 1 2 2 2 2 2 2 2 2 2 2 2 2 2 2 2 2 2 2 2 2 2 2 2 2 2 2 2 2 2 2 2 2 2 2 2 2 2 2 2 2 2 2 2 2 2 2 2 2 2 2 2 2 2 2 2 2 2 2 2 2 3 3 3 3 3 3 3 3 3 3 3 3 3 3 3 3 3 3 3 3 3 3 3 3 3 3 3 3 3 3 3 3 3 3 3 3 3 3 3 3 3 3 3 3 3 3 3 3 3 3 3 3 3 3 3 3 3 3 3 3 4 4 4 4 4 4 4 4 4 4 4 4 4 4 4 4 4 4 4 4 4 4 4 4 4 4 4 4 4 4 4 4 4 4 4 4 4 4 4 4 4 4 4 4 4 4 4 4 4 4 4 4 4 4 4 4 4 4 4 4 5 5 5 5 5 5 5 5 5 5 5 5 5 5 5 5 5 5 5 5 5 5 5 5 5 5 5 5 5 5 5 5 5 5 Runing run.setup.and.posterior on 14145879
5 5 5 5 5 5 5 5 5 5 5 5 5 5 5 5 5 5 5 5 5 5 5 5 5 5 6 6 6 6 6 6 6 6 6 6 6 6 6 6 6 6 6 6 6 6 6 6 6 6 6 6 6 6 6 6 6 6 6 6 6 6 6 6 6 6 6 6 6 6 6 6 6 6 6 6 6 6 6 6 6 6 6 6 6 6 7 7 7 7 7 7 7 7 7 7 7 7 7 7 7 7 7 7 7 7 7 7 7 7 7 7 7 7 7 7 7 7 7 7 7 7 7 7 7 7 7 7 7 7 7 7 7 7 7 7 7 7 7 7 7 7 7 7 7 7 8 8 8 8 8 8 8 8 8 8 8 8 8 8 8 8 8 8 8 8 8 8 8 8 8 8 8 8 8 8 8 8 8 8 8 8 8 8 8 8 8 8 8 8 8 8 8 8 8 8 8 8 8 8 8 8 8 8 8 8 9 9 9 9 9 9 9 9 9 9 9 9 9 9 9 9 9 9 9 9 9 9 9 9 9 9 9 9 9 9 9 9 9 9 9 9 9 9 9 9 9 9 9 9 9 9 9 9 9 9 9 9 9 9 9 9 9 9 9 9 10 10 10 10 10 10 10 10 10 10 10 10 10 10 10 10 10 10 10 10 10 10 10 10 10 10 10 10 10 10 10 10 10 10 10 10 10 10 10 10 10 10 10 10 10 10 10 10 10 10 10 10 10 10 10 10 10 10 10 10 
calling hdp_init 2022-06-22 21:46:51
Reading input catalog file ./SBS/input/Realistic/ground.truth.syn.catalog.csv
Guessed number of signatures (= Dirichlet process data clusters) = 46
0 1 1 1 1 1 1 1 1 1 2 2 2 2 2 2 2 2 2 2 2 2 2 2 2 2 2 2 2 2 2 2 2 2 2 2 2 2 2 2 2 2 2 2 2 2 2 2 2 2 2 2 2 2 2 2 2 2 2 2 2 2 2 2 2 2 2 2 2 2 3 3 3 3 3 3 3 3 3 3 3 3 3 3 3 3 3 3 3 3 3 3 3 3 3 3 3 3 3 3 3 3 3 3 3 3 3 3 3 3 3 3 3 3 3 3 3 3 3 3 3 3 3 3 3 3 3 3 3 3 4 4 4 4 4 4 4 4 4 4 4 4 4 4 4 4 4 4 4 4 4 4 4 4 4 4 4 4 4 4 4 4 4 4 4 4 4 4 4 4 4 4 4 4 4 4 4 4 4 4 4 4 4 4 4 4 4 4 4 4 5 5 5 5 5 5 5 5 5 5 5 5 5 5 5 5 5 5 5 5 5 5 5 5 5 5 5 5 5 5 5 5 5 5 5 5 5 5 5 5 5 5 5 5 5 5 5 5 5 5 5 5 5 5 5 5 5 5 5 5 6 6 6 6 6 6 6 6 6 6 6 6 6 6 6 6 6 6 6 6 6 6 6 6 6 6 6 6 6 6 6 6 6 6 6 6 6 6 6 6 6 6 6 6 6 6 6 6 6 6 6 6 6 6 6 6 6 6 6 6 7 7 7 7 7 7 7 7 7 7 7 7 7 7 7 7 7 7 7 7 7 7 7 7 7 7 7 7 7 7 7 7 7 7 7 7 7 7 7 7 7 7 7 7 7 7 7 7 7 7 7 7 7 7 7 7 7 7 7 7 8 8 8 8 8 8 8 8 8 8 8 8 8 8 8 8 8 8 8 8 8 8 8 8 8 8 8 8 8 8 8 8 8 8 8 8 8 8 8 8 8 8 8 8 8 8 8 8 8 8 8 8 8 8 8 8 8 8 8 8 9 9 9 9 9 9 9 9 9 9 9 9 9 9 9 9 9 9 9 9 9 9 9 9 9 9 9 9 9 9 9 9 9 9 9 9 9 9 9 9 9 9 9 9 9 9 9 9 9 9 9 9 9 9 9 9 9 9 9 9 10 10 10 10 10 10 10 10 10 10 10 10 10 10 10 10 10 10 10 10 10 10 10 10 10 10 10 10 10 10 10 10 10 10 10 10 10 10 10 10 10 10 10 10 10 10 10 10 10 10 10 10 10 10 10 10 10 10 10 10 
calling hdp_init 2022-06-22 21:46:51
Guessed number of signatures (= Dirichlet process data clusters) = 46
0 1 1 1 1 1 1 1 1 1 2 2 2 2 2 2 2 2 2 2 2 2 2 2 2 2 2 2 2 2 2 2 2 2 2 2 2 2 2 2 2 2 2 2 2 2 2 2 2 2 2 2 2 2 2 2 2 2 2 2 2 2 2 2 2 2 2 2 2 2 3 3 3 3 3 3 3 3 3 3 3 3 3 3 3 3 3 3 3 3 3 3 3 3 3 3 3 3 3 3 3 3 3 3 3 3 3 3 3 3 3 3 3 3 3 3 3 3 3 3 3 3 3 3 3 3 3 3 3 3 4 4 4 4 4 4 4 4 4 4 4 4 4 4 4 4 4 4 4 4 4 4 4 4 4 4 4 4 4 4 4 4 4 4 4 4 4 4 4 4 4 4 4 4 4 4 4 4 4 4 4 4 4 4 4 4 4 4 4 4 5 5 5 5 5 5 5 5 5 5 5 5 5 5 5 5 5 5 5 5 5 5 5 5 5 5 5 5 5 5 5 5 5 5 5 5 5 5 5 5 5 5 5 5 5 5 5 5 5 5 5 5 5 5 5 5 5 5 5 5 6 6 6 6 6 6 6 6 6 6 6 6 6 6 6 6 6 6 6 6 6 6 6 6 6 6 6 6 6 6 6 6 6 6 6 6 6 6 6 6 6 6 6 6 6 6 6 6 6 6 6 6 6 6 6 6 6 6 6 6 7 7 7 7 7 7 7 7 7 7 7 7 7 7 7 7 7 7 7 7 7 7 7 7 7 7 7 7 7 7 7 7 7 7 7 7 7 7 7 7 7 7 7 7 7 7 7 7 7 7 7 7 7 7 7 7 7 7 7 7 8 8 8 8 8 8 8 8 8 8 8 8 8 8 8 8 8 8 8 8 8 8 8 8 8 8 8 8 8 8 8 8 8 8 8 8 8 8 8 8 8 8 8 8 8 8 8 8 8 8 8 8 8 8 8 8 8 8 8 8 9 9 9 9 9 9 9 9 9 9 9 9 9 9 9 9 9 9 9 9 9 9 9 9 9 9 9 9 9 9 9 9 9 9 9 9 9 9 9 9 9 9 9 9 9 9 9 9 9 9 9 9 9 9 9 9 9 9 9 9 10 10 10 10 10 10 10 10 10 10 10 10 10 10 10 10 10 10 10 10 10 10 10 10 10 10 10 10 10 10 10 10 10 10 10 10 10 10 10 10 10 10 10 10 10 10 10 10 10 10 10 10 10 10 10 10 10 10 10 10 
calling hdp_init 2022-06-22 21:46:51
Runing run.setup.and.posterior on 13145879
Reading input catalog file ./SBS/input/Realistic/ground.truth.syn.catalog.csv
Guessed number of signatures (= Dirichlet process data clusters) = 46
Runing run.setup.and.posterior on 17145879
Reading input catalog file ./SBS/input/Realistic/ground.truth.syn.catalog.csv
0 1 1 1 1 1 1 1 1 1 2 2 2 2 2 2 2 2 2 2 2 2 2 2 2 2 2 2 2 2 2 2 2 2 2 2 2 2 2 2 2 2 2 2 2 2 2 2 2 2 2 2 2 2 2 2 2 2 2 2 2 2 2 2 2 2 2 2 2 2 3 3 3 3 3 3 3 3 3 3 3 3 3 3 3 3 3 3 3 3 3 3 3 3 3 3 3 3 3 3 3 3 3 3 3 3 3 3 3 3 3 3 3 3 3 3 3 3 3 3 3 3 3 3 3 3 3 3 3 3 4 4 4 4 4 4 4 4 4 4 4 4 4 4 4 4 4 4 4 4 4 4 4 4 4 4 4 4 4 4 4 4 4 4 4 4 4 4 4 4 4 4 4 4 4 4 4 4 4 4 4 4 4 4 4 4 4 4 4 4 5 5 5 5 5 5 5 5 5 5 5 5 5 5 5 5 5 5 5 5 5 5 5 5 5 5 5 5 5 5 5 5 5 5 5 5 5 5 5 5 5 5 5 5 5 5 5 5 5 5 5 5 5 5 5 5 5 5 5 5 6 6 6 6 6 6 6 6 6 6 6 6 6 6 6 6 6 6 6 6 6 6 6 6 6 6 6 6 6 6 6 6 6 6 6 6 6 6 6 6 6 6 6 6 6 6 6 6 6 6 6 6 6 6 6 6 6 6 6 6 7 7 7 7 7 7 7 7 7 7 7 7 7 7 7 7 7 7 7 7 7 7 7 7 7 7 7 7 7 7 7 7 7 7 7 7 7 7 7 7 7 7 7 7 7 7 7 7 7 7 7 7 7 7 7 7 7 7 7 7 8 8 8 8 8 8 8 8 8 8 8 8 8 8 8 8 8 8 8 8 8 8 8 8 8 8 8 8 8 8 8 8 8 8 8 8 8 8 8 8 8 8 8 8 8 8 8 8 8 8 8 8 8 8 8 8 8 8 8 8 9 9 9 9 9 9 9 9 9 9 9 9 9 9 9 9 9 9 9 9 9 9 9 9 9 9 9 9 9 9 9 9 9 9 9 9 9 9 9 9 9 9 9 9 9 9 9 9 9 9 9 9 9 9 9 9 9 9 9 9 10 10 10 10 10 10 10 10 10 10 10 10 10 10 10 10 10 10 10 10 10 10 10 10 10 10 10 10 10 10 10 10 10 10 10 10 10 10 10 10 10 10 10 10 10 10 10 10 10 10 10 10 10 10 10 10 10 10 10 10 
calling hdp_init 2022-06-22 21:46:51
Runing run.setup.and.posterior on 18145879
Reading input catalog file ./SBS/input/Realistic/ground.truth.syn.catalog.csv
Runing run.setup.and.posterior on 15145879
Reading input catalog file ./SBS/input/Realistic/ground.truth.syn.catalog.csv
Runing run.setup.and.posterior on 16145879
Reading input catalog file ./SBS/input/Realistic/ground.truth.syn.catalog.csv
Guessed number of signatures (= Dirichlet process data clusters) = 46
0 1 1 1 1 1 1 1 1 1 2 2 2 2 2 2 2 2 2 2 2 2 2 2 2 2 2 2 2 2 2 2 2 2 2 2 2 2 2 2 2 2 2 2 2 2 2 2 2 2 2 2 2 2 2 2 2 2 2 2 2 2 2 2 2 2 2 2 2 2 3 3 3 3 3 3 3 3 3 3 3 3 3 3 3 3 3 3 3 3 3 3 3 3 3 3 3 3 3 3 3 3 3 3 3 3 3 3 3 3 3 3 3 3 3 3 3 3 3 3 3 3 3 3 3 3 3 3 3 3 4 4 4 4 4 4 4 4 4 4 4 4 4 4 4 4 4 4 4 4 4 4 4 4 4 4 4 4 4 4 4 4 4 4 4 4 4 4 4 4 4 4 4 4 4 4 4 4 4 4 4 4 4 4 4 4 4 4 4 4 5 5 5 5 5 5 5 5 5 5 5 5 5 5 5 5 5 5 5 5 5 5 5 5 5 5 5 5 5 5 5 5 5 5 5 5 5 5 5 5 5 5 5 5 5 5 5 5 5 5 5 5 5 5 5 5 5 5 5 5 6 6 6 6 6 6 6 6 6 6 6 6 6 6 6 6 6 6 6 6 6 6 6 6 6 6 6 6 6 6 6 6 6 6 6 6 6 6 6 6 6 6 6 6 6 6 6 6 6 6 6 6 6 6 6 6 6 6 6 6 7 7 7 7 7 7 7 7 7 7 7 7 7 7 7 7 7 7 7 7 7 7 7 7 7 7 7 7 7 7 7 7 7 7 7 7 7 7 7 7 7 7 7 7 7 7 7 7 7 7 7 7 7 7 7 7 7 7 7 7 8 8 8 8 8 8 8 8 8 8 8 8 8 8 8 8 8 8 8 8 8 8 8 8 8 8 8 8 8 8 8 8 8 8 8 8 Runing run.setup.and.posterior on 20145879
8 8 8 8 8 8 8 8 8 8 8 8 8 8 8 8 8 8 8 8 8 8 8 8 9 9 9 9 9 9 9 9 9 9 9 9 9 9 9 9 9 9 9 9 9 9 9 9 9 9 9 9 9 9 9 9 9 9 9 9 9 9 9 9 9 9 9 9 9 9 9 9 9 9 9 9 9 9 9 9 9 9 9 9 10 10 10 10 10 10 10 10 10 10 10 10 10 10 10 10 10 10 10 10 10 10 10 10 10 10 10 10 10 10 10 10 10 10 10 10 10 10 10 10 10 10 10 10 10 10 10 10 10 10 10 10 10 10 10 10 10 10 10 10 
calling hdp_init 2022-06-22 21:46:51
Reading input catalog file ./SBS/input/Realistic/ground.truth.syn.catalog.csv
Guessed number of signatures (= Dirichlet process data clusters) = 46
0 1 1 1 1 1 1 1 1 1 2 2 2 2 2 2 2 2 2 2 2 2 2 2 2 2 2 2 2 2 2 2 2 2 2 2 2 2 2 2 2 2 2 2 2 2 2 2 2 2 2 2 2 2 2 2 2 2 2 2 2 2 2 2 2 2 2 2 2 2 3 3 3 3 3 3 3 3 3 3 3 3 3 3 3 3 3 3 3 3 3 3 3 3 3 3 3 3 3 3 3 3 3 3 3 3 3 3 3 3 3 3 3 3 3 3 3 3 3 3 3 3 3 3 3 3 3 3 3 3 4 4 4 4 4 4 4 4 4 4 4 4 4 4 4 4 4 4 4 4 4 4 4 4 4 4 4 4 4 4 4 4 4 4 4 4 4 4 4 4 4 4 4 4 4 4 4 4 4 4 4 4 4 4 4 4 4 4 4 4 5 5 5 5 5 5 5 5 5 5 5 5 5 5 5 5 5 5 5 5 5 5 5 5 5 5 5 5 5 5 5 5 5 5 5 5 5 5 5 5 5 5 5 5 5 5 5 5 5 5 5 5 5 5 5 5 5 5 5 5 6 6 6 6 6 6 6 6 6 6 6 6 6 6 6 6 6 6 6 6 6 6 6 6 6 6 6 6 6 6 6 6 6 6 6 6 6 6 6 6 6 6 6 6 6 6 6 6 6 6 6 6 6 6 6 6 6 6 6 6 7 7 7 7 7 7 7 7 7 7 7 7 7 7 7 7 7 7 7 7 7 7 7 7 7 7 7 7 7 7 7 7 7 7 7 7 7 7 7 7 7 7 7 7 7 7 7 7 7 7 7 7 7 7 7 7 7 7 7 7 8 8 8 8 8 8 8 8 8 8 8 8 8 8 8 8 8 8 8 8 8 8 8 8 8 8 8 8 8 8 8 8 8 8 8 8 8 8 8 8 8 8 8 8 8 8 8 8 8 8 8 8 8 8 8 8 8 8 8 8 9 9 9 9 9 9 9 9 9 9 9 9 9 9 9 9 9 9 9 9 9 9 9 9 9 9 9 9 9 9 9 9 9 9 9 9 9 9 9 9 9 9 9 9 9 9 9 9 9 9 9 9 9 9 9 9 9 9 9 9 10 10 10 10 10 10 10 10 10 10 10 10 10 10 10 10 10 10 10 10 10 10 10 10 10 10 10 10 10 10 10 10 10 10 10 10 10 10 10 10 10 10 10 10 10 10 10 10 10 10 10 10 10 10 10 10 10 10 10 10 
calling hdp_init 2022-06-22 21:46:51
Guessed number of signatures (= Dirichlet process data clusters) = 46
0 1 1 1 1 1 1 1 1 1 2 2 2 2 2 2 2 2 2 2 2 2 2 2 2 2 2 2 2 2 2 2 2 2 2 2 2 2 2 2 2 2 2 2 2 2 2 2 2 2 2 2 2 2 2 2 2 2 2 2 2 2 2 2 2 2 2 2 2 2 3 3 3 3 3 3 3 3 3 3 3 3 3 3 3 3 3 3 3 3 3 3 3 3 3 3 3 3 3 3 3 3 3 3 3 3 3 3 3 3 3 3 3 3 3 3 3 3 3 3 3 3 3 3 3 3 3 3 3 3 4 4 4 4 4 4 4 4 4 4 4 4 4 4 4 4 4 4 4 4 4 4 4 4 4 4 4 4 4 4 4 4 4 4 4 4 4 4 4 4 4 4 4 4 4 4 4 4 4 4 4 4 4 4 4 4 4 4 4 4 5 5 5 5 5 5 5 5 5 5 5 5 5 5 5 5 5 5 5 5 5 5 5 5 5 5 5 5 5 5 5 5 5 5 5 5 5 5 5 5 5 5 5 5 5 5 5 5 5 5 5 5 5 5 5 5 5 5 5 5 6 6 6 6 6 6 6 6 6 6 6 6 6 6 6 6 6 6 6 6 6 6 6 6 6 6 6 6 6 6 6 6 6 6 6 6 6 6 6 6 6 6 6 6 6 6 6 6 6 6 6 6 6 6 6 6 6 6 6 6 7 7 7 7 7 7 7 7 7 7 7 7 7 7 7 7 7 7 7 7 7 7 7 7 7 7 7 7 7 7 7 7 7 7 7 7 7 7 7 7 7 7 7 7 7 7 7 7 7 7 7 7 7 7 7 7 7 7 7 7 8 8 8 8 8 8 8 8 8 8 8 8 8 8 8 8 8 8 8 8 8 8 8 8 8 8 8 8 8 8 8 8 8 8 8 8 8 8 8 8 8 8 8 8 8 8 8 8 8 8 8 8 8 8 8 8 8 8 8 8 9 9 9 9 9 9 9 9 9 9 9 9 9 9 9 9 9 9 9 9 9 9 9 9 9 9 9 9 9 9 9 9 9 9 9 9 9 9 9 9 9 9 9 9 9 9 9 9 9 9 9 9 9 9 9 9 9 9 9 9 10 10 10 10 10 10 10 10 10 10 10 10 10 10 10 10 10 10 10 10 10 10 10 10 10 10 10 10 10 10 10 10 10 10 10 10 10 10 10 10 10 10 10 10 10 10 10 10 10 10 10 10 10 10 10 10 10 10 10 10 
calling hdp_init 2022-06-22 21:46:51
Runing run.setup.and.posterior on 19145879
Reading input catalog file ./SBS/input/Realistic/ground.truth.syn.catalog.csv
Guessed number of signatures (= Dirichlet process data clusters) = 46
0 1 1 1 1 1 1 1 1 1 2 2 2 2 2 2 2 2 2 2 2 2 2 2 2 2 2 2 2 2 2 2 2 2 2 2 2 2 2 2 2 2 2 2 2 2 2 2 2 2 2 2 2 2 2 2 2 2 2 2 2 2 2 2 2 2 2 2 2 2 3 3 3 3 3 3 3 3 3 3 3 3 3 3 3 3 3 3 3 3 3 3 3 3 3 3 3 3 3 3 3 3 3 3 3 3 3 3 3 3 3 3 3 3 3 3 3 3 3 3 3 3 3 3 3 3 3 3 3 3 4 4 4 4 4 4 4 4 4 4 4 4 4 4 4 4 4 4 4 4 4 4 4 4 4 4 4 4 4 4 4 4 4 4 4 4 4 4 4 4 4 4 4 4 4 4 4 4 4 4 4 4 4 4 4 4 4 4 4 4 5 5 5 5 5 5 5 5 5 5 5 5 5 5 5 5 5 5 5 5 5 5 5 5 5 5 5 5 5 5 5 5 5 5 5 5 5 5 5 5 5 5 5 5 5 5 5 5 5 5 5 5 5 5 5 5 5 5 5 5 6 6 6 6 6 6 6 6 6 6 6 6 6 6 6 6 6 6 6 6 6 6 6 6 6 6 6 6 6 6 6 6 6 6 6 6 6 6 6 6 6 6 6 6 6 6 6 6 6 6 6 6 6 6 6 6 6 6 6 6 7 7 7 7 7 7 7 7 7 7 7 7 7 7 7 7 7 7 7 7 7 7 7 7 7 7 7 7 7 7 7 7 7 7 7 7 7 7 7 7 7 7 7 7 7 7 7 7 7 7 7 7 7 7 7 7 7 7 7 7 8 8 8 8 8 8 8 8 8 8 8 8 8 8 8 8 8 8 8 8 8 8 8 8 8 8 8 8 8 8 8 8 8 8 8 8 8 8 8 8 8 8 8 8 8 8 8 8 8 8 8 8 8 8 8 8 8 8 8 8 9 9 9 9 9 9 9 9 9 9 9 9 9 9 9 9 9 9 9 9 9 9 9 9 9 9 9 9 9 9 9 9 9 9 9 9 9 9 9 9 9 9 9 9 9 9 9 9 9 9 9 9 9 9 9 9 9 9 9 9 10 10 10 10 10 10 10 10 10 10 10 10 10 10 10 10 10 10 10 10 10 10 10 10 10 10 10 10 10 10 10 10 10 10 10 10 10 10 10 10 10 10 10 10 10 10 10 10 10 10 10 10 10 10 10 10 10 10 10 10 
calling hdp_init 2022-06-22 21:46:51
Guessed number of signatures (= Dirichlet process data clusters) = 46
0 1 1 1 1 1 1 1 1 1 2 2 2 2 2 2 2 2 2 2 2 2 2 2 2 2 2 2 2 2 2 2 2 2 2 2 2 2 2 2 2 2 2 2 2 2 2 2 2 2 2 2 2 2 2 2 2 2 2 2 2 2 2 2 2 2 2 2 2 2 3 3 3 3 3 3 3 3 3 3 3 3 3 3 3 3 3 3 3 3 3 3 3 3 3 3 3 3 3 3 3 3 3 3 3 3 3 3 3 3 3 3 3 3 3 3 3 3 3 3 3 3 3 3 3 3 3 3 3 3 4 4 4 4 4 4 4 4 4 4 4 4 4 4 4 4 4 4 4 4 4 4 4 4 4 4 4 4 4 4 4 4 4 4 4 4 4 4 4 4 4 4 4 4 4 4 4 4 4 4 4 4 4 4 4 4 4 4 4 4 5 5 5 5 5 5 5 5 5 5 5 5 5 5 5 5 5 5 5 5 5 5 5 5 5 5 5 5 5 5 5 5 5 5 5 5 5 5 5 5 5 5 5 5 5 5 5 5 5 5 5 5 5 5 5 5 5 5 5 5 6 6 6 6 6 6 6 6 6 6 6 6 6 6 6 6 6 6 6 6 6 6 6 6 6 6 6 6 6 6 6 6 6 6 6 6 6 6 6 6 6 6 6 6 6 6 6 6 6 6 6 6 6 6 6 6 6 6 6 6 7 7 7 7 7 7 7 7 7 7 7 7 7 7 7 7 7 7 7 7 7 7 7 7 7 7 7 7 7 7 7 7 7 7 7 7 7 7 7 7 7 7 7 7 7 7 7 7 7 7 7 7 7 7 7 7 7 7 7 7 8 8 8 8 8 8 8 8 8 8 8 8 8 8 8 8 8 8 8 8 8 8 8 8 8 8 8 8 8 8 8 8 8 8 8 8 8 8 8 8 8 8 8 8 8 8 8 8 8 8 8 8 8 8 8 8 8 8 8 8 9 9 9 9 9 9 9 9 9 9 9 9 9 9 9 9 9 9 9 9 9 9 9 9 9 9 9 9 9 9 9 9 9 9 9 9 9 9 9 9 9 9 9 9 9 9 9 9 9 9 9 9 9 9 9 9 9 9 9 9 10 10 10 10 10 10 10 10 10 10 10 10 10 10 10 10 10 10 10 10 10 10 10 10 10 10 10 10 10 10 10 10 10 10 10 10 10 10 10 10 10 10 10 10 10 10 10 10 10 10 10 10 10 10 10 10 10 10 10 10 
calling hdp_init 2022-06-22 21:46:51
calling hdp_setdata 2022-06-22 21:46:51
calling hdp_setdata 2022-06-22 21:46:51
Guessed number of signatures (= Dirichlet process data clusters) = 46
calling hdp_setdata 2022-06-22 21:46:51
Guessed number of signatures (= Dirichlet process data clusters) = 46
calling hdp_setdata 2022-06-22 21:46:51
0 1 1 1 1 1 1 1 1 1 2 2 2 2 2 2 2 2 2 2 2 2 2 2 2 2 2 2 2 2 2 2 2 2 2 2 2 2 2 2 2 2 2 2 2 2 2 2 2 2 2 2 2 2 2 2 2 2 2 2 2 2 2 2 2 2 2 2 2 2 3 3 3 3 3 3 3 3 3 3 3 3 3 3 3 3 3 3 3 3 3 3 3 3 3 3 3 3 3 3 3 3 3 3 3 3 3 3 3 3 3 3 3 3 3 3 3 3 3 3 3 3 3 3 3 3 3 3 3 3 4 4 4 4 4 4 4 4 4 4 4 4 4 4 4 4 4 4 4 4 4 4 4 4 4 4 4 4 4 4 4 4 4 4 4 4 4 4 4 4 4 4 4 4 4 4 4 4 4 4 4 4 4 4 4 4 4 4 4 4 5 5 5 5 5 5 5 5 5 5 5 5 5 5 5 5 5 5 5 5 5 5 5 5 5 5 5 5 5 5 5 5 5 5 5 5 5 5 5 5 5 5 5 5 5 5 5 5 5 5 5 5 5 5 5 5 5 5 5 5 6 6 6 6 6 6 6 6 6 6 6 6 6 6 6 6 6 6 6 6 6 6 6 6 6 6 6 6 6 6 6 6 6 6 6 6 6 6 6 6 6 6 6 6 6 6 6 6 6 6 6 6 6 6 6 6 6 6 6 6 7 7 7 7 7 7 7 7 7 7 7 7 7 7 7 7 7 7 7 7 7 7 7 7 7 7 7 7 7 7 7 7 7 7 7 7 7 7 7 7 7 7 7 7 7 7 7 7 7 7 7 7 7 7 7 7 7 7 7 7 8 8 8 8 8 8 8 8 8 8 8 8 8 8 8 8 8 8 8 8 8 8 8 8 8 8 8 8 8 8 8 8 8 8 8 8 8 8 8 8 8 8 8 8 8 8 8 8 8 8 8 8 8 8 8 8 8 8 8 8 9 9 9 9 9 9 9 9 9 9 9 9 9 9 9 9 9 9 9 9 9 9 9 9 9 9 9 9 9 9 9 9 9 9 9 9 9 9 9 9 9 9 9 9 9 9 9 9 9 9 9 9 9 9 9 9 9 9 9 9 10 10 10 10 10 10 10 10 10 10 10 10 10 10 10 10 10 10 10 10 10 10 10 10 10 10 10 10 10 10 10 10 10 10 10 10 10 10 10 10 10 10 10 10 10 10 10 10 10 10 10 10 10 10 10 10 10 10 10 10 
calling hdp_init 2022-06-22 21:46:51
calling hdp_setdata 2022-06-22 21:46:51
0 1 1 1 1 1 1 1 1 1 2 2 2 2 2 2 2 2 2 2 2 2 2 2 2 2 2 2 2 2 2 2 2 2 2 2 2 2 2 2 2 2 2 2 2 2 2 2 2 2 2 2 2 2 2 2 2 2 2 2 2 2 2 2 2 2 2 2 2 2 3 3 3 3 3 3 3 3 3 3 3 3 3 3 3 3 3 3 3 3 3 3 3 3 3 3 3 3 3 3 3 3 3 3 3 3 3 3 3 3 3 3 3 3 3 3 3 3 3 3 3 3 3 3 3 3 3 3 3 3 4 4 4 4 4 4 4 4 4 4 4 4 4 4 4 4 4 4 4 4 4 4 4 4 4 4 4 4 4 4 4 4 4 4 4 4 4 4 4 4 4 4 4 4 4 4 4 4 4 4 4 4 4 4 4 4 4 4 4 4 5 5 5 5 5 5 5 5 5 5 5 5 5 5 5 5 5 5 5 5 5 5 5 5 5 5 5 5 5 5 5 5 5 5 5 5 5 5 5 5 5 5 5 5 5 5 5 5 5 5 5 5 5 5 5 5 5 5 5 5 6 6 6 6 6 6 6 6 6 6 6 6 6 6 6 6 6 6 6 6 6 6 6 6 6 6 6 6 6 6 6 6 6 6 6 6 6 6 6 6 6 6 6 6 6 6 6 6 6 6 6 6 6 6 6 6 6 6 6 6 7 7 7 7 7 7 7 7 7 7 7 7 7 7 7 7 7 7 7 7 7 7 7 7 7 7 7 7 7 7 7 7 7 7 7 7 7 7 7 7 7 7 7 7 7 7 7 7 7 7 7 7 7 7 7 7 7 7 7 7 8 8 8 8 8 8 8 8 8 8 8 8 8 8 8 8 8 8 8 8 8 8 8 8 8 8 8 8 8 8 8 8 8 8 8 8 8 8 8 8 8 8 8 8 8 8 8 8 8 8 8 8 8 8 8 8 8 8 8 8 9 9 9 9 9 9 9 9 9 9 9 9 9 9 9 9 9 9 9 9 9 9 9 9 9 9 9 9 9 9 9 9 9 9 9 9 9 9 9 9 9 9 9 9 9 9 9 9 9 9 9 9 9 9 9 9 9 9 9 9 10 10 10 10 10 10 10 10 10 10 10 10 10 10 10 10 10 10 10 10 10 10 10 10 10 10 10 10 10 10 10 10 10 10 10 10 10 10 10 10 10 10 10 10 10 10 10 10 10 10 10 10 10 10 10 10 10 10 10 10 
calling hdp_init 2022-06-22 21:46:51
calling hdp_setdata 2022-06-22 21:46:51
calling hdp_setdata 2022-06-22 21:46:51
calling hdp_setdata 2022-06-22 21:46:51
calling hdp_setdata 2022-06-22 21:46:51
Guessed number of signatures (= Dirichlet process data clusters) = 46
calling hdp_setdata 2022-06-22 21:46:51
0 1 1 1 1 1 1 1 1 1 2 2 2 2 2 2 2 2 2 2 2 2 2 2 2 2 2 2 2 2 2 2 2 2 2 2 2 2 2 2 2 2 2 2 2 2 2 2 2 2 2 2 2 2 2 2 2 2 2 2 2 2 2 2 2 2 2 2 2 2 3 3 3 3 3 3 3 3 3 3 3 3 3 3 3 3 3 3 3 3 3 3 3 3 3 3 3 3 3 3 3 3 3 3 3 3 3 3 3 3 3 3 3 3 3 3 3 3 3 3 3 3 3 3 3 3 3 3 3 3 4 4 4 4 4 4 4 4 4 4 4 4 4 4 4 4 4 4 4 4 4 4 4 4 4 4 4 4 4 4 4 4 4 4 4 4 4 4 4 4 4 4 4 4 4 4 4 4 4 4 4 4 4 4 4 4 4 4 4 4 5 5 5 5 5 5 5 5 5 5 5 5 5 5 5 5 5 5 5 5 5 5 5 5 5 5 5 5 5 5 5 5 5 5 5 5 5 5 5 5 5 5 5 5 5 5 5 5 5 5 5 5 5 5 5 5 5 5 5 5 6 6 6 6 6 6 6 6 6 6 6 6 6 6 6 6 6 6 6 6 6 6 6 6 6 6 6 6 6 6 6 6 6 6 6 6 6 6 6 6 6 6 6 6 6 6 6 6 6 6 6 6 6 6 6 6 6 6 6 6 7 7 7 7 7 7 7 7 7 7 7 7 7 7 7 7 7 7 7 7 7 7 7 7 7 7 7 7 7 7 7 7 7 7 7 7 7 7 7 7 7 7 7 7 7 7 7 7 7 7 7 7 7 7 7 7 7 7 7 7 8 8 8 8 8 8 8 8 8 8 8 8 8 8 8 8 8 8 8 8 8 8 8 8 8 8 8 8 8 8 8 8 8 8 8 8 8 8 8 8 8 8 8 8 8 8 8 8 8 8 8 8 8 8 8 8 8 8 8 8 9 9 9 9 9 9 9 9 9 9 9 9 9 9 9 9 9 9 9 9 9 9 9 9 9 9 9 9 9 9 9 9 9 9 9 9 9 9 9 9 9 9 9 9 9 9 9 9 9 9 9 9 9 9 9 9 9 9 9 9 10 10 10 10 10 10 10 10 10 10 10 10 10 10 10 10 10 10 10 10 10 10 10 10 10 10 10 10 10 10 10 10 10 10 10 10 10 10 10 10 10 10 10 10 10 10 10 10 10 10 10 10 10 10 10 10 10 10 10 10 
calling hdp_init 2022-06-22 21:46:51
calling hdp_setdata 2022-06-22 21:46:51
calling hdp_setdata 2022-06-22 21:46:51
calling hdp_setdata 2022-06-22 21:46:51
calling hdp_setdata 2022-06-22 21:46:51
calling hdp_setdata 2022-06-22 21:46:53
calling hdp_setdata 2022-06-22 21:46:53
calling hdp_setdata 2022-06-22 21:46:53
calling hdp_setdata 2022-06-22 21:46:53
calling hdp_setdata 2022-06-22 21:46:53
calling hdp_setdata 2022-06-22 21:46:53
calling dp_activate 2022-06-22 21:46:53
calling dp_activate 2022-06-22 21:46:53
calling dp_activate 2022-06-22 21:46:54
calling dp_activate 2022-06-22 21:46:54
calling dp_activate 2022-06-22 21:46:54
calling dp_activate 2022-06-22 21:46:54
calling dp_activate 2022-06-22 21:46:54
calling dp_activate 2022-06-22 21:46:54
calling dp_activate 2022-06-22 21:46:54
calling dp_activate 2022-06-22 21:46:54
calling dp_activate 2022-06-22 21:46:54
calling dp_activate 2022-06-22 21:46:54
calling dp_activate 2022-06-22 21:46:54
calling dp_activate 2022-06-22 21:46:54
calling dp_activate 2022-06-22 21:47:02
calling dp_activate 2022-06-22 21:47:02
calling dp_activate 2022-06-22 21:47:02
calling dp_activate 2022-06-22 21:47:02
calling dp_activate 2022-06-22 21:47:02
calling hdp_posterior, seed = 3145879 2022-06-22 21:47:02
calling hdp_posterior, seed = 5145879 2022-06-22 21:47:02
calling hdp_posterior, seed = 7145879 2022-06-22 21:47:02
calling hdp_posterior, seed = 9145879 2022-06-22 21:47:02
calling hdp_posterior, seed = 8145879 2022-06-22 21:47:02
calling hdp_posterior, seed = 6145879 2022-06-22 21:47:02
calling dp_activate 2022-06-22 21:47:02
calling hdp_posterior, seed = 4145879 2022-06-22 21:47:02
calling hdp_posterior, seed = 11145879 2022-06-22 21:47:02
calling hdp_posterior, seed = 14145879 2022-06-22 21:47:03
calling hdp_posterior, seed = 18145879 2022-06-22 21:47:03
calling hdp_posterior, seed = 17145879 2022-06-22 21:47:03
calling hdp_posterior, seed = 12145879 2022-06-22 21:47:03
calling hdp_posterior, seed = 10145879 2022-06-22 21:47:04
calling hdp_posterior, seed = 20145879 2022-06-22 21:47:05
calling hdp_posterior, seed = 15145879 2022-06-22 21:47:43
calling hdp_posterior, seed = 16145879 2022-06-22 21:47:43
calling hdp_posterior, seed = 1145879 2022-06-22 21:47:43
calling hdp_posterior, seed = 2145879 2022-06-22 21:47:43
calling hdp_posterior, seed = 13145879 2022-06-22 21:47:43
calling hdp_posterior, seed = 19145879 2022-06-22 21:47:44
[1] "100000 burn-in iterations in 7726.5 mins"
[1] "time 7838.7 ETC 9313.3 mins"
[1] "time 7950.8 ETC 9353.9 mins"
[1] "time 8063.8 ETC 9394.8 mins"
[1] "time 8175.6 ETC 9433.4 mins"
[1] "100000 burn-in iterations in 8240.2 mins"
[1] "time 8286.5 ETC 9470.2 mins"
[1] "time 8397.6 ETC 9506.7 mins"
[1] "time 8412.6 ETC 9995.2 mins"
[1] "time 8510.3 ETC 9544.2 mins"
[1] "time 8540.8 ETC 10048.0 mins"
[1] "100000 burn-in iterations in 8565.7 mins"
[1] "time 8622.4 ETC 9580.4 mins"
[1] "100000 burn-in iterations in 8665.6 mins"
[1] "time 8684.0 ETC 10117.3 mins"
[1] "time 8693.2 ETC 10328.6 mins"
[1] "time 8735.8 ETC 9617.4 mins"
[1] "100000 burn-in iterations in 8788.9 mins"
[1] "100000 burn-in iterations in 8801.5 mins"
[1] "time 8811.2 ETC 10166.7 mins"
[1] "time 8822.2 ETC 10379.1 mins"
[1] "100000 burn-in iterations in 8834.3 mins"
[1] "time 8849.7 ETC 9654.2 mins"
[1] "time 8913.3 ETC 10590.1 mins"
[1] "time 8916.2 ETC 10593.5 mins"
[1] "time 8939.7 ETC 10216.8 mins"
[1] "time 8959.4 ETC 10644.8 mins"
[1] "time 8975.3 ETC 9703.0 mins"
[1] "time 8985.6 ETC 10468.7 mins"
[1] "time 9007.3 ETC 10701.7 mins"
[1] "time 9039.6 ETC 10634.8 mins"
[1] "time 9085.2 ETC 10688.4 mins"
[1] "100000 burn-in iterations in 9117.4 mins"
[1] "time 9123.0 ETC 10733.0 mins"
[1] "time 9156.0 ETC 9810.0 mins"
[1] "time 9160.1 ETC 10569.4 mins"
[1] "100000 burn-in iterations in 9160.5 mins"
[1] "time 9166.2 ETC 10679.0 mins"
[1] "100000 burn-in iterations in 9203.0 mins"
[1] "time 9211.3 ETC 10731.6 mins"
[1] "time 9215.2 ETC 10432.3 mins"
[1] "time 9242.5 ETC 10873.5 mins"
[1] "time 9246.5 ETC 10985.9 mins"
[1] "time 9272.0 ETC 9846.4 mins"
[1] "100000 burn-in iterations in 9273.4 mins"
[1] "time 9293.8 ETC 10723.6 mins"
[1] "time 9296.7 ETC 11045.6 mins"
[1] "time 9296.9 ETC 10831.3 mins"
[1] "100000 burn-in iterations in 9321.7 mins"
[1] "time 9332.9 ETC 11088.6 mins"
[1] "time 9338.4 ETC 10775.1 mins"
[1] "time 9356.6 ETC 10693.2 mins"
[1] "time 9377.3 ETC 11032.2 mins"
[1] "time 9381.6 ETC 10930.0 mins"
[1] "time 9389.7 ETC 9883.9 mins"
[1] "time 9419.8 ETC 10564.2 mins"
[1] "time 9421.8 ETC 10767.8 mins"
[1] "time 9427.1 ETC 10877.4 mins"
[1] "time 9454.9 ETC 11233.6 mins"
[1] "100000 burn-in iterations in 9455.3 mins"
[1] "time 9465.1 ETC 11135.4 mins"
[1] "time 9470.6 ETC 10823.6 mins"
[1] "time 9475.8 ETC 11148.0 mins"
[1] "time 9490.0 ETC 10743.4 mins"
[1] "time 9506.8 ETC 9920.1 mins"
[1] "time 9509.2 ETC 11078.6 mins"
[1] "time 9519.8 ETC 10984.4 mins"
[1] "time 9548.8 ETC 11345.1 mins"
[1] "time 9551.1 ETC 10812.6 mins"
[1] "time 9555.3 ETC 10920.4 mins"
[1] "time 9588.0 ETC 11280.0 mins"
[1] "time 9591.5 ETC 11395.9 mins"
[1] "time 9598.6 ETC 11182.8 mins"
[1] "time 9623.7 ETC 10792.9 mins"
[1] "time 9624.4 ETC 9956.3 mins"
[1] "time 9641.7 ETC 11125.1 mins"
[1] "time 9645.8 ETC 11023.8 mins"
[1] "time 9681.2 ETC 10857.4 mins"
[1] "100000 burn-in iterations in 9681.1 mins"
[1] "time 9683.8 ETC 10962.8 mins"
[1] "time 9689.6 ETC 10766.2 mins"
[1] "100000 burn-in iterations in 9694.8 mins"
[1] "100000 burn-in iterations in 9695.1 mins"
[1] "100000 burn-in iterations in 9717.8 mins"
[1] "time 9721.4 ETC 11005.3 mins"
[1] "time 9723.1 ETC 11327.9 mins"
[1] "time 9729.0 ETC 11445.9 mins"
[1] "100000 burn-in iterations in 9731.3 mins"
[1] "time 9732.4 ETC 11229.7 mins"
[1] "time 9743.5 ETC 9993.3 mins"
[1] "time 9749.9 ETC 11359.1 mins"
[1] "time 9758.4 ETC 10842.7 mins"
[1] "time 9762.9 ETC 11485.7 mins"
[1] "time 9775.5 ETC 11172.0 mins"
[1] "100000 burn-in iterations in 9789.0 mins"
[1] "time 9811.9 ETC 11657.7 mins"
[1] "time 9813.0 ETC 10903.3 mins"
[1] "time 9813.8 ETC 11006.1 mins"
[1] "time 9819.2 ETC 11116.1 mins"
[1] "time 9829.2 ETC 11678.2 mins"
[1] "time 9835.2 ETC 11685.4 mins"
[1] "time 9846.7 ETC 10840.4 mins"
[1] "time 9850.1 ETC 11703.1 mins"
[1] "time 9860.0 ETC 11376.9 mins"
[1] "time 9863.4 ETC 10030.6 mins"
[1] "time 9866.8 ETC 11276.4 mins"
[1] "time 9867.1 ETC 11495.6 mins"
[1] "time 9891.7 ETC 11524.3 mins"
[1] "time 9894.0 ETC 10892.5 mins"
[1] "time 9910.0 ETC 11218.9 mins"
[1] "time 9921.4 ETC 11787.8 mins"
[1] "time 9943.2 ETC 11697.9 mins"
[1] "time 9943.4 ETC 11048.2 mins"
[1] "time 9947.8 ETC 10951.7 mins"
[1] "time 9974.3 ETC 11186.2 mins"
[1] "time 9977.2 ETC 11737.8 mins"
[1] "time 9976.5 ETC 10883.5 mins"
[1] "time 9982.6 ETC 11860.5 mins"
[1] "time 9984.4 ETC 10068.3 mins"
[1] "time 9985.4 ETC 11747.5 mins"
[1] "time 9997.4 ETC 11425.6 mins"
[1] "time 10001.0 ETC 11321.9 mins"
[1] "time 10006.3 ETC 11545.7 mins"
[1] "time 10020.2 ETC 11561.8 mins"
[1] "time 10024.4 ETC 11566.6 mins"
[1] "time 10029.4 ETC 10941.2 mins"
[1] "time 10033.9 ETC 11804.6 mins"
[1] "time 10045.2 ETC 11265.6 mins"
[1] "time 10072.2 ETC 11088.7 mins"
[1] "time 10074.9 ETC 11737.8 mins"
[1] "time 10082.0 ETC 10998.6 mins"
[1] "100000 burn-in iterations in 10085.6 mins"
[1] "time 10097.8 ETC 11324.6 mins"
[1] "time 10102.5 ETC 11885.3 mins"
[1] "time 10105.4 ETC 10105.4 mins"
compute sample.chain time: 
 user.self 596974.482
 sys.self 2592.803
 elapsed 606326.506
 user.child 0
 sys.child 0
[1] "time 10119.1 ETC 11789.2 mins"
[1] "time 10118.6 ETC 11788.7 mins"
[1] "time 10134.9 ETC 11473.4 mins"
[1] "time 10135.0 ETC 11366.3 mins"
[1] "time 10144.9 ETC 11594.1 mins"
[1] "time 10148.7 ETC 11598.5 mins"
[1] "time 10163.9 ETC 10988.0 mins"
[1] "time 10170.6 ETC 11849.2 mins"
[1] "time 10179.0 ETC 11975.3 mins"
[1] "time 10180.8 ETC 11312.0 mins"
[1] "time 10184.2 ETC 11009.9 mins"
[1] "time 10200.4 ETC 11127.8 mins"
[1] "time 10205.7 ETC 11775.8 mins"
[1] "time 10217.2 ETC 11045.7 mins"
[1] "time 10226.4 ETC 11362.7 mins"
[1] "time 10251.3 ETC 12179.8 mins"
[1] "time 10255.2 ETC 11832.9 mins"
[1] "time 10260.9 ETC 11839.5 mins"
[1] "time 10269.6 ETC 11410.7 mins"
[1] "time 10273.0 ETC 11521.1 mins"
[1] "time 10277.8 ETC 11635.3 mins"
[1] "time 10283.4 ETC 11641.6 mins"
[1] "time 10294.9 ETC 11765.6 mins"
[1] "time 10299.0 ETC 11034.6 mins"
[1] "time 10307.0 ETC 11892.7 mins"
[1] "time 10315.0 ETC 11051.7 mins"
[1] "time 10315.9 ETC 11356.9 mins"
[1] "time 10323.0 ETC 11470.0 mins"
[1] "time 10327.9 ETC 11165.3 mins"
[1] "time 10338.4 ETC 11815.3 mins"
[1] "time 10352.8 ETC 11092.3 mins"
[1] "time 10359.6 ETC 12069.4 mins"
[1] "time 10391.3 ETC 11875.7 mins"
[1] "time 10402.8 ETC 11888.9 mins"
[1] "time 10404.7 ETC 11454.7 mins"
[1] "time 10405.6 ETC 11455.7 mins"
[1] "time 10410.2 ETC 11566.9 mins"
[1] "time 10421.9 ETC 11688.1 mins"
[1] "time 10433.3 ETC 12274.5 mins"
[1] "time 10445.5 ETC 11092.6 mins"
[1] "time 10456.4 ETC 11203.3 mins"
[1] "time 10458.0 ETC 11728.6 mins"
[1] "time 10461.7 ETC 11843.5 mins"
[1] "time 10463.7 ETC 12190.7 mins"
[1] "time 10472.7 ETC 11855.9 mins"
[1] "time 10474.9 ETC 11427.1 mins"
[1] "time 10487.8 ETC 11137.5 mins"
[1] "time 10518.9 ETC 11170.6 mins"
[1] "time 10523.1 ETC 12142.0 mins"
[1] "time 10528.1 ETC 11918.6 mins"
[1] "time 10533.2 ETC 11490.7 mins"
[1] "time 10533.2 ETC 12038.0 mins"
[1] "time 10541.9 ETC 11500.3 mins"
[1] "time 10545.4 ETC 11938.2 mins"
[1] "time 10547.3 ETC 11611.7 mins"
[1] "time 10559.5 ETC 11625.1 mins"
[1] "time 10559.8 ETC 11733.1 mins"
[1] "time 10571.5 ETC 12316.4 mins"
[1] "time 10586.1 ETC 11241.9 mins"
[1] "time 10602.8 ETC 11891.0 mins"
[1] "time 10605.5 ETC 11894.0 mins"
[1] "time 10618.1 ETC 11797.9 mins"
[1] "time 10622.5 ETC 11181.6 mins"
[1] "time 10623.2 ETC 11182.3 mins"
[1] "time 10647.4 ETC 12285.4 mins"
[1] "time 10654.9 ETC 12177.0 mins"
[1] "time 10661.4 ETC 11525.8 mins"
[1] "time 10666.2 ETC 11962.1 mins"
[1] "time 10680.1 ETC 11546.0 mins"
[1] "time 10681.2 ETC 11547.2 mins"
[1] "time 10684.3 ETC 11655.6 mins"
[1] "time 10689.6 ETC 11988.3 mins"
[1] "time 10697.7 ETC 11777.3 mins"
[1] "time 10709.9 ETC 12357.5 mins"
[1] "time 10715.7 ETC 11279.7 mins"
[1] "time 10721.6 ETC 11696.2 mins"
[1] "time 10739.3 ETC 11932.6 mins"
[1] "time 10758.4 ETC 11226.2 mins"
[1] "time 10776.4 ETC 12199.7 mins"
[1] "time 10786.6 ETC 12211.2 mins"
[1] "time 10790.2 ETC 11560.9 mins"
[1] "time 10791.5 ETC 11990.6 mins"
[1] "time 10797.3 ETC 12339.8 mins"
[1] "time 10818.6 ETC 11591.4 mins"
[1] "time 10819.3 ETC 11911.1 mins"
[1] "time 10822.3 ETC 11699.8 mins"
[1] "time 10829.4 ETC 11399.4 mins"
[1] "time 10833.9 ETC 12037.6 mins"
[1] "time 10841.7 ETC 11827.3 mins"
[1] "time 10845.9 ETC 11317.5 mins"
[1] "time 10848.4 ETC 12398.1 mins"
[1] "time 10858.3 ETC 11633.9 mins"
[1] "time 10863.1 ETC 12070.1 mins"
[1] "time 10868.6 ETC 11341.1 mins"
[1] "time 10872.6 ETC 11969.8 mins"
[1] "time 10894.7 ETC 11270.4 mins"
[1] "time 10898.8 ETC 11782.5 mins"
[1] "time 10917.7 ETC 12244.2 mins"
[1] "time 10920.9 ETC 11597.4 mins"
[1] "time 10927.8 ETC 12030.7 mins"
[1] "time 10956.7 ETC 12287.9 mins"
[1] "time 10957.3 ETC 11636.1 mins"
[1] "time 10959.9 ETC 11742.7 mins"
[1] "time 10965.9 ETC 11442.7 mins"
[1] "time 10975.8 ETC 12083.4 mins"
[1] "time 10976.9 ETC 11355.4 mins"
[1] "time 10988.1 ETC 12439.4 mins"
[1] "time 11000.2 ETC 12110.3 mins"
[1] "time 11004.9 ETC 12005.4 mins"
[1] "time 11014.4 ETC 11907.5 mins"
[1] "time 11024.3 ETC 11811.8 mins"
[1] "time 11029.5 ETC 11312.3 mins"
[1] "time 11038.3 ETC 12041.7 mins"
[1] "time 11043.9 ETC 12502.6 mins"
[1] "time 11048.4 ETC 12276.0 mins"
[1] "time 11052.0 ETC 11633.6 mins"
[1] "time 11062.2 ETC 12067.8 mins"
[1] "time 11095.4 ETC 11679.4 mins"
[1] "time 11098.1 ETC 11785.6 mins"
[1] "time 11101.1 ETC 11483.9 mins"
[1] "time 11102.7 ETC 12336.3 mins"
[1] "time 11107.1 ETC 11391.9 mins"
[1] "time 11117.4 ETC 12128.1 mins"
[1] "time 11130.4 ETC 12482.7 mins"
[1] "time 11133.9 ETC 11517.9 mins"
[1] "time 11136.0 ETC 11825.9 mins"
[1] "time 11136.5 ETC 12039.5 mins"
[1] "time 11136.8 ETC 12149.3 mins"
[1] "time 11149.8 ETC 11840.5 mins"
[1] "time 11152.9 ETC 11949.5 mins"
[1] "time 11163.9 ETC 11353.1 mins"
[1] "time 11169.5 ETC 12075.2 mins"
[1] "time 11180.4 ETC 12308.7 mins"
[1] "time 11183.2 ETC 11669.5 mins"
[1] "time 11186.7 ETC 12545.8 mins"
[1] "time 11197.9 ETC 12105.8 mins"
[1] "time 11234.9 ETC 11723.4 mins"
[1] "time 11236.3 ETC 11524.4 mins"
[1] "time 11236.4 ETC 11827.8 mins"
[1] "time 11237.2 ETC 11427.7 mins"
[1] "time 11239.5 ETC 12373.7 mins"
[1] "time 11259.3 ETC 12172.2 mins"
[1] "time 11269.7 ETC 12074.7 mins"
[1] "time 11272.0 ETC 12524.4 mins"
[1] "time 11274.8 ETC 11868.2 mins"
[1] "time 11274.2 ETC 12188.4 mins"
[1] "time 11291.2 ETC 11990.7 mins"
[1] "time 11298.5 ETC 11393.4 mins"
[1] "time 11305.9 ETC 12113.4 mins"
[1] "time 11312.6 ETC 12341.0 mins"
[1] "time 11315.4 ETC 11705.6 mins"
[1] "time 11329.9 ETC 12588.7 mins"
[1] "time 11334.6 ETC 12144.2 mins"
[1] "time 11367.8 ETC 11463.4 mins"
[1] "time 11372.8 ETC 11565.6 mins"
[1] "time 11375.4 ETC 11870.0 mins"
[1] "time 11377.3 ETC 12411.6 mins"
[1] "time 11377.5 ETC 11769.8 mins"
[1] "time 11398.9 ETC 11691.2 mins"
[1] "time 11400.9 ETC 11896.5 mins"
[1] "time 11401.8 ETC 12216.2 mins"
[1] "time 11403.8 ETC 12110.3 mins"
[1] "time 11411.6 ETC 12226.7 mins"
[1] "time 11413.9 ETC 12565.8 mins"
[1] "time 11414.8 ETC 12015.6 mins"
[1] "time 11430.9 ETC 12032.5 mins"
[1] "time 11434.9 ETC 11434.9 mins"
compute sample.chain time: 
 user.self 681864.645
 sys.self 2968.752
 elapsed 686097.448
 user.child 0
 sys.child 0
[1] "time 11438.7 ETC 12147.3 mins"
[1] "time 11446.9 ETC 12375.0 mins"
[1] "time 11448.7 ETC 11742.2 mins"
[1] "time 11472.4 ETC 12183.0 mins"
[1] "time 11474.1 ETC 12632.1 mins"
[1] "time 11499.5 ETC 11499.5 mins"
compute sample.chain time: 
 user.self 663459.145
 sys.self 2796.245
 elapsed 689975.407
 user.child 0
 sys.child 0
[1] "time 11511.8 ETC 11608.5 mins"
[1] "time 11515.4 ETC 11912.5 mins"
[1] "time 11515.6 ETC 12449.3 mins"
[1] "time 11523.1 ETC 11818.6 mins"
[1] "time 11527.0 ETC 11924.5 mins"
[1] "time 11538.9 ETC 12146.2 mins"
[1] "time 11544.7 ETC 12259.9 mins"
[1] "time 11549.4 ETC 12264.9 mins"
[1] "time 11556.7 ETC 12607.3 mins"
[1] "time 11572.8 ETC 12181.9 mins"
[1] "time 11581.5 ETC 11777.8 mins"
[1] "time 11581.9 ETC 12409.2 mins"
[1] "time 11609.0 ETC 12220.0 mins"
[1] "time 11617.1 ETC 12122.1 mins"
[1] "time 11651.2 ETC 11651.2 mins"
compute sample.chain time: 
 user.self 671357.426
 sys.self 2964.181
 elapsed 699074.516
 user.child 0
 sys.child 0
[1] "time 11652.3 ETC 11951.0 mins"
[1] "time 11654.0 ETC 12486.4 mins"
[1] "time 11657.3 ETC 11956.2 mins"
[1] "time 11665.5 ETC 11863.2 mins"
[1] "time 11669.1 ETC 11866.8 mins"
[1] "time 11672.8 ETC 12180.3 mins"
[1] "time 11687.2 ETC 12302.3 mins"
[1] "time 11688.5 ETC 12303.7 mins"
[1] "time 11691.4 ETC 12754.3 mins"
[1] "time 11694.4 ETC 12202.9 mins"
[1] "time 11699.5 ETC 12648.1 mins"
[1] "time 11707.5 ETC 12216.6 mins"
[1] "time 11714.5 ETC 11812.9 mins"
[1] "time 11716.6 ETC 12442.4 mins"
[1] "time 11745.6 ETC 12256.3 mins"
[1] "time 11778.3 ETC 11978.0 mins"
[1] "time 11792.6 ETC 12523.1 mins"
[1] "time 11800.3 ETC 12000.3 mins"
[1] "time 11807.3 ETC 12214.4 mins"
[1] "time 11815.8 ETC 11915.1 mins"
[1] "time 11816.6 ETC 12224.0 mins"
[1] "time 11820.2 ETC 11919.5 mins"
[1] "time 11826.9 ETC 12341.1 mins"
[1] "time 11833.7 ETC 12348.2 mins"
[1] "time 11841.4 ETC 12687.2 mins"
[1] "time 11842.1 ETC 12250.4 mins"
[1] "time 11842.9 ETC 12251.3 mins"
[1] "time 11847.8 ETC 11847.8 mins"
compute sample.chain time: 
 user.self 670379.752
 sys.self 2582.815
 elapsed 710868.256
 user.child 0
 sys.child 0
[1] "time 11854.2 ETC 12478.1 mins"
[1] "time 11868.9 ETC 12831.3 mins"
[1] "time 11882.9 ETC 12292.6 mins"
[1] "time 11903.7 ETC 12003.8 mins"
[1] "time 11931.0 ETC 12558.9 mins"
[1] "time 11942.1 ETC 12248.3 mins"
[1] "time 11943.3 ETC 12043.7 mins"
[1] "time 11953.1 ETC 11953.1 mins"
compute sample.chain time: 
 user.self 645450.957
 sys.self 2770.022
 elapsed 717189.502
 user.child 0
 sys.child 0
[1] "time 11963.1 ETC 11963.1 mins"
compute sample.chain time: 
 user.self 706458.925
 sys.self 2645.184
 elapsed 717788.644
 user.child 0
 sys.child 0
[1] "time 11967.4 ETC 12274.3 mins"
[1] "time 11967.7 ETC 12380.4 mins"
[1] "time 11979.1 ETC 12392.2 mins"
[1] "time 11982.4 ETC 12289.6 mins"
[1] "time 11982.6 ETC 12724.9 mins"
[1] "time 11987.5 ETC 12294.9 mins"
[1] "time 11991.8 ETC 12513.2 mins"
[1] "time 12014.1 ETC 12872.3 mins"
[1] "time 12022.2 ETC 12330.5 mins"
[1] "time 12029.7 ETC 12029.7 mins"
compute sample.chain time: 
 user.self 673349.771
 sys.self 2763.803
 elapsed 721784.686
 user.child 0
 sys.child 0
[1] "time 12071.0 ETC 12595.8 mins"
[1] "time 12077.4 ETC 12282.1 mins"
[1] "time 12086.1 ETC 12086.1 mins"
compute sample.chain time: 
 user.self 717804.392
 sys.self 2765.477
 elapsed 725165.02
 user.child 0
 sys.child 0
[1] "time 12107.7 ETC 12418.1 mins"
[1] "time 12109.7 ETC 12314.9 mins"
[1] "time 12122.8 ETC 12328.2 mins"
[1] "time 12123.1 ETC 12328.6 mins"
[1] "time 12124.4 ETC 12762.5 mins"
[1] "time 12125.1 ETC 12436.0 mins"
[1] "time 12129.1 ETC 12547.4 mins"
[1] "time 12159.6 ETC 12912.9 mins"
[1] "time 12161.2 ETC 12367.3 mins"
[1] "time 12210.8 ETC 12631.9 mins"
[1] "time 12213.7 ETC 12316.3 mins"
[1] "time 12247.1 ETC 12454.7 mins"
[1] "time 12252.2 ETC 12355.1 mins"
[1] "time 12259.9 ETC 12362.9 mins"
[1] "time 12261.9 ETC 12364.9 mins"
[1] "time 12266.4 ETC 12799.7 mins"
[1] "time 12267.4 ETC 12581.9 mins"
[1] "time 12270.3 ETC 12478.3 mins"
[1] "time 12300.1 ETC 12403.5 mins"
[1] "time 12305.4 ETC 12953.1 mins"
[1] "time 12350.8 ETC 12350.8 mins"
compute sample.chain time: 
 user.self 733650.156
 sys.self 2474.885
 elapsed 741052.287
 user.child 0
 sys.child 0
[1] "time 12363.6 ETC 12680.6 mins"
[1] "time 12387.6 ETC 12491.7 mins"
[1] "time 12401.2 ETC 12401.2 mins"
compute sample.chain time: 
 user.self 706258.326
 sys.self 3126.348
 elapsed 744071.664
 user.child 0
 sys.child 0
[1] "time 12400.5 ETC 12400.5 mins"
compute sample.chain time: 
 user.self 690470.755
 sys.self 2402.255
 elapsed 744032.102
 user.child 0
 sys.child 0
[1] "time 12406.5 ETC 12616.8 mins"
[1] "time 12409.5 ETC 12837.4 mins"
[1] "time 12411.8 ETC 12411.8 mins"
compute sample.chain time: 
 user.self 730799.63
 sys.self 2768.562
 elapsed 744709.127
 user.child 0
 sys.child 0
[1] "time 12416.0 ETC 12520.4 mins"
[1] "time 12438.8 ETC 12438.8 mins"
compute sample.chain time: 
 user.self 709539.163
 sys.self 2312.459
 elapsed 746327.778
 user.child 0
 sys.child 0
[1] "time 12450.6 ETC 12992.0 mins"
[1] "time 12504.3 ETC 12716.2 mins"
[1] "time 12527.2 ETC 12527.2 mins"
compute sample.chain time: 
 user.self 745748.611
 sys.self 1881.819
 elapsed 751635.645
 user.child 0
 sys.child 0
[1] "time 12545.1 ETC 12650.6 mins"
[1] "time 12552.2 ETC 12874.1 mins"
[1] "time 12562.2 ETC 12562.2 mins"
compute sample.chain time: 
 user.self 748665.735
 sys.self 2741.617
 elapsed 753733.824
 user.child 0
 sys.child 0
[1] "time 12596.3 ETC 13030.7 mins"
[1] "time 12644.8 ETC 12751.1 mins"
[1] "time 12685.4 ETC 12685.4 mins"
compute sample.chain time: 
 user.self 705860.503
 sys.self 2292.169
 elapsed 761123.505
 user.child 0
 sys.child 0
[1] "time 12695.3 ETC 12910.5 mins"
[1] "time 12741.2 ETC 13067.9 mins"
[1] "time 12785.8 ETC 12785.8 mins"
compute sample.chain time: 
 user.self 728723.636
 sys.self 2384.319
 elapsed 767146.541
 user.child 0
 sys.child 0
[1] "time 12839.9 ETC 12947.8 mins"
[1] "time 12886.8 ETC 13105.2 mins"
[1] "time 12985.0 ETC 12985.0 mins"
compute sample.chain time: 
 user.self 766520.711
 sys.self 1422.903
 elapsed 779101.211
 user.child 0
 sys.child 0
[1] "time 13032.5 ETC 13142.0 mins"
[1] "time 13178.1 ETC 13178.1 mins"
compute sample.chain time: 
 user.self 756502.166
 sys.self 2653.226
 elapsed 790690.349
 user.child 0
 sys.child 0
Reading input catalog file ./SBS/input/Realistic/ground.truth.syn.catalog.csv
calling hdp_extract_components 2022-07-02 01:25:23
hdp_extract_components time: 
 user.self 23531.337
 sys.self 489.1
 elapsed 24021.035
 user.child 0
 sys.child 0
calling hdpx::comp_categ_distn 2022-07-02 08:05:45
Calling hdpx::comp_dp_distn 2022-07-02 08:05:45
Using existing out.dir SBS/raw_results/4e_SBS_NR_hdp_gamma_beta_20/Realistic/seed.145879
Writing HDP diagnostics
Writing signatures
Writing exposures
